#
# There is insufficient memory for the Java Runtime Environment to continue.
# Native memory allocation (malloc) failed to allocate 1870368 bytes for Chunk::new
# Possible reasons:
#   The system is out of physical RAM or swap space
#   The process is running with CompressedOops enabled, and the Java Heap may be blocking the growth of the native heap
# Possible solutions:
#   Reduce memory load on the system
#   Increase physical memory or swap space
#   Check if swap backing store is full
#   Decrease Java heap size (-Xmx/-Xms)
#   Decrease number of Java threads
#   Decrease Java thread stack sizes (-Xss)
#   Set larger code cache with -XX:ReservedCodeCacheSize=
#   JVM is running with Unscaled Compressed Oops mode in which the Java heap is
#     placed in the first 4GB address space. The Java Heap base address is the
#     maximum limit for the native heap growth. Please use -XX:HeapBaseMinAddress
#     to set the Java Heap base and to place the Java Heap above 4GB virtual address.
# This output file may be truncated or incomplete.
#
#  Out of Memory Error (arena.cpp:189), pid=2844, tid=1584
#
# JRE version: OpenJDK Runtime Environment (17.0.6) (build 17.0.6+0-b2043.56-10027231)
# Java VM: OpenJDK 64-Bit Server VM (17.0.6+0-b2043.56-10027231, mixed mode, tiered, compressed oops, compressed class ptrs, g1 gc, windows-amd64)
# No core dump will be written. Minidumps are not enabled by default on client versions of Windows
#

---------------  S U M M A R Y ------------

Command Line: --add-opens=java.base/java.util=ALL-UNNAMED --add-opens=java.base/java.lang=ALL-UNNAMED --add-opens=java.base/java.lang.invoke=ALL-UNNAMED --add-opens=java.prefs/java.util.prefs=ALL-UNNAMED --add-opens=java.base/java.nio.charset=ALL-UNNAMED --add-opens=java.base/java.net=ALL-UNNAMED --add-opens=java.base/java.util.concurrent.atomic=ALL-UNNAMED -Xmx2048m -Dfile.encoding=UTF-8 -Duser.country=US -Duser.language=en -Duser.variant org.gradle.launcher.daemon.bootstrap.GradleDaemon 8.0

Host: AMD Ryzen 3 5300U with Radeon Graphics         , 8 cores, 7G,  Windows 11 , 64 bit Build 22621 (10.0.22621.3374)
Time: Mon May  6 10:32:21 2024 W. Central Africa Standard Time elapsed time: 32.068887 seconds (0d 0h 0m 32s)

---------------  T H R E A D  ---------------

Current thread (0x00000177ffc23700):  JavaThread "C2 CompilerThread0" daemon [_thread_in_native, id=1584, stack(0x00000005f2800000,0x00000005f2900000)]


Current CompileTask:
C2:  32069 13180   !   4       org.gradle.internal.classloader.CachingClassLoader::loadClass (85 bytes)

Stack: [0x00000005f2800000,0x00000005f2900000]
Native frames: (J=compiled Java code, j=interpreted, Vv=VM code, C=native code)
V  [jvm.dll+0x683c9a]
V  [jvm.dll+0x8427a4]
V  [jvm.dll+0x843f9e]
V  [jvm.dll+0x844603]
V  [jvm.dll+0x249b75]
V  [jvm.dll+0xabcac]
V  [jvm.dll+0xac27c]
V  [jvm.dll+0x368857]
V  [jvm.dll+0x332f31]
V  [jvm.dll+0x3323da]
V  [jvm.dll+0x21c201]
V  [jvm.dll+0x21b621]
V  [jvm.dll+0x1a4fdd]
V  [jvm.dll+0x22b098]
V  [jvm.dll+0x229159]
V  [jvm.dll+0x7f81ec]
V  [jvm.dll+0x7f274a]
V  [jvm.dll+0x682ad5]
C  [ucrtbase.dll+0x29333]
C  [KERNEL32.DLL+0x1257d]
C  [ntdll.dll+0x5aa48]


---------------  P R O C E S S  ---------------

Threads class SMR info:
_java_thread_list=0x00000177ffefe720, length=141, elements={
0x00000177fa1ad990, 0x00000177fefef960, 0x00000177feff17f0, 0x00000177ffc0e370,
0x00000177ffc0f1e0, 0x00000177ffc1d060, 0x00000177ffc1ff30, 0x00000177ffc23700,
0x00000177ffc31c30, 0x00000177ffc35c60, 0x00000177ffdc1840, 0x00000177ffdc4130,
0x000001779718ea40, 0x0000017797593d70, 0x0000017795eb92a0, 0x000001779653d020,
0x0000017795b92690, 0x00000177971b2ec0, 0x00000177971b3390, 0x00000177971b29f0,
0x00000177971b3860, 0x00000177971b3d30, 0x0000017797e6eb60, 0x0000017797e6b670,
0x0000017797e68180, 0x0000017797e6a800, 0x0000017797e6c9b0, 0x0000017797e68ff0,
0x0000017797e6c010, 0x0000017797e69e60, 0x000001779a3709d0, 0x000001779a36d010,
0x000001779a0a5230, 0x000001779a0a5700, 0x000001779a0a60a0, 0x000001779a0a2bb0,
0x000001779a36e820, 0x000001779a3726b0, 0x000001779a36d4e0, 0x000001779a36ecf0,
0x000001779a370030, 0x000001779a373ec0, 0x000001779a372b80, 0x000001779a374390,
0x000001779a374860, 0x000001779a370ea0, 0x000001779a36f1c0, 0x000001779a36e350,
0x000001779a36de80, 0x000001779a373520, 0x000001779a36f690, 0x000001779a371840,
0x000001779a371d10, 0x000001779a36fb60, 0x000001779a3739f0, 0x000001779a370500,
0x000001779a0a0530, 0x000001779a0a6a40, 0x000001779a0a6570, 0x000001779a0a6f10,
0x000001779a0a13a0, 0x000001779a0a78b0, 0x000001779a0a1870, 0x000001779a0a3a20,
0x000001779a0a3ef0, 0x000001779a0a3550, 0x000001779a0a0060, 0x000001779a0a1d40,
0x000001779a0a2210, 0x000001779a0a26e0, 0x000001779a0a3080, 0x0000017797e6d350,
0x0000017797e6dcf0, 0x0000017797e69990, 0x0000017797e6b1a0, 0x0000017797e67cb0,
0x0000017797e6c4e0, 0x0000017797e6bb40, 0x0000017797e6e1c0, 0x0000017797e68650,
0x0000017797e6e690, 0x00000177971b2520, 0x0000017798520700, 0x0000017798521f10,
0x000001779851e080, 0x000001779851ea20, 0x000001779851f890, 0x000001779851ba00,
0x0000017798520230, 0x000001779851c3a0, 0x0000017798520bd0, 0x000001779851bed0,
0x00000177985210a0, 0x000001779851eef0, 0x000001779851fd60, 0x0000017798521570,
0x00000177985228b0, 0x0000017798521a40, 0x000001779851cd40, 0x00000177985223e0,
0x000001779851f3c0, 0x000001779851dbb0, 0x000001779851e550, 0x000001779851b060,
0x000001779851b530, 0x000001779851c870, 0x000001779851d210, 0x000001779851d6e0,
0x000001779a6aa820, 0x000001779a6a7330, 0x000001779a6a5ff0, 0x000001779a6a9010,
0x000001779a6a7cd0, 0x000001779a6a6e60, 0x000001779a6a7800, 0x000001779a6a64c0,
0x000001779a6a5180, 0x000001779a6a5650, 0x000001779a6a94e0, 0x000001779a6a99b0,
0x000001779a6a8670, 0x000001779a6aacf0, 0x000001779a6a9e80, 0x000001779a6ac030,
0x000001779a6a6990, 0x000001779a6a81a0, 0x000001779a6a8b40, 0x000001779a6ab690,
0x000001779a6ac500, 0x000001779a6ac9d0, 0x000001779a6a5b20, 0x0000017797da57c0,
0x0000017797da4950, 0x0000017797da3fb0, 0x0000017797da05f0, 0x0000017797da3ae0,
0x0000017797da0f90, 0x0000017797da5c90, 0x0000017797da6630, 0x000001779af7c230,
0x000001779e20fd20
}

Java Threads: ( => current thread )
  0x00000177fa1ad990 JavaThread "main" [_thread_blocked, id=13200, stack(0x00000005f1b00000,0x00000005f1c00000)]
  0x00000177fefef960 JavaThread "Reference Handler" daemon [_thread_blocked, id=12076, stack(0x00000005f2200000,0x00000005f2300000)]
  0x00000177feff17f0 JavaThread "Finalizer" daemon [_thread_blocked, id=11472, stack(0x00000005f2300000,0x00000005f2400000)]
  0x00000177ffc0e370 JavaThread "Signal Dispatcher" daemon [_thread_blocked, id=19804, stack(0x00000005f2400000,0x00000005f2500000)]
  0x00000177ffc0f1e0 JavaThread "Attach Listener" daemon [_thread_blocked, id=18108, stack(0x00000005f2500000,0x00000005f2600000)]
  0x00000177ffc1d060 JavaThread "Service Thread" daemon [_thread_blocked, id=18932, stack(0x00000005f2600000,0x00000005f2700000)]
  0x00000177ffc1ff30 JavaThread "Monitor Deflation Thread" daemon [_thread_blocked, id=14236, stack(0x00000005f2700000,0x00000005f2800000)]
=>0x00000177ffc23700 JavaThread "C2 CompilerThread0" daemon [_thread_in_native, id=1584, stack(0x00000005f2800000,0x00000005f2900000)]
  0x00000177ffc31c30 JavaThread "C1 CompilerThread0" daemon [_thread_in_native, id=10816, stack(0x00000005f2900000,0x00000005f2a00000)]
  0x00000177ffc35c60 JavaThread "Sweeper thread" daemon [_thread_blocked, id=13928, stack(0x00000005f2a00000,0x00000005f2b00000)]
  0x00000177ffdc1840 JavaThread "Common-Cleaner" daemon [_thread_blocked, id=4404, stack(0x00000005f2b00000,0x00000005f2c00000)]
  0x00000177ffdc4130 JavaThread "Notification Thread" daemon [_thread_blocked, id=320, stack(0x00000005f2c00000,0x00000005f2d00000)]
  0x000001779718ea40 JavaThread "Daemon health stats" [_thread_blocked, id=15096, stack(0x00000005f3300000,0x00000005f3400000)]
  0x0000017797593d70 JavaThread "Incoming local TCP Connector on port 50621" [_thread_in_native, id=17028, stack(0x00000005f3400000,0x00000005f3500000)]
  0x0000017795eb92a0 JavaThread "Daemon periodic checks" [_thread_blocked, id=11120, stack(0x00000005f3500000,0x00000005f3600000)]
  0x000001779653d020 JavaThread "Daemon" [_thread_blocked, id=17040, stack(0x00000005f3600000,0x00000005f3700000)]
  0x0000017795b92690 JavaThread "Daemon worker" [_thread_blocked, id=19864, stack(0x00000005f3900000,0x00000005f3a00000)]
  0x00000177971b2ec0 JavaThread "Cache worker for journal cache (C:\Users\23480\.gradle\caches\journal-1)" [_thread_blocked, id=11752, stack(0x00000005f4100000,0x00000005f4200000)]
  0x00000177971b3390 JavaThread "File lock request listener" [_thread_in_native, id=10612, stack(0x00000005f4200000,0x00000005f4300000)]
  0x00000177971b29f0 JavaThread "Cache worker for file hash cache (C:\Users\23480\.gradle\caches\8.0\fileHashes)" [_thread_blocked, id=13300, stack(0x00000005f4300000,0x00000005f4400000)]
  0x00000177971b3860 JavaThread "File watcher server" daemon [_thread_in_native, id=4012, stack(0x00000005f4400000,0x00000005f4500000)]
  0x00000177971b3d30 JavaThread "File watcher consumer" daemon [_thread_blocked, id=16560, stack(0x00000005f4500000,0x00000005f4600000)]
  0x0000017797e6eb60 JavaThread "Cache worker for file content cache (C:\Users\23480\.gradle\caches\8.0\fileContent)" [_thread_blocked, id=20336, stack(0x00000005f4800000,0x00000005f4900000)]
  0x0000017797e6b670 JavaThread "Cache worker for execution history cache (C:\Users\23480\.gradle\caches\8.0\executionHistory)" [_thread_blocked, id=16556, stack(0x00000005f4b00000,0x00000005f4c00000)]
  0x0000017797e68180 JavaThread "jar transforms" [_thread_blocked, id=16760, stack(0x00000005f4c00000,0x00000005f4d00000)]
  0x0000017797e6a800 JavaThread "jar transforms Thread 2" [_thread_blocked, id=2172, stack(0x00000005f4d00000,0x00000005f4e00000)]
  0x0000017797e6c9b0 JavaThread "Cache worker for kotlin-dsl (C:\Users\23480\.gradle\caches\8.0\kotlin-dsl)" [_thread_blocked, id=20384, stack(0x00000005f4f00000,0x00000005f5000000)]
  0x0000017797e68ff0 JavaThread "jar transforms Thread 3" [_thread_blocked, id=7016, stack(0x00000005f5000000,0x00000005f5100000)]
  0x0000017797e6c010 JavaThread "jar transforms Thread 4" [_thread_blocked, id=20064, stack(0x00000005f5100000,0x00000005f5200000)]
  0x0000017797e69e60 JavaThread "jar transforms Thread 5" [_thread_blocked, id=9212, stack(0x00000005f5400000,0x00000005f5500000)]
  0x000001779a3709d0 JavaThread "jar transforms Thread 6" [_thread_blocked, id=17640, stack(0x00000005fa500000,0x00000005fa600000)]
  0x000001779a36d010 JavaThread "jar transforms Thread 7" [_thread_blocked, id=8384, stack(0x00000005fa600000,0x00000005fa700000)]
  0x000001779a0a5230 JavaThread "jar transforms Thread 8" [_thread_blocked, id=19708, stack(0x00000005fa700000,0x00000005fa800000)]
  0x000001779a0a5700 JavaThread "Memory manager" [_thread_blocked, id=15008, stack(0x00000005fa900000,0x00000005faa00000)]
  0x000001779a0a60a0 JavaThread "pool-3-thread-1" [_thread_blocked, id=6364, stack(0x00000005faa00000,0x00000005fab00000)]
  0x000001779a0a2bb0 JavaThread "included builds" [_thread_blocked, id=18088, stack(0x00000005fac00000,0x00000005fad00000)]
  0x000001779a36e820 JavaThread "Handler for socket connection from /127.0.0.1:50621 to /127.0.0.1:50630" [_thread_in_native, id=12812, stack(0x00000005f2e00000,0x00000005f2f00000)]
  0x000001779a3726b0 JavaThread "Cancel handler" [_thread_blocked, id=4912, stack(0x00000005f3700000,0x00000005f3800000)]
  0x000001779a36d4e0 JavaThread "Asynchronous log dispatcher for DefaultDaemonConnection: socket connection from /127.0.0.1:50621 to /127.0.0.1:50630" [_thread_blocked, id=17324, stack(0x00000005f3800000,0x00000005f3900000)]
  0x000001779a36ecf0 JavaThread "Stdin handler" [_thread_blocked, id=7212, stack(0x00000005f3a00000,0x00000005f3b00000)]
  0x000001779a370030 JavaThread "Daemon client event forwarder" [_thread_blocked, id=8100, stack(0x00000005f3b00000,0x00000005f3c00000)]
  0x000001779a373ec0 JavaThread "Cache worker for checksums cache (C:\Users\23480\Documents\androidproject\TodoApp\.gradle\8.0\checksums)" [_thread_blocked, id=19948, stack(0x00000005f3c00000,0x00000005f3d00000)]
  0x000001779a372b80 JavaThread "Cache worker for cache directory md-rule (C:\Users\23480\.gradle\caches\8.0\md-rule)" [_thread_blocked, id=16152, stack(0x00000005f4600000,0x00000005f4700000)]
  0x000001779a374390 JavaThread "Cache worker for file hash cache (C:\Users\23480\Documents\androidproject\TodoApp\.gradle\8.0\fileHashes)" [_thread_blocked, id=11468, stack(0x00000005f4700000,0x00000005f4800000)]
  0x000001779a374860 JavaThread "Cache worker for cache directory md-supplier (C:\Users\23480\.gradle\caches\8.0\md-supplier)" [_thread_blocked, id=6012, stack(0x00000005f4900000,0x00000005f4a00000)]
  0x000001779a370ea0 JavaThread "Cache worker for dependencies-accessors (C:\Users\23480\Documents\androidproject\TodoApp\.gradle\8.0\dependencies-accessors)" [_thread_blocked, id=3696, stack(0x00000005f4a00000,0x00000005f4b00000)]
  0x000001779a36f1c0 JavaThread "Cache worker for Build Output Cleanup Cache (C:\Users\23480\Documents\androidproject\TodoApp\.gradle\buildOutputCleanup)" [_thread_blocked, id=5212, stack(0x00000005f5200000,0x00000005f5300000)]
  0x000001779a36e350 JavaThread "Unconstrained build operations" [_thread_blocked, id=12516, stack(0x00000005f5300000,0x00000005f5400000)]
  0x000001779a36de80 JavaThread "Unconstrained build operations Thread 2" [_thread_blocked, id=19496, stack(0x00000005f5500000,0x00000005f5600000)]
  0x000001779a373520 JavaThread "Unconstrained build operations Thread 3" [_thread_blocked, id=19056, stack(0x00000005f5600000,0x00000005f5700000)]
  0x000001779a36f690 JavaThread "Unconstrained build operations Thread 4" [_thread_blocked, id=16408, stack(0x00000005f5700000,0x00000005f5800000)]
  0x000001779a371840 JavaThread "Unconstrained build operations Thread 5" [_thread_blocked, id=11072, stack(0x00000005f5800000,0x00000005f5900000)]
  0x000001779a371d10 JavaThread "Unconstrained build operations Thread 6" [_thread_blocked, id=18236, stack(0x00000005f5900000,0x00000005f5a00000)]
  0x000001779a36fb60 JavaThread "Unconstrained build operations Thread 7" [_thread_blocked, id=9296, stack(0x00000005f5a00000,0x00000005f5b00000)]
  0x000001779a3739f0 JavaThread "Unconstrained build operations Thread 8" [_thread_blocked, id=18496, stack(0x00000005f5b00000,0x00000005f5c00000)]
  0x000001779a370500 JavaThread "Unconstrained build operations Thread 9" [_thread_blocked, id=2420, stack(0x00000005f5c00000,0x00000005f5d00000)]
  0x000001779a0a0530 JavaThread "Unconstrained build operations Thread 10" [_thread_blocked, id=2544, stack(0x00000005f5d00000,0x00000005f5e00000)]
  0x000001779a0a6a40 JavaThread "Unconstrained build operations Thread 11" [_thread_blocked, id=12840, stack(0x00000005f5e00000,0x00000005f5f00000)]
  0x000001779a0a6570 JavaThread "Unconstrained build operations Thread 12" [_thread_blocked, id=9588, stack(0x00000005f5f00000,0x00000005f6000000)]
  0x000001779a0a6f10 JavaThread "Unconstrained build operations Thread 13" [_thread_blocked, id=4840, stack(0x00000005f6000000,0x00000005f6100000)]
  0x000001779a0a13a0 JavaThread "Unconstrained build operations Thread 14" [_thread_blocked, id=13052, stack(0x00000005f6100000,0x00000005f6200000)]
  0x000001779a0a78b0 JavaThread "Unconstrained build operations Thread 15" [_thread_blocked, id=7648, stack(0x00000005f6200000,0x00000005f6300000)]
  0x000001779a0a1870 JavaThread "Unconstrained build operations Thread 16" [_thread_blocked, id=9720, stack(0x00000005f6300000,0x00000005f6400000)]
  0x000001779a0a3a20 JavaThread "Unconstrained build operations Thread 17" [_thread_blocked, id=18828, stack(0x00000005f6400000,0x00000005f6500000)]
  0x000001779a0a3ef0 JavaThread "Unconstrained build operations Thread 18" [_thread_blocked, id=456, stack(0x00000005f6500000,0x00000005f6600000)]
  0x000001779a0a3550 JavaThread "Unconstrained build operations Thread 19" [_thread_blocked, id=9380, stack(0x00000005f6600000,0x00000005f6700000)]
  0x000001779a0a0060 JavaThread "Unconstrained build operations Thread 20" [_thread_blocked, id=1364, stack(0x00000005f6700000,0x00000005f6800000)]
  0x000001779a0a1d40 JavaThread "Unconstrained build operations Thread 21" [_thread_blocked, id=4144, stack(0x00000005f6800000,0x00000005f6900000)]
  0x000001779a0a2210 JavaThread "Unconstrained build operations Thread 22" [_thread_blocked, id=18780, stack(0x00000005f6900000,0x00000005f6a00000)]
  0x000001779a0a26e0 JavaThread "Unconstrained build operations Thread 23" [_thread_blocked, id=20144, stack(0x00000005f6a00000,0x00000005f6b00000)]
  0x000001779a0a3080 JavaThread "Unconstrained build operations Thread 24" [_thread_blocked, id=12400, stack(0x00000005f6b00000,0x00000005f6c00000)]
  0x0000017797e6d350 JavaThread "Unconstrained build operations Thread 25" [_thread_blocked, id=5308, stack(0x00000005f6c00000,0x00000005f6d00000)]
  0x0000017797e6dcf0 JavaThread "Unconstrained build operations Thread 26" [_thread_blocked, id=11164, stack(0x00000005f6d00000,0x00000005f6e00000)]
  0x0000017797e69990 JavaThread "Unconstrained build operations Thread 27" [_thread_blocked, id=16788, stack(0x00000005f6e00000,0x00000005f6f00000)]
  0x0000017797e6b1a0 JavaThread "Unconstrained build operations Thread 28" [_thread_blocked, id=7148, stack(0x00000005f6f00000,0x00000005f7000000)]
  0x0000017797e67cb0 JavaThread "Unconstrained build operations Thread 29" [_thread_blocked, id=20104, stack(0x00000005f7000000,0x00000005f7100000)]
  0x0000017797e6c4e0 JavaThread "Unconstrained build operations Thread 30" [_thread_blocked, id=17884, stack(0x00000005f7100000,0x00000005f7200000)]
  0x0000017797e6bb40 JavaThread "Unconstrained build operations Thread 31" [_thread_blocked, id=10304, stack(0x00000005f7200000,0x00000005f7300000)]
  0x0000017797e6e1c0 JavaThread "Unconstrained build operations Thread 32" [_thread_blocked, id=9764, stack(0x00000005f7300000,0x00000005f7400000)]
  0x0000017797e68650 JavaThread "Unconstrained build operations Thread 33" [_thread_blocked, id=6912, stack(0x00000005f7400000,0x00000005f7500000)]
  0x0000017797e6e690 JavaThread "Unconstrained build operations Thread 34" [_thread_blocked, id=8020, stack(0x00000005f7500000,0x00000005f7600000)]
  0x00000177971b2520 JavaThread "Unconstrained build operations Thread 35" [_thread_blocked, id=17052, stack(0x00000005f7600000,0x00000005f7700000)]
  0x0000017798520700 JavaThread "Unconstrained build operations Thread 36" [_thread_blocked, id=15584, stack(0x00000005f7700000,0x00000005f7800000)]
  0x0000017798521f10 JavaThread "Unconstrained build operations Thread 37" [_thread_blocked, id=5828, stack(0x00000005f7800000,0x00000005f7900000)]
  0x000001779851e080 JavaThread "Unconstrained build operations Thread 38" [_thread_blocked, id=19676, stack(0x00000005f7900000,0x00000005f7a00000)]
  0x000001779851ea20 JavaThread "Unconstrained build operations Thread 39" [_thread_blocked, id=4124, stack(0x00000005f7a00000,0x00000005f7b00000)]
  0x000001779851f890 JavaThread "Unconstrained build operations Thread 40" [_thread_blocked, id=10384, stack(0x00000005f7b00000,0x00000005f7c00000)]
  0x000001779851ba00 JavaThread "Unconstrained build operations Thread 41" [_thread_blocked, id=17268, stack(0x00000005f7c00000,0x00000005f7d00000)]
  0x0000017798520230 JavaThread "Unconstrained build operations Thread 42" [_thread_blocked, id=17024, stack(0x00000005f7d00000,0x00000005f7e00000)]
  0x000001779851c3a0 JavaThread "Unconstrained build operations Thread 43" [_thread_blocked, id=18600, stack(0x00000005f7e00000,0x00000005f7f00000)]
  0x0000017798520bd0 JavaThread "Unconstrained build operations Thread 44" [_thread_blocked, id=9264, stack(0x00000005f7f00000,0x00000005f8000000)]
  0x000001779851bed0 JavaThread "Unconstrained build operations Thread 45" [_thread_blocked, id=18744, stack(0x00000005f8000000,0x00000005f8100000)]
  0x00000177985210a0 JavaThread "Unconstrained build operations Thread 46" [_thread_blocked, id=13892, stack(0x00000005f8100000,0x00000005f8200000)]
  0x000001779851eef0 JavaThread "Unconstrained build operations Thread 47" [_thread_blocked, id=12080, stack(0x00000005f8200000,0x00000005f8300000)]
  0x000001779851fd60 JavaThread "Unconstrained build operations Thread 48" [_thread_blocked, id=12604, stack(0x00000005f8300000,0x00000005f8400000)]
  0x0000017798521570 JavaThread "Unconstrained build operations Thread 49" [_thread_blocked, id=15968, stack(0x00000005f8400000,0x00000005f8500000)]
  0x00000177985228b0 JavaThread "Unconstrained build operations Thread 50" [_thread_blocked, id=7308, stack(0x00000005f8500000,0x00000005f8600000)]
  0x0000017798521a40 JavaThread "Unconstrained build operations Thread 51" [_thread_blocked, id=7560, stack(0x00000005f8600000,0x00000005f8700000)]
  0x000001779851cd40 JavaThread "Unconstrained build operations Thread 52" [_thread_blocked, id=12560, stack(0x00000005f8700000,0x00000005f8800000)]
  0x00000177985223e0 JavaThread "Unconstrained build operations Thread 53" [_thread_blocked, id=2152, stack(0x00000005f8800000,0x00000005f8900000)]
  0x000001779851f3c0 JavaThread "Unconstrained build operations Thread 54" [_thread_blocked, id=16708, stack(0x00000005f8900000,0x00000005f8a00000)]
  0x000001779851dbb0 JavaThread "Unconstrained build operations Thread 55" [_thread_blocked, id=14716, stack(0x00000005f8a00000,0x00000005f8b00000)]
  0x000001779851e550 JavaThread "Unconstrained build operations Thread 56" [_thread_blocked, id=16068, stack(0x00000005f8b00000,0x00000005f8c00000)]
  0x000001779851b060 JavaThread "Unconstrained build operations Thread 57" [_thread_blocked, id=4352, stack(0x00000005f8c00000,0x00000005f8d00000)]
  0x000001779851b530 JavaThread "Unconstrained build operations Thread 58" [_thread_blocked, id=16328, stack(0x00000005f8d00000,0x00000005f8e00000)]
  0x000001779851c870 JavaThread "Unconstrained build operations Thread 59" [_thread_blocked, id=7068, stack(0x00000005f8e00000,0x00000005f8f00000)]
  0x000001779851d210 JavaThread "Unconstrained build operations Thread 60" [_thread_blocked, id=5740, stack(0x00000005f8f00000,0x00000005f9000000)]
  0x000001779851d6e0 JavaThread "Unconstrained build operations Thread 61" [_thread_blocked, id=19920, stack(0x00000005f9000000,0x00000005f9100000)]
  0x000001779a6aa820 JavaThread "Unconstrained build operations Thread 62" [_thread_blocked, id=2624, stack(0x00000005f9100000,0x00000005f9200000)]
  0x000001779a6a7330 JavaThread "Unconstrained build operations Thread 63" [_thread_blocked, id=3640, stack(0x00000005f9200000,0x00000005f9300000)]
  0x000001779a6a5ff0 JavaThread "Unconstrained build operations Thread 64" [_thread_blocked, id=8556, stack(0x00000005f9300000,0x00000005f9400000)]
  0x000001779a6a9010 JavaThread "Unconstrained build operations Thread 65" [_thread_blocked, id=2756, stack(0x00000005f9400000,0x00000005f9500000)]
  0x000001779a6a7cd0 JavaThread "Unconstrained build operations Thread 66" [_thread_blocked, id=18404, stack(0x00000005f9500000,0x00000005f9600000)]
  0x000001779a6a6e60 JavaThread "Unconstrained build operations Thread 67" [_thread_blocked, id=4448, stack(0x00000005f9600000,0x00000005f9700000)]
  0x000001779a6a7800 JavaThread "Unconstrained build operations Thread 68" [_thread_blocked, id=17160, stack(0x00000005f9700000,0x00000005f9800000)]
  0x000001779a6a64c0 JavaThread "Unconstrained build operations Thread 69" [_thread_blocked, id=532, stack(0x00000005f9800000,0x00000005f9900000)]
  0x000001779a6a5180 JavaThread "Unconstrained build operations Thread 70" [_thread_blocked, id=1344, stack(0x00000005f9900000,0x00000005f9a00000)]
  0x000001779a6a5650 JavaThread "Unconstrained build operations Thread 71" [_thread_blocked, id=17948, stack(0x00000005f9a00000,0x00000005f9b00000)]
  0x000001779a6a94e0 JavaThread "Unconstrained build operations Thread 72" [_thread_blocked, id=20128, stack(0x00000005f9b00000,0x00000005f9c00000)]
  0x000001779a6a99b0 JavaThread "Unconstrained build operations Thread 73" [_thread_blocked, id=5228, stack(0x00000005f9c00000,0x00000005f9d00000)]
  0x000001779a6a8670 JavaThread "Unconstrained build operations Thread 74" [_thread_blocked, id=13100, stack(0x00000005f9d00000,0x00000005f9e00000)]
  0x000001779a6aacf0 JavaThread "Unconstrained build operations Thread 75" [_thread_blocked, id=4848, stack(0x00000005f9e00000,0x00000005f9f00000)]
  0x000001779a6a9e80 JavaThread "Unconstrained build operations Thread 76" [_thread_blocked, id=17084, stack(0x00000005f9f00000,0x00000005fa000000)]
  0x000001779a6ac030 JavaThread "Unconstrained build operations Thread 77" [_thread_blocked, id=3644, stack(0x00000005fa000000,0x00000005fa100000)]
  0x000001779a6a6990 JavaThread "Unconstrained build operations Thread 78" [_thread_blocked, id=19888, stack(0x00000005fa100000,0x00000005fa200000)]
  0x000001779a6a81a0 JavaThread "Unconstrained build operations Thread 79" [_thread_blocked, id=4816, stack(0x00000005fa200000,0x00000005fa300000)]
  0x000001779a6a8b40 JavaThread "Unconstrained build operations Thread 80" [_thread_blocked, id=19072, stack(0x00000005fa300000,0x00000005fa400000)]
  0x000001779a6ab690 JavaThread "build event listener" [_thread_blocked, id=9608, stack(0x00000005fa400000,0x00000005fa500000)]
  0x000001779a6ac500 JavaThread "pool-6-thread-1" [_thread_blocked, id=11856, stack(0x00000005fab00000,0x00000005fac00000)]
  0x000001779a6ac9d0 JavaThread "build event listener" [_thread_blocked, id=17276, stack(0x00000005fad00000,0x00000005fae00000)]
  0x000001779a6a5b20 JavaThread "included builds" [_thread_blocked, id=5340, stack(0x00000005fae00000,0x00000005faf00000)]
  0x0000017797da57c0 JavaThread "Execution worker" [_thread_blocked, id=19256, stack(0x00000005faf00000,0x00000005fb000000)]
  0x0000017797da4950 JavaThread "Execution worker Thread 2" [_thread_in_native, id=11092, stack(0x00000005fb000000,0x00000005fb100000)]
  0x0000017797da3fb0 JavaThread "Execution worker Thread 3" [_thread_blocked, id=5432, stack(0x00000005fb100000,0x00000005fb200000)]
  0x0000017797da05f0 JavaThread "Execution worker Thread 4" [_thread_blocked, id=13592, stack(0x00000005fb200000,0x00000005fb300000)]
  0x0000017797da3ae0 JavaThread "Execution worker Thread 5" [_thread_blocked, id=18324, stack(0x00000005fb300000,0x00000005fb400000)]
  0x0000017797da0f90 JavaThread "Execution worker Thread 6" [_thread_blocked, id=14140, stack(0x00000005fb400000,0x00000005fb500000)]
  0x0000017797da5c90 JavaThread "Execution worker Thread 7" [_thread_blocked, id=8692, stack(0x00000005fb500000,0x00000005fb600000)]
  0x0000017797da6630 JavaThread "Cache worker for execution history cache (C:\Users\23480\Documents\androidproject\TodoApp\.gradle\8.0\executionHistory)" [_thread_blocked, id=11812, stack(0x00000005fb600000,0x00000005fb700000)]
  0x000001779af7c230 JavaThread "WorkerExecutor Queue" [_thread_blocked, id=12624, stack(0x00000005fb700000,0x00000005fb800000)]
  0x000001779e20fd20 JavaThread "C2 CompilerThread1" daemon [_thread_in_native, id=19696, stack(0x00000005fa800000,0x00000005fa900000)]

Other Threads:
  0x00000177fefeed60 VMThread "VM Thread" [stack: 0x00000005f2100000,0x00000005f2200000] [id=7112]
  0x00000177ffdc6610 WatcherThread [stack: 0x00000005f2d00000,0x00000005f2e00000] [id=2140]
  0x00000177fa20ab30 GCTaskThread "GC Thread#0" [stack: 0x00000005f1c00000,0x00000005f1d00000] [id=17632]
  0x0000017795981260 GCTaskThread "GC Thread#1" [stack: 0x00000005f2f00000,0x00000005f3000000] [id=4188]
  0x0000017795b724d0 GCTaskThread "GC Thread#2" [stack: 0x00000005f3000000,0x00000005f3100000] [id=19880]
  0x0000017795973ca0 GCTaskThread "GC Thread#3" [stack: 0x00000005f3100000,0x00000005f3200000] [id=2568]
  0x0000017796149870 GCTaskThread "GC Thread#4" [stack: 0x00000005f3200000,0x00000005f3300000] [id=19344]
  0x0000017797b74d40 GCTaskThread "GC Thread#5" [stack: 0x00000005f3d00000,0x00000005f3e00000] [id=16996]
  0x0000017797b74ff0 GCTaskThread "GC Thread#6" [stack: 0x00000005f3e00000,0x00000005f3f00000] [id=13596]
  0x0000017797b752a0 GCTaskThread "GC Thread#7" [stack: 0x00000005f3f00000,0x00000005f4000000] [id=17900]
  0x00000177fa21ba70 ConcurrentGCThread "G1 Main Marker" [stack: 0x00000005f1d00000,0x00000005f1e00000] [id=9864]
  0x00000177fa21c480 ConcurrentGCThread "G1 Conc#0" [stack: 0x00000005f1e00000,0x00000005f1f00000] [id=17504]
  0x0000017797b89df0 ConcurrentGCThread "G1 Conc#1" [stack: 0x00000005f4000000,0x00000005f4100000] [id=11108]
  0x00000177fee464d0 ConcurrentGCThread "G1 Refine#0" [stack: 0x00000005f1f00000,0x00000005f2000000] [id=17784]
  0x0000017797ae3a50 ConcurrentGCThread "G1 Refine#1" [stack: 0x00000005f4e00000,0x00000005f4f00000] [id=9540]
  0x000001779e6fc8e0 ConcurrentGCThread "G1 Refine#2" [stack: 0x00000005fb800000,0x00000005fb900000] [id=10260]
  0x000001779ae59160 ConcurrentGCThread "G1 Refine#3" [stack: 0x00000005fb900000,0x00000005fba00000] [id=16932]
  0x0000017796596940 ConcurrentGCThread "G1 Refine#4" [stack: 0x00000005fba00000,0x00000005fbb00000] [id=10456]
  0x00000177fee46ef0 ConcurrentGCThread "G1 Service" [stack: 0x00000005f2000000,0x00000005f2100000] [id=11432]

Threads with active compile tasks:
C2 CompilerThread0    32124 13180   !   4       org.gradle.internal.classloader.CachingClassLoader::loadClass (85 bytes)
C2 CompilerThread1    32124 13179       4       com.android.utils.XmlUtils::append (597 bytes)

VM state: not at safepoint (normal execution)

VM Mutex/Monitor currently owned by a thread: None

Heap address: 0x0000000080000000, size: 2048 MB, Compressed Oops mode: 32-bit

CDS archive(s) not mapped
Compressed class space mapped at: 0x0000000100000000-0x0000000140000000, reserved size: 1073741824
Narrow klass base: 0x0000000000000000, Narrow klass shift: 3, Narrow klass range: 0x140000000

GC Precious Log:
 CPUs: 8 total, 8 available
 Memory: 7502M
 Large Page Support: Disabled
 NUMA Support: Disabled
 Compressed Oops: Enabled (32-bit)
 Heap Region Size: 1M
 Heap Min Capacity: 8M
 Heap Initial Capacity: 118M
 Heap Max Capacity: 2G
 Pre-touch: Disabled
 Parallel Workers: 8
 Concurrent Workers: 2
 Concurrent Refinement Workers: 8
 Periodic GC: Disabled

Heap:
 garbage-first heap   total 239616K, used 144162K [0x0000000080000000, 0x0000000100000000)
  region size 1024K, 6 young (6144K), 2 survivors (2048K)
 Metaspace       used 107450K, committed 108160K, reserved 1146880K
  class space    used 14225K, committed 14592K, reserved 1048576K

Heap Regions: E=young(eden), S=young(survivor), O=old, HS=humongous(starts), HC=humongous(continues), CS=collection set, F=free, OA=open archive, CA=closed archive, TAMS=top-at-mark-start (previous, next)
|   0|0x0000000080000000, 0x0000000080100000, 0x0000000080100000|100%|HS|  |TAMS 0x0000000080100000, 0x0000000080000000| Complete 
|   1|0x0000000080100000, 0x0000000080200000, 0x0000000080200000|100%|HC|  |TAMS 0x0000000080200000, 0x0000000080100000| Complete 
|   2|0x0000000080200000, 0x0000000080300000, 0x0000000080300000|100%|HC|  |TAMS 0x0000000080300000, 0x0000000080200000| Complete 
|   3|0x0000000080300000, 0x0000000080400000, 0x0000000080400000|100%|HC|  |TAMS 0x0000000080400000, 0x0000000080300000| Complete 
|   4|0x0000000080400000, 0x0000000080500000, 0x0000000080500000|100%| O|  |TAMS 0x0000000080500000, 0x0000000080400000| Untracked 
|   5|0x0000000080500000, 0x0000000080600000, 0x0000000080600000|100%| O|  |TAMS 0x0000000080600000, 0x0000000080500000| Untracked 
|   6|0x0000000080600000, 0x0000000080700000, 0x0000000080700000|100%| O|  |TAMS 0x0000000080700000, 0x0000000080600000| Untracked 
|   7|0x0000000080700000, 0x0000000080800000, 0x0000000080800000|100%| O|  |TAMS 0x0000000080800000, 0x0000000080700000| Untracked 
|   8|0x0000000080800000, 0x0000000080900000, 0x0000000080900000|100%| O|  |TAMS 0x0000000080900000, 0x0000000080800000| Untracked 
|   9|0x0000000080900000, 0x0000000080a00000, 0x0000000080a00000|100%| O|  |TAMS 0x0000000080a00000, 0x0000000080900000| Untracked 
|  10|0x0000000080a00000, 0x0000000080b00000, 0x0000000080b00000|100%| O|  |TAMS 0x0000000080b00000, 0x0000000080a00000| Untracked 
|  11|0x0000000080b00000, 0x0000000080c00000, 0x0000000080c00000|100%| O|  |TAMS 0x0000000080c00000, 0x0000000080b00000| Untracked 
|  12|0x0000000080c00000, 0x0000000080d00000, 0x0000000080d00000|100%| O|  |TAMS 0x0000000080d00000, 0x0000000080c00000| Untracked 
|  13|0x0000000080d00000, 0x0000000080e00000, 0x0000000080e00000|100%| O|  |TAMS 0x0000000080e00000, 0x0000000080d00000| Untracked 
|  14|0x0000000080e00000, 0x0000000080f00000, 0x0000000080f00000|100%| O|  |TAMS 0x0000000080f00000, 0x0000000080e00000| Untracked 
|  15|0x0000000080f00000, 0x0000000081000000, 0x0000000081000000|100%| O|  |TAMS 0x0000000081000000, 0x0000000080f00000| Untracked 
|  16|0x0000000081000000, 0x0000000081100000, 0x0000000081100000|100%| O|  |TAMS 0x0000000081100000, 0x0000000081000000| Untracked 
|  17|0x0000000081100000, 0x0000000081200000, 0x0000000081200000|100%| O|  |TAMS 0x0000000081200000, 0x0000000081100000| Untracked 
|  18|0x0000000081200000, 0x0000000081300000, 0x0000000081300000|100%| O|  |TAMS 0x0000000081300000, 0x0000000081200000| Untracked 
|  19|0x0000000081300000, 0x0000000081400000, 0x0000000081400000|100%| O|  |TAMS 0x0000000081400000, 0x0000000081300000| Untracked 
|  20|0x0000000081400000, 0x0000000081500000, 0x0000000081500000|100%| O|  |TAMS 0x0000000081500000, 0x0000000081400000| Untracked 
|  21|0x0000000081500000, 0x0000000081600000, 0x0000000081600000|100%| O|  |TAMS 0x0000000081600000, 0x0000000081500000| Untracked 
|  22|0x0000000081600000, 0x0000000081700000, 0x0000000081700000|100%| O|  |TAMS 0x0000000081700000, 0x0000000081600000| Untracked 
|  23|0x0000000081700000, 0x0000000081800000, 0x0000000081800000|100%| O|  |TAMS 0x0000000081800000, 0x0000000081700000| Untracked 
|  24|0x0000000081800000, 0x0000000081900000, 0x0000000081900000|100%| O|  |TAMS 0x0000000081900000, 0x0000000081800000| Untracked 
|  25|0x0000000081900000, 0x0000000081a00000, 0x0000000081a00000|100%| O|  |TAMS 0x0000000081a00000, 0x0000000081900000| Untracked 
|  26|0x0000000081a00000, 0x0000000081b00000, 0x0000000081b00000|100%| O|  |TAMS 0x0000000081b00000, 0x0000000081a00000| Untracked 
|  27|0x0000000081b00000, 0x0000000081c00000, 0x0000000081c00000|100%| O|  |TAMS 0x0000000081c00000, 0x0000000081b00000| Untracked 
|  28|0x0000000081c00000, 0x0000000081d00000, 0x0000000081d00000|100%| O|  |TAMS 0x0000000081d00000, 0x0000000081c00000| Untracked 
|  29|0x0000000081d00000, 0x0000000081e00000, 0x0000000081e00000|100%| O|  |TAMS 0x0000000081e00000, 0x0000000081d00000| Untracked 
|  30|0x0000000081e00000, 0x0000000081f00000, 0x0000000081f00000|100%| O|  |TAMS 0x0000000081f00000, 0x0000000081e00000| Untracked 
|  31|0x0000000081f00000, 0x0000000082000000, 0x0000000082000000|100%| O|  |TAMS 0x0000000082000000, 0x0000000081f00000| Untracked 
|  32|0x0000000082000000, 0x0000000082100000, 0x0000000082100000|100%| O|  |TAMS 0x0000000082100000, 0x0000000082000000| Untracked 
|  33|0x0000000082100000, 0x0000000082200000, 0x0000000082200000|100%|HS|  |TAMS 0x0000000082200000, 0x0000000082100000| Complete 
|  34|0x0000000082200000, 0x0000000082300000, 0x0000000082300000|100%|HS|  |TAMS 0x0000000082300000, 0x0000000082200000| Complete 
|  35|0x0000000082300000, 0x0000000082400000, 0x0000000082400000|100%|HS|  |TAMS 0x0000000082400000, 0x0000000082300000| Complete 
|  36|0x0000000082400000, 0x0000000082500000, 0x0000000082500000|100%|HC|  |TAMS 0x0000000082500000, 0x0000000082400000| Complete 
|  37|0x0000000082500000, 0x0000000082600000, 0x0000000082600000|100%| O|  |TAMS 0x0000000082600000, 0x0000000082500000| Untracked 
|  38|0x0000000082600000, 0x0000000082700000, 0x0000000082700000|100%| O|  |TAMS 0x0000000082700000, 0x0000000082600000| Complete 
|  39|0x0000000082700000, 0x0000000082800000, 0x0000000082800000|100%| O|  |TAMS 0x0000000082800000, 0x0000000082700000| Complete 
|  40|0x0000000082800000, 0x0000000082900000, 0x0000000082900000|100%| O|  |TAMS 0x0000000082900000, 0x0000000082800000| Complete 
|  41|0x0000000082900000, 0x0000000082a00000, 0x0000000082a00000|100%| O|  |TAMS 0x0000000082a00000, 0x0000000082900000| Untracked 
|  42|0x0000000082a00000, 0x0000000082b00000, 0x0000000082b00000|100%|HS|  |TAMS 0x0000000082b00000, 0x0000000082a00000| Complete 
|  43|0x0000000082b00000, 0x0000000082c00000, 0x0000000082c00000|100%| O|  |TAMS 0x0000000082c00000, 0x0000000082b00000| Untracked 
|  44|0x0000000082c00000, 0x0000000082d00000, 0x0000000082d00000|100%| O|  |TAMS 0x0000000082d00000, 0x0000000082c00000| Untracked 
|  45|0x0000000082d00000, 0x0000000082e00000, 0x0000000082e00000|100%|HS|  |TAMS 0x0000000082e00000, 0x0000000082d00000| Complete 
|  46|0x0000000082e00000, 0x0000000082f00000, 0x0000000082f00000|100%|HC|  |TAMS 0x0000000082f00000, 0x0000000082e00000| Complete 
|  47|0x0000000082f00000, 0x0000000083000000, 0x0000000083000000|100%|HC|  |TAMS 0x0000000083000000, 0x0000000082f00000| Complete 
|  48|0x0000000083000000, 0x0000000083100000, 0x0000000083100000|100%|HC|  |TAMS 0x0000000083100000, 0x0000000083000000| Complete 
|  49|0x0000000083100000, 0x0000000083200000, 0x0000000083200000|100%| O|  |TAMS 0x0000000083200000, 0x0000000083100000| Untracked 
|  50|0x0000000083200000, 0x0000000083300000, 0x0000000083300000|100%| O|  |TAMS 0x0000000083300000, 0x0000000083200000| Untracked 
|  51|0x0000000083300000, 0x0000000083400000, 0x0000000083400000|100%| O|  |TAMS 0x0000000083400000, 0x0000000083300000| Untracked 
|  52|0x0000000083400000, 0x0000000083500000, 0x0000000083500000|100%| O|  |TAMS 0x0000000083500000, 0x0000000083400000| Untracked 
|  53|0x0000000083500000, 0x0000000083600000, 0x0000000083600000|100%| O|  |TAMS 0x0000000083600000, 0x0000000083500000| Untracked 
|  54|0x0000000083600000, 0x0000000083700000, 0x0000000083700000|100%| O|  |TAMS 0x0000000083700000, 0x0000000083600000| Untracked 
|  55|0x0000000083700000, 0x0000000083800000, 0x0000000083800000|100%| O|  |TAMS 0x0000000083800000, 0x0000000083700000| Untracked 
|  56|0x0000000083800000, 0x0000000083900000, 0x0000000083900000|100%| O|  |TAMS 0x0000000083900000, 0x0000000083800000| Untracked 
|  57|0x0000000083900000, 0x0000000083a00000, 0x0000000083a00000|100%| O|  |TAMS 0x0000000083a00000, 0x0000000083900000| Untracked 
|  58|0x0000000083a00000, 0x0000000083b00000, 0x0000000083b00000|100%| O|  |TAMS 0x0000000083b00000, 0x0000000083a00000| Untracked 
|  59|0x0000000083b00000, 0x0000000083c00000, 0x0000000083c00000|100%| O|  |TAMS 0x0000000083c00000, 0x0000000083b00000| Untracked 
|  60|0x0000000083c00000, 0x0000000083d00000, 0x0000000083d00000|100%| O|  |TAMS 0x0000000083d00000, 0x0000000083c00000| Untracked 
|  61|0x0000000083d00000, 0x0000000083e00000, 0x0000000083e00000|100%| O|  |TAMS 0x0000000083e00000, 0x0000000083d00000| Untracked 
|  62|0x0000000083e00000, 0x0000000083f00000, 0x0000000083f00000|100%| O|  |TAMS 0x0000000083f00000, 0x0000000083e00000| Untracked 
|  63|0x0000000083f00000, 0x0000000084000000, 0x0000000084000000|100%| O|  |TAMS 0x0000000084000000, 0x0000000083f00000| Untracked 
|  64|0x0000000084000000, 0x0000000084100000, 0x0000000084100000|100%| O|  |TAMS 0x0000000084100000, 0x0000000084000000| Untracked 
|  65|0x0000000084100000, 0x0000000084200000, 0x0000000084200000|100%| O|  |TAMS 0x0000000084200000, 0x0000000084100000| Untracked 
|  66|0x0000000084200000, 0x0000000084300000, 0x0000000084300000|100%| O|  |TAMS 0x0000000084300000, 0x0000000084200000| Untracked 
|  67|0x0000000084300000, 0x0000000084400000, 0x0000000084400000|100%| O|  |TAMS 0x0000000084400000, 0x0000000084300000| Complete 
|  68|0x0000000084400000, 0x0000000084500000, 0x0000000084500000|100%| O|  |TAMS 0x0000000084500000, 0x0000000084400000| Complete 
|  69|0x0000000084500000, 0x0000000084600000, 0x0000000084600000|100%| O|  |TAMS 0x0000000084600000, 0x0000000084500000| Untracked 
|  70|0x0000000084600000, 0x0000000084700000, 0x0000000084700000|100%| O|  |TAMS 0x0000000084700000, 0x0000000084600000| Untracked 
|  71|0x0000000084700000, 0x0000000084800000, 0x0000000084800000|100%| O|  |TAMS 0x0000000084800000, 0x0000000084700000| Untracked 
|  72|0x0000000084800000, 0x0000000084900000, 0x0000000084900000|100%| O|  |TAMS 0x0000000084900000, 0x0000000084800000| Untracked 
|  73|0x0000000084900000, 0x0000000084a00000, 0x0000000084a00000|100%| O|  |TAMS 0x0000000084a00000, 0x0000000084900000| Untracked 
|  74|0x0000000084a00000, 0x0000000084b00000, 0x0000000084b00000|100%| O|  |TAMS 0x0000000084b00000, 0x0000000084a00000| Untracked 
|  75|0x0000000084b00000, 0x0000000084c00000, 0x0000000084c00000|100%| O|  |TAMS 0x0000000084c00000, 0x0000000084b00000| Untracked 
|  76|0x0000000084c00000, 0x0000000084d00000, 0x0000000084d00000|100%| O|  |TAMS 0x0000000084d00000, 0x0000000084c00000| Untracked 
|  77|0x0000000084d00000, 0x0000000084e00000, 0x0000000084e00000|100%| O|  |TAMS 0x0000000084e00000, 0x0000000084d00000| Untracked 
|  78|0x0000000084e00000, 0x0000000084f00000, 0x0000000084f00000|100%| O|  |TAMS 0x0000000084f00000, 0x0000000084e00000| Untracked 
|  79|0x0000000084f00000, 0x0000000085000000, 0x0000000085000000|100%| O|  |TAMS 0x0000000085000000, 0x0000000084f00000| Complete 
|  80|0x0000000085000000, 0x0000000085100000, 0x0000000085100000|100%| O|  |TAMS 0x0000000085100000, 0x0000000085000000| Untracked 
|  81|0x0000000085100000, 0x0000000085200000, 0x0000000085200000|100%| O|  |TAMS 0x0000000085200000, 0x0000000085100000| Untracked 
|  82|0x0000000085200000, 0x0000000085300000, 0x0000000085300000|100%| O|  |TAMS 0x0000000085300000, 0x0000000085200000| Untracked 
|  83|0x0000000085300000, 0x0000000085400000, 0x0000000085400000|100%| O|  |TAMS 0x0000000085400000, 0x0000000085300000| Untracked 
|  84|0x0000000085400000, 0x0000000085500000, 0x0000000085500000|100%| O|  |TAMS 0x0000000085500000, 0x0000000085400000| Untracked 
|  85|0x0000000085500000, 0x0000000085600000, 0x0000000085600000|100%| O|  |TAMS 0x0000000085600000, 0x0000000085500000| Untracked 
|  86|0x0000000085600000, 0x0000000085700000, 0x0000000085700000|100%| O|  |TAMS 0x0000000085700000, 0x0000000085600000| Untracked 
|  87|0x0000000085700000, 0x0000000085800000, 0x0000000085800000|100%| O|  |TAMS 0x0000000085800000, 0x0000000085700000| Untracked 
|  88|0x0000000085800000, 0x0000000085900000, 0x0000000085900000|100%| O|  |TAMS 0x0000000085900000, 0x0000000085800000| Untracked 
|  89|0x0000000085900000, 0x0000000085a00000, 0x0000000085a00000|100%| O|  |TAMS 0x0000000085a00000, 0x0000000085900000| Untracked 
|  90|0x0000000085a00000, 0x0000000085b00000, 0x0000000085b00000|100%| O|  |TAMS 0x0000000085b00000, 0x0000000085a00000| Untracked 
|  91|0x0000000085b00000, 0x0000000085c00000, 0x0000000085c00000|100%| O|  |TAMS 0x0000000085c00000, 0x0000000085b00000| Untracked 
|  92|0x0000000085c00000, 0x0000000085d00000, 0x0000000085d00000|100%| O|  |TAMS 0x0000000085d00000, 0x0000000085c00000| Untracked 
|  93|0x0000000085d00000, 0x0000000085e00000, 0x0000000085e00000|100%| O|  |TAMS 0x0000000085e00000, 0x0000000085d00000| Untracked 
|  94|0x0000000085e00000, 0x0000000085f00000, 0x0000000085f00000|100%| O|  |TAMS 0x0000000085f00000, 0x0000000085e00000| Untracked 
|  95|0x0000000085f00000, 0x0000000086000000, 0x0000000086000000|100%| O|  |TAMS 0x0000000086000000, 0x0000000085f00000| Untracked 
|  96|0x0000000086000000, 0x0000000086100000, 0x0000000086100000|100%| O|  |TAMS 0x0000000086100000, 0x0000000086000000| Untracked 
|  97|0x0000000086100000, 0x0000000086200000, 0x0000000086200000|100%| O|  |TAMS 0x0000000086200000, 0x0000000086100000| Untracked 
|  98|0x0000000086200000, 0x0000000086300000, 0x0000000086300000|100%| O|  |TAMS 0x0000000086300000, 0x0000000086200000| Untracked 
|  99|0x0000000086300000, 0x0000000086400000, 0x0000000086400000|100%| O|  |TAMS 0x0000000086400000, 0x0000000086300000| Untracked 
| 100|0x0000000086400000, 0x0000000086500000, 0x0000000086500000|100%| O|  |TAMS 0x0000000086500000, 0x0000000086400000| Complete 
| 101|0x0000000086500000, 0x0000000086600000, 0x0000000086600000|100%| O|  |TAMS 0x0000000086600000, 0x0000000086500000| Untracked 
| 102|0x0000000086600000, 0x0000000086700000, 0x0000000086700000|100%| O|  |TAMS 0x0000000086700000, 0x0000000086600000| Untracked 
| 103|0x0000000086700000, 0x0000000086800000, 0x0000000086800000|100%| O|  |TAMS 0x0000000086800000, 0x0000000086700000| Untracked 
| 104|0x0000000086800000, 0x0000000086900000, 0x0000000086900000|100%| O|  |TAMS 0x0000000086900000, 0x0000000086800000| Untracked 
| 105|0x0000000086900000, 0x0000000086a00000, 0x0000000086a00000|100%| O|  |TAMS 0x0000000086a00000, 0x0000000086900000| Untracked 
| 106|0x0000000086a00000, 0x0000000086b00000, 0x0000000086b00000|100%| O|  |TAMS 0x0000000086b00000, 0x0000000086a00000| Untracked 
| 107|0x0000000086b00000, 0x0000000086c00000, 0x0000000086c00000|100%| O|  |TAMS 0x0000000086c00000, 0x0000000086b00000| Untracked 
| 108|0x0000000086c00000, 0x0000000086d00000, 0x0000000086d00000|100%| O|  |TAMS 0x0000000086d00000, 0x0000000086c00000| Untracked 
| 109|0x0000000086d00000, 0x0000000086e00000, 0x0000000086e00000|100%| O|  |TAMS 0x0000000086e00000, 0x0000000086d00000| Untracked 
| 110|0x0000000086e00000, 0x0000000086f00000, 0x0000000086f00000|100%| O|  |TAMS 0x0000000086f00000, 0x0000000086e00000| Untracked 
| 111|0x0000000086f00000, 0x0000000087000000, 0x0000000087000000|100%| O|  |TAMS 0x0000000086f00000, 0x0000000086f00000| Untracked 
| 112|0x0000000087000000, 0x0000000087100000, 0x0000000087100000|100%| O|  |TAMS 0x0000000087000000, 0x0000000087000000| Untracked 
| 113|0x0000000087100000, 0x0000000087200000, 0x0000000087200000|100%| O|  |TAMS 0x0000000087100000, 0x0000000087100000| Untracked 
| 114|0x0000000087200000, 0x0000000087300000, 0x0000000087300000|100%| O|  |TAMS 0x0000000087200000, 0x0000000087200000| Untracked 
| 115|0x0000000087300000, 0x0000000087400000, 0x0000000087400000|100%| O|  |TAMS 0x0000000087300000, 0x0000000087300000| Untracked 
| 116|0x0000000087400000, 0x0000000087400000, 0x0000000087500000|  0%| F|  |TAMS 0x0000000087400000, 0x0000000087400000| Untracked 
| 117|0x0000000087500000, 0x0000000087500000, 0x0000000087600000|  0%| F|  |TAMS 0x0000000087500000, 0x0000000087500000| Untracked 
| 118|0x0000000087600000, 0x0000000087700000, 0x0000000087700000|100%|HS|  |TAMS 0x0000000087700000, 0x0000000087600000| Complete 
| 119|0x0000000087700000, 0x0000000087800000, 0x0000000087800000|100%|HC|  |TAMS 0x0000000087800000, 0x0000000087700000| Complete 
| 120|0x0000000087800000, 0x0000000087900000, 0x0000000087900000|100%| O|  |TAMS 0x0000000087900000, 0x0000000087800000| Untracked 
| 121|0x0000000087900000, 0x0000000087a00000, 0x0000000087a00000|100%| O|  |TAMS 0x0000000087a00000, 0x0000000087900000| Untracked 
| 122|0x0000000087a00000, 0x0000000087b00000, 0x0000000087b00000|100%| O|  |TAMS 0x0000000087b00000, 0x0000000087a00000| Untracked 
| 123|0x0000000087b00000, 0x0000000087c00000, 0x0000000087c00000|100%| O|  |TAMS 0x0000000087c00000, 0x0000000087b00000| Untracked 
| 124|0x0000000087c00000, 0x0000000087d00000, 0x0000000087d00000|100%| O|  |TAMS 0x0000000087d00000, 0x0000000087c00000| Untracked 
| 125|0x0000000087d00000, 0x0000000087e00000, 0x0000000087e00000|100%| O|  |TAMS 0x0000000087e00000, 0x0000000087d00000| Untracked 
| 126|0x0000000087e00000, 0x0000000087f00000, 0x0000000087f00000|100%| O|  |TAMS 0x0000000087f00000, 0x0000000087e00000| Untracked 
| 127|0x0000000087f00000, 0x0000000088000000, 0x0000000088000000|100%| O|  |TAMS 0x0000000088000000, 0x0000000087f00000| Untracked 
| 128|0x0000000088000000, 0x0000000088100000, 0x0000000088100000|100%| O|  |TAMS 0x0000000088100000, 0x0000000088000000| Untracked 
| 129|0x0000000088100000, 0x0000000088200000, 0x0000000088200000|100%| O|  |TAMS 0x0000000088200000, 0x0000000088100000| Untracked 
| 130|0x0000000088200000, 0x0000000088300000, 0x0000000088300000|100%| O|  |TAMS 0x0000000088300000, 0x0000000088200000| Untracked 
| 131|0x0000000088300000, 0x0000000088400000, 0x0000000088400000|100%| O|  |TAMS 0x0000000088400000, 0x0000000088300000| Untracked 
| 132|0x0000000088400000, 0x0000000088500000, 0x0000000088500000|100%| O|  |TAMS 0x0000000088500000, 0x0000000088400000| Untracked 
| 133|0x0000000088500000, 0x0000000088600000, 0x0000000088600000|100%| O|  |TAMS 0x0000000088600000, 0x0000000088500000| Untracked 
| 134|0x0000000088600000, 0x0000000088600000, 0x0000000088700000|  0%| F|  |TAMS 0x0000000088600000, 0x0000000088600000| Untracked 
| 135|0x0000000088700000, 0x0000000088700000, 0x0000000088800000|  0%| F|  |TAMS 0x0000000088700000, 0x0000000088700000| Untracked 
| 136|0x0000000088800000, 0x0000000088800000, 0x0000000088900000|  0%| F|  |TAMS 0x0000000088800000, 0x0000000088800000| Untracked 
| 137|0x0000000088900000, 0x0000000088900000, 0x0000000088a00000|  0%| F|  |TAMS 0x0000000088900000, 0x0000000088900000| Untracked 
| 138|0x0000000088a00000, 0x0000000088b00000, 0x0000000088b00000|100%| O|  |TAMS 0x0000000088a00000, 0x0000000088a00000| Untracked 
| 139|0x0000000088b00000, 0x0000000088c00000, 0x0000000088c00000|100%| O|  |TAMS 0x0000000088c00000, 0x0000000088b00000| Untracked 
| 140|0x0000000088c00000, 0x0000000088d00000, 0x0000000088d00000|100%| O|  |TAMS 0x0000000088c1a800, 0x0000000088c00000| Untracked 
| 141|0x0000000088d00000, 0x0000000088d00000, 0x0000000088e00000|  0%| F|  |TAMS 0x0000000088d00000, 0x0000000088d00000| Untracked 
| 142|0x0000000088e00000, 0x0000000088e00000, 0x0000000088f00000|  0%| F|  |TAMS 0x0000000088e00000, 0x0000000088e00000| Untracked 
| 143|0x0000000088f00000, 0x0000000088fc8a00, 0x0000000089000000| 78%| O|  |TAMS 0x0000000088f00000, 0x0000000088f00000| Untracked 
| 144|0x0000000089000000, 0x0000000089000000, 0x0000000089100000|  0%| F|  |TAMS 0x0000000089000000, 0x0000000089000000| Untracked 
| 145|0x0000000089100000, 0x0000000089100000, 0x0000000089200000|  0%| F|  |TAMS 0x0000000089100000, 0x0000000089100000| Untracked 
| 146|0x0000000089200000, 0x0000000089200000, 0x0000000089300000|  0%| F|  |TAMS 0x0000000089200000, 0x0000000089200000| Untracked 
| 147|0x0000000089300000, 0x0000000089300000, 0x0000000089400000|  0%| F|  |TAMS 0x0000000089300000, 0x0000000089300000| Untracked 
| 148|0x0000000089400000, 0x0000000089400000, 0x0000000089500000|  0%| F|  |TAMS 0x0000000089400000, 0x0000000089400000| Untracked 
| 149|0x0000000089500000, 0x0000000089500000, 0x0000000089600000|  0%| F|  |TAMS 0x0000000089500000, 0x0000000089500000| Untracked 
| 150|0x0000000089600000, 0x0000000089600000, 0x0000000089700000|  0%| F|  |TAMS 0x0000000089600000, 0x0000000089600000| Untracked 
| 151|0x0000000089700000, 0x0000000089700000, 0x0000000089800000|  0%| F|  |TAMS 0x0000000089700000, 0x0000000089700000| Untracked 
| 152|0x0000000089800000, 0x0000000089800000, 0x0000000089900000|  0%| F|  |TAMS 0x0000000089800000, 0x0000000089800000| Untracked 
| 153|0x0000000089900000, 0x0000000089900000, 0x0000000089a00000|  0%| F|  |TAMS 0x0000000089900000, 0x0000000089900000| Untracked 
| 154|0x0000000089a00000, 0x0000000089a00000, 0x0000000089b00000|  0%| F|  |TAMS 0x0000000089a00000, 0x0000000089a00000| Untracked 
| 155|0x0000000089b00000, 0x0000000089b00000, 0x0000000089c00000|  0%| F|  |TAMS 0x0000000089b00000, 0x0000000089b00000| Untracked 
| 156|0x0000000089c00000, 0x0000000089c00000, 0x0000000089d00000|  0%| F|  |TAMS 0x0000000089c00000, 0x0000000089c00000| Untracked 
| 157|0x0000000089d00000, 0x0000000089d00000, 0x0000000089e00000|  0%| F|  |TAMS 0x0000000089d00000, 0x0000000089d00000| Untracked 
| 158|0x0000000089e00000, 0x0000000089e00000, 0x0000000089f00000|  0%| F|  |TAMS 0x0000000089e00000, 0x0000000089e00000| Untracked 
| 159|0x0000000089f00000, 0x0000000089f00000, 0x000000008a000000|  0%| F|  |TAMS 0x0000000089f00000, 0x0000000089f00000| Untracked 
| 160|0x000000008a000000, 0x000000008a000000, 0x000000008a100000|  0%| F|  |TAMS 0x000000008a000000, 0x000000008a000000| Untracked 
| 161|0x000000008a100000, 0x000000008a100000, 0x000000008a200000|  0%| F|  |TAMS 0x000000008a100000, 0x000000008a100000| Untracked 
| 162|0x000000008a200000, 0x000000008a200000, 0x000000008a300000|  0%| F|  |TAMS 0x000000008a200000, 0x000000008a200000| Untracked 
| 163|0x000000008a300000, 0x000000008a300000, 0x000000008a400000|  0%| F|  |TAMS 0x000000008a300000, 0x000000008a300000| Untracked 
| 164|0x000000008a400000, 0x000000008a400000, 0x000000008a500000|  0%| F|  |TAMS 0x000000008a400000, 0x000000008a400000| Untracked 
| 165|0x000000008a500000, 0x000000008a500000, 0x000000008a600000|  0%| F|  |TAMS 0x000000008a500000, 0x000000008a500000| Untracked 
| 166|0x000000008a600000, 0x000000008a600000, 0x000000008a700000|  0%| F|  |TAMS 0x000000008a600000, 0x000000008a600000| Untracked 
| 167|0x000000008a700000, 0x000000008a700000, 0x000000008a800000|  0%| F|  |TAMS 0x000000008a700000, 0x000000008a700000| Untracked 
| 168|0x000000008a800000, 0x000000008a800000, 0x000000008a900000|  0%| F|  |TAMS 0x000000008a800000, 0x000000008a800000| Untracked 
| 169|0x000000008a900000, 0x000000008a900000, 0x000000008aa00000|  0%| F|  |TAMS 0x000000008a900000, 0x000000008a900000| Untracked 
| 170|0x000000008aa00000, 0x000000008aa00000, 0x000000008ab00000|  0%| F|  |TAMS 0x000000008aa00000, 0x000000008aa00000| Untracked 
| 171|0x000000008ab00000, 0x000000008ab00000, 0x000000008ac00000|  0%| F|  |TAMS 0x000000008ab00000, 0x000000008ab00000| Untracked 
| 172|0x000000008ac00000, 0x000000008ac00000, 0x000000008ad00000|  0%| F|  |TAMS 0x000000008ac00000, 0x000000008ac00000| Untracked 
| 173|0x000000008ad00000, 0x000000008ad00000, 0x000000008ae00000|  0%| F|  |TAMS 0x000000008ad00000, 0x000000008ad00000| Untracked 
| 174|0x000000008ae00000, 0x000000008ae00000, 0x000000008af00000|  0%| F|  |TAMS 0x000000008ae00000, 0x000000008ae00000| Untracked 
| 175|0x000000008af00000, 0x000000008af00000, 0x000000008b000000|  0%| F|  |TAMS 0x000000008af00000, 0x000000008af00000| Untracked 
| 176|0x000000008b000000, 0x000000008b000000, 0x000000008b100000|  0%| F|  |TAMS 0x000000008b000000, 0x000000008b000000| Untracked 
| 177|0x000000008b100000, 0x000000008b100000, 0x000000008b200000|  0%| F|  |TAMS 0x000000008b100000, 0x000000008b100000| Untracked 
| 178|0x000000008b200000, 0x000000008b200000, 0x000000008b300000|  0%| F|  |TAMS 0x000000008b200000, 0x000000008b200000| Untracked 
| 179|0x000000008b300000, 0x000000008b300000, 0x000000008b400000|  0%| F|  |TAMS 0x000000008b300000, 0x000000008b300000| Untracked 
| 180|0x000000008b400000, 0x000000008b400000, 0x000000008b500000|  0%| F|  |TAMS 0x000000008b400000, 0x000000008b400000| Untracked 
| 181|0x000000008b500000, 0x000000008b500000, 0x000000008b600000|  0%| F|  |TAMS 0x000000008b500000, 0x000000008b500000| Untracked 
| 182|0x000000008b600000, 0x000000008b600000, 0x000000008b700000|  0%| F|  |TAMS 0x000000008b600000, 0x000000008b600000| Untracked 
| 183|0x000000008b700000, 0x000000008b700000, 0x000000008b800000|  0%| F|  |TAMS 0x000000008b700000, 0x000000008b700000| Untracked 
| 184|0x000000008b800000, 0x000000008b800000, 0x000000008b900000|  0%| F|  |TAMS 0x000000008b800000, 0x000000008b800000| Untracked 
| 185|0x000000008b900000, 0x000000008b900000, 0x000000008ba00000|  0%| F|  |TAMS 0x000000008b900000, 0x000000008b900000| Untracked 
| 186|0x000000008ba00000, 0x000000008ba00000, 0x000000008bb00000|  0%| F|  |TAMS 0x000000008ba00000, 0x000000008ba00000| Untracked 
| 187|0x000000008bb00000, 0x000000008bb00000, 0x000000008bc00000|  0%| F|  |TAMS 0x000000008bb00000, 0x000000008bb00000| Untracked 
| 188|0x000000008bc00000, 0x000000008bc00000, 0x000000008bd00000|  0%| F|  |TAMS 0x000000008bc00000, 0x000000008bc00000| Untracked 
| 189|0x000000008bd00000, 0x000000008bd00000, 0x000000008be00000|  0%| F|  |TAMS 0x000000008bd00000, 0x000000008bd00000| Untracked 
| 190|0x000000008be00000, 0x000000008be00000, 0x000000008bf00000|  0%| F|  |TAMS 0x000000008be00000, 0x000000008be00000| Untracked 
| 191|0x000000008bf00000, 0x000000008bf00000, 0x000000008c000000|  0%| F|  |TAMS 0x000000008bf00000, 0x000000008bf00000| Untracked 
| 192|0x000000008c000000, 0x000000008c000000, 0x000000008c100000|  0%| F|  |TAMS 0x000000008c000000, 0x000000008c000000| Untracked 
| 193|0x000000008c100000, 0x000000008c100000, 0x000000008c200000|  0%| F|  |TAMS 0x000000008c100000, 0x000000008c100000| Untracked 
| 194|0x000000008c200000, 0x000000008c200000, 0x000000008c300000|  0%| F|  |TAMS 0x000000008c200000, 0x000000008c200000| Untracked 
| 195|0x000000008c300000, 0x000000008c300000, 0x000000008c400000|  0%| F|  |TAMS 0x000000008c300000, 0x000000008c300000| Untracked 
| 196|0x000000008c400000, 0x000000008c400000, 0x000000008c500000|  0%| F|  |TAMS 0x000000008c400000, 0x000000008c400000| Untracked 
| 197|0x000000008c500000, 0x000000008c500000, 0x000000008c600000|  0%| F|  |TAMS 0x000000008c500000, 0x000000008c500000| Untracked 
| 198|0x000000008c600000, 0x000000008c600000, 0x000000008c700000|  0%| F|  |TAMS 0x000000008c600000, 0x000000008c600000| Untracked 
| 199|0x000000008c700000, 0x000000008c700000, 0x000000008c800000|  0%| F|  |TAMS 0x000000008c700000, 0x000000008c700000| Untracked 
| 200|0x000000008c800000, 0x000000008c800000, 0x000000008c900000|  0%| F|  |TAMS 0x000000008c800000, 0x000000008c800000| Untracked 
| 201|0x000000008c900000, 0x000000008c900000, 0x000000008ca00000|  0%| F|  |TAMS 0x000000008c900000, 0x000000008c900000| Untracked 
| 202|0x000000008ca00000, 0x000000008ca00000, 0x000000008cb00000|  0%| F|  |TAMS 0x000000008ca00000, 0x000000008ca00000| Untracked 
| 203|0x000000008cb00000, 0x000000008cb00000, 0x000000008cc00000|  0%| F|  |TAMS 0x000000008cb00000, 0x000000008cb00000| Untracked 
| 204|0x000000008cc00000, 0x000000008cc00000, 0x000000008cd00000|  0%| F|  |TAMS 0x000000008cc00000, 0x000000008cc00000| Untracked 
| 205|0x000000008cd00000, 0x000000008cd00000, 0x000000008ce00000|  0%| F|  |TAMS 0x000000008cd00000, 0x000000008cd00000| Untracked 
| 206|0x000000008ce00000, 0x000000008ce00000, 0x000000008cf00000|  0%| F|  |TAMS 0x000000008ce00000, 0x000000008ce00000| Untracked 
| 207|0x000000008cf00000, 0x000000008cf00000, 0x000000008d000000|  0%| F|  |TAMS 0x000000008cf00000, 0x000000008cf00000| Untracked 
| 208|0x000000008d000000, 0x000000008d000000, 0x000000008d100000|  0%| F|  |TAMS 0x000000008d000000, 0x000000008d000000| Untracked 
| 209|0x000000008d100000, 0x000000008d100000, 0x000000008d200000|  0%| F|  |TAMS 0x000000008d100000, 0x000000008d100000| Untracked 
| 210|0x000000008d200000, 0x000000008d200000, 0x000000008d300000|  0%| F|  |TAMS 0x000000008d200000, 0x000000008d200000| Untracked 
| 211|0x000000008d300000, 0x000000008d300000, 0x000000008d400000|  0%| F|  |TAMS 0x000000008d300000, 0x000000008d300000| Untracked 
| 212|0x000000008d400000, 0x000000008d400000, 0x000000008d500000|  0%| F|  |TAMS 0x000000008d400000, 0x000000008d400000| Untracked 
| 213|0x000000008d500000, 0x000000008d500000, 0x000000008d600000|  0%| F|  |TAMS 0x000000008d500000, 0x000000008d500000| Untracked 
| 214|0x000000008d600000, 0x000000008d600000, 0x000000008d700000|  0%| F|  |TAMS 0x000000008d600000, 0x000000008d600000| Untracked 
| 215|0x000000008d700000, 0x000000008d700000, 0x000000008d800000|  0%| F|  |TAMS 0x000000008d700000, 0x000000008d700000| Untracked 
| 216|0x000000008d800000, 0x000000008d800000, 0x000000008d900000|  0%| F|  |TAMS 0x000000008d800000, 0x000000008d800000| Untracked 
| 217|0x000000008d900000, 0x000000008d900000, 0x000000008da00000|  0%| F|  |TAMS 0x000000008d900000, 0x000000008d900000| Untracked 
| 218|0x000000008da00000, 0x000000008da00000, 0x000000008db00000|  0%| F|  |TAMS 0x000000008da00000, 0x000000008da00000| Untracked 
| 219|0x000000008db00000, 0x000000008db00000, 0x000000008dc00000|  0%| F|  |TAMS 0x000000008db00000, 0x000000008db00000| Untracked 
| 220|0x000000008dc00000, 0x000000008dc00000, 0x000000008dd00000|  0%| F|  |TAMS 0x000000008dc00000, 0x000000008dc00000| Untracked 
| 221|0x000000008dd00000, 0x000000008dd00000, 0x000000008de00000|  0%| F|  |TAMS 0x000000008dd00000, 0x000000008dd00000| Untracked 
| 222|0x000000008de00000, 0x000000008de00000, 0x000000008df00000|  0%| F|  |TAMS 0x000000008de00000, 0x000000008de00000| Untracked 
| 223|0x000000008df00000, 0x000000008df00000, 0x000000008e000000|  0%| F|  |TAMS 0x000000008df00000, 0x000000008df00000| Untracked 
| 224|0x000000008e000000, 0x000000008e000000, 0x000000008e100000|  0%| F|  |TAMS 0x000000008e000000, 0x000000008e000000| Untracked 
| 225|0x000000008e100000, 0x000000008e100000, 0x000000008e200000|  0%| F|  |TAMS 0x000000008e100000, 0x000000008e100000| Untracked 
| 226|0x000000008e200000, 0x000000008e300000, 0x000000008e300000|100%| S|CS|TAMS 0x000000008e200000, 0x000000008e200000| Complete 
| 227|0x000000008e300000, 0x000000008e400000, 0x000000008e400000|100%| S|CS|TAMS 0x000000008e300000, 0x000000008e300000| Complete 
| 228|0x000000008e400000, 0x000000008e400000, 0x000000008e500000|  0%| F|  |TAMS 0x000000008e400000, 0x000000008e400000| Untracked 
| 229|0x000000008e500000, 0x000000008e500000, 0x000000008e600000|  0%| F|  |TAMS 0x000000008e500000, 0x000000008e500000| Untracked 
| 230|0x000000008e600000, 0x000000008e6d4238, 0x000000008e700000| 82%| E|  |TAMS 0x000000008e600000, 0x000000008e600000| Complete 
| 231|0x000000008e700000, 0x000000008e800000, 0x000000008e800000|100%| E|CS|TAMS 0x000000008e700000, 0x000000008e700000| Complete 
| 232|0x000000008e800000, 0x000000008e900000, 0x000000008e900000|100%| E|CS|TAMS 0x000000008e800000, 0x000000008e800000| Complete 
| 233|0x000000008e900000, 0x000000008ea00000, 0x000000008ea00000|100%| E|CS|TAMS 0x000000008e900000, 0x000000008e900000| Complete 

Card table byte_map: [0x00000177fdda0000,0x00000177fe1a0000] _byte_map_base: 0x00000177fd9a0000

Marking Bits (Prev, Next): (CMBitMap*) 0x00000177fa20b140, (CMBitMap*) 0x00000177fa20b180
 Prev Bits: [0x000001778f000000, 0x0000017791000000)
 Next Bits: [0x0000017791000000, 0x0000017793000000)

Polling page: 0x00000177f80e0000

Metaspace:

Usage:
  Non-class:     91.04 MB used.
      Class:     13.89 MB used.
       Both:    104.93 MB used.

Virtual space:
  Non-class space:       96.00 MB reserved,      91.38 MB ( 95%) committed,  12 nodes.
      Class space:        1.00 GB reserved,      14.25 MB (  1%) committed,  1 nodes.
             Both:        1.09 GB reserved,     105.62 MB (  9%) committed. 

Chunk freelists:
   Non-Class:  448.00 KB
       Class:  1.77 MB
        Both:  2.21 MB

MaxMetaspaceSize: unlimited
CompressedClassSpaceSize: 1.00 GB
Initial GC threshold: 21.00 MB
Current GC threshold: 175.94 MB
CDS: off
MetaspaceReclaimPolicy: balanced
 - commit_granule_bytes: 65536.
 - commit_granule_words: 8192.
 - virtual_space_node_default_size: 1048576.
 - enlarge_chunks_in_place: 1.
 - new_chunks_are_fully_committed: 0.
 - uncommit_free_chunks: 1.
 - use_allocation_guard: 0.
 - handle_deallocations: 1.


Internal statistics:

num_allocs_failed_limit: 6.
num_arena_births: 1148.
num_arena_deaths: 12.
num_vsnodes_births: 13.
num_vsnodes_deaths: 0.
num_space_committed: 1688.
num_space_uncommitted: 0.
num_chunks_returned_to_freelist: 21.
num_chunks_taken_from_freelist: 5136.
num_chunk_merges: 10.
num_chunk_splits: 3451.
num_chunks_enlarged: 2379.
num_purges: 2.
num_inconsistent_stats: 0.

CodeHeap 'non-profiled nmethods': size=120000Kb used=6261Kb max_used=6261Kb free=113738Kb
 bounds [0x0000017787ad0000, 0x00000177880f0000, 0x000001778f000000]
CodeHeap 'profiled nmethods': size=120000Kb used=22656Kb max_used=22656Kb free=97343Kb
 bounds [0x0000017780000000, 0x0000017781630000, 0x0000017787530000]
CodeHeap 'non-nmethods': size=5760Kb used=2397Kb max_used=2467Kb free=3362Kb
 bounds [0x0000017787530000, 0x00000177877a0000, 0x0000017787ad0000]
 total_blobs=12435 nmethods=11502 adapters=845
 compilation: enabled
              stopped_count=0, restarted_count=0
 full_count=0

Compilation events (20 events):
Event: 31.922 Thread 0x00000177ffc31c30 13201       1       com.google.common.cache.LocalCache$1::get (2 bytes)
Event: 31.922 Thread 0x00000177ffc31c30 nmethod 13201 0x00000177880ec290 code [0x00000177880ec420, 0x00000177880ec4f8]
Event: 31.934 Thread 0x00000177ffc31c30 13202       3       java.util.Collections::sort (8 bytes)
Event: 31.934 Thread 0x00000177ffc31c30 nmethod 13202 0x0000017781615d90 code [0x0000017781615f40, 0x00000177816160e8]
Event: 31.936 Thread 0x00000177ffc31c30 13203       3       java.nio.file.Paths::get (6 bytes)
Event: 31.936 Thread 0x00000177ffc31c30 nmethod 13203 0x0000017781616190 code [0x0000017781616360, 0x00000177816167c8]
Event: 31.941 Thread 0x00000177ffc31c30 13205       3       com.google.common.cache.LocalCache::expiresAfterWrite (15 bytes)
Event: 31.942 Thread 0x00000177ffc31c30 nmethod 13205 0x0000017781616990 code [0x0000017781616b20, 0x0000017781616c98]
Event: 31.981 Thread 0x00000177ffc31c30 13207       1       org.apache.xerces.dom.CoreDocumentImpl::isXML11Version (5 bytes)
Event: 31.982 Thread 0x00000177ffc31c30 nmethod 13207 0x00000177880ec590 code [0x00000177880ec720, 0x00000177880ec7f8]
Event: 31.982 Thread 0x00000177ffc31c30 13209       3       java.lang.StringUTF16::inflate (42 bytes)
Event: 31.982 Thread 0x00000177ffc31c30 nmethod 13209 0x0000017781616d10 code [0x0000017781616ee0, 0x00000177816171e8]
Event: 31.985 Thread 0x00000177ffc31c30 13210       2       java.io.File::getParentFile (41 bytes)
Event: 31.985 Thread 0x00000177ffc31c30 nmethod 13210 0x0000017781617410 code [0x00000177816175c0, 0x0000017781617838]
Event: 31.987 Thread 0x00000177ffc31c30 13211       2       java.util.ComparableTimSort::mergeHi (729 bytes)
Event: 31.990 Thread 0x00000177ffc31c30 nmethod 13211 0x0000017781617910 code [0x0000017781617c20, 0x0000017781619618]
Event: 31.991 Thread 0x00000177ffc31c30 13212       1       com.android.ide.common.resources.MergedResourceWriterRequest::getModuleSourceSets (5 bytes)
Event: 31.992 Thread 0x00000177ffc31c30 nmethod 13212 0x00000177880ec890 code [0x00000177880eca20, 0x00000177880ecaf8]
Event: 32.028 Thread 0x00000177ffc31c30 13213 %     3       org.apache.xerces.dom.NamedNodeMapImpl::setOwnerDocument @ 22 (43 bytes)
Event: 32.028 Thread 0x00000177ffc31c30 nmethod 13213% 0x0000017781619d90 code [0x0000017781619f60, 0x000001778161a528]

GC Heap History (20 events):
Event: 25.704 GC heap before
{Heap before GC invocations=47 (full 0):
 garbage-first heap   total 147456K, used 122347K [0x0000000080000000, 0x0000000100000000)
  region size 1024K, 35 young (35840K), 5 survivors (5120K)
 Metaspace       used 102213K, committed 102912K, reserved 1138688K
  class space    used 13565K, committed 13888K, reserved 1048576K
}
Event: 25.714 GC heap after
{Heap after GC invocations=48 (full 0):
 garbage-first heap   total 147456K, used 96634K [0x0000000080000000, 0x0000000100000000)
  region size 1024K, 5 young (5120K), 5 survivors (5120K)
 Metaspace       used 102213K, committed 102912K, reserved 1138688K
  class space    used 13565K, committed 13888K, reserved 1048576K
}
Event: 26.652 GC heap before
{Heap before GC invocations=48 (full 0):
 garbage-first heap   total 147456K, used 121210K [0x0000000080000000, 0x0000000100000000)
  region size 1024K, 30 young (30720K), 5 survivors (5120K)
 Metaspace       used 102926K, committed 103616K, reserved 1138688K
  class space    used 13676K, committed 14016K, reserved 1048576K
}
Event: 26.665 GC heap after
{Heap after GC invocations=49 (full 0):
 garbage-first heap   total 147456K, used 100848K [0x0000000080000000, 0x0000000100000000)
  region size 1024K, 4 young (4096K), 4 survivors (4096K)
 Metaspace       used 102926K, committed 103616K, reserved 1138688K
  class space    used 13676K, committed 14016K, reserved 1048576K
}
Event: 27.270 GC heap before
{Heap before GC invocations=49 (full 0):
 garbage-first heap   total 147456K, used 122352K [0x0000000080000000, 0x0000000100000000)
  region size 1024K, 25 young (25600K), 4 survivors (4096K)
 Metaspace       used 103619K, committed 104320K, reserved 1146880K
  class space    used 13817K, committed 14144K, reserved 1048576K
}
Event: 27.281 GC heap after
{Heap after GC invocations=50 (full 0):
 garbage-first heap   total 147456K, used 104790K [0x0000000080000000, 0x0000000100000000)
  region size 1024K, 4 young (4096K), 4 survivors (4096K)
 Metaspace       used 103619K, committed 104320K, reserved 1146880K
  class space    used 13817K, committed 14144K, reserved 1048576K
}
Event: 27.511 GC heap before
{Heap before GC invocations=50 (full 0):
 garbage-first heap   total 147456K, used 122198K [0x0000000080000000, 0x0000000100000000)
  region size 1024K, 22 young (22528K), 4 survivors (4096K)
 Metaspace       used 103669K, committed 104320K, reserved 1146880K
  class space    used 13818K, committed 14144K, reserved 1048576K
}
Event: 27.517 GC heap after
{Heap after GC invocations=51 (full 0):
 garbage-first heap   total 147456K, used 106690K [0x0000000080000000, 0x0000000100000000)
  region size 1024K, 3 young (3072K), 3 survivors (3072K)
 Metaspace       used 103669K, committed 104320K, reserved 1146880K
  class space    used 13818K, committed 14144K, reserved 1048576K
}
Event: 27.897 GC heap before
{Heap before GC invocations=51 (full 0):
 garbage-first heap   total 147456K, used 122050K [0x0000000080000000, 0x0000000100000000)
  region size 1024K, 19 young (19456K), 3 survivors (3072K)
 Metaspace       used 103750K, committed 104448K, reserved 1146880K
  class space    used 13820K, committed 14144K, reserved 1048576K
}
Event: 27.902 GC heap after
{Heap after GC invocations=52 (full 0):
 garbage-first heap   total 147456K, used 108079K [0x0000000080000000, 0x0000000100000000)
  region size 1024K, 3 young (3072K), 3 survivors (3072K)
 Metaspace       used 103750K, committed 104448K, reserved 1146880K
  class space    used 13820K, committed 14144K, reserved 1048576K
}
Event: 28.414 GC heap before
{Heap before GC invocations=52 (full 0):
 garbage-first heap   total 147456K, used 122415K [0x0000000080000000, 0x0000000100000000)
  region size 1024K, 18 young (18432K), 3 survivors (3072K)
 Metaspace       used 104282K, committed 105024K, reserved 1146880K
  class space    used 13889K, committed 14272K, reserved 1048576K
}
Event: 28.422 GC heap after
{Heap after GC invocations=53 (full 0):
 garbage-first heap   total 177152K, used 110018K [0x0000000080000000, 0x0000000100000000)
  region size 1024K, 3 young (3072K), 3 survivors (3072K)
 Metaspace       used 104282K, committed 105024K, reserved 1146880K
  class space    used 13889K, committed 14272K, reserved 1048576K
}
Event: 30.669 GC heap before
{Heap before GC invocations=53 (full 0):
 garbage-first heap   total 177152K, used 143810K [0x0000000080000000, 0x0000000100000000)
  region size 1024K, 37 young (37888K), 3 survivors (3072K)
 Metaspace       used 106815K, committed 107648K, reserved 1146880K
  class space    used 14169K, committed 14592K, reserved 1048576K
}
Event: 30.680 GC heap after
{Heap after GC invocations=54 (full 0):
 garbage-first heap   total 177152K, used 117922K [0x0000000080000000, 0x0000000100000000)
  region size 1024K, 5 young (5120K), 5 survivors (5120K)
 Metaspace       used 106815K, committed 107648K, reserved 1146880K
  class space    used 14169K, committed 14592K, reserved 1048576K
}
Event: 31.163 GC heap before
{Heap before GC invocations=54 (full 0):
 garbage-first heap   total 177152K, used 151714K [0x0000000080000000, 0x0000000100000000)
  region size 1024K, 30 young (30720K), 5 survivors (5120K)
 Metaspace       used 106880K, committed 107648K, reserved 1146880K
  class space    used 14169K, committed 14592K, reserved 1048576K
}
Event: 31.178 GC heap after
{Heap after GC invocations=55 (full 0):
 garbage-first heap   total 177152K, used 135274K [0x0000000080000000, 0x0000000100000000)
  region size 1024K, 4 young (4096K), 4 survivors (4096K)
 Metaspace       used 106880K, committed 107648K, reserved 1146880K
  class space    used 14169K, committed 14592K, reserved 1048576K
}
Event: 31.429 GC heap before
{Heap before GC invocations=55 (full 0):
 garbage-first heap   total 177152K, used 145514K [0x0000000080000000, 0x0000000100000000)
  region size 1024K, 15 young (15360K), 4 survivors (4096K)
 Metaspace       used 107214K, committed 107968K, reserved 1146880K
  class space    used 14205K, committed 14592K, reserved 1048576K
}
Event: 31.435 GC heap after
{Heap after GC invocations=56 (full 0):
 garbage-first heap   total 177152K, used 138870K [0x0000000080000000, 0x0000000100000000)
  region size 1024K, 2 young (2048K), 2 survivors (2048K)
 Metaspace       used 107214K, committed 107968K, reserved 1146880K
  class space    used 14205K, committed 14592K, reserved 1048576K
}
Event: 31.995 GC heap before
{Heap before GC invocations=57 (full 0):
 garbage-first heap   total 239616K, used 156278K [0x0000000080000000, 0x0000000100000000)
  region size 1024K, 12 young (12288K), 2 survivors (2048K)
 Metaspace       used 107437K, committed 108160K, reserved 1146880K
  class space    used 14225K, committed 14592K, reserved 1048576K
}
Event: 32.001 GC heap after
{Heap after GC invocations=58 (full 0):
 garbage-first heap   total 239616K, used 141090K [0x0000000080000000, 0x0000000100000000)
  region size 1024K, 2 young (2048K), 2 survivors (2048K)
 Metaspace       used 107437K, committed 108160K, reserved 1146880K
  class space    used 14225K, committed 14592K, reserved 1048576K
}

Dll operation events (2 events):
Event: 0.013 Loaded shared library C:\Program Files\Android\Android Studio\jbr\bin\java.dll
Event: 0.748 Loaded shared library C:\Program Files\Android\Android Studio\jbr\bin\verify.dll

Deoptimization events (20 events):
Event: 31.581 Thread 0x0000017797da4950 Uncommon trap: trap_request=0xffffff45 fr.pc=0x0000017788083174 relative=0x0000000000000074
Event: 31.581 Thread 0x0000017797da4950 Uncommon trap: reason=unstable_if action=reinterpret pc=0x0000017788083174 method=org.apache.xerces.dom.NodeImpl.isNormalized(Z)V @ 1 c2
Event: 31.581 Thread 0x0000017797da4950 DEOPT PACKING pc=0x0000017788083174 sp=0x00000005fb0fa580
Event: 31.581 Thread 0x0000017797da4950 DEOPT UNPACKING pc=0x00000177875869a3 sp=0x00000005fb0fa520 mode 2
Event: 31.581 Thread 0x0000017797da4950 Uncommon trap: trap_request=0xffffff54 fr.pc=0x00000177880af364 relative=0x0000000000000e04
Event: 31.581 Thread 0x0000017797da4950 Uncommon trap: reason=speculate_null_assert action=make_not_entrant pc=0x00000177880af364 method=org.apache.xerces.dom.CoreDocumentImpl.setUserData(Lorg/w3c/dom/Node;Ljava/lang/String;Ljava/lang/Object;Lorg/w3c/dom/UserDataHandler;)Ljava/lang/Object; @ 11
Event: 31.581 Thread 0x0000017797da4950 DEOPT PACKING pc=0x00000177880af364 sp=0x00000005fb0fa590
Event: 31.581 Thread 0x0000017797da4950 DEOPT UNPACKING pc=0x00000177875869a3 sp=0x00000005fb0fa508 mode 2
Event: 31.673 Thread 0x0000017797da4950 DEOPT PACKING pc=0x00000177815f5e68 sp=0x00000005fb0fa270
Event: 31.673 Thread 0x0000017797da4950 DEOPT UNPACKING pc=0x0000017787587143 sp=0x00000005fb0f9780 mode 0
Event: 31.676 Thread 0x0000017797da4950 DEOPT PACKING pc=0x00000177815f5e68 sp=0x00000005fb0fa270
Event: 31.676 Thread 0x0000017797da4950 DEOPT UNPACKING pc=0x0000017787587143 sp=0x00000005fb0f9780 mode 0
Event: 31.695 Thread 0x0000017797da4950 DEOPT PACKING pc=0x00000177815f9a48 sp=0x00000005fb0fa130
Event: 31.695 Thread 0x0000017797da4950 DEOPT UNPACKING pc=0x0000017787587143 sp=0x00000005fb0f9640 mode 0
Event: 31.845 Thread 0x0000017797da4950 Uncommon trap: trap_request=0xffffff45 fr.pc=0x0000017787ba68e8 relative=0x0000000000000368
Event: 31.845 Thread 0x0000017797da4950 Uncommon trap: reason=unstable_if action=reinterpret pc=0x0000017787ba68e8 method=java.lang.StringCoding.implEncodeAsciiArray([CI[BII)I @ 23 c2
Event: 31.845 Thread 0x0000017797da4950 DEOPT PACKING pc=0x0000017787ba68e8 sp=0x00000005fb0fa0d0
Event: 31.845 Thread 0x0000017797da4950 DEOPT UNPACKING pc=0x00000177875869a3 sp=0x00000005fb0fa050 mode 2
Event: 31.982 Thread 0x0000017797da4950 DEOPT PACKING pc=0x000001778156e09a sp=0x00000005fb0f9e80
Event: 31.982 Thread 0x0000017797da4950 DEOPT UNPACKING pc=0x0000017787587143 sp=0x00000005fb0f9358 mode 0

Classes unloaded (6 events):
Event: 31.621 Thread 0x00000177fefeed60 Unloading class 0x0000000100dd1400 'java/lang/invoke/LambdaForm$DMH+0x0000000100dd1400'
Event: 31.621 Thread 0x00000177fefeed60 Unloading class 0x0000000100dd1800 'java/lang/invoke/LambdaForm$DMH+0x0000000100dd1800'
Event: 31.621 Thread 0x00000177fefeed60 Unloading class 0x0000000100dd1000 'java/lang/invoke/LambdaForm$DMH+0x0000000100dd1000'
Event: 31.621 Thread 0x00000177fefeed60 Unloading class 0x0000000100dd0c00 'java/lang/invoke/LambdaForm$DMH+0x0000000100dd0c00'
Event: 31.621 Thread 0x00000177fefeed60 Unloading class 0x0000000100dd0800 'java/lang/invoke/LambdaForm$DMH+0x0000000100dd0800'
Event: 31.621 Thread 0x00000177fefeed60 Unloading class 0x0000000100dd0000 'java/lang/invoke/LambdaForm$DMH+0x0000000100dd0000'

Classes redefined (0 events):
No events

Internal exceptions (20 events):
Event: 25.889 Thread 0x0000017795b92690 Exception <a 'java/lang/ClassNotFoundException'{0x00000000882996d8}: com/android/build/gradle/tasks/PackageApplication_DecoratedCustomizer> (0x00000000882996d8) 
thrown [s\src\hotspot\share\classfile\systemDictionary.cpp, line 256]
Event: 25.897 Thread 0x0000017795b92690 Exception <a 'java/lang/ClassNotFoundException'{0x000000008816dd50}: com/android/build/gradle/internal/tasks/ListingFileRedirectTask_DecoratedBeanInfo> (0x000000008816dd50) 
thrown [s\src\hotspot\share\classfile\systemDictionary.cpp, line 256]
Event: 25.898 Thread 0x0000017795b92690 Exception <a 'java/lang/ClassNotFoundException'{0x0000000088179c28}: com/android/build/gradle/internal/tasks/ListingFileRedirectTaskBeanInfo> (0x0000000088179c28) 
thrown [s\src\hotspot\share\classfile\systemDictionary.cpp, line 256]
Event: 25.901 Thread 0x0000017795b92690 Exception <a 'java/lang/ClassNotFoundException'{0x0000000088185618}: com/android/build/gradle/internal/tasks/ListingFileRedirectTaskCustomizer> (0x0000000088185618) 
thrown [s\src\hotspot\share\classfile\systemDictionary.cpp, line 256]
Event: 25.904 Thread 0x0000017795b92690 Exception <a 'java/lang/ClassNotFoundException'{0x00000000881a1fd8}: com/android/build/gradle/internal/tasks/ListingFileRedirectTask_DecoratedCustomizer> (0x00000000881a1fd8) 
thrown [s\src\hotspot\share\classfile\systemDictionary.cpp, line 256]
Event: 25.928 Thread 0x0000017795b92690 Exception <a 'sun/nio/fs/WindowsException'{0x0000000088071590}> (0x0000000088071590) 
thrown [s\src\hotspot\share\prims\jni.cpp, line 517]
Event: 26.043 Thread 0x0000017797da57c0 Exception <a 'sun/nio/fs/WindowsException'{0x0000000087d20168}> (0x0000000087d20168) 
thrown [s\src\hotspot\share\prims\jni.cpp, line 517]
Event: 26.043 Thread 0x0000017797da57c0 Exception <a 'sun/nio/fs/WindowsException'{0x0000000087d21020}> (0x0000000087d21020) 
thrown [s\src\hotspot\share\prims\jni.cpp, line 517]
Event: 26.043 Thread 0x0000017797da57c0 Exception <a 'sun/nio/fs/WindowsException'{0x0000000087d21090}> (0x0000000087d21090) 
thrown [s\src\hotspot\share\prims\jni.cpp, line 517]
Event: 26.043 Thread 0x0000017797da57c0 Exception <a 'sun/nio/fs/WindowsException'{0x0000000087d21450}> (0x0000000087d21450) 
thrown [s\src\hotspot\share\prims\jni.cpp, line 517]
Event: 26.173 Thread 0x0000017797da57c0 Exception <a 'sun/nio/fs/WindowsException'{0x0000000087cc33c0}> (0x0000000087cc33c0) 
thrown [s\src\hotspot\share\prims\jni.cpp, line 517]
Event: 26.187 Thread 0x000001779a370030 Exception <a 'java/lang/NoSuchMethodError'{0x0000000087b1ec58}: static Lorg/gradle/internal/build/event/types/DefaultTaskSkippedResult;.<clinit>()V> (0x0000000087b1ec58) 
thrown [s\src\hotspot\share\prims\jni.cpp, line 1108]
Event: 26.980 Thread 0x0000017797da5c90 Exception <a 'java/lang/NoSuchMethodError'{0x0000000088a33d08}: 'void java.lang.invoke.DirectMethodHandle$Holder.invokeStatic(java.lang.Object, java.lang.Object, java.lang.Object, java.lang.Object, int, java.lang.Object, java.lang.Object)'> (0x0000000088a33d08) 
thrown [s\src\hotspot\share\interpreter\linkResolver.cpp, line 771]
Event: 27.032 Thread 0x000001779851bed0 Exception <a 'java/lang/NoSuchMethodError'{0x000000008875ca98}: 'java.lang.Object java.lang.invoke.DirectMethodHandle$Holder.invokeSpecialIFC(java.lang.Object, java.lang.Object, java.lang.Object)'> (0x000000008875ca98) 
thrown [s\src\hotspot\share\interpreter\linkResolver.cpp, line 771]
Event: 27.032 Thread 0x0000017797e67cb0 Exception <a 'java/lang/NoSuchMethodError'{0x0000000088750238}: 'java.lang.Object java.lang.invoke.DirectMethodHandle$Holder.invokeSpecialIFC(java.lang.Object, java.lang.Object, java.lang.Object)'> (0x0000000088750238) 
thrown [s\src\hotspot\share\interpreter\linkResolver.cpp, line 771]
Event: 27.032 Thread 0x000001779a373520 Exception <a 'java/lang/NoSuchMethodError'{0x0000000088755b30}: 'java.lang.Object java.lang.invoke.DirectMethodHandle$Holder.invokeSpecialIFC(java.lang.Object, java.lang.Object, java.lang.Object)'> (0x0000000088755b30) 
thrown [s\src\hotspot\share\interpreter\linkResolver.cpp, line 771]
Event: 27.033 Thread 0x000001779a0a3a20 Exception <a 'java/lang/NoSuchMethodError'{0x000000008874a520}: 'java.lang.Object java.lang.invoke.DirectMethodHandle$Holder.invokeSpecialIFC(java.lang.Object, java.lang.Object, java.lang.Object)'> (0x000000008874a520) 
thrown [s\src\hotspot\share\interpreter\linkResolver.cpp, line 771]
Event: 27.033 Thread 0x000001779a3739f0 Exception <a 'java/lang/NoSuchMethodError'{0x000000008876aca0}: 'java.lang.Object java.lang.invoke.DirectMethodHandle$Holder.invokeSpecialIFC(java.lang.Object, java.lang.Object, java.lang.Object)'> (0x000000008876aca0) 
thrown [s\src\hotspot\share\interpreter\linkResolver.cpp, line 771]
Event: 27.033 Thread 0x000001779851ba00 Exception <a 'java/lang/NoSuchMethodError'{0x0000000088768b00}: 'java.lang.Object java.lang.invoke.DirectMethodHandle$Holder.invokeSpecialIFC(java.lang.Object, java.lang.Object, java.lang.Object)'> (0x0000000088768b00) 
thrown [s\src\hotspot\share\interpreter\linkResolver.cpp, line 771]
Event: 27.033 Thread 0x0000017797e69990 Exception <a 'java/lang/NoSuchMethodError'{0x0000000088762010}: 'java.lang.Object java.lang.invoke.DirectMethodHandle$Holder.invokeSpecialIFC(java.lang.Object, java.lang.Object, java.lang.Object)'> (0x0000000088762010) 
thrown [s\src\hotspot\share\interpreter\linkResolver.cpp, line 771]

VM Operations (20 events):
Event: 29.442 Executing VM operation: Cleanup
Event: 29.443 Executing VM operation: Cleanup done
Event: 30.453 Executing VM operation: Cleanup
Event: 30.454 Executing VM operation: Cleanup done
Event: 30.669 Executing VM operation: G1CollectForAllocation
Event: 30.680 Executing VM operation: G1CollectForAllocation done
Event: 31.162 Executing VM operation: G1CollectForAllocation
Event: 31.178 Executing VM operation: G1CollectForAllocation done
Event: 31.428 Executing VM operation: G1CollectForAllocation
Event: 31.435 Executing VM operation: G1CollectForAllocation done
Event: 31.464 Executing VM operation: HandshakeAllThreads
Event: 31.465 Executing VM operation: HandshakeAllThreads done
Event: 31.573 Executing VM operation: HandshakeAllThreads
Event: 31.573 Executing VM operation: HandshakeAllThreads done
Event: 31.620 Executing VM operation: G1Concurrent
Event: 31.639 Executing VM operation: G1Concurrent done
Event: 31.726 Executing VM operation: G1Concurrent
Event: 31.749 Executing VM operation: G1Concurrent done
Event: 31.994 Executing VM operation: G1CollectForAllocation
Event: 32.001 Executing VM operation: G1CollectForAllocation done

Events (20 events):
Event: 31.258 loading class java/util/stream/Node$Builder$OfInt done
Event: 31.258 loading class java/util/stream/Nodes$IntArrayNode
Event: 31.259 loading class java/util/stream/Nodes$IntArrayNode done
Event: 31.259 loading class java/util/stream/Nodes$IntFixedNodeBuilder done
Event: 31.319 loading class java/util/concurrent/ConcurrentLinkedDeque
Event: 31.320 loading class java/util/concurrent/ConcurrentLinkedDeque done
Event: 31.320 loading class java/util/concurrent/ConcurrentLinkedDeque$Node
Event: 31.320 loading class java/util/concurrent/ConcurrentLinkedDeque$Node done
Event: 31.577 loading class org/w3c/dom/DOMImplementation
Event: 31.577 loading class org/w3c/dom/DOMImplementation done
Event: 31.578 loading class org/w3c/dom/ls/DOMImplementationLS
Event: 31.578 loading class org/w3c/dom/ls/DOMImplementationLS done
Event: 31.579 loading class org/w3c/dom/ls/LSSerializer
Event: 31.579 loading class org/w3c/dom/ls/LSSerializer done
Event: 31.579 loading class org/w3c/dom/ls/LSOutput
Event: 31.579 loading class org/w3c/dom/ls/LSOutput done
Event: 31.579 loading class org/w3c/dom/ls/LSParser
Event: 31.580 loading class org/w3c/dom/ls/LSParser done
Event: 31.580 loading class org/w3c/dom/ls/LSInput
Event: 31.580 loading class org/w3c/dom/ls/LSInput done


Dynamic libraries:
0x00007ff7fb0c0000 - 0x00007ff7fb0ca000 	C:\Program Files\Android\Android Studio\jbr\bin\java.exe
0x00007ffd299f0000 - 0x00007ffd29c06000 	C:\WINDOWS\SYSTEM32\ntdll.dll
0x00007ffd28ef0000 - 0x00007ffd28fb4000 	C:\WINDOWS\System32\KERNEL32.DLL
0x00007ffd26f70000 - 0x00007ffd27317000 	C:\WINDOWS\System32\KERNELBASE.dll
0x00007ffd274c0000 - 0x00007ffd275d1000 	C:\WINDOWS\System32\ucrtbase.dll
0x00007ffcbf420000 - 0x00007ffcbf437000 	C:\Program Files\Android\Android Studio\jbr\bin\jli.dll
0x00007ffd0e2b0000 - 0x00007ffd0e2cb000 	C:\Program Files\Android\Android Studio\jbr\bin\VCRUNTIME140.dll
0x00007ffd290c0000 - 0x00007ffd2926e000 	C:\WINDOWS\System32\USER32.dll
0x00007ffd26f40000 - 0x00007ffd26f66000 	C:\WINDOWS\System32\win32u.dll
0x00007ffd1aef0000 - 0x00007ffd1b183000 	C:\WINDOWS\WinSxS\amd64_microsoft.windows.common-controls_6595b64144ccf1df_6.0.22621.3235_none_270f74e173860f98\COMCTL32.dll
0x00007ffd29270000 - 0x00007ffd29299000 	C:\WINDOWS\System32\GDI32.dll
0x00007ffd27d00000 - 0x00007ffd27da7000 	C:\WINDOWS\System32\msvcrt.dll
0x00007ffd26d10000 - 0x00007ffd26e29000 	C:\WINDOWS\System32\gdi32full.dll
0x00007ffd26e30000 - 0x00007ffd26eca000 	C:\WINDOWS\System32\msvcp_win.dll
0x00007ffd27ca0000 - 0x00007ffd27cd1000 	C:\WINDOWS\System32\IMM32.DLL
0x00007ffd127d0000 - 0x00007ffd127dc000 	C:\Program Files\Android\Android Studio\jbr\bin\vcruntime140_1.dll
0x00007ffd02b40000 - 0x00007ffd02bcd000 	C:\Program Files\Android\Android Studio\jbr\bin\msvcp140.dll
0x00007ffcb5230000 - 0x00007ffcb5e9e000 	C:\Program Files\Android\Android Studio\jbr\bin\server\jvm.dll
0x00007ffd28440000 - 0x00007ffd284f2000 	C:\WINDOWS\System32\ADVAPI32.dll
0x00007ffd292a0000 - 0x00007ffd29348000 	C:\WINDOWS\System32\sechost.dll
0x00007ffd27320000 - 0x00007ffd27348000 	C:\WINDOWS\System32\bcrypt.dll
0x00007ffd280d0000 - 0x00007ffd281e5000 	C:\WINDOWS\System32\RPCRT4.dll
0x00007ffd0b700000 - 0x00007ffd0b709000 	C:\WINDOWS\SYSTEM32\WSOCK32.dll
0x00007ffd20530000 - 0x00007ffd20564000 	C:\WINDOWS\SYSTEM32\WINMM.dll
0x00007ffd1edf0000 - 0x00007ffd1edfa000 	C:\WINDOWS\SYSTEM32\VERSION.dll
0x00007ffd281f0000 - 0x00007ffd28261000 	C:\WINDOWS\System32\WS2_32.dll
0x00007ffd25d50000 - 0x00007ffd25d68000 	C:\WINDOWS\SYSTEM32\kernel.appcore.dll
0x00007ffd212c0000 - 0x00007ffd212ca000 	C:\Program Files\Android\Android Studio\jbr\bin\jimage.dll
0x00007ffd1d810000 - 0x00007ffd1da43000 	C:\WINDOWS\SYSTEM32\DBGHELP.DLL
0x00007ffd27910000 - 0x00007ffd27c98000 	C:\WINDOWS\System32\combase.dll
0x00007ffd28500000 - 0x00007ffd285d7000 	C:\WINDOWS\System32\OLEAUT32.dll
0x00007ffd13070000 - 0x00007ffd130a2000 	C:\WINDOWS\SYSTEM32\dbgcore.DLL
0x00007ffd276a0000 - 0x00007ffd27719000 	C:\WINDOWS\System32\bcryptPrimitives.dll
0x00007ffd20280000 - 0x00007ffd202a5000 	C:\Program Files\Android\Android Studio\jbr\bin\java.dll
0x00007ffd20220000 - 0x00007ffd20238000 	C:\Program Files\Android\Android Studio\jbr\bin\zip.dll
0x00007ffd28690000 - 0x00007ffd28eec000 	C:\WINDOWS\System32\SHELL32.dll
0x00007ffd24c70000 - 0x00007ffd25569000 	C:\WINDOWS\SYSTEM32\windows.storage.dll
0x00007ffd24b30000 - 0x00007ffd24c6e000 	C:\WINDOWS\SYSTEM32\wintypes.dll
0x00007ffd28fc0000 - 0x00007ffd290b3000 	C:\WINDOWS\System32\SHCORE.dll
0x00007ffd29950000 - 0x00007ffd299ae000 	C:\WINDOWS\System32\shlwapi.dll
0x00007ffd26c40000 - 0x00007ffd26c61000 	C:\WINDOWS\SYSTEM32\profapi.dll
0x00007ffd201c0000 - 0x00007ffd201d9000 	C:\Program Files\Android\Android Studio\jbr\bin\net.dll
0x00007ffd216c0000 - 0x00007ffd217f6000 	C:\WINDOWS\SYSTEM32\WINHTTP.dll
0x00007ffd261c0000 - 0x00007ffd26229000 	C:\WINDOWS\system32\mswsock.dll
0x00007ffd20200000 - 0x00007ffd20216000 	C:\Program Files\Android\Android Studio\jbr\bin\nio.dll
0x00007ffd21220000 - 0x00007ffd21230000 	C:\Program Files\Android\Android Studio\jbr\bin\verify.dll
0x00007ffca7670000 - 0x00007ffca7697000 	C:\Users\23480\.gradle\native\68d5fa5c4cc2d200863cafc0d521ce42e7d3e7ee720ec0a83991735586a16f82\windows-amd64\native-platform.dll
0x00007ffce55b0000 - 0x00007ffce56f4000 	C:\Users\23480\.gradle\native\e376f236ea51e6404a007f0833ffe2c6e607c4080706a723a18a27aeea778392\windows-amd64\native-platform-file-events.dll
0x00007ffd1ccc0000 - 0x00007ffd1ccc9000 	C:\Program Files\Android\Android Studio\jbr\bin\management.dll
0x00007ffcbf9d0000 - 0x00007ffcbf9db000 	C:\Program Files\Android\Android Studio\jbr\bin\management_ext.dll
0x00007ffd278f0000 - 0x00007ffd278f8000 	C:\WINDOWS\System32\PSAPI.DLL
0x00007ffd26420000 - 0x00007ffd2643b000 	C:\WINDOWS\SYSTEM32\CRYPTSP.dll
0x00007ffd25cb0000 - 0x00007ffd25ce5000 	C:\WINDOWS\system32\rsaenh.dll
0x00007ffd262c0000 - 0x00007ffd262e8000 	C:\WINDOWS\SYSTEM32\USERENV.dll
0x00007ffd26440000 - 0x00007ffd2644c000 	C:\WINDOWS\SYSTEM32\CRYPTBASE.dll
0x00007ffd257d0000 - 0x00007ffd257fd000 	C:\WINDOWS\SYSTEM32\IPHLPAPI.DLL
0x00007ffd27900000 - 0x00007ffd27909000 	C:\WINDOWS\System32\NSI.dll
0x00007ffd21320000 - 0x00007ffd21339000 	C:\WINDOWS\SYSTEM32\dhcpcsvc6.DLL
0x00007ffd212a0000 - 0x00007ffd212bf000 	C:\WINDOWS\SYSTEM32\dhcpcsvc.DLL
0x00007ffd25800000 - 0x00007ffd258f9000 	C:\WINDOWS\SYSTEM32\DNSAPI.dll
0x00007ffcb8600000 - 0x00007ffcb8608000 	C:\WINDOWS\system32\wshunix.dll
0x00007ffcf6cb0000 - 0x00007ffcf6cc7000 	C:\WINDOWS\system32\napinsp.dll
0x00007ffcf66b0000 - 0x00007ffcf66cb000 	C:\WINDOWS\system32\pnrpnsp.dll
0x00007ffcf5d80000 - 0x00007ffcf5d91000 	C:\WINDOWS\System32\winrnr.dll
0x00007ffcfbed0000 - 0x00007ffcfbee5000 	C:\WINDOWS\system32\wshbth.dll
0x00007ffcf5d50000 - 0x00007ffcf5d71000 	C:\WINDOWS\system32\nlansp_c.dll
0x00000000636a0000 - 0x00000000636c6000 	C:\Program Files\Bonjour\mdnsNSP.dll
0x00007ffd1ee00000 - 0x00007ffd1ee0a000 	C:\Windows\System32\rasadhlp.dll
0x00007ffd1ed60000 - 0x00007ffd1ede3000 	C:\WINDOWS\System32\fwpuclnt.dll

dbghelp: loaded successfully - version: 4.0.5 - missing functions: none
symbol engine: initialized successfully - sym options: 0x614 - pdb path: .;C:\Program Files\Android\Android Studio\jbr\bin;C:\WINDOWS\SYSTEM32;C:\WINDOWS\WinSxS\amd64_microsoft.windows.common-controls_6595b64144ccf1df_6.0.22621.3235_none_270f74e173860f98;C:\Program Files\Android\Android Studio\jbr\bin\server;C:\Users\23480\.gradle\native\68d5fa5c4cc2d200863cafc0d521ce42e7d3e7ee720ec0a83991735586a16f82\windows-amd64;C:\Users\23480\.gradle\native\e376f236ea51e6404a007f0833ffe2c6e607c4080706a723a18a27aeea778392\windows-amd64;C:\Program Files\Bonjour

VM Arguments:
jvm_args: --add-opens=java.base/java.util=ALL-UNNAMED --add-opens=java.base/java.lang=ALL-UNNAMED --add-opens=java.base/java.lang.invoke=ALL-UNNAMED --add-opens=java.prefs/java.util.prefs=ALL-UNNAMED --add-opens=java.base/java.nio.charset=ALL-UNNAMED --add-opens=java.base/java.net=ALL-UNNAMED --add-opens=java.base/java.util.concurrent.atomic=ALL-UNNAMED -Xmx2048m -Dfile.encoding=UTF-8 -Duser.country=US -Duser.language=en -Duser.variant 
java_command: org.gradle.launcher.daemon.bootstrap.GradleDaemon 8.0
java_class_path (initial): C:\Users\23480\.gradle\wrapper\dists\gradle-8.0-bin\ca5e32bp14vu59qr306oxotwh\gradle-8.0\lib\gradle-launcher-8.0.jar
Launcher Type: SUN_STANDARD

[Global flags]
     intx CICompilerCount                          = 4                                         {product} {ergonomic}
     uint ConcGCThreads                            = 2                                         {product} {ergonomic}
     uint G1ConcRefinementThreads                  = 8                                         {product} {ergonomic}
   size_t G1HeapRegionSize                         = 1048576                                   {product} {ergonomic}
    uintx GCDrainStackTargetSize                   = 64                                        {product} {ergonomic}
   size_t InitialHeapSize                          = 123731968                                 {product} {ergonomic}
   size_t MarkStackSize                            = 4194304                                   {product} {ergonomic}
   size_t MaxHeapSize                              = 2147483648                                {product} {command line}
   size_t MaxNewSize                               = 1287651328                                {product} {ergonomic}
   size_t MinHeapDeltaBytes                        = 1048576                                   {product} {ergonomic}
   size_t MinHeapSize                              = 8388608                                   {product} {ergonomic}
    uintx NonNMethodCodeHeapSize                   = 5839372                                {pd product} {ergonomic}
    uintx NonProfiledCodeHeapSize                  = 122909434                              {pd product} {ergonomic}
    uintx ProfiledCodeHeapSize                     = 122909434                              {pd product} {ergonomic}
    uintx ReservedCodeCacheSize                    = 251658240                              {pd product} {ergonomic}
     bool SegmentedCodeCache                       = true                                      {product} {ergonomic}
   size_t SoftMaxHeapSize                          = 2147483648                             {manageable} {ergonomic}
     bool UseCompressedClassPointers               = true                           {product lp64_product} {ergonomic}
     bool UseCompressedOops                        = true                           {product lp64_product} {ergonomic}
     bool UseG1GC                                  = true                                      {product} {ergonomic}
     bool UseLargePagesIndividualAllocation        = false                                  {pd product} {ergonomic}

Logging:
Log output configuration:
 #0: stdout all=warning uptime,level,tags
 #1: stderr all=off uptime,level,tags

Environment Variables:
PATH=C:\WINDOWS\system32;C:\WINDOWS;C:\WINDOWS\System32\Wbem;C:\WINDOWS\System32\WindowsPowerShell\v1.0\;C:\WINDOWS\System32\OpenSSH\;C:\Program Files\nodejs\;C:\Program Files\Git\cmd;C:\Program Files\HP\HP One Agent;C:\Users\23480\AppData\Local\Programs\Python\Python311\Scripts\;C:\Users\23480\AppData\Local\Programs\Python\Python311\;C:\Users\23480\AppData\Local\Microsoft\WindowsApps;C:\Users\23480\AppData\Local\atom\bin;C:\Users\23480\AppData\Local\Programs\Microsoft VS Code\bin;C:\Users\23480\AppData\Local\Microsoft\WindowsApps;;C:\Program Files\JetBrains\IntelliJ IDEA Community Edition 2023.2.1\bin;;C:\Users\23480\AppData\Roaming\npm
USERNAME=23480
OS=Windows_NT
PROCESSOR_IDENTIFIER=AMD64 Family 23 Model 104 Stepping 1, AuthenticAMD
TMP=C:\Users\23480\AppData\Local\Temp
TEMP=C:\Users\23480\AppData\Local\Temp


JNI global refs:
JNI global refs: 27, weak refs: 15

JNI global refs memory usage: 843, weak refs: 841


---------------  S Y S T E M  ---------------

OS:
 Windows 11 , 64 bit Build 22621 (10.0.22621.3374)
OS uptime: 0 days 15:59 hours

CPU: total 8 (initial active 8) (8 cores per cpu, 2 threads per core) family 23 model 104 stepping 1 microcode 0x0, cx8, cmov, fxsr, ht, mmx, 3dnowpref, sse, sse2, sse3, ssse3, sse4a, sse4.1, sse4.2, popcnt, lzcnt, tsc, tscinvbit, avx, avx2, aes, clmul, bmi1, bmi2, adx, sha, fma, vzeroupper, clflush, clflushopt

Memory: 4k page, system-wide physical 7502M (405M free)
TotalPageFile size 11571M (AvailPageFile size 5M)
current process WorkingSet (physical memory assigned to process): 469M, peak: 470M
current process commit charge ("private bytes"): 560M, peak: 562M

vm_info: OpenJDK 64-Bit Server VM (17.0.6+0-b2043.56-10027231) for windows-amd64 JRE (17.0.6+0-b2043.56-10027231), built on Apr 28 2023 00:43:19 by "androidbuild" with MS VC++ 16.10 / 16.11 (VS2019)

END.
