#
# There is insufficient memory for the Java Runtime Environment to continue.
# Native memory allocation (mmap) failed to map 169869312 bytes for G1 virtual space
# Possible reasons:
#   The system is out of physical RAM or swap space
#   The process is running with CompressedOops enabled, and the Java Heap may be blocking the growth of the native heap
# Possible solutions:
#   Reduce memory load on the system
#   Increase physical memory or swap space
#   Check if swap backing store is full
#   Decrease Java heap size (-Xmx/-Xms)
#   Decrease number of Java threads
#   Decrease Java thread stack sizes (-Xss)
#   Set larger code cache with -XX:ReservedCodeCacheSize=
#   JVM is running with Unscaled Compressed Oops mode in which the Java heap is
#     placed in the first 4GB address space. The Java Heap base address is the
#     maximum limit for the native heap growth. Please use -XX:HeapBaseMinAddress
#     to set the Java Heap base and to place the Java Heap above 4GB virtual address.
# This output file may be truncated or incomplete.
#
#  Out of Memory Error (os_windows.cpp:3769), pid=19996, tid=18104
#
# JRE version: OpenJDK Runtime Environment (17.0.6) (build 17.0.6+0-b2043.56-10027231)
# Java VM: OpenJDK 64-Bit Server VM (17.0.6+0-b2043.56-10027231, mixed mode, tiered, compressed oops, compressed class ptrs, g1 gc, windows-amd64)
# No core dump will be written. Minidumps are not enabled by default on client versions of Windows
#

---------------  S U M M A R Y ------------

Command Line: --add-opens=java.base/java.util=ALL-UNNAMED --add-opens=java.base/java.lang=ALL-UNNAMED --add-opens=java.base/java.lang.invoke=ALL-UNNAMED --add-opens=java.prefs/java.util.prefs=ALL-UNNAMED --add-opens=java.base/java.nio.charset=ALL-UNNAMED --add-opens=java.base/java.net=ALL-UNNAMED --add-opens=java.base/java.util.concurrent.atomic=ALL-UNNAMED -Xmx2048m -Dfile.encoding=UTF-8 -Duser.country=US -Duser.language=en -Duser.variant org.gradle.launcher.daemon.bootstrap.GradleDaemon 8.0

Host: AMD Ryzen 3 5300U with Radeon Graphics         , 8 cores, 7G,  Windows 11 , 64 bit Build 22621 (10.0.22621.3374)
Time: Mon May  6 10:31:39 2024 W. Central Africa Standard Time elapsed time: 20.992186 seconds (0d 0h 0m 20s)

---------------  T H R E A D  ---------------

Current thread (0x00000279f0ee3970):  VMThread "VM Thread" [stack: 0x000000977dc00000,0x000000977dd00000] [id=18104]

Stack: [0x000000977dc00000,0x000000977dd00000]
Native frames: (J=compiled Java code, j=interpreted, Vv=VM code, C=native code)
V  [jvm.dll+0x683c9a]
V  [jvm.dll+0x8427a4]
V  [jvm.dll+0x843f9e]
V  [jvm.dll+0x844603]
V  [jvm.dll+0x249b75]
V  [jvm.dll+0x680b69]
V  [jvm.dll+0x67505a]
V  [jvm.dll+0x309acb]
V  [jvm.dll+0x310f86]
V  [jvm.dll+0x3608ee]
V  [jvm.dll+0x360b1f]
V  [jvm.dll+0x2dfbf8]
V  [jvm.dll+0x2ddec4]
V  [jvm.dll+0x2dd4cc]
V  [jvm.dll+0x321f3b]
V  [jvm.dll+0x848ccb]
V  [jvm.dll+0x849a04]
V  [jvm.dll+0x849f1d]
V  [jvm.dll+0x84a2f4]
V  [jvm.dll+0x84a3c0]
V  [jvm.dll+0x7f274a]
V  [jvm.dll+0x682ad5]
C  [ucrtbase.dll+0x29333]
C  [KERNEL32.DLL+0x1257d]
C  [ntdll.dll+0x5aa48]

VM_Operation (0x000000977fefdf50): G1CollectForAllocation, mode: safepoint, requested by thread 0x00000279f4910bb0


---------------  P R O C E S S  ---------------

Threads class SMR info:
_java_thread_list=0x00000279f7cfffa0, length=137, elements={
0x00000279d709d780, 0x00000279f0f04260, 0x00000279f0f04ed0, 0x00000279f181c010,
0x00000279f181d9e0, 0x00000279f181e390, 0x00000279f181ed40, 0x00000279f1820030,
0x00000279f1825f40, 0x00000279f1831870, 0x00000279f19c5010, 0x00000279f19ca1a0,
0x00000279f45cd5b0, 0x00000279f331b790, 0x00000279f3163020, 0x00000279f2a25f20,
0x00000279f2a263f0, 0x00000279f4911a20, 0x00000279f490fd40, 0x00000279f490e060,
0x00000279f490f3a0, 0x00000279f490f870, 0x00000279f490e530, 0x00000279f4910210,
0x00000279f4910bb0, 0x00000279f490eed0, 0x00000279f490ea00, 0x00000279f4911080,
0x00000279f49106e0, 0x00000279f4911550, 0x00000279f57b5e30, 0x00000279f57b2e10,
0x00000279f57b7fe0, 0x00000279f57b37b0, 0x00000279f57b7b10, 0x00000279f57b2940,
0x00000279f57b5490, 0x00000279f57b84b0, 0x00000279f57b1130, 0x00000279f57b7170,
0x00000279f57b4150, 0x00000279f57b5960, 0x00000279f57b6300, 0x00000279f57b4af0,
0x00000279f57b2470, 0x00000279f57b32e0, 0x00000279f57b4fc0, 0x00000279f57b67d0,
0x00000279f57b7640, 0x00000279f57b1600, 0x00000279f57b0c60, 0x00000279f73b4d40,
0x00000279f73b6ef0, 0x00000279f73b5bb0, 0x00000279f73b73c0, 0x00000279f73ba3e0,
0x00000279f73b3ed0, 0x00000279f73b90a0, 0x00000279f73b9a40, 0x00000279f73b5210,
0x00000279f73b7890, 0x00000279f73ba8b0, 0x00000279f73b6080, 0x00000279f73b4870,
0x00000279f73b6550, 0x00000279f73b6a20, 0x00000279f73bad80, 0x00000279f73b7d60,
0x00000279f73b8230, 0x00000279f73b8700, 0x00000279f73b56e0, 0x00000279f73b43a0,
0x00000279f73b3530, 0x00000279f73b8bd0, 0x00000279f73b9570, 0x00000279f73b9f10,
0x00000279f73b3a00, 0x00000279f79a50e0, 0x00000279f79a38d0, 0x00000279f79a2a60,
0x00000279f799ff10, 0x00000279f79a1250, 0x00000279f799f0a0, 0x00000279f79a4740,
0x00000279f79a4c10, 0x00000279f79a4270, 0x00000279f79a68f0, 0x00000279f79a55b0,
0x00000279f79a5a80, 0x00000279f79a20c0, 0x00000279f799f570, 0x00000279f79a03e0,
0x00000279f79a2f30, 0x00000279f79a1720, 0x00000279f79a6420, 0x00000279f79a3400,
0x00000279f799fa40, 0x00000279f79a5f50, 0x00000279f79a08b0, 0x00000279f79a0d80,
0x00000279f79a1bf0, 0x00000279f79a2590, 0x00000279f79a3da0, 0x00000279f759e550,
0x00000279f759e080, 0x00000279f75a3bf0, 0x00000279f759ea20, 0x00000279f75a0230,
0x00000279f75a58d0, 0x00000279f75a40c0, 0x00000279f75a4a60, 0x00000279f75a4590,
0x00000279f759eef0, 0x00000279f75a0700, 0x00000279f75a4f30, 0x00000279f75a5400,
0x00000279f75a1570, 0x00000279f759fd60, 0x00000279f759f3c0, 0x00000279f75a0bd0,
0x00000279f759f890, 0x00000279f75a10a0, 0x00000279f75a1a40, 0x00000279f75a1f10,
0x00000279f75a23e0, 0x00000279f75a28b0, 0x00000279f4b85d40, 0x00000279f4b85870,
0x00000279f4b86210, 0x00000279f4b88890, 0x00000279f4b8b3e0, 0x00000279f4b866e0,
0x00000279f4b87550, 0x00000279f4b89230, 0x00000279f4b86bb0, 0x00000279f4b87a20,
0x00000279f4b8af10
}

Java Threads: ( => current thread )
  0x00000279d709d780 JavaThread "main" [_thread_blocked, id=19916, stack(0x000000977d600000,0x000000977d700000)]
  0x00000279f0f04260 JavaThread "Reference Handler" daemon [_thread_blocked, id=13508, stack(0x000000977dd00000,0x000000977de00000)]
  0x00000279f0f04ed0 JavaThread "Finalizer" daemon [_thread_blocked, id=5388, stack(0x000000977de00000,0x000000977df00000)]
  0x00000279f181c010 JavaThread "Signal Dispatcher" daemon [_thread_blocked, id=17844, stack(0x000000977df00000,0x000000977e000000)]
  0x00000279f181d9e0 JavaThread "Attach Listener" daemon [_thread_blocked, id=16232, stack(0x000000977e000000,0x000000977e100000)]
  0x00000279f181e390 JavaThread "Service Thread" daemon [_thread_blocked, id=17016, stack(0x000000977e100000,0x000000977e200000)]
  0x00000279f181ed40 JavaThread "Monitor Deflation Thread" daemon [_thread_blocked, id=20328, stack(0x000000977e200000,0x000000977e300000)]
  0x00000279f1820030 JavaThread "C2 CompilerThread0" daemon [_thread_blocked, id=16228, stack(0x000000977e300000,0x000000977e400000)]
  0x00000279f1825f40 JavaThread "C1 CompilerThread0" daemon [_thread_blocked, id=12404, stack(0x000000977e400000,0x000000977e500000)]
  0x00000279f1831870 JavaThread "Sweeper thread" daemon [_thread_blocked, id=6620, stack(0x000000977e500000,0x000000977e600000)]
  0x00000279f19c5010 JavaThread "Common-Cleaner" daemon [_thread_blocked, id=9092, stack(0x000000977e600000,0x000000977e700000)]
  0x00000279f19ca1a0 JavaThread "Notification Thread" daemon [_thread_blocked, id=16484, stack(0x000000977e700000,0x000000977e800000)]
  0x00000279f45cd5b0 JavaThread "Daemon health stats" [_thread_blocked, id=18688, stack(0x000000977ee00000,0x000000977ef00000)]
  0x00000279f331b790 JavaThread "Incoming local TCP Connector on port 50574" [_thread_in_native, id=12136, stack(0x000000977ef00000,0x000000977f000000)]
  0x00000279f3163020 JavaThread "Daemon periodic checks" [_thread_blocked, id=3672, stack(0x000000977f000000,0x000000977f100000)]
  0x00000279f2a25f20 JavaThread "Daemon" [_thread_blocked, id=18700, stack(0x000000977f100000,0x000000977f200000)]
  0x00000279f2a263f0 JavaThread "Handler for socket connection from /127.0.0.1:50574 to /127.0.0.1:50575" [_thread_in_native, id=19244, stack(0x000000977f200000,0x000000977f300000)]
  0x00000279f4911a20 JavaThread "Cancel handler" [_thread_blocked, id=6972, stack(0x000000977f300000,0x000000977f400000)]
  0x00000279f490fd40 JavaThread "Daemon worker" [_thread_blocked, id=12556, stack(0x000000977f400000,0x000000977f500000)]
  0x00000279f490e060 JavaThread "Asynchronous log dispatcher for DefaultDaemonConnection: socket connection from /127.0.0.1:50574 to /127.0.0.1:50575" [_thread_blocked, id=10320, stack(0x000000977f500000,0x000000977f600000)]
  0x00000279f490f3a0 JavaThread "Stdin handler" [_thread_blocked, id=10572, stack(0x000000977f600000,0x000000977f700000)]
  0x00000279f490f870 JavaThread "Daemon client event forwarder" [_thread_blocked, id=19900, stack(0x000000977f700000,0x000000977f800000)]
  0x00000279f490e530 JavaThread "Cache worker for journal cache (C:\Users\23480\.gradle\caches\journal-1)" [_thread_blocked, id=9816, stack(0x000000977fc00000,0x000000977fd00000)]
  0x00000279f4910210 JavaThread "File lock request listener" [_thread_in_native, id=2856, stack(0x000000977fd00000,0x000000977fe00000)]
  0x00000279f4910bb0 JavaThread "Cache worker for file hash cache (C:\Users\23480\.gradle\caches\8.0\fileHashes)" [_thread_blocked, id=19424, stack(0x000000977fe00000,0x000000977ff00000)]
  0x00000279f490eed0 JavaThread "File watcher server" daemon [_thread_blocked, id=5956, stack(0x000000977ff00000,0x0000009780000000)]
  0x00000279f490ea00 JavaThread "File watcher consumer" daemon [_thread_blocked, id=2984, stack(0x0000009700000000,0x0000009700100000)]
  0x00000279f4911080 JavaThread "Cache worker for checksums cache (C:\Users\23480\Documents\androidproject\TodoApp\.gradle\8.0\checksums)" [_thread_blocked, id=16912, stack(0x0000009700100000,0x0000009700200000)]
  0x00000279f49106e0 JavaThread "Cache worker for cache directory md-rule (C:\Users\23480\.gradle\caches\8.0\md-rule)" [_thread_blocked, id=10268, stack(0x0000009700200000,0x0000009700300000)]
  0x00000279f4911550 JavaThread "Cache worker for file content cache (C:\Users\23480\.gradle\caches\8.0\fileContent)" [_thread_blocked, id=20152, stack(0x0000009700300000,0x0000009700400000)]
  0x00000279f57b5e30 JavaThread "Cache worker for file hash cache (C:\Users\23480\Documents\androidproject\TodoApp\.gradle\8.0\fileHashes)" [_thread_blocked, id=7056, stack(0x0000009700400000,0x0000009700500000)]
  0x00000279f57b2e10 JavaThread "Cache worker for cache directory md-supplier (C:\Users\23480\.gradle\caches\8.0\md-supplier)" [_thread_blocked, id=15976, stack(0x0000009700500000,0x0000009700600000)]
  0x00000279f57b7fe0 JavaThread "Cache worker for execution history cache (C:\Users\23480\.gradle\caches\8.0\executionHistory)" [_thread_blocked, id=4268, stack(0x0000009700600000,0x0000009700700000)]
  0x00000279f57b37b0 JavaThread "jar transforms" [_thread_blocked, id=11200, stack(0x0000009700700000,0x0000009700800000)]
  0x00000279f57b7b10 JavaThread "jar transforms Thread 2" [_thread_blocked, id=4432, stack(0x0000009700800000,0x0000009700900000)]
  0x00000279f57b2940 JavaThread "Cache worker for kotlin-dsl (C:\Users\23480\.gradle\caches\8.0\kotlin-dsl)" [_thread_blocked, id=6256, stack(0x0000009700900000,0x0000009700a00000)]
  0x00000279f57b5490 JavaThread "jar transforms Thread 3" [_thread_blocked, id=1224, stack(0x0000009700a00000,0x0000009700b00000)]
  0x00000279f57b84b0 JavaThread "jar transforms Thread 4" [_thread_blocked, id=1484, stack(0x0000009700b00000,0x0000009700c00000)]
  0x00000279f57b1130 JavaThread "Cache worker for dependencies-accessors (C:\Users\23480\Documents\androidproject\TodoApp\.gradle\8.0\dependencies-accessors)" [_thread_blocked, id=3364, stack(0x0000009700c00000,0x0000009700d00000)]
  0x00000279f57b7170 JavaThread "Cache worker for Build Output Cleanup Cache (C:\Users\23480\Documents\androidproject\TodoApp\.gradle\buildOutputCleanup)" [_thread_blocked, id=17592, stack(0x0000009700d00000,0x0000009700e00000)]
  0x00000279f57b4150 JavaThread "jar transforms Thread 5" [_thread_blocked, id=5392, stack(0x0000009700e00000,0x0000009700f00000)]
  0x00000279f57b5960 JavaThread "Unconstrained build operations" [_thread_blocked, id=17292, stack(0x0000009700f00000,0x0000009701000000)]
  0x00000279f57b6300 JavaThread "Unconstrained build operations Thread 2" [_thread_blocked, id=9124, stack(0x0000009701000000,0x0000009701100000)]
  0x00000279f57b4af0 JavaThread "Unconstrained build operations Thread 3" [_thread_blocked, id=13556, stack(0x0000009701100000,0x0000009701200000)]
  0x00000279f57b2470 JavaThread "Unconstrained build operations Thread 4" [_thread_blocked, id=7444, stack(0x0000009701200000,0x0000009701300000)]
  0x00000279f57b32e0 JavaThread "Unconstrained build operations Thread 5" [_thread_blocked, id=2724, stack(0x0000009701300000,0x0000009701400000)]
  0x00000279f57b4fc0 JavaThread "Unconstrained build operations Thread 6" [_thread_blocked, id=7176, stack(0x0000009701400000,0x0000009701500000)]
  0x00000279f57b67d0 JavaThread "Unconstrained build operations Thread 7" [_thread_blocked, id=19140, stack(0x0000009701500000,0x0000009701600000)]
  0x00000279f57b7640 JavaThread "Unconstrained build operations Thread 8" [_thread_blocked, id=16444, stack(0x0000009701600000,0x0000009701700000)]
  0x00000279f57b1600 JavaThread "Unconstrained build operations Thread 9" [_thread_blocked, id=18080, stack(0x0000009701700000,0x0000009701800000)]
  0x00000279f57b0c60 JavaThread "Unconstrained build operations Thread 10" [_thread_blocked, id=19112, stack(0x0000009701800000,0x0000009701900000)]
  0x00000279f73b4d40 JavaThread "Unconstrained build operations Thread 11" [_thread_blocked, id=4464, stack(0x0000009701900000,0x0000009701a00000)]
  0x00000279f73b6ef0 JavaThread "Unconstrained build operations Thread 12" [_thread_blocked, id=4116, stack(0x0000009701a00000,0x0000009701b00000)]
  0x00000279f73b5bb0 JavaThread "Unconstrained build operations Thread 13" [_thread_blocked, id=4736, stack(0x0000009701b00000,0x0000009701c00000)]
  0x00000279f73b73c0 JavaThread "Unconstrained build operations Thread 14" [_thread_blocked, id=4104, stack(0x0000009701c00000,0x0000009701d00000)]
  0x00000279f73ba3e0 JavaThread "Unconstrained build operations Thread 15" [_thread_blocked, id=17420, stack(0x0000009701d00000,0x0000009701e00000)]
  0x00000279f73b3ed0 JavaThread "Unconstrained build operations Thread 16" [_thread_blocked, id=20344, stack(0x0000009701e00000,0x0000009701f00000)]
  0x00000279f73b90a0 JavaThread "Unconstrained build operations Thread 17" [_thread_blocked, id=18492, stack(0x0000009701f00000,0x0000009702000000)]
  0x00000279f73b9a40 JavaThread "Unconstrained build operations Thread 18" [_thread_blocked, id=3968, stack(0x0000009702000000,0x0000009702100000)]
  0x00000279f73b5210 JavaThread "Unconstrained build operations Thread 19" [_thread_blocked, id=14804, stack(0x0000009702100000,0x0000009702200000)]
  0x00000279f73b7890 JavaThread "Unconstrained build operations Thread 20" [_thread_blocked, id=10920, stack(0x0000009702200000,0x0000009702300000)]
  0x00000279f73ba8b0 JavaThread "Unconstrained build operations Thread 21" [_thread_blocked, id=4184, stack(0x0000009702300000,0x0000009702400000)]
  0x00000279f73b6080 JavaThread "Unconstrained build operations Thread 22" [_thread_blocked, id=18368, stack(0x0000009702400000,0x0000009702500000)]
  0x00000279f73b4870 JavaThread "Unconstrained build operations Thread 23" [_thread_blocked, id=16600, stack(0x0000009702500000,0x0000009702600000)]
  0x00000279f73b6550 JavaThread "Unconstrained build operations Thread 24" [_thread_blocked, id=7332, stack(0x0000009702600000,0x0000009702700000)]
  0x00000279f73b6a20 JavaThread "Unconstrained build operations Thread 25" [_thread_blocked, id=8004, stack(0x0000009702700000,0x0000009702800000)]
  0x00000279f73bad80 JavaThread "Unconstrained build operations Thread 26" [_thread_blocked, id=17164, stack(0x0000009702800000,0x0000009702900000)]
  0x00000279f73b7d60 JavaThread "Unconstrained build operations Thread 27" [_thread_blocked, id=14128, stack(0x0000009702900000,0x0000009702a00000)]
  0x00000279f73b8230 JavaThread "Unconstrained build operations Thread 28" [_thread_blocked, id=15344, stack(0x0000009702a00000,0x0000009702b00000)]
  0x00000279f73b8700 JavaThread "Unconstrained build operations Thread 29" [_thread_blocked, id=14152, stack(0x0000009702b00000,0x0000009702c00000)]
  0x00000279f73b56e0 JavaThread "Unconstrained build operations Thread 30" [_thread_blocked, id=20124, stack(0x0000009702c00000,0x0000009702d00000)]
  0x00000279f73b43a0 JavaThread "Unconstrained build operations Thread 31" [_thread_blocked, id=268, stack(0x0000009702d00000,0x0000009702e00000)]
  0x00000279f73b3530 JavaThread "Unconstrained build operations Thread 32" [_thread_blocked, id=1648, stack(0x0000009702e00000,0x0000009702f00000)]
  0x00000279f73b8bd0 JavaThread "Unconstrained build operations Thread 33" [_thread_blocked, id=3936, stack(0x0000009702f00000,0x0000009703000000)]
  0x00000279f73b9570 JavaThread "Unconstrained build operations Thread 34" [_thread_blocked, id=5644, stack(0x0000009703000000,0x0000009703100000)]
  0x00000279f73b9f10 JavaThread "Unconstrained build operations Thread 35" [_thread_blocked, id=10360, stack(0x0000009703100000,0x0000009703200000)]
  0x00000279f73b3a00 JavaThread "Unconstrained build operations Thread 36" [_thread_blocked, id=7288, stack(0x0000009703200000,0x0000009703300000)]
  0x00000279f79a50e0 JavaThread "Unconstrained build operations Thread 37" [_thread_blocked, id=20108, stack(0x0000009703300000,0x0000009703400000)]
  0x00000279f79a38d0 JavaThread "Unconstrained build operations Thread 38" [_thread_blocked, id=12160, stack(0x0000009703400000,0x0000009703500000)]
  0x00000279f79a2a60 JavaThread "Unconstrained build operations Thread 39" [_thread_blocked, id=5512, stack(0x0000009703500000,0x0000009703600000)]
  0x00000279f799ff10 JavaThread "Unconstrained build operations Thread 40" [_thread_blocked, id=6848, stack(0x0000009703600000,0x0000009703700000)]
  0x00000279f79a1250 JavaThread "Unconstrained build operations Thread 41" [_thread_blocked, id=17404, stack(0x0000009703700000,0x0000009703800000)]
  0x00000279f799f0a0 JavaThread "Unconstrained build operations Thread 42" [_thread_blocked, id=6552, stack(0x0000009703800000,0x0000009703900000)]
  0x00000279f79a4740 JavaThread "Unconstrained build operations Thread 43" [_thread_blocked, id=18924, stack(0x0000009703900000,0x0000009703a00000)]
  0x00000279f79a4c10 JavaThread "Unconstrained build operations Thread 44" [_thread_blocked, id=17540, stack(0x0000009703a00000,0x0000009703b00000)]
  0x00000279f79a4270 JavaThread "Unconstrained build operations Thread 45" [_thread_blocked, id=18808, stack(0x0000009703b00000,0x0000009703c00000)]
  0x00000279f79a68f0 JavaThread "Unconstrained build operations Thread 46" [_thread_blocked, id=4256, stack(0x0000009703c00000,0x0000009703d00000)]
  0x00000279f79a55b0 JavaThread "Unconstrained build operations Thread 47" [_thread_blocked, id=3740, stack(0x0000009703d00000,0x0000009703e00000)]
  0x00000279f79a5a80 JavaThread "Unconstrained build operations Thread 48" [_thread_blocked, id=9072, stack(0x0000009703e00000,0x0000009703f00000)]
  0x00000279f79a20c0 JavaThread "Unconstrained build operations Thread 49" [_thread_blocked, id=11112, stack(0x0000009703f00000,0x0000009704000000)]
  0x00000279f799f570 JavaThread "Unconstrained build operations Thread 50" [_thread_blocked, id=12752, stack(0x0000009704000000,0x0000009704100000)]
  0x00000279f79a03e0 JavaThread "Unconstrained build operations Thread 51" [_thread_blocked, id=4220, stack(0x0000009704100000,0x0000009704200000)]
  0x00000279f79a2f30 JavaThread "Unconstrained build operations Thread 52" [_thread_blocked, id=2252, stack(0x0000009704200000,0x0000009704300000)]
  0x00000279f79a1720 JavaThread "Unconstrained build operations Thread 53" [_thread_blocked, id=9036, stack(0x0000009704300000,0x0000009704400000)]
  0x00000279f79a6420 JavaThread "Unconstrained build operations Thread 54" [_thread_blocked, id=9128, stack(0x0000009704400000,0x0000009704500000)]
  0x00000279f79a3400 JavaThread "Unconstrained build operations Thread 55" [_thread_blocked, id=17068, stack(0x0000009704500000,0x0000009704600000)]
  0x00000279f799fa40 JavaThread "Unconstrained build operations Thread 56" [_thread_blocked, id=19868, stack(0x0000009704600000,0x0000009704700000)]
  0x00000279f79a5f50 JavaThread "Unconstrained build operations Thread 57" [_thread_blocked, id=12380, stack(0x0000009704700000,0x0000009704800000)]
  0x00000279f79a08b0 JavaThread "Unconstrained build operations Thread 58" [_thread_blocked, id=4980, stack(0x0000009704800000,0x0000009704900000)]
  0x00000279f79a0d80 JavaThread "Unconstrained build operations Thread 59" [_thread_blocked, id=3504, stack(0x0000009704900000,0x0000009704a00000)]
  0x00000279f79a1bf0 JavaThread "Unconstrained build operations Thread 60" [_thread_blocked, id=1500, stack(0x0000009704a00000,0x0000009704b00000)]
  0x00000279f79a2590 JavaThread "Unconstrained build operations Thread 61" [_thread_blocked, id=20456, stack(0x0000009704b00000,0x0000009704c00000)]
  0x00000279f79a3da0 JavaThread "Unconstrained build operations Thread 62" [_thread_blocked, id=10048, stack(0x0000009704c00000,0x0000009704d00000)]
  0x00000279f759e550 JavaThread "Unconstrained build operations Thread 63" [_thread_blocked, id=16400, stack(0x0000009704d00000,0x0000009704e00000)]
  0x00000279f759e080 JavaThread "Unconstrained build operations Thread 64" [_thread_blocked, id=7296, stack(0x0000009704e00000,0x0000009704f00000)]
  0x00000279f75a3bf0 JavaThread "Unconstrained build operations Thread 65" [_thread_blocked, id=9080, stack(0x0000009704f00000,0x0000009705000000)]
  0x00000279f759ea20 JavaThread "Unconstrained build operations Thread 66" [_thread_blocked, id=2536, stack(0x0000009705000000,0x0000009705100000)]
  0x00000279f75a0230 JavaThread "Unconstrained build operations Thread 67" [_thread_blocked, id=14868, stack(0x0000009705100000,0x0000009705200000)]
  0x00000279f75a58d0 JavaThread "Unconstrained build operations Thread 68" [_thread_blocked, id=19048, stack(0x0000009705200000,0x0000009705300000)]
  0x00000279f75a40c0 JavaThread "Unconstrained build operations Thread 69" [_thread_blocked, id=20148, stack(0x0000009705300000,0x0000009705400000)]
  0x00000279f75a4a60 JavaThread "Unconstrained build operations Thread 70" [_thread_blocked, id=8264, stack(0x0000009705400000,0x0000009705500000)]
  0x00000279f75a4590 JavaThread "Unconstrained build operations Thread 71" [_thread_blocked, id=15996, stack(0x0000009705500000,0x0000009705600000)]
  0x00000279f759eef0 JavaThread "Unconstrained build operations Thread 72" [_thread_blocked, id=16420, stack(0x0000009705600000,0x0000009705700000)]
  0x00000279f75a0700 JavaThread "Unconstrained build operations Thread 73" [_thread_blocked, id=16432, stack(0x0000009705700000,0x0000009705800000)]
  0x00000279f75a4f30 JavaThread "Unconstrained build operations Thread 74" [_thread_blocked, id=16372, stack(0x0000009705800000,0x0000009705900000)]
  0x00000279f75a5400 JavaThread "Unconstrained build operations Thread 75" [_thread_blocked, id=8724, stack(0x0000009705900000,0x0000009705a00000)]
  0x00000279f75a1570 JavaThread "Unconstrained build operations Thread 76" [_thread_blocked, id=4504, stack(0x0000009705a00000,0x0000009705b00000)]
  0x00000279f759fd60 JavaThread "Unconstrained build operations Thread 77" [_thread_blocked, id=13856, stack(0x0000009705b00000,0x0000009705c00000)]
  0x00000279f759f3c0 JavaThread "Unconstrained build operations Thread 78" [_thread_blocked, id=1692, stack(0x0000009705c00000,0x0000009705d00000)]
  0x00000279f75a0bd0 JavaThread "Unconstrained build operations Thread 79" [_thread_blocked, id=15284, stack(0x0000009705d00000,0x0000009705e00000)]
  0x00000279f759f890 JavaThread "Unconstrained build operations Thread 80" [_thread_blocked, id=1340, stack(0x0000009705e00000,0x0000009705f00000)]
  0x00000279f75a10a0 JavaThread "jar transforms Thread 6" [_thread_blocked, id=17316, stack(0x0000009705f00000,0x0000009706000000)]
  0x00000279f75a1a40 JavaThread "jar transforms Thread 7" [_thread_blocked, id=17320, stack(0x0000009706000000,0x0000009706100000)]
  0x00000279f75a1f10 JavaThread "jar transforms Thread 8" [_thread_blocked, id=14604, stack(0x0000009706100000,0x0000009706200000)]
  0x00000279f75a23e0 JavaThread "build event listener" [_thread_blocked, id=10444, stack(0x0000009706300000,0x0000009706400000)]
  0x00000279f75a28b0 JavaThread "Memory manager" [_thread_blocked, id=14956, stack(0x0000009706400000,0x0000009706500000)]
  0x00000279f4b85d40 JavaThread "pool-3-thread-1" [_thread_blocked, id=20436, stack(0x0000009706500000,0x0000009706600000)]
  0x00000279f4b85870 JavaThread "build event listener" [_thread_blocked, id=5020, stack(0x0000009706600000,0x0000009706700000)]
  0x00000279f4b86210 JavaThread "included builds" [_thread_blocked, id=8600, stack(0x0000009706700000,0x0000009706800000)]
  0x00000279f4b88890 JavaThread "Execution worker" [_thread_blocked, id=6884, stack(0x0000009706800000,0x0000009706900000)]
  0x00000279f4b8b3e0 JavaThread "Execution worker Thread 2" [_thread_blocked, id=11580, stack(0x0000009706900000,0x0000009706a00000)]
  0x00000279f4b866e0 JavaThread "Execution worker Thread 3" [_thread_blocked, id=18920, stack(0x0000009706a00000,0x0000009706b00000)]
  0x00000279f4b87550 JavaThread "Execution worker Thread 4" [_thread_blocked, id=20404, stack(0x0000009706b00000,0x0000009706c00000)]
  0x00000279f4b89230 JavaThread "Execution worker Thread 5" [_thread_blocked, id=18504, stack(0x0000009706c00000,0x0000009706d00000)]
  0x00000279f4b86bb0 JavaThread "Execution worker Thread 6" [_thread_blocked, id=15688, stack(0x0000009706d00000,0x0000009706e00000)]
  0x00000279f4b87a20 JavaThread "Execution worker Thread 7" [_thread_blocked, id=18872, stack(0x0000009706e00000,0x0000009706f00000)]
  0x00000279f4b8af10 JavaThread "Cache worker for execution history cache (C:\Users\23480\Documents\androidproject\TodoApp\.gradle\8.0\executionHistory)" [_thread_blocked, id=1468, stack(0x0000009706f00000,0x0000009707000000)]

Other Threads:
=>0x00000279f0ee3970 VMThread "VM Thread" [stack: 0x000000977dc00000,0x000000977dd00000] [id=18104]
  0x00000279d711d2e0 WatcherThread [stack: 0x000000977e800000,0x000000977e900000] [id=17692]
  0x00000279d70fc730 GCTaskThread "GC Thread#0" [stack: 0x000000977d700000,0x000000977d800000] [id=19236]
  0x00000279f229b2c0 GCTaskThread "GC Thread#1" [stack: 0x000000977ea00000,0x000000977eb00000] [id=6296]
  0x00000279f2575a30 GCTaskThread "GC Thread#2" [stack: 0x000000977eb00000,0x000000977ec00000] [id=5572]
  0x00000279f2695860 GCTaskThread "GC Thread#3" [stack: 0x000000977ec00000,0x000000977ed00000] [id=9604]
  0x00000279f2b20800 GCTaskThread "GC Thread#4" [stack: 0x000000977e900000,0x000000977ea00000] [id=18740]
  0x00000279f2c4ce10 GCTaskThread "GC Thread#5" [stack: 0x000000977f800000,0x000000977f900000] [id=5012]
  0x00000279f4eda310 GCTaskThread "GC Thread#6" [stack: 0x000000977f900000,0x000000977fa00000] [id=20140]
  0x00000279f319f740 GCTaskThread "GC Thread#7" [stack: 0x000000977fa00000,0x000000977fb00000] [id=3204]
  0x00000279d710d570 ConcurrentGCThread "G1 Main Marker" [stack: 0x000000977d800000,0x000000977d900000] [id=2980]
  0x00000279d710e620 ConcurrentGCThread "G1 Conc#0" [stack: 0x000000977d900000,0x000000977da00000] [id=12420]
  0x00000279f3137440 ConcurrentGCThread "G1 Conc#1" [stack: 0x000000977fb00000,0x000000977fc00000] [id=3308]
  0x00000279d715e790 ConcurrentGCThread "G1 Refine#0" [stack: 0x000000977da00000,0x000000977db00000] [id=15792]
  0x00000279f742b360 ConcurrentGCThread "G1 Refine#1" [stack: 0x0000009706200000,0x0000009706300000] [id=18408]
  0x00000279f0d36230 ConcurrentGCThread "G1 Service" [stack: 0x000000977db00000,0x000000977dc00000] [id=1864]

Threads with active compile tasks:
C2 CompilerThread0    21049 10328       4       com.google.common.collect.NaturalOrdering::compare (13 bytes)
C1 CompilerThread0    21049 10548       2       org.gradle.internal.snapshot.impl.DirectorySnapshotterStatistics$CollectingFileVisitor::postVisitDirectory (7 bytes)

VM state: at safepoint (normal execution)

VM Mutex/Monitor currently owned by a thread:  ([mutex/lock_event])
[0x00000279d7098380] Threads_lock - owner thread: 0x00000279f0ee3970
[0x00000279d7099730] Heap_lock - owner thread: 0x00000279f4910bb0

Heap address: 0x0000000080000000, size: 2048 MB, Compressed Oops mode: 32-bit

CDS archive(s) not mapped
Compressed class space mapped at: 0x0000000100000000-0x0000000140000000, reserved size: 1073741824
Narrow klass base: 0x0000000000000000, Narrow klass shift: 3, Narrow klass range: 0x140000000

GC Precious Log:
 CPUs: 8 total, 8 available
 Memory: 7502M
 Large Page Support: Disabled
 NUMA Support: Disabled
 Compressed Oops: Enabled (32-bit)
 Heap Region Size: 1M
 Heap Min Capacity: 8M
 Heap Initial Capacity: 118M
 Heap Max Capacity: 2G
 Pre-touch: Disabled
 Parallel Workers: 8
 Concurrent Workers: 2
 Concurrent Refinement Workers: 8
 Periodic GC: Disabled

Heap:
 garbage-first heap   total 165888K, used 99502K [0x0000000080000000, 0x0000000100000000)
  region size 1024K, 5 young (5120K), 5 survivors (5120K)
 Metaspace       used 98129K, committed 98816K, reserved 1138688K
  class space    used 13261K, committed 13568K, reserved 1048576K

Heap Regions: E=young(eden), S=young(survivor), O=old, HS=humongous(starts), HC=humongous(continues), CS=collection set, F=free, OA=open archive, CA=closed archive, TAMS=top-at-mark-start (previous, next)
|   0|0x0000000080000000, 0x0000000080100000, 0x0000000080100000|100%|HS|  |TAMS 0x0000000080100000, 0x0000000080000000| Complete 
|   1|0x0000000080100000, 0x0000000080200000, 0x0000000080200000|100%|HC|  |TAMS 0x0000000080200000, 0x0000000080100000| Complete 
|   2|0x0000000080200000, 0x0000000080300000, 0x0000000080300000|100%|HC|  |TAMS 0x0000000080300000, 0x0000000080200000| Complete 
|   3|0x0000000080300000, 0x0000000080400000, 0x0000000080400000|100%|HC|  |TAMS 0x0000000080400000, 0x0000000080300000| Complete 
|   4|0x0000000080400000, 0x0000000080500000, 0x0000000080500000|100%| O|  |TAMS 0x0000000080500000, 0x0000000080400000| Untracked 
|   5|0x0000000080500000, 0x0000000080600000, 0x0000000080600000|100%| O|  |TAMS 0x0000000080600000, 0x0000000080500000| Untracked 
|   6|0x0000000080600000, 0x0000000080700000, 0x0000000080700000|100%| O|  |TAMS 0x0000000080700000, 0x0000000080600000| Untracked 
|   7|0x0000000080700000, 0x0000000080800000, 0x0000000080800000|100%| O|  |TAMS 0x0000000080800000, 0x0000000080700000| Untracked 
|   8|0x0000000080800000, 0x0000000080900000, 0x0000000080900000|100%| O|  |TAMS 0x0000000080900000, 0x0000000080800000| Untracked 
|   9|0x0000000080900000, 0x0000000080a00000, 0x0000000080a00000|100%| O|  |TAMS 0x0000000080a00000, 0x0000000080900000| Untracked 
|  10|0x0000000080a00000, 0x0000000080afe800, 0x0000000080b00000| 99%| O|  |TAMS 0x0000000080afe800, 0x0000000080a00000| Untracked 
|  11|0x0000000080b00000, 0x0000000080c00000, 0x0000000080c00000|100%|HS|  |TAMS 0x0000000080c00000, 0x0000000080b00000| Complete 
|  12|0x0000000080c00000, 0x0000000080d00000, 0x0000000080d00000|100%| O|  |TAMS 0x0000000080d00000, 0x0000000080c00000| Untracked 
|  13|0x0000000080d00000, 0x0000000080e00000, 0x0000000080e00000|100%| O|  |TAMS 0x0000000080e00000, 0x0000000080d00000| Untracked 
|  14|0x0000000080e00000, 0x0000000080f00000, 0x0000000080f00000|100%| O|  |TAMS 0x0000000080f00000, 0x0000000080e00000| Untracked 
|  15|0x0000000080f00000, 0x0000000081000000, 0x0000000081000000|100%| O|  |TAMS 0x0000000081000000, 0x0000000080f00000| Untracked 
|  16|0x0000000081000000, 0x0000000081100000, 0x0000000081100000|100%| O|  |TAMS 0x0000000081100000, 0x0000000081000000| Untracked 
|  17|0x0000000081100000, 0x0000000081200000, 0x0000000081200000|100%| O|  |TAMS 0x0000000081200000, 0x0000000081100000| Untracked 
|  18|0x0000000081200000, 0x0000000081300000, 0x0000000081300000|100%| O|  |TAMS 0x0000000081300000, 0x0000000081200000| Untracked 
|  19|0x0000000081300000, 0x0000000081400000, 0x0000000081400000|100%| O|  |TAMS 0x0000000081400000, 0x0000000081300000| Untracked 
|  20|0x0000000081400000, 0x0000000081500000, 0x0000000081500000|100%| O|  |TAMS 0x0000000081500000, 0x0000000081400000| Untracked 
|  21|0x0000000081500000, 0x0000000081600000, 0x0000000081600000|100%| O|  |TAMS 0x0000000081600000, 0x0000000081500000| Untracked 
|  22|0x0000000081600000, 0x0000000081700000, 0x0000000081700000|100%| O|  |TAMS 0x0000000081600000, 0x0000000081600000| Untracked 
|  23|0x0000000081700000, 0x0000000081800000, 0x0000000081800000|100%| O|  |TAMS 0x0000000081800000, 0x0000000081700000| Untracked 
|  24|0x0000000081800000, 0x0000000081900000, 0x0000000081900000|100%| O|  |TAMS 0x0000000081900000, 0x0000000081800000| Untracked 
|  25|0x0000000081900000, 0x0000000081a00000, 0x0000000081a00000|100%| O|  |TAMS 0x0000000081a00000, 0x0000000081900000| Untracked 
|  26|0x0000000081a00000, 0x0000000081b00000, 0x0000000081b00000|100%| O|  |TAMS 0x0000000081b00000, 0x0000000081a00000| Untracked 
|  27|0x0000000081b00000, 0x0000000081c00000, 0x0000000081c00000|100%| O|  |TAMS 0x0000000081b00000, 0x0000000081b00000| Untracked 
|  28|0x0000000081c00000, 0x0000000081d00000, 0x0000000081d00000|100%| O|  |TAMS 0x0000000081d00000, 0x0000000081c00000| Untracked 
|  29|0x0000000081d00000, 0x0000000081e00000, 0x0000000081e00000|100%|HS|  |TAMS 0x0000000081e00000, 0x0000000081d00000| Complete 
|  30|0x0000000081e00000, 0x0000000081f00000, 0x0000000081f00000|100%|HS|  |TAMS 0x0000000081f00000, 0x0000000081e00000| Complete 
|  31|0x0000000081f00000, 0x0000000082000000, 0x0000000082000000|100%|HC|  |TAMS 0x0000000082000000, 0x0000000081f00000| Complete 
|  32|0x0000000082000000, 0x0000000082100000, 0x0000000082100000|100%|HS|  |TAMS 0x0000000082100000, 0x0000000082000000| Complete 
|  33|0x0000000082100000, 0x0000000082200000, 0x0000000082200000|100%|HS|  |TAMS 0x0000000082200000, 0x0000000082100000| Complete 
|  34|0x0000000082200000, 0x0000000082300000, 0x0000000082300000|100%|HC|  |TAMS 0x0000000082300000, 0x0000000082200000| Complete 
|  35|0x0000000082300000, 0x0000000082400000, 0x0000000082400000|100%|HC|  |TAMS 0x0000000082400000, 0x0000000082300000| Complete 
|  36|0x0000000082400000, 0x0000000082500000, 0x0000000082500000|100%|HC|  |TAMS 0x0000000082500000, 0x0000000082400000| Complete 
|  37|0x0000000082500000, 0x0000000082600000, 0x0000000082600000|100%| O|  |TAMS 0x0000000082600000, 0x0000000082500000| Untracked 
|  38|0x0000000082600000, 0x0000000082700000, 0x0000000082700000|100%| O|  |TAMS 0x0000000082600000, 0x0000000082600000| Untracked 
|  39|0x0000000082700000, 0x0000000082800000, 0x0000000082800000|100%| O|  |TAMS 0x0000000082800000, 0x0000000082700000| Untracked 
|  40|0x0000000082800000, 0x0000000082900000, 0x0000000082900000|100%| O|  |TAMS 0x0000000082900000, 0x0000000082800000| Untracked 
|  41|0x0000000082900000, 0x0000000082a00000, 0x0000000082a00000|100%| O|  |TAMS 0x0000000082a00000, 0x0000000082900000| Untracked 
|  42|0x0000000082a00000, 0x0000000082b00000, 0x0000000082b00000|100%| O|  |TAMS 0x0000000082b00000, 0x0000000082a00000| Untracked 
|  43|0x0000000082b00000, 0x0000000082c00000, 0x0000000082c00000|100%| O|  |TAMS 0x0000000082c00000, 0x0000000082b00000| Untracked 
|  44|0x0000000082c00000, 0x0000000082d00000, 0x0000000082d00000|100%| O|  |TAMS 0x0000000082d00000, 0x0000000082c00000| Untracked 
|  45|0x0000000082d00000, 0x0000000082e00000, 0x0000000082e00000|100%| O|  |TAMS 0x0000000082e00000, 0x0000000082d00000| Untracked 
|  46|0x0000000082e00000, 0x0000000082f00000, 0x0000000082f00000|100%| O|  |TAMS 0x0000000082f00000, 0x0000000082e00000| Untracked 
|  47|0x0000000082f00000, 0x0000000083000000, 0x0000000083000000|100%| O|  |TAMS 0x0000000083000000, 0x0000000082f00000| Untracked 
|  48|0x0000000083000000, 0x0000000083100000, 0x0000000083100000|100%| O|  |TAMS 0x0000000083100000, 0x0000000083000000| Untracked 
|  49|0x0000000083100000, 0x0000000083200000, 0x0000000083200000|100%| O|  |TAMS 0x0000000083200000, 0x0000000083100000| Untracked 
|  50|0x0000000083200000, 0x0000000083300000, 0x0000000083300000|100%| O|  |TAMS 0x0000000083300000, 0x0000000083200000| Untracked 
|  51|0x0000000083300000, 0x0000000083400000, 0x0000000083400000|100%| O|  |TAMS 0x0000000083400000, 0x0000000083300000| Untracked 
|  52|0x0000000083400000, 0x0000000083500000, 0x0000000083500000|100%| O|  |TAMS 0x0000000083500000, 0x0000000083400000| Untracked 
|  53|0x0000000083500000, 0x0000000083600000, 0x0000000083600000|100%| O|  |TAMS 0x0000000083600000, 0x0000000083500000| Untracked 
|  54|0x0000000083600000, 0x0000000083700000, 0x0000000083700000|100%| O|  |TAMS 0x0000000083700000, 0x0000000083600000| Untracked 
|  55|0x0000000083700000, 0x0000000083800000, 0x0000000083800000|100%| O|  |TAMS 0x0000000083800000, 0x0000000083700000| Untracked 
|  56|0x0000000083800000, 0x0000000083900000, 0x0000000083900000|100%| O|  |TAMS 0x0000000083900000, 0x0000000083800000| Untracked 
|  57|0x0000000083900000, 0x0000000083a00000, 0x0000000083a00000|100%| O|  |TAMS 0x0000000083a00000, 0x0000000083900000| Untracked 
|  58|0x0000000083a00000, 0x0000000083b00000, 0x0000000083b00000|100%| O|  |TAMS 0x0000000083b00000, 0x0000000083a00000| Untracked 
|  59|0x0000000083b00000, 0x0000000083c00000, 0x0000000083c00000|100%| O|  |TAMS 0x0000000083c00000, 0x0000000083b00000| Untracked 
|  60|0x0000000083c00000, 0x0000000083d00000, 0x0000000083d00000|100%| O|  |TAMS 0x0000000083d00000, 0x0000000083c00000| Untracked 
|  61|0x0000000083d00000, 0x0000000083e00000, 0x0000000083e00000|100%| O|  |TAMS 0x0000000083e00000, 0x0000000083d00000| Untracked 
|  62|0x0000000083e00000, 0x0000000083f00000, 0x0000000083f00000|100%| O|  |TAMS 0x0000000083f00000, 0x0000000083e00000| Untracked 
|  63|0x0000000083f00000, 0x0000000084000000, 0x0000000084000000|100%| O|  |TAMS 0x0000000084000000, 0x0000000083f00000| Untracked 
|  64|0x0000000084000000, 0x0000000084100000, 0x0000000084100000|100%| O|  |TAMS 0x0000000084100000, 0x0000000084000000| Untracked 
|  65|0x0000000084100000, 0x0000000084200000, 0x0000000084200000|100%| O|  |TAMS 0x0000000084200000, 0x0000000084100000| Untracked 
|  66|0x0000000084200000, 0x0000000084300000, 0x0000000084300000|100%| O|  |TAMS 0x0000000084300000, 0x0000000084200000| Untracked 
|  67|0x0000000084300000, 0x0000000084400000, 0x0000000084400000|100%| O|  |TAMS 0x0000000084400000, 0x0000000084300000| Untracked 
|  68|0x0000000084400000, 0x0000000084500000, 0x0000000084500000|100%| O|  |TAMS 0x0000000084500000, 0x0000000084400000| Untracked 
|  69|0x0000000084500000, 0x0000000084600000, 0x0000000084600000|100%| O|  |TAMS 0x0000000084600000, 0x0000000084500000| Untracked 
|  70|0x0000000084600000, 0x0000000084700000, 0x0000000084700000|100%| O|  |TAMS 0x0000000084700000, 0x0000000084600000| Untracked 
|  71|0x0000000084700000, 0x0000000084800000, 0x0000000084800000|100%| O|  |TAMS 0x0000000084800000, 0x0000000084700000| Untracked 
|  72|0x0000000084800000, 0x0000000084900000, 0x0000000084900000|100%| O|  |TAMS 0x0000000084900000, 0x0000000084800000| Untracked 
|  73|0x0000000084900000, 0x0000000084a00000, 0x0000000084a00000|100%| O|  |TAMS 0x0000000084a00000, 0x0000000084900000| Untracked 
|  74|0x0000000084a00000, 0x0000000084b00000, 0x0000000084b00000|100%| O|  |TAMS 0x0000000084b00000, 0x0000000084a00000| Untracked 
|  75|0x0000000084b00000, 0x0000000084c00000, 0x0000000084c00000|100%| O|  |TAMS 0x0000000084c00000, 0x0000000084b00000| Untracked 
|  76|0x0000000084c00000, 0x0000000084d00000, 0x0000000084d00000|100%| O|  |TAMS 0x0000000084d00000, 0x0000000084c00000| Untracked 
|  77|0x0000000084d00000, 0x0000000084e00000, 0x0000000084e00000|100%| O|  |TAMS 0x0000000084d4e200, 0x0000000084d00000| Untracked 
|  78|0x0000000084e00000, 0x0000000084f00000, 0x0000000084f00000|100%| O|  |TAMS 0x0000000084e00000, 0x0000000084e00000| Untracked 
|  79|0x0000000084f00000, 0x0000000085000000, 0x0000000085000000|100%| O|  |TAMS 0x0000000084f00000, 0x0000000084f00000| Untracked 
|  80|0x0000000085000000, 0x0000000085100000, 0x0000000085100000|100%| O|  |TAMS 0x0000000085000000, 0x0000000085000000| Untracked 
|  81|0x0000000085100000, 0x0000000085200000, 0x0000000085200000|100%| O|  |TAMS 0x0000000085100000, 0x0000000085100000| Untracked 
|  82|0x0000000085200000, 0x0000000085300000, 0x0000000085300000|100%| O|  |TAMS 0x0000000085200000, 0x0000000085200000| Untracked 
|  83|0x0000000085300000, 0x0000000085400000, 0x0000000085400000|100%| O|  |TAMS 0x0000000085300000, 0x0000000085300000| Untracked 
|  84|0x0000000085400000, 0x0000000085500000, 0x0000000085500000|100%| O|  |TAMS 0x0000000085400000, 0x0000000085400000| Untracked 
|  85|0x0000000085500000, 0x0000000085600000, 0x0000000085600000|100%| O|  |TAMS 0x0000000085500000, 0x0000000085500000| Untracked 
|  86|0x0000000085600000, 0x0000000085700000, 0x0000000085700000|100%| O|  |TAMS 0x0000000085600000, 0x0000000085600000| Untracked 
|  87|0x0000000085700000, 0x0000000085800000, 0x0000000085800000|100%| O|  |TAMS 0x0000000085700000, 0x0000000085700000| Untracked 
|  88|0x0000000085800000, 0x0000000085900000, 0x0000000085900000|100%| O|  |TAMS 0x0000000085800000, 0x0000000085800000| Untracked 
|  89|0x0000000085900000, 0x0000000085a00000, 0x0000000085a00000|100%| O|  |TAMS 0x0000000085900000, 0x0000000085900000| Untracked 
|  90|0x0000000085a00000, 0x0000000085b00000, 0x0000000085b00000|100%| O|  |TAMS 0x0000000085a00000, 0x0000000085a00000| Untracked 
|  91|0x0000000085b00000, 0x0000000085c00000, 0x0000000085c00000|100%| O|  |TAMS 0x0000000085b00000, 0x0000000085b00000| Untracked 
|  92|0x0000000085c00000, 0x0000000085c2d000, 0x0000000085d00000| 17%| O|  |TAMS 0x0000000085c00000, 0x0000000085c00000| Untracked 
|  93|0x0000000085d00000, 0x0000000085d00000, 0x0000000085e00000|  0%| F|  |TAMS 0x0000000085d00000, 0x0000000085d00000| Untracked 
|  94|0x0000000085e00000, 0x0000000085e00000, 0x0000000085f00000|  0%| F|  |TAMS 0x0000000085e00000, 0x0000000085e00000| Untracked 
|  95|0x0000000085f00000, 0x0000000085f00000, 0x0000000086000000|  0%| F|  |TAMS 0x0000000085f00000, 0x0000000085f00000| Untracked 
|  96|0x0000000086000000, 0x0000000086000000, 0x0000000086100000|  0%| F|  |TAMS 0x0000000086000000, 0x0000000086000000| Untracked 
|  97|0x0000000086100000, 0x0000000086100000, 0x0000000086200000|  0%| F|  |TAMS 0x0000000086100000, 0x0000000086100000| Untracked 
|  98|0x0000000086200000, 0x0000000086200000, 0x0000000086300000|  0%| F|  |TAMS 0x0000000086200000, 0x0000000086200000| Untracked 
|  99|0x0000000086300000, 0x0000000086300000, 0x0000000086400000|  0%| F|  |TAMS 0x0000000086300000, 0x0000000086300000| Untracked 
| 100|0x0000000086400000, 0x0000000086400000, 0x0000000086500000|  0%| F|  |TAMS 0x0000000086400000, 0x0000000086400000| Untracked 
| 101|0x0000000086500000, 0x0000000086500000, 0x0000000086600000|  0%| F|  |TAMS 0x0000000086500000, 0x0000000086500000| Untracked 
| 102|0x0000000086600000, 0x0000000086600000, 0x0000000086700000|  0%| F|  |TAMS 0x0000000086600000, 0x0000000086600000| Untracked 
| 103|0x0000000086700000, 0x0000000086700000, 0x0000000086800000|  0%| F|  |TAMS 0x0000000086700000, 0x0000000086700000| Untracked 
| 104|0x0000000086800000, 0x0000000086800000, 0x0000000086900000|  0%| F|  |TAMS 0x0000000086800000, 0x0000000086800000| Untracked 
| 105|0x0000000086900000, 0x0000000086900000, 0x0000000086a00000|  0%| F|  |TAMS 0x0000000086900000, 0x0000000086900000| Untracked 
| 106|0x0000000086a00000, 0x0000000086a00000, 0x0000000086b00000|  0%| F|  |TAMS 0x0000000086a00000, 0x0000000086a00000| Untracked 
| 107|0x0000000086b00000, 0x0000000086b00000, 0x0000000086c00000|  0%| F|  |TAMS 0x0000000086b00000, 0x0000000086b00000| Untracked 
| 108|0x0000000086c00000, 0x0000000086c00000, 0x0000000086d00000|  0%| F|  |TAMS 0x0000000086c00000, 0x0000000086c00000| Untracked 
| 109|0x0000000086d00000, 0x0000000086d00000, 0x0000000086e00000|  0%| F|  |TAMS 0x0000000086d00000, 0x0000000086d00000| Untracked 
| 110|0x0000000086e00000, 0x0000000086e00000, 0x0000000086f00000|  0%| F|  |TAMS 0x0000000086e00000, 0x0000000086e00000| Untracked 
| 111|0x0000000086f00000, 0x0000000086f00000, 0x0000000087000000|  0%| F|  |TAMS 0x0000000086f00000, 0x0000000086f00000| Untracked 
| 112|0x0000000087000000, 0x0000000087000000, 0x0000000087100000|  0%| F|  |TAMS 0x0000000087000000, 0x0000000087000000| Untracked 
| 113|0x0000000087100000, 0x0000000087100000, 0x0000000087200000|  0%| F|  |TAMS 0x0000000087100000, 0x0000000087100000| Untracked 
| 114|0x0000000087200000, 0x0000000087200000, 0x0000000087300000|  0%| F|  |TAMS 0x0000000087200000, 0x0000000087200000| Untracked 
| 115|0x0000000087300000, 0x0000000087300000, 0x0000000087400000|  0%| F|  |TAMS 0x0000000087300000, 0x0000000087300000| Untracked 
| 116|0x0000000087400000, 0x0000000087400000, 0x0000000087500000|  0%| F|  |TAMS 0x0000000087400000, 0x0000000087400000| Untracked 
| 117|0x0000000087500000, 0x0000000087600000, 0x0000000087600000|100%| S|CS|TAMS 0x0000000087500000, 0x0000000087500000| Complete 
| 118|0x0000000087600000, 0x0000000087700000, 0x0000000087700000|100%| S|CS|TAMS 0x0000000087600000, 0x0000000087600000| Complete 
| 119|0x0000000087700000, 0x0000000087800000, 0x0000000087800000|100%| S|CS|TAMS 0x0000000087700000, 0x0000000087700000| Complete 
| 120|0x0000000087800000, 0x0000000087900000, 0x0000000087900000|100%| S|CS|TAMS 0x0000000087800000, 0x0000000087800000| Complete 
| 121|0x0000000087900000, 0x0000000087a00000, 0x0000000087a00000|100%| S|CS|TAMS 0x0000000087900000, 0x0000000087900000| Complete 
| 122|0x0000000087a00000, 0x0000000087a00000, 0x0000000087b00000|  0%| F|  |TAMS 0x0000000087a00000, 0x0000000087a00000| Untracked 
| 123|0x0000000087b00000, 0x0000000087b00000, 0x0000000087c00000|  0%| F|  |TAMS 0x0000000087b00000, 0x0000000087b00000| Untracked 
| 124|0x0000000087c00000, 0x0000000087c00000, 0x0000000087d00000|  0%| F|  |TAMS 0x0000000087c00000, 0x0000000087c00000| Untracked 
| 125|0x0000000087d00000, 0x0000000087d00000, 0x0000000087e00000|  0%| F|  |TAMS 0x0000000087d00000, 0x0000000087d00000| Untracked 
| 126|0x0000000087e00000, 0x0000000087e00000, 0x0000000087f00000|  0%| F|  |TAMS 0x0000000087e00000, 0x0000000087e00000| Untracked 
| 127|0x0000000087f00000, 0x0000000087f00000, 0x0000000088000000|  0%| F|  |TAMS 0x0000000087f00000, 0x0000000087f00000| Untracked 
| 128|0x0000000088000000, 0x0000000088000000, 0x0000000088100000|  0%| F|  |TAMS 0x0000000088000000, 0x0000000088000000| Untracked 
| 129|0x0000000088100000, 0x0000000088100000, 0x0000000088200000|  0%| F|  |TAMS 0x0000000088100000, 0x0000000088100000| Untracked 
| 130|0x0000000088200000, 0x0000000088200000, 0x0000000088300000|  0%| F|  |TAMS 0x0000000088200000, 0x0000000088200000| Untracked 
| 131|0x0000000088300000, 0x0000000088300000, 0x0000000088400000|  0%| F|  |TAMS 0x0000000088300000, 0x0000000088300000| Untracked 
| 132|0x0000000088400000, 0x0000000088400000, 0x0000000088500000|  0%| F|  |TAMS 0x0000000088400000, 0x0000000088400000| Untracked 
| 133|0x0000000088500000, 0x0000000088500000, 0x0000000088600000|  0%| F|  |TAMS 0x0000000088500000, 0x0000000088500000| Untracked 
| 134|0x0000000088600000, 0x0000000088600000, 0x0000000088700000|  0%| F|  |TAMS 0x0000000088600000, 0x0000000088600000| Untracked 
| 135|0x0000000088700000, 0x0000000088700000, 0x0000000088800000|  0%| F|  |TAMS 0x0000000088700000, 0x0000000088700000| Untracked 
| 136|0x0000000088800000, 0x0000000088800000, 0x0000000088900000|  0%| F|  |TAMS 0x0000000088800000, 0x0000000088800000| Untracked 
| 137|0x0000000088900000, 0x0000000088900000, 0x0000000088a00000|  0%| F|  |TAMS 0x0000000088900000, 0x0000000088900000| Untracked 
| 138|0x0000000088a00000, 0x0000000088a00000, 0x0000000088b00000|  0%| F|  |TAMS 0x0000000088a00000, 0x0000000088a00000| Untracked 
| 139|0x0000000088b00000, 0x0000000088b00000, 0x0000000088c00000|  0%| F|  |TAMS 0x0000000088b00000, 0x0000000088b00000| Untracked 
| 140|0x0000000088c00000, 0x0000000088c00000, 0x0000000088d00000|  0%| F|  |TAMS 0x0000000088c00000, 0x0000000088c00000| Untracked 
| 141|0x0000000088d00000, 0x0000000088d00000, 0x0000000088e00000|  0%| F|  |TAMS 0x0000000088d00000, 0x0000000088d00000| Untracked 
| 142|0x0000000088e00000, 0x0000000088e00000, 0x0000000088f00000|  0%| F|  |TAMS 0x0000000088e00000, 0x0000000088e00000| Untracked 
| 143|0x0000000088f00000, 0x0000000088f00000, 0x0000000089000000|  0%| F|  |TAMS 0x0000000088f00000, 0x0000000088f00000| Untracked 
| 144|0x0000000089000000, 0x0000000089000000, 0x0000000089100000|  0%| F|  |TAMS 0x0000000089000000, 0x0000000089000000| Untracked 
| 145|0x0000000089100000, 0x0000000089100000, 0x0000000089200000|  0%| F|  |TAMS 0x0000000089100000, 0x0000000089100000| Untracked 
| 146|0x0000000089200000, 0x0000000089200000, 0x0000000089300000|  0%| F|  |TAMS 0x0000000089200000, 0x0000000089200000| Untracked 
| 147|0x0000000089300000, 0x0000000089300000, 0x0000000089400000|  0%| F|  |TAMS 0x0000000089300000, 0x0000000089300000| Untracked 
| 148|0x0000000089400000, 0x0000000089400000, 0x0000000089500000|  0%| F|  |TAMS 0x0000000089400000, 0x0000000089400000| Untracked 
| 149|0x0000000089500000, 0x0000000089500000, 0x0000000089600000|  0%| F|  |TAMS 0x0000000089500000, 0x0000000089500000| Untracked 
| 150|0x0000000089600000, 0x0000000089600000, 0x0000000089700000|  0%| F|  |TAMS 0x0000000089600000, 0x0000000089600000| Untracked 
| 151|0x0000000089700000, 0x0000000089700000, 0x0000000089800000|  0%| F|  |TAMS 0x0000000089700000, 0x0000000089700000| Untracked 
| 152|0x0000000089800000, 0x0000000089800000, 0x0000000089900000|  0%| F|  |TAMS 0x0000000089800000, 0x0000000089800000| Untracked 
| 153|0x0000000089900000, 0x0000000089900000, 0x0000000089a00000|  0%| F|  |TAMS 0x0000000089900000, 0x0000000089900000| Untracked 
| 154|0x0000000089a00000, 0x0000000089a00000, 0x0000000089b00000|  0%| F|  |TAMS 0x0000000089a00000, 0x0000000089a00000| Untracked 
| 155|0x0000000089b00000, 0x0000000089b00000, 0x0000000089c00000|  0%| F|  |TAMS 0x0000000089b00000, 0x0000000089b00000| Untracked 
| 156|0x0000000089c00000, 0x0000000089c00000, 0x0000000089d00000|  0%| F|  |TAMS 0x0000000089c00000, 0x0000000089c00000| Untracked 
| 157|0x0000000089d00000, 0x0000000089d00000, 0x0000000089e00000|  0%| F|  |TAMS 0x0000000089d00000, 0x0000000089d00000| Untracked 
| 158|0x0000000089e00000, 0x0000000089e00000, 0x0000000089f00000|  0%| F|  |TAMS 0x0000000089e00000, 0x0000000089e00000| Untracked 
| 159|0x0000000089f00000, 0x0000000089f00000, 0x000000008a000000|  0%| F|  |TAMS 0x0000000089f00000, 0x0000000089f00000| Untracked 
| 160|0x000000008a000000, 0x000000008a000000, 0x000000008a100000|  0%| F|  |TAMS 0x000000008a000000, 0x000000008a000000| Untracked 
| 161|0x000000008a100000, 0x000000008a100000, 0x000000008a200000|  0%| F|  |TAMS 0x000000008a100000, 0x000000008a100000| Untracked 

Card table byte_map: [0x00000279e9c90000,0x00000279ea090000] _byte_map_base: 0x00000279e9890000

Marking Bits (Prev, Next): (CMBitMap*) 0x00000279d70fcc80, (CMBitMap*) 0x00000279d70fcc40
 Prev Bits: [0x00000279ec490000, 0x00000279ee490000)
 Next Bits: [0x00000279ea490000, 0x00000279ec490000)

Polling page: 0x00000279d4fd0000

Metaspace:

Usage:
  Non-class:     82.88 MB used.
      Class:     12.95 MB used.
       Both:     95.83 MB used.

Virtual space:
  Non-class space:       88.00 MB reserved,      83.25 MB ( 95%) committed,  11 nodes.
      Class space:        1.00 GB reserved,      13.25 MB (  1%) committed,  1 nodes.
             Both:        1.09 GB reserved,      96.50 MB (  9%) committed. 

Chunk freelists:
   Non-Class:  352.00 KB
       Class:  2.70 MB
        Both:  3.05 MB

MaxMetaspaceSize: unlimited
CompressedClassSpaceSize: 1.00 GB
Initial GC threshold: 21.00 MB
Current GC threshold: 154.94 MB
CDS: off
MetaspaceReclaimPolicy: balanced
 - commit_granule_bytes: 65536.
 - commit_granule_words: 8192.
 - virtual_space_node_default_size: 1048576.
 - enlarge_chunks_in_place: 1.
 - new_chunks_are_fully_committed: 0.
 - uncommit_free_chunks: 1.
 - use_allocation_guard: 0.
 - handle_deallocations: 1.


Internal statistics:

num_allocs_failed_limit: 12.
num_arena_births: 1020.
num_arena_deaths: 0.
num_vsnodes_births: 12.
num_vsnodes_deaths: 0.
num_space_committed: 1543.
num_space_uncommitted: 0.
num_chunks_returned_to_freelist: 12.
num_chunks_taken_from_freelist: 4610.
num_chunk_merges: 12.
num_chunk_splits: 3081.
num_chunks_enlarged: 2095.
num_purges: 0.
num_inconsistent_stats: 0.

CodeHeap 'non-profiled nmethods': size=120000Kb used=4804Kb max_used=4804Kb free=115195Kb
 bounds [0x00000279e2030000, 0x00000279e24f0000, 0x00000279e9560000]
CodeHeap 'profiled nmethods': size=120000Kb used=18612Kb max_used=18612Kb free=101387Kb
 bounds [0x00000279da560000, 0x00000279db790000, 0x00000279e1a90000]
CodeHeap 'non-nmethods': size=5760Kb used=2390Kb max_used=2443Kb free=3369Kb
 bounds [0x00000279e1a90000, 0x00000279e1d10000, 0x00000279e2030000]
 total_blobs=10516 nmethods=9591 adapters=837
 compilation: enabled
              stopped_count=0, restarted_count=0
 full_count=0

Compilation events (20 events):
Event: 20.973 Thread 0x00000279f1825f40 nmethod 10538 0x00000279db78af90 code [0x00000279db78b120, 0x00000279db78b238]
Event: 20.973 Thread 0x00000279f1825f40 10540       2       com.google.common.collect.ImmutableMultimap$1::<init> (39 bytes)
Event: 20.973 Thread 0x00000279f1825f40 nmethod 10540 0x00000279db78b310 code [0x00000279db78b4c0, 0x00000279db78b778]
Event: 20.975 Thread 0x00000279f1825f40 10541       2       com.google.common.collect.ImmutableMultimap::entries (8 bytes)
Event: 20.976 Thread 0x00000279f1825f40 nmethod 10541 0x00000279db78b890 code [0x00000279db78ba20, 0x00000279db78bc78]
Event: 20.976 Thread 0x00000279f1825f40 10542       2       com.google.common.collect.ImmutableMultimap$EntryCollection::iterator (5 bytes)
Event: 20.976 Thread 0x00000279f1825f40 nmethod 10542 0x00000279db78bd90 code [0x00000279db78bf40, 0x00000279db78c0c8]
Event: 20.976 Thread 0x00000279f1825f40 10544       2       com.google.common.collect.ImmutableMultimap$EntryCollection::iterator (8 bytes)
Event: 20.976 Thread 0x00000279f1825f40 nmethod 10544 0x00000279db78c210 code [0x00000279db78c3c0, 0x00000279db78c548]
Event: 20.976 Thread 0x00000279f1825f40 10543       2       org.gradle.internal.execution.history.changes.AbstractFingerprintCompareStrategy$$Lambda$523/0x00000001005e4c48::apply (10 bytes)
Event: 20.976 Thread 0x00000279f1820030 nmethod 10519 0x00000279e24e0890 code [0x00000279e24e0a20, 0x00000279e24e0db8]
Event: 20.976 Thread 0x00000279f1820030 10328       4       com.google.common.collect.NaturalOrdering::compare (13 bytes)
Event: 20.977 Thread 0x00000279f1825f40 nmethod 10543 0x00000279db78c690 code [0x00000279db78c840, 0x00000279db78c9c8]
Event: 20.977 Thread 0x00000279f1825f40 10546       2       org.gradle.internal.resources.DefaultLease::releaseLock (33 bytes)
Event: 20.977 Thread 0x00000279f1825f40 nmethod 10546 0x00000279db78ca90 code [0x00000279db78cc40, 0x00000279db78ce68]
Event: 20.977 Thread 0x00000279f1825f40 10545       1       org.gradle.internal.execution.history.changes.AbstractFingerprintChanges::access$000 (5 bytes)
Event: 20.977 Thread 0x00000279f1825f40 nmethod 10545 0x00000279e24e1090 code [0x00000279e24e1220, 0x00000279e24e12d8]
Event: 20.978 Thread 0x00000279f1825f40 10547       2       org.gradle.internal.snapshot.impl.DirectorySnapshotterStatistics$CollectingFileVisitor::postVisitDirectory (10 bytes)
Event: 20.978 Thread 0x00000279f1825f40 nmethod 10547 0x00000279db78cf90 code [0x00000279db78d140, 0x00000279db78d2a8]
Event: 20.978 Thread 0x00000279f1825f40 10548       2       org.gradle.internal.snapshot.impl.DirectorySnapshotterStatistics$CollectingFileVisitor::postVisitDirectory (7 bytes)

GC Heap History (20 events):
Event: 14.922 GC heap after
{Heap after GC invocations=20 (full 0):
 garbage-first heap   total 136192K, used 66440K [0x0000000080000000, 0x0000000100000000)
  region size 1024K, 3 young (3072K), 3 survivors (3072K)
 Metaspace       used 75481K, committed 76032K, reserved 1122304K
  class space    used 9980K, committed 10240K, reserved 1048576K
}
Event: 15.783 GC heap before
{Heap before GC invocations=20 (full 0):
 garbage-first heap   total 136192K, used 108424K [0x0000000080000000, 0x0000000100000000)
  region size 1024K, 45 young (46080K), 3 survivors (3072K)
 Metaspace       used 78191K, committed 78784K, reserved 1122304K
  class space    used 10338K, committed 10624K, reserved 1048576K
}
Event: 15.791 GC heap after
{Heap after GC invocations=21 (full 0):
 garbage-first heap   total 136192K, used 71079K [0x0000000080000000, 0x0000000100000000)
  region size 1024K, 6 young (6144K), 6 survivors (6144K)
 Metaspace       used 78191K, committed 78784K, reserved 1122304K
  class space    used 10338K, committed 10624K, reserved 1048576K
}
Event: 16.698 GC heap before
{Heap before GC invocations=22 (full 0):
 garbage-first heap   total 136192K, used 108967K [0x0000000080000000, 0x0000000100000000)
  region size 1024K, 43 young (44032K), 6 survivors (6144K)
 Metaspace       used 82751K, committed 83328K, reserved 1122304K
  class space    used 11163K, committed 11456K, reserved 1048576K
}
Event: 16.707 GC heap after
{Heap after GC invocations=23 (full 0):
 garbage-first heap   total 136192K, used 73347K [0x0000000080000000, 0x0000000100000000)
  region size 1024K, 3 young (3072K), 3 survivors (3072K)
 Metaspace       used 82751K, committed 83328K, reserved 1122304K
  class space    used 11163K, committed 11456K, reserved 1048576K
}
Event: 16.795 GC heap before
{Heap before GC invocations=23 (full 0):
 garbage-first heap   total 136192K, used 75395K [0x0000000080000000, 0x0000000100000000)
  region size 1024K, 6 young (6144K), 3 survivors (3072K)
 Metaspace       used 83010K, committed 83648K, reserved 1122304K
  class space    used 11194K, committed 11520K, reserved 1048576K
}
Event: 16.798 GC heap after
{Heap after GC invocations=24 (full 0):
 garbage-first heap   total 136192K, used 73442K [0x0000000080000000, 0x0000000100000000)
  region size 1024K, 1 young (1024K), 1 survivors (1024K)
 Metaspace       used 83010K, committed 83648K, reserved 1122304K
  class space    used 11194K, committed 11520K, reserved 1048576K
}
Event: 17.648 GC heap before
{Heap before GC invocations=24 (full 0):
 garbage-first heap   total 136192K, used 110306K [0x0000000080000000, 0x0000000100000000)
  region size 1024K, 37 young (37888K), 1 survivors (1024K)
 Metaspace       used 86770K, committed 87360K, reserved 1130496K
  class space    used 11728K, committed 12032K, reserved 1048576K
}
Event: 17.654 GC heap after
{Heap after GC invocations=25 (full 0):
 garbage-first heap   total 136192K, used 76291K [0x0000000080000000, 0x0000000100000000)
  region size 1024K, 4 young (4096K), 4 survivors (4096K)
 Metaspace       used 86770K, committed 87360K, reserved 1130496K
  class space    used 11728K, committed 12032K, reserved 1048576K
}
Event: 18.504 GC heap before
{Heap before GC invocations=26 (full 0):
 garbage-first heap   total 138240K, used 110083K [0x0000000080000000, 0x0000000100000000)
  region size 1024K, 37 young (37888K), 4 survivors (4096K)
 Metaspace       used 90422K, committed 91072K, reserved 1130496K
  class space    used 12308K, committed 12608K, reserved 1048576K
}
Event: 18.515 GC heap after
{Heap after GC invocations=27 (full 0):
 garbage-first heap   total 165888K, used 78383K [0x0000000080000000, 0x0000000100000000)
  region size 1024K, 3 young (3072K), 3 survivors (3072K)
 Metaspace       used 90422K, committed 91072K, reserved 1130496K
  class space    used 12308K, committed 12608K, reserved 1048576K
}
Event: 18.753 GC heap before
{Heap before GC invocations=27 (full 0):
 garbage-first heap   total 165888K, used 83503K [0x0000000080000000, 0x0000000100000000)
  region size 1024K, 8 young (8192K), 3 survivors (3072K)
 Metaspace       used 91964K, committed 92672K, reserved 1130496K
  class space    used 12486K, committed 12800K, reserved 1048576K
}
Event: 18.761 GC heap after
{Heap after GC invocations=28 (full 0):
 garbage-first heap   total 165888K, used 77739K [0x0000000080000000, 0x0000000100000000)
  region size 1024K, 1 young (1024K), 1 survivors (1024K)
 Metaspace       used 91964K, committed 92672K, reserved 1130496K
  class space    used 12486K, committed 12800K, reserved 1048576K
}
Event: 19.605 GC heap before
{Heap before GC invocations=28 (full 0):
 garbage-first heap   total 165888K, used 133035K [0x0000000080000000, 0x0000000100000000)
  region size 1024K, 55 young (56320K), 1 survivors (1024K)
 Metaspace       used 94398K, committed 95104K, reserved 1138688K
  class space    used 12818K, committed 13184K, reserved 1048576K
}
Event: 19.616 GC heap after
{Heap after GC invocations=29 (full 0):
 garbage-first heap   total 165888K, used 84532K [0x0000000080000000, 0x0000000100000000)
  region size 1024K, 7 young (7168K), 7 survivors (7168K)
 Metaspace       used 94398K, committed 95104K, reserved 1138688K
  class space    used 12818K, committed 13184K, reserved 1048576K
}
Event: 20.367 GC heap before
{Heap before GC invocations=30 (full 0):
 garbage-first heap   total 165888K, used 133684K [0x0000000080000000, 0x0000000100000000)
  region size 1024K, 55 young (56320K), 7 survivors (7168K)
 Metaspace       used 97152K, committed 97792K, reserved 1138688K
  class space    used 13132K, committed 13440K, reserved 1048576K
}
Event: 20.384 GC heap after
{Heap after GC invocations=31 (full 0):
 garbage-first heap   total 165888K, used 92154K [0x0000000080000000, 0x0000000100000000)
  region size 1024K, 7 young (7168K), 7 survivors (7168K)
 Metaspace       used 97152K, committed 97792K, reserved 1138688K
  class space    used 13132K, committed 13440K, reserved 1048576K
}
Event: 20.398 GC heap before
{Heap before GC invocations=31 (full 0):
 garbage-first heap   total 165888K, used 93178K [0x0000000080000000, 0x0000000100000000)
  region size 1024K, 8 young (8192K), 7 survivors (7168K)
 Metaspace       used 97224K, committed 97856K, reserved 1138688K
  class space    used 13144K, committed 13440K, reserved 1048576K
}
Event: 20.408 GC heap after
{Heap after GC invocations=32 (full 0):
 garbage-first heap   total 165888K, used 93466K [0x0000000080000000, 0x0000000100000000)
  region size 1024K, 1 young (1024K), 1 survivors (1024K)
 Metaspace       used 97224K, committed 97856K, reserved 1138688K
  class space    used 13144K, committed 13440K, reserved 1048576K
}
Event: 20.978 GC heap before
{Heap before GC invocations=32 (full 0):
 garbage-first heap   total 165888K, used 132378K [0x0000000080000000, 0x0000000100000000)
  region size 1024K, 40 young (40960K), 1 survivors (1024K)
 Metaspace       used 98129K, committed 98816K, reserved 1138688K
  class space    used 13261K, committed 13568K, reserved 1048576K
}

Dll operation events (2 events):
Event: 0.019 Loaded shared library C:\Program Files\Android\Android Studio\jbr\bin\java.dll
Event: 0.820 Loaded shared library C:\Program Files\Android\Android Studio\jbr\bin\verify.dll

Deoptimization events (20 events):
Event: 20.821 Thread 0x00000279f57b7fe0 Uncommon trap: trap_request=0xffffffc6 fr.pc=0x00000279e20e4c74 relative=0x00000000000008f4
Event: 20.821 Thread 0x00000279f57b7fe0 Uncommon trap: reason=bimorphic_or_optimized_type_check action=maybe_recompile pc=0x00000279e20e4c74 method=java.io.BufferedInputStream.read1([BII)I @ 39 c2
Event: 20.821 Thread 0x00000279f57b7fe0 DEOPT PACKING pc=0x00000279e20e4c74 sp=0x00000097006fe320
Event: 20.821 Thread 0x00000279f57b7fe0 DEOPT UNPACKING pc=0x00000279e1ae69a3 sp=0x00000097006fe238 mode 2
Event: 20.827 Thread 0x00000279f79a38d0 Uncommon trap: trap_request=0xffffff45 fr.pc=0x00000279e21b0a00 relative=0x0000000000000540
Event: 20.827 Thread 0x00000279f79a38d0 Uncommon trap: reason=unstable_if action=reinterpret pc=0x00000279e21b0a00 method=java.lang.StringLatin1.compareToCI([B[B)I @ 68 c2
Event: 20.827 Thread 0x00000279f79a38d0 DEOPT PACKING pc=0x00000279e21b0a00 sp=0x00000097034fbd20
Event: 20.827 Thread 0x00000279f79a38d0 DEOPT UNPACKING pc=0x00000279e1ae69a3 sp=0x00000097034fbc10 mode 2
Event: 20.831 Thread 0x00000279f57b7fe0 Uncommon trap: trap_request=0xffffffc6 fr.pc=0x00000279e20e4c74 relative=0x00000000000008f4
Event: 20.831 Thread 0x00000279f57b7fe0 Uncommon trap: reason=bimorphic_or_optimized_type_check action=maybe_recompile pc=0x00000279e20e4c74 method=java.io.BufferedInputStream.read1([BII)I @ 39 c2
Event: 20.831 Thread 0x00000279f57b7fe0 DEOPT PACKING pc=0x00000279e20e4c74 sp=0x00000097006fe320
Event: 20.831 Thread 0x00000279f57b7fe0 DEOPT UNPACKING pc=0x00000279e1ae69a3 sp=0x00000097006fe238 mode 2
Event: 20.846 Thread 0x00000279f73b73c0 Uncommon trap: trap_request=0xffffff45 fr.pc=0x00000279e21aa994 relative=0x00000000000004d4
Event: 20.846 Thread 0x00000279f73b73c0 Uncommon trap: reason=unstable_if action=reinterpret pc=0x00000279e21aa994 method=java.lang.StringLatin1.compareToCI([B[B)I @ 68 c2
Event: 20.846 Thread 0x00000279f73b73c0 DEOPT PACKING pc=0x00000279e21aa994 sp=0x0000009701cfba00
Event: 20.846 Thread 0x00000279f73b73c0 DEOPT UNPACKING pc=0x00000279e1ae69a3 sp=0x0000009701cfb988 mode 2
Event: 20.966 Thread 0x00000279f57b7fe0 DEOPT PACKING pc=0x00000279daf5db79 sp=0x00000097006fe4b0
Event: 20.966 Thread 0x00000279f57b7fe0 DEOPT UNPACKING pc=0x00000279e1ae7143 sp=0x00000097006fd918 mode 0
Event: 20.978 Thread 0x00000279f79a3da0 DEOPT PACKING pc=0x00000279db754997 sp=0x0000009704cfb6e0
Event: 20.978 Thread 0x00000279f79a3da0 DEOPT UNPACKING pc=0x00000279e1ae7143 sp=0x0000009704cfaba8 mode 0

Classes unloaded (0 events):
No events

Classes redefined (0 events):
No events

Internal exceptions (20 events):
Event: 20.083 Thread 0x00000279f490fd40 Exception <a 'java/lang/NoSuchMethodError'{0x0000000087d2dab8}: 'void java.lang.invoke.DirectMethodHandle$Holder.invokeSpecial(java.lang.Object, java.lang.Object, java.lang.Object, int)'> (0x0000000087d2dab8) 
thrown [s\src\hotspot\share\interpreter\linkResolver.cpp, line 771]
Event: 20.136 Thread 0x00000279f490fd40 Exception <a 'sun/nio/fs/WindowsException'{0x0000000087b52d60}> (0x0000000087b52d60) 
thrown [s\src\hotspot\share\prims\jni.cpp, line 517]
Event: 20.146 Thread 0x00000279f490fd40 Exception <a 'java/lang/NoSuchMethodError'{0x0000000087be99a0}: 'java.lang.Object java.lang.invoke.DirectMethodHandle$Holder.newInvokeSpecial(java.lang.Object, java.lang.Object, java.lang.Object, java.lang.Object, int, java.lang.Object)'> (0x0000000087be99a0) 
thrown [s\src\hotspot\share\interpreter\linkResolver.cpp, line 771]
Event: 20.147 Thread 0x00000279f490fd40 Exception <a 'java/lang/NoSuchMethodError'{0x0000000087bee7a8}: 'java.lang.Object java.lang.invoke.Invokers$Holder.linkToTargetMethod(java.lang.Object, java.lang.Object, java.lang.Object, int, java.lang.Object, java.lang.Object)'> (0x0000000087bee7a8) 
thrown [s\src\hotspot\share\interpreter\linkResolver.cpp, line 771]
Event: 20.223 Thread 0x00000279f4b86210 Exception <a 'java/lang/NoSuchMethodError'{0x00000000879d4618}: 'void java.lang.invoke.DirectMethodHandle$Holder.invokeInterface(java.lang.Object, java.lang.Object, java.lang.Object, java.lang.Object)'> (0x00000000879d4618) 
thrown [s\src\hotspot\share\interpreter\linkResolver.cpp, line 771]
Event: 20.258 Thread 0x00000279f490f870 Exception <a 'java/lang/NoSuchMethodError'{0x000000008769c6e8}: static Lorg/gradle/internal/build/event/types/DefaultTaskStartedProgressEvent;.<clinit>()V> (0x000000008769c6e8) 
thrown [s\src\hotspot\share\prims\jni.cpp, line 1108]
Event: 20.260 Thread 0x00000279f490f870 Exception <a 'java/lang/NoSuchMethodError'{0x00000000876da8e8}: static Lorg/gradle/internal/build/event/types/DefaultTaskDescriptor;.<clinit>()V> (0x00000000876da8e8) 
thrown [s\src\hotspot\share\prims\jni.cpp, line 1108]
Event: 20.321 Thread 0x00000279f490f870 Exception <a 'java/lang/NoSuchMethodError'{0x00000000874ad330}: static Lorg/gradle/internal/build/event/types/DefaultTaskFinishedProgressEvent;.<clinit>()V> (0x00000000874ad330) 
thrown [s\src\hotspot\share\prims\jni.cpp, line 1108]
Event: 20.323 Thread 0x00000279f490f870 Exception <a 'java/lang/NoSuchMethodError'{0x00000000874e9098}: static Lorg/gradle/internal/build/event/types/DefaultTaskSuccessResult;.<clinit>()V> (0x00000000874e9098) 
thrown [s\src\hotspot\share\prims\jni.cpp, line 1108]
Event: 20.323 Thread 0x00000279f490f870 Exception <a 'java/lang/NoSuchMethodError'{0x00000000873006b8}: static Lorg/gradle/internal/build/event/types/AbstractTaskResult;.<clinit>()V> (0x00000000873006b8) 
thrown [s\src\hotspot\share\prims\jni.cpp, line 1108]
Event: 20.332 Thread 0x00000279f4b88890 Exception <a 'sun/nio/fs/WindowsException'{0x0000000087327808}> (0x0000000087327808) 
thrown [s\src\hotspot\share\prims\jni.cpp, line 517]
Event: 20.344 Thread 0x00000279f490f870 Exception <a 'java/lang/NoSuchMethodError'{0x0000000087204328}: static Lorg/gradle/internal/build/event/types/DefaultTaskSkippedResult;.<clinit>()V> (0x0000000087204328) 
thrown [s\src\hotspot\share\prims\jni.cpp, line 1108]
Event: 20.352 Thread 0x00000279f75a23e0 Exception <a 'java/lang/NoSuchMethodError'{0x00000000872361b8}: static Lcom/android/buildanalyzer/common/AndroidGradlePluginAttributionData$BuildInfo;.<clinit>()V> (0x00000000872361b8) 
thrown [s\src\hotspot\share\prims\jni.cpp, line 1108]
Event: 20.356 Thread 0x00000279f75a23e0 Exception <a 'java/lang/NoSuchMethodError'{0x000000008724dab8}: static Lcom/android/buildanalyzer/common/AndroidGradlePluginAttributionData$JavaInfo;.<clinit>()V> (0x000000008724dab8) 
thrown [s\src\hotspot\share\prims\jni.cpp, line 1108]
Event: 20.362 Thread 0x00000279f75a23e0 Exception <a 'java/lang/NoSuchMethodError'{0x000000008727ce08}: static [Ljava/lang/String;.<clinit>()V> (0x000000008727ce08) 
thrown [s\src\hotspot\share\prims\jni.cpp, line 1108]
Event: 20.365 Thread 0x00000279f75a23e0 Exception <a 'java/lang/NoSuchMethodError'{0x00000000872eb6f0}: static Lcom/android/buildanalyzer/common/AndroidGradlePluginAttributionData$TaskInfo;.<clinit>()V> (0x00000000872eb6f0) 
thrown [s\src\hotspot\share\prims\jni.cpp, line 1108]
Event: 20.366 Thread 0x00000279f75a23e0 Exception <a 'java/lang/NoSuchMethodError'{0x00000000872f8780}: static Lcom/android/buildanalyzer/common/AndroidGradlePluginAttributionData$TaskCategoryInfo;.<clinit>()V> (0x00000000872f8780) 
thrown [s\src\hotspot\share\prims\jni.cpp, line 1108]
Event: 20.741 Thread 0x00000279f4b88890 Exception <a 'java/lang/NoSuchMethodError'{0x000000008964e660}: 'void java.lang.invoke.DirectMethodHandle$Holder.invokeStatic(java.lang.Object, java.lang.Object, java.lang.Object, java.lang.Object, int, java.lang.Object, java.lang.Object)'> (0x000000008964e660) 
thrown [s\src\hotspot\share\interpreter\linkResolver.cpp, line 771]
Event: 20.755 Thread 0x00000279f73b8230 Implicit null exception at 0x00000279e24bebbe to 0x00000279e24bf508
Event: 20.784 Thread 0x00000279f79a3da0 Exception <a 'java/lang/NoSuchMethodError'{0x00000000892dc3d8}: 'java.lang.Object java.lang.invoke.DirectMethodHandle$Holder.invokeSpecialIFC(java.lang.Object, java.lang.Object, java.lang.Object)'> (0x00000000892dc3d8) 
thrown [s\src\hotspot\share\interpreter\linkResolver.cpp, line 771]

VM Operations (20 events):
Event: 19.710 Executing VM operation: G1Concurrent done
Event: 19.746 Executing VM operation: G1Concurrent
Event: 19.747 Executing VM operation: G1Concurrent done
Event: 20.073 Executing VM operation: HandshakeAllThreads
Event: 20.073 Executing VM operation: HandshakeAllThreads done
Event: 20.215 Executing VM operation: HandshakeAllThreads
Event: 20.216 Executing VM operation: HandshakeAllThreads done
Event: 20.318 Executing VM operation: HandshakeAllThreads
Event: 20.319 Executing VM operation: HandshakeAllThreads done
Event: 20.356 Executing VM operation: ICBufferFull
Event: 20.357 Executing VM operation: ICBufferFull done
Event: 20.367 Executing VM operation: G1CollectForAllocation
Event: 20.386 Executing VM operation: G1CollectForAllocation done
Event: 20.398 Executing VM operation: G1CollectForAllocation
Event: 20.408 Executing VM operation: G1CollectForAllocation done
Event: 20.680 Executing VM operation: HandshakeAllThreads
Event: 20.680 Executing VM operation: HandshakeAllThreads done
Event: 20.698 Executing VM operation: ICBufferFull
Event: 20.699 Executing VM operation: ICBufferFull done
Event: 20.978 Executing VM operation: G1CollectForAllocation

Events (20 events):
Event: 20.140 Thread 0x00000279f4b85870 Thread added: 0x00000279f4b85870
Event: 20.174 Thread 0x00000279f4b86210 Thread added: 0x00000279f4b86210
Event: 20.185 Thread 0x00000279f4b88890 Thread added: 0x00000279f4b88890
Event: 20.185 Thread 0x00000279f4b8b3e0 Thread added: 0x00000279f4b8b3e0
Event: 20.185 Thread 0x00000279f4b866e0 Thread added: 0x00000279f4b866e0
Event: 20.186 Thread 0x00000279f4b87550 Thread added: 0x00000279f4b87550
Event: 20.186 Thread 0x00000279f4b89230 Thread added: 0x00000279f4b89230
Event: 20.186 Thread 0x00000279f4b86bb0 Thread added: 0x00000279f4b86bb0
Event: 20.186 Thread 0x00000279f4b87a20 Thread added: 0x00000279f4b87a20
Event: 20.230 Thread 0x00000279f4b8af10 Thread added: 0x00000279f4b8af10
Event: 20.254 loading class java/util/TreeMap$KeySpliterator
Event: 20.254 loading class java/util/TreeMap$KeySpliterator done
Event: 20.352 loading class java/time/Clock
Event: 20.352 loading class java/time/InstantSource
Event: 20.353 loading class java/time/InstantSource done
Event: 20.353 loading class java/time/Clock done
Event: 20.353 loading class java/time/Clock$SystemClock
Event: 20.354 loading class java/time/Clock$SystemClock done
Event: 20.362 loading class java/io/ObjectStreamClass$ExceptionInfo
Event: 20.362 loading class java/io/ObjectStreamClass$ExceptionInfo done


Dynamic libraries:
0x00007ff7fb0c0000 - 0x00007ff7fb0ca000 	C:\Program Files\Android\Android Studio\jbr\bin\java.exe
0x00007ffd299f0000 - 0x00007ffd29c06000 	C:\WINDOWS\SYSTEM32\ntdll.dll
0x00007ffd28ef0000 - 0x00007ffd28fb4000 	C:\WINDOWS\System32\KERNEL32.DLL
0x00007ffd26f70000 - 0x00007ffd27317000 	C:\WINDOWS\System32\KERNELBASE.dll
0x00007ffd274c0000 - 0x00007ffd275d1000 	C:\WINDOWS\System32\ucrtbase.dll
0x00007ffcbf420000 - 0x00007ffcbf437000 	C:\Program Files\Android\Android Studio\jbr\bin\jli.dll
0x00007ffd0e2b0000 - 0x00007ffd0e2cb000 	C:\Program Files\Android\Android Studio\jbr\bin\VCRUNTIME140.dll
0x00007ffd290c0000 - 0x00007ffd2926e000 	C:\WINDOWS\System32\USER32.dll
0x00007ffd26f40000 - 0x00007ffd26f66000 	C:\WINDOWS\System32\win32u.dll
0x00007ffd1aef0000 - 0x00007ffd1b183000 	C:\WINDOWS\WinSxS\amd64_microsoft.windows.common-controls_6595b64144ccf1df_6.0.22621.3235_none_270f74e173860f98\COMCTL32.dll
0x00007ffd29270000 - 0x00007ffd29299000 	C:\WINDOWS\System32\GDI32.dll
0x00007ffd27d00000 - 0x00007ffd27da7000 	C:\WINDOWS\System32\msvcrt.dll
0x00007ffd26d10000 - 0x00007ffd26e29000 	C:\WINDOWS\System32\gdi32full.dll
0x00007ffd26e30000 - 0x00007ffd26eca000 	C:\WINDOWS\System32\msvcp_win.dll
0x00007ffd27ca0000 - 0x00007ffd27cd1000 	C:\WINDOWS\System32\IMM32.DLL
0x00007ffd127d0000 - 0x00007ffd127dc000 	C:\Program Files\Android\Android Studio\jbr\bin\vcruntime140_1.dll
0x00007ffd02b40000 - 0x00007ffd02bcd000 	C:\Program Files\Android\Android Studio\jbr\bin\msvcp140.dll
0x00007ffcb5230000 - 0x00007ffcb5e9e000 	C:\Program Files\Android\Android Studio\jbr\bin\server\jvm.dll
0x00007ffd28440000 - 0x00007ffd284f2000 	C:\WINDOWS\System32\ADVAPI32.dll
0x00007ffd292a0000 - 0x00007ffd29348000 	C:\WINDOWS\System32\sechost.dll
0x00007ffd27320000 - 0x00007ffd27348000 	C:\WINDOWS\System32\bcrypt.dll
0x00007ffd280d0000 - 0x00007ffd281e5000 	C:\WINDOWS\System32\RPCRT4.dll
0x00007ffd1edf0000 - 0x00007ffd1edfa000 	C:\WINDOWS\SYSTEM32\VERSION.dll
0x00007ffd20530000 - 0x00007ffd20564000 	C:\WINDOWS\SYSTEM32\WINMM.dll
0x00007ffd0b700000 - 0x00007ffd0b709000 	C:\WINDOWS\SYSTEM32\WSOCK32.dll
0x00007ffd281f0000 - 0x00007ffd28261000 	C:\WINDOWS\System32\WS2_32.dll
0x00007ffd25d50000 - 0x00007ffd25d68000 	C:\WINDOWS\SYSTEM32\kernel.appcore.dll
0x00007ffd212c0000 - 0x00007ffd212ca000 	C:\Program Files\Android\Android Studio\jbr\bin\jimage.dll
0x00007ffd1d810000 - 0x00007ffd1da43000 	C:\WINDOWS\SYSTEM32\DBGHELP.DLL
0x00007ffd27910000 - 0x00007ffd27c98000 	C:\WINDOWS\System32\combase.dll
0x00007ffd28500000 - 0x00007ffd285d7000 	C:\WINDOWS\System32\OLEAUT32.dll
0x00007ffd13070000 - 0x00007ffd130a2000 	C:\WINDOWS\SYSTEM32\dbgcore.DLL
0x00007ffd276a0000 - 0x00007ffd27719000 	C:\WINDOWS\System32\bcryptPrimitives.dll
0x00007ffd20280000 - 0x00007ffd202a5000 	C:\Program Files\Android\Android Studio\jbr\bin\java.dll
0x00007ffd20220000 - 0x00007ffd20238000 	C:\Program Files\Android\Android Studio\jbr\bin\zip.dll
0x00007ffd28690000 - 0x00007ffd28eec000 	C:\WINDOWS\System32\SHELL32.dll
0x00007ffd24c70000 - 0x00007ffd25569000 	C:\WINDOWS\SYSTEM32\windows.storage.dll
0x00007ffd24b30000 - 0x00007ffd24c6e000 	C:\WINDOWS\SYSTEM32\wintypes.dll
0x00007ffd28fc0000 - 0x00007ffd290b3000 	C:\WINDOWS\System32\SHCORE.dll
0x00007ffd29950000 - 0x00007ffd299ae000 	C:\WINDOWS\System32\shlwapi.dll
0x00007ffd26c40000 - 0x00007ffd26c61000 	C:\WINDOWS\SYSTEM32\profapi.dll
0x00007ffd201c0000 - 0x00007ffd201d9000 	C:\Program Files\Android\Android Studio\jbr\bin\net.dll
0x00007ffd216c0000 - 0x00007ffd217f6000 	C:\WINDOWS\SYSTEM32\WINHTTP.dll
0x00007ffd261c0000 - 0x00007ffd26229000 	C:\WINDOWS\system32\mswsock.dll
0x00007ffd20200000 - 0x00007ffd20216000 	C:\Program Files\Android\Android Studio\jbr\bin\nio.dll
0x00007ffd21220000 - 0x00007ffd21230000 	C:\Program Files\Android\Android Studio\jbr\bin\verify.dll
0x00007ffca7670000 - 0x00007ffca7697000 	C:\Users\23480\.gradle\native\68d5fa5c4cc2d200863cafc0d521ce42e7d3e7ee720ec0a83991735586a16f82\windows-amd64\native-platform.dll
0x00007ffce55b0000 - 0x00007ffce56f4000 	C:\Users\23480\.gradle\native\e376f236ea51e6404a007f0833ffe2c6e607c4080706a723a18a27aeea778392\windows-amd64\native-platform-file-events.dll
0x00007ffd1ccc0000 - 0x00007ffd1ccc9000 	C:\Program Files\Android\Android Studio\jbr\bin\management.dll
0x00007ffcbf9d0000 - 0x00007ffcbf9db000 	C:\Program Files\Android\Android Studio\jbr\bin\management_ext.dll
0x00007ffd278f0000 - 0x00007ffd278f8000 	C:\WINDOWS\System32\PSAPI.DLL
0x00007ffd26420000 - 0x00007ffd2643b000 	C:\WINDOWS\SYSTEM32\CRYPTSP.dll
0x00007ffd25cb0000 - 0x00007ffd25ce5000 	C:\WINDOWS\system32\rsaenh.dll
0x00007ffd262c0000 - 0x00007ffd262e8000 	C:\WINDOWS\SYSTEM32\USERENV.dll
0x00007ffd26440000 - 0x00007ffd2644c000 	C:\WINDOWS\SYSTEM32\CRYPTBASE.dll
0x00007ffd257d0000 - 0x00007ffd257fd000 	C:\WINDOWS\SYSTEM32\IPHLPAPI.DLL
0x00007ffd27900000 - 0x00007ffd27909000 	C:\WINDOWS\System32\NSI.dll
0x00007ffd21320000 - 0x00007ffd21339000 	C:\WINDOWS\SYSTEM32\dhcpcsvc6.DLL
0x00007ffd212a0000 - 0x00007ffd212bf000 	C:\WINDOWS\SYSTEM32\dhcpcsvc.DLL
0x00007ffd25800000 - 0x00007ffd258f9000 	C:\WINDOWS\SYSTEM32\DNSAPI.dll
0x00007ffcb8600000 - 0x00007ffcb8608000 	C:\WINDOWS\system32\wshunix.dll
0x00007ffcf6cb0000 - 0x00007ffcf6cc7000 	C:\WINDOWS\system32\napinsp.dll
0x00007ffcf66b0000 - 0x00007ffcf66cb000 	C:\WINDOWS\system32\pnrpnsp.dll
0x00007ffcf5d80000 - 0x00007ffcf5d91000 	C:\WINDOWS\System32\winrnr.dll
0x00007ffcfbed0000 - 0x00007ffcfbee5000 	C:\WINDOWS\system32\wshbth.dll
0x00007ffcf5d50000 - 0x00007ffcf5d71000 	C:\WINDOWS\system32\nlansp_c.dll
0x00000000636a0000 - 0x00000000636c6000 	C:\Program Files\Bonjour\mdnsNSP.dll
0x00007ffd1ee00000 - 0x00007ffd1ee0a000 	C:\Windows\System32\rasadhlp.dll
0x00007ffd1ed60000 - 0x00007ffd1ede3000 	C:\WINDOWS\System32\fwpuclnt.dll

dbghelp: loaded successfully - version: 4.0.5 - missing functions: none
symbol engine: initialized successfully - sym options: 0x614 - pdb path: .;C:\Program Files\Android\Android Studio\jbr\bin;C:\WINDOWS\SYSTEM32;C:\WINDOWS\WinSxS\amd64_microsoft.windows.common-controls_6595b64144ccf1df_6.0.22621.3235_none_270f74e173860f98;C:\Program Files\Android\Android Studio\jbr\bin\server;C:\Users\23480\.gradle\native\68d5fa5c4cc2d200863cafc0d521ce42e7d3e7ee720ec0a83991735586a16f82\windows-amd64;C:\Users\23480\.gradle\native\e376f236ea51e6404a007f0833ffe2c6e607c4080706a723a18a27aeea778392\windows-amd64;C:\Program Files\Bonjour

VM Arguments:
jvm_args: --add-opens=java.base/java.util=ALL-UNNAMED --add-opens=java.base/java.lang=ALL-UNNAMED --add-opens=java.base/java.lang.invoke=ALL-UNNAMED --add-opens=java.prefs/java.util.prefs=ALL-UNNAMED --add-opens=java.base/java.nio.charset=ALL-UNNAMED --add-opens=java.base/java.net=ALL-UNNAMED --add-opens=java.base/java.util.concurrent.atomic=ALL-UNNAMED -Xmx2048m -Dfile.encoding=UTF-8 -Duser.country=US -Duser.language=en -Duser.variant 
java_command: org.gradle.launcher.daemon.bootstrap.GradleDaemon 8.0
java_class_path (initial): C:\Users\23480\.gradle\wrapper\dists\gradle-8.0-bin\ca5e32bp14vu59qr306oxotwh\gradle-8.0\lib\gradle-launcher-8.0.jar
Launcher Type: SUN_STANDARD

[Global flags]
     intx CICompilerCount                          = 4                                         {product} {ergonomic}
     uint ConcGCThreads                            = 2                                         {product} {ergonomic}
     uint G1ConcRefinementThreads                  = 8                                         {product} {ergonomic}
   size_t G1HeapRegionSize                         = 1048576                                   {product} {ergonomic}
    uintx GCDrainStackTargetSize                   = 64                                        {product} {ergonomic}
   size_t InitialHeapSize                          = 123731968                                 {product} {ergonomic}
   size_t MarkStackSize                            = 4194304                                   {product} {ergonomic}
   size_t MaxHeapSize                              = 2147483648                                {product} {command line}
   size_t MaxNewSize                               = 1287651328                                {product} {ergonomic}
   size_t MinHeapDeltaBytes                        = 1048576                                   {product} {ergonomic}
   size_t MinHeapSize                              = 8388608                                   {product} {ergonomic}
    uintx NonNMethodCodeHeapSize                   = 5839372                                {pd product} {ergonomic}
    uintx NonProfiledCodeHeapSize                  = 122909434                              {pd product} {ergonomic}
    uintx ProfiledCodeHeapSize                     = 122909434                              {pd product} {ergonomic}
    uintx ReservedCodeCacheSize                    = 251658240                              {pd product} {ergonomic}
     bool SegmentedCodeCache                       = true                                      {product} {ergonomic}
   size_t SoftMaxHeapSize                          = 2147483648                             {manageable} {ergonomic}
     bool UseCompressedClassPointers               = true                           {product lp64_product} {ergonomic}
     bool UseCompressedOops                        = true                           {product lp64_product} {ergonomic}
     bool UseG1GC                                  = true                                      {product} {ergonomic}
     bool UseLargePagesIndividualAllocation        = false                                  {pd product} {ergonomic}

Logging:
Log output configuration:
 #0: stdout all=warning uptime,level,tags
 #1: stderr all=off uptime,level,tags

Environment Variables:
PATH=C:\WINDOWS\system32;C:\WINDOWS;C:\WINDOWS\System32\Wbem;C:\WINDOWS\System32\WindowsPowerShell\v1.0\;C:\WINDOWS\System32\OpenSSH\;C:\Program Files\nodejs\;C:\Program Files\Git\cmd;C:\Program Files\HP\HP One Agent;C:\Users\23480\AppData\Local\Programs\Python\Python311\Scripts\;C:\Users\23480\AppData\Local\Programs\Python\Python311\;C:\Users\23480\AppData\Local\Microsoft\WindowsApps;C:\Users\23480\AppData\Local\atom\bin;C:\Users\23480\AppData\Local\Programs\Microsoft VS Code\bin;C:\Users\23480\AppData\Local\Microsoft\WindowsApps;;C:\Program Files\JetBrains\IntelliJ IDEA Community Edition 2023.2.1\bin;;C:\Users\23480\AppData\Roaming\npm
USERNAME=23480
OS=Windows_NT
PROCESSOR_IDENTIFIER=AMD64 Family 23 Model 104 Stepping 1, AuthenticAMD
TMP=C:\Users\23480\AppData\Local\Temp
TEMP=C:\Users\23480\AppData\Local\Temp


JNI global refs:
JNI global refs: 27, weak refs: 9

JNI global refs memory usage: 843, weak refs: 841


---------------  S Y S T E M  ---------------

OS:
 Windows 11 , 64 bit Build 22621 (10.0.22621.3374)
OS uptime: 0 days 15:58 hours

CPU: total 8 (initial active 8) (8 cores per cpu, 2 threads per core) family 23 model 104 stepping 1 microcode 0x0, cx8, cmov, fxsr, ht, mmx, 3dnowpref, sse, sse2, sse3, ssse3, sse4a, sse4.1, sse4.2, popcnt, lzcnt, tsc, tscinvbit, avx, avx2, aes, clmul, bmi1, bmi2, adx, sha, fma, vzeroupper, clflush, clflushopt

Memory: 4k page, system-wide physical 7502M (266M free)
TotalPageFile size 11571M (AvailPageFile size 117M)
current process WorkingSet (physical memory assigned to process): 413M, peak: 417M
current process commit charge ("private bytes"): 451M, peak: 613M

vm_info: OpenJDK 64-Bit Server VM (17.0.6+0-b2043.56-10027231) for windows-amd64 JRE (17.0.6+0-b2043.56-10027231), built on Apr 28 2023 00:43:19 by "androidbuild" with MS VC++ 16.10 / 16.11 (VS2019)

END.
