#
# There is insufficient memory for the Java Runtime Environment to continue.
# Native memory allocation (mmap) failed to map 112197632 bytes for G1 virtual space
# Possible reasons:
#   The system is out of physical RAM or swap space
#   The process is running with CompressedOops enabled, and the Java Heap may be blocking the growth of the native heap
# Possible solutions:
#   Reduce memory load on the system
#   Increase physical memory or swap space
#   Check if swap backing store is full
#   Decrease Java heap size (-Xmx/-Xms)
#   Decrease number of Java threads
#   Decrease Java thread stack sizes (-Xss)
#   Set larger code cache with -XX:ReservedCodeCacheSize=
#   JVM is running with Unscaled Compressed Oops mode in which the Java heap is
#     placed in the first 4GB address space. The Java Heap base address is the
#     maximum limit for the native heap growth. Please use -XX:HeapBaseMinAddress
#     to set the Java Heap base and to place the Java Heap above 4GB virtual address.
# This output file may be truncated or incomplete.
#
#  Out of Memory Error (os_windows.cpp:3825), pid=13640, tid=20696
#
# JRE version: OpenJDK Runtime Environment (17.0.10) (build 17.0.10+0--11609105)
# Java VM: OpenJDK 64-Bit Server VM (17.0.10+0--11609105, mixed mode, tiered, compressed oops, compressed class ptrs, g1 gc, windows-amd64)
# No core dump will be written. Minidumps are not enabled by default on client versions of Windows
#

---------------  S U M M A R Y ------------

Command Line: --add-opens=java.base/java.util=ALL-UNNAMED --add-opens=java.base/java.lang=ALL-UNNAMED --add-opens=java.base/java.lang.invoke=ALL-UNNAMED --add-opens=java.prefs/java.util.prefs=ALL-UNNAMED --add-opens=java.base/java.nio.charset=ALL-UNNAMED --add-opens=java.base/java.net=ALL-UNNAMED --add-opens=java.base/java.util.concurrent.atomic=ALL-UNNAMED -Xmx2048m -Dfile.encoding=UTF-8 -Duser.country=US -Duser.language=en -Duser.variant -javaagent:C:\Users\23480\.gradle\wrapper\dists\gradle-8.7-bin\bhs2wmbdwecv87pi65oeuq5iu\gradle-8.7\lib\agents\gradle-instrumentation-agent-8.7.jar org.gradle.launcher.daemon.bootstrap.GradleDaemon 8.7

Host: AMD Ryzen 3 5300U with Radeon Graphics         , 8 cores, 7G,  Windows 11 , 64 bit Build 22621 (10.0.22621.3672)
Time: Tue Jul 16 11:59:56 2024 W. Central Africa Standard Time elapsed time: 45.206260 seconds (0d 0h 0m 45s)

---------------  T H R E A D  ---------------

Current thread (0x0000023fe6554120):  VMThread "VM Thread" [stack: 0x000000e52aa00000,0x000000e52ab00000] [id=20696]

Stack: [0x000000e52aa00000,0x000000e52ab00000]
Native frames: (J=compiled Java code, j=interpreted, Vv=VM code, C=native code)
V  [jvm.dll+0x688de9]
V  [jvm.dll+0x8423da]
V  [jvm.dll+0x84401e]
V  [jvm.dll+0x844683]
V  [jvm.dll+0x24be0f]
V  [jvm.dll+0x685bb9]
V  [jvm.dll+0x67a46a]
V  [jvm.dll+0x30cbab]
V  [jvm.dll+0x314056]
V  [jvm.dll+0x363dce]
V  [jvm.dll+0x363fff]
V  [jvm.dll+0x2e2978]
V  [jvm.dll+0x2e0b54]
V  [jvm.dll+0x2e015c]
V  [jvm.dll+0x32502b]
V  [jvm.dll+0x848d7b]
V  [jvm.dll+0x849ac1]
V  [jvm.dll+0x849fdd]
V  [jvm.dll+0x84a3b4]
V  [jvm.dll+0x84a480]
V  [jvm.dll+0x7f0c7a]
V  [jvm.dll+0x687c65]
C  [ucrtbase.dll+0x29333]
C  [KERNEL32.DLL+0x1257d]
C  [ntdll.dll+0x5af28]

VM_Operation (0x000000e52f2fb3d0): G1CollectForAllocation, mode: safepoint, requested by thread 0x0000023fec9f7640


---------------  P R O C E S S  ---------------

Threads class SMR info:
_java_thread_list=0x0000023fefe45020, length=66, elements={
0x0000023fca75c580, 0x0000023fe65597d0, 0x0000023fe655a650, 0x0000023fe65843f0,
0x0000023fe6585a80, 0x0000023fe66f49a0, 0x0000023fe66f7370, 0x0000023fe66f8870,
0x0000023fe66f9270, 0x0000023fe66f9c70, 0x0000023fe683f1f0, 0x0000023fe694f0f0,
0x0000023fecde7f80, 0x0000023fecc26070, 0x0000023fed2bab10, 0x0000023fec8add30,
0x0000023fec653980, 0x0000023fecab6380, 0x0000023fed4e1a80, 0x0000023fecdefd80,
0x0000023fecdf1be0, 0x0000023fecdeee50, 0x0000023fecdf0290, 0x0000023fecdf07a0,
0x0000023fecdef870, 0x0000023fecdf0cb0, 0x0000023fecdf11c0, 0x0000023fecdf16d0,
0x0000023fecdf20f0, 0x0000023fecdee940, 0x0000023fed93d240, 0x0000023fed93a9c0,
0x0000023fed93b3e0, 0x0000023fed939a90, 0x0000023fed93f5b0, 0x0000023fed93b8f0,
0x0000023fed93eb90, 0x0000023fed93aed0, 0x0000023fed93a4b0, 0x0000023fed93f0a0,
0x0000023fed93be00, 0x0000023fed939fa0, 0x0000023fed93c820, 0x0000023fed93d750,
0x0000023fed93ffd0, 0x0000023fed93e170, 0x0000023fed93e680, 0x0000023fed93fac0,
0x0000023fed938b60, 0x0000023fed9404e0, 0x0000023fec9f6c20, 0x0000023fec9f8570,
0x0000023fec9f4dc0, 0x0000023fec9f6200, 0x0000023fec9f6710, 0x0000023fec9f7130,
0x0000023fec9f1b20, 0x0000023fec9f8f90, 0x0000023fec9f2a50, 0x0000023fec9f7640,
0x0000023fec9f2f60, 0x0000023fec9f3470, 0x0000023fec9f43a0, 0x0000023fefa6a3d0,
0x0000023fefa68f90, 0x0000023fefa6bd20
}

Java Threads: ( => current thread )
  0x0000023fca75c580 JavaThread "main" [_thread_blocked, id=5816, stack(0x000000e52a400000,0x000000e52a500000)]
  0x0000023fe65597d0 JavaThread "Reference Handler" daemon [_thread_blocked, id=5808, stack(0x000000e52ab00000,0x000000e52ac00000)]
  0x0000023fe655a650 JavaThread "Finalizer" daemon [_thread_blocked, id=1128, stack(0x000000e52ac00000,0x000000e52ad00000)]
  0x0000023fe65843f0 JavaThread "Signal Dispatcher" daemon [_thread_blocked, id=16848, stack(0x000000e52ad00000,0x000000e52ae00000)]
  0x0000023fe6585a80 JavaThread "Attach Listener" daemon [_thread_blocked, id=9636, stack(0x000000e52ae00000,0x000000e52af00000)]
  0x0000023fe66f49a0 JavaThread "Service Thread" daemon [_thread_blocked, id=18308, stack(0x000000e52af00000,0x000000e52b000000)]
  0x0000023fe66f7370 JavaThread "Monitor Deflation Thread" daemon [_thread_blocked, id=19656, stack(0x000000e52b000000,0x000000e52b100000)]
  0x0000023fe66f8870 JavaThread "C2 CompilerThread0" daemon [_thread_blocked, id=20372, stack(0x000000e52b100000,0x000000e52b200000)]
  0x0000023fe66f9270 JavaThread "C1 CompilerThread0" daemon [_thread_blocked, id=20184, stack(0x000000e52b200000,0x000000e52b300000)]
  0x0000023fe66f9c70 JavaThread "Sweeper thread" daemon [_thread_blocked, id=11368, stack(0x000000e52b300000,0x000000e52b400000)]
  0x0000023fe683f1f0 JavaThread "Common-Cleaner" daemon [_thread_blocked, id=19996, stack(0x000000e52b400000,0x000000e52b500000)]
  0x0000023fe694f0f0 JavaThread "Notification Thread" daemon [_thread_blocked, id=7884, stack(0x000000e52b500000,0x000000e52b600000)]
  0x0000023fecde7f80 JavaThread "Daemon health stats" [_thread_blocked, id=19660, stack(0x000000e52bc00000,0x000000e52bd00000)]
  0x0000023fecc26070 JavaThread "Incoming local TCP Connector on port 51403" [_thread_in_native, id=16628, stack(0x000000e52bd00000,0x000000e52be00000)]
  0x0000023fed2bab10 JavaThread "Daemon periodic checks" [_thread_blocked, id=21348, stack(0x000000e52be00000,0x000000e52bf00000)]
  0x0000023fec8add30 JavaThread "Daemon" [_thread_blocked, id=18792, stack(0x000000e52bf00000,0x000000e52c000000)]
  0x0000023fec653980 JavaThread "Handler for socket connection from /127.0.0.1:51403 to /127.0.0.1:51404" [_thread_in_native, id=17360, stack(0x000000e52c000000,0x000000e52c100000)]
  0x0000023fecab6380 JavaThread "Cancel handler" [_thread_blocked, id=18524, stack(0x000000e52c100000,0x000000e52c200000)]
  0x0000023fed4e1a80 JavaThread "Daemon worker" [_thread_blocked, id=16700, stack(0x000000e52c200000,0x000000e52c300000)]
  0x0000023fecdefd80 JavaThread "Asynchronous log dispatcher for DefaultDaemonConnection: socket connection from /127.0.0.1:51403 to /127.0.0.1:51404" [_thread_blocked, id=11828, stack(0x000000e52c300000,0x000000e52c400000)]
  0x0000023fecdf1be0 JavaThread "Stdin handler" [_thread_blocked, id=19084, stack(0x000000e52c400000,0x000000e52c500000)]
  0x0000023fecdeee50 JavaThread "Daemon client event forwarder" [_thread_blocked, id=16544, stack(0x000000e52c500000,0x000000e52c600000)]
  0x0000023fecdf0290 JavaThread "Cache worker for journal cache (C:\Users\23480\.gradle\caches\journal-1)" [_thread_blocked, id=20616, stack(0x000000e52bb00000,0x000000e52bc00000)]
  0x0000023fecdf07a0 JavaThread "File lock request listener" [_thread_in_native, id=8984, stack(0x000000e52ca00000,0x000000e52cb00000)]
  0x0000023fecdef870 JavaThread "Cache worker for file hash cache (C:\Users\23480\.gradle\caches\8.7\fileHashes)" [_thread_blocked, id=17376, stack(0x000000e52cc00000,0x000000e52cd00000)]
  0x0000023fecdf0cb0 JavaThread "File lock release action executor" [_thread_blocked, id=15864, stack(0x000000e52cd00000,0x000000e52ce00000)]
  0x0000023fecdf11c0 JavaThread "Cache worker for file hash cache (C:\Users\23480\Documents\androidproject\TodoApp\.gradle\8.7\fileHashes)" [_thread_blocked, id=300, stack(0x000000e52cb00000,0x000000e52cc00000)]
  0x0000023fecdf16d0 JavaThread "File watcher server" daemon [_thread_in_native, id=14272, stack(0x000000e52cf00000,0x000000e52d000000)]
  0x0000023fecdf20f0 JavaThread "File watcher consumer" daemon [_thread_blocked, id=16676, stack(0x000000e52d000000,0x000000e52d100000)]
  0x0000023fecdee940 JavaThread "jar transforms" [_thread_blocked, id=20596, stack(0x000000e52d100000,0x000000e52d200000)]
  0x0000023fed93d240 JavaThread "jar transforms Thread 2" [_thread_blocked, id=17080, stack(0x000000e52d200000,0x000000e52d300000)]
  0x0000023fed93a9c0 JavaThread "jar transforms Thread 3" [_thread_blocked, id=3036, stack(0x000000e52d300000,0x000000e52d400000)]
  0x0000023fed93b3e0 JavaThread "jar transforms Thread 4" [_thread_blocked, id=19420, stack(0x000000e52d400000,0x000000e52d500000)]
  0x0000023fed939a90 JavaThread "jar transforms Thread 5" [_thread_blocked, id=20608, stack(0x000000e52d500000,0x000000e52d600000)]
  0x0000023fed93f5b0 JavaThread "jar transforms Thread 6" [_thread_blocked, id=11884, stack(0x000000e52d600000,0x000000e52d700000)]
  0x0000023fed93b8f0 JavaThread "jar transforms Thread 7" [_thread_blocked, id=12856, stack(0x000000e52d700000,0x000000e52d800000)]
  0x0000023fed93eb90 JavaThread "jar transforms Thread 8" [_thread_blocked, id=12400, stack(0x000000e52d800000,0x000000e52d900000)]
  0x0000023fed93aed0 JavaThread "Cache worker for checksums cache (C:\Users\23480\Documents\androidproject\TodoApp\.gradle\8.7\checksums)" [_thread_blocked, id=18536, stack(0x000000e52d900000,0x000000e52da00000)]
  0x0000023fed93a4b0 JavaThread "Cache worker for cache directory md-supplier (C:\Users\23480\.gradle\caches\8.7\md-supplier)" [_thread_blocked, id=20984, stack(0x000000e52da00000,0x000000e52db00000)]
  0x0000023fed93f0a0 JavaThread "Cache worker for cache directory md-rule (C:\Users\23480\.gradle\caches\8.7\md-rule)" [_thread_blocked, id=17064, stack(0x000000e52db00000,0x000000e52dc00000)]
  0x0000023fed93be00 JavaThread "Cache worker for file content cache (C:\Users\23480\.gradle\caches\8.7\fileContent)" [_thread_blocked, id=19008, stack(0x000000e52ce00000,0x000000e52cf00000)]
  0x0000023fed939fa0 JavaThread "Unconstrained build operations" [_thread_blocked, id=8476, stack(0x000000e52dc00000,0x000000e52dd00000)]
  0x0000023fed93c820 JavaThread "Unconstrained build operations Thread 2" [_thread_blocked, id=19004, stack(0x000000e52dd00000,0x000000e52de00000)]
  0x0000023fed93d750 JavaThread "Unconstrained build operations Thread 3" [_thread_blocked, id=17144, stack(0x000000e52df00000,0x000000e52e000000)]
  0x0000023fed93ffd0 JavaThread "Unconstrained build operations Thread 4" [_thread_blocked, id=20196, stack(0x000000e52e000000,0x000000e52e100000)]
  0x0000023fed93e170 JavaThread "Unconstrained build operations Thread 5" [_thread_blocked, id=304, stack(0x000000e52e100000,0x000000e52e200000)]
  0x0000023fed93e680 JavaThread "Unconstrained build operations Thread 6" [_thread_blocked, id=20360, stack(0x000000e52e200000,0x000000e52e300000)]
  0x0000023fed93fac0 JavaThread "Unconstrained build operations Thread 7" [_thread_blocked, id=7792, stack(0x000000e52e300000,0x000000e52e400000)]
  0x0000023fed938b60 JavaThread "Unconstrained build operations Thread 8" [_thread_blocked, id=19160, stack(0x000000e52e400000,0x000000e52e500000)]
  0x0000023fed9404e0 JavaThread "Unconstrained build operations Thread 9" [_thread_blocked, id=1792, stack(0x000000e52e500000,0x000000e52e600000)]
  0x0000023fec9f6c20 JavaThread "Cache worker for Build Output Cleanup Cache (C:\Users\23480\Documents\androidproject\TodoApp\.gradle\buildOutputCleanup)" [_thread_blocked, id=3880, stack(0x000000e52e900000,0x000000e52ea00000)]
  0x0000023fec9f8570 JavaThread "Kotlin DSL Writer" [_thread_blocked, id=4816, stack(0x000000e52ea00000,0x000000e52eb00000)]
  0x0000023fec9f4dc0 JavaThread "Unconstrained build operations Thread 10" [_thread_blocked, id=11108, stack(0x000000e52eb00000,0x000000e52ec00000)]
  0x0000023fec9f6200 JavaThread "Unconstrained build operations Thread 11" [_thread_blocked, id=21440, stack(0x000000e52ec00000,0x000000e52ed00000)]
  0x0000023fec9f6710 JavaThread "Unconstrained build operations Thread 12" [_thread_blocked, id=19108, stack(0x000000e52ed00000,0x000000e52ee00000)]
  0x0000023fec9f7130 JavaThread "Unconstrained build operations Thread 13" [_thread_blocked, id=16932, stack(0x000000e52ee00000,0x000000e52ef00000)]
  0x0000023fec9f1b20 JavaThread "Unconstrained build operations Thread 14" [_thread_blocked, id=18752, stack(0x000000e52ef00000,0x000000e52f000000)]
  0x0000023fec9f8f90 JavaThread "Unconstrained build operations Thread 15" [_thread_blocked, id=20700, stack(0x000000e52f000000,0x000000e52f100000)]
  0x0000023fec9f2a50 JavaThread "Unconstrained build operations Thread 16" [_thread_blocked, id=16440, stack(0x000000e52f100000,0x000000e52f200000)]
  0x0000023fec9f7640 JavaThread "Unconstrained build operations Thread 17" [_thread_blocked, id=19992, stack(0x000000e52f200000,0x000000e52f300000)]
  0x0000023fec9f2f60 JavaThread "Unconstrained build operations Thread 18" [_thread_blocked, id=1740, stack(0x000000e52f300000,0x000000e52f400000)]
  0x0000023fec9f3470 JavaThread "Unconstrained build operations Thread 19" [_thread_blocked, id=17332, stack(0x000000e52f400000,0x000000e52f500000)]
  0x0000023fec9f43a0 JavaThread "Unconstrained build operations Thread 20" [_thread_blocked, id=9348, stack(0x000000e52f500000,0x000000e52f600000)]
  0x0000023fefa6a3d0 JavaThread "Unconstrained build operations Thread 21" [_thread_blocked, id=17348, stack(0x000000e52f600000,0x000000e52f700000)]
  0x0000023fefa68f90 JavaThread "Unconstrained build operations Thread 22" [_thread_blocked, id=4388, stack(0x000000e52f700000,0x000000e52f800000)]
  0x0000023fefa6bd20 JavaThread "Unconstrained build operations Thread 23" [_thread_blocked, id=19016, stack(0x000000e52f800000,0x000000e52f900000)]

Other Threads:
=>0x0000023fe6554120 VMThread "VM Thread" [stack: 0x000000e52aa00000,0x000000e52ab00000] [id=20696]
  0x0000023fe694f5d0 WatcherThread [stack: 0x000000e52b600000,0x000000e52b700000] [id=20200]
  0x0000023fca7b7720 GCTaskThread "GC Thread#0" [stack: 0x000000e52a500000,0x000000e52a600000] [id=20516]
  0x0000023feb60a230 GCTaskThread "GC Thread#1" [stack: 0x000000e52b800000,0x000000e52b900000] [id=21112]
  0x0000023febaf1170 GCTaskThread "GC Thread#2" [stack: 0x000000e52b900000,0x000000e52ba00000] [id=17976]
  0x0000023febaf1430 GCTaskThread "GC Thread#3" [stack: 0x000000e52ba00000,0x000000e52bb00000] [id=15284]
  0x0000023febccc7a0 GCTaskThread "GC Thread#4" [stack: 0x000000e52b700000,0x000000e52b800000] [id=18388]
  0x0000023fec6242f0 GCTaskThread "GC Thread#5" [stack: 0x000000e52c600000,0x000000e52c700000] [id=12556]
  0x0000023fec624df0 GCTaskThread "GC Thread#6" [stack: 0x000000e52c700000,0x000000e52c800000] [id=15460]
  0x0000023fec6250b0 GCTaskThread "GC Thread#7" [stack: 0x000000e52c800000,0x000000e52c900000] [id=3140]
  0x0000023fca7c8670 ConcurrentGCThread "G1 Main Marker" [stack: 0x000000e52a600000,0x000000e52a700000] [id=1952]
  0x0000023fca7c9090 ConcurrentGCThread "G1 Conc#0" [stack: 0x000000e52a700000,0x000000e52a800000] [id=14060]
  0x0000023fec624870 ConcurrentGCThread "G1 Conc#1" [stack: 0x000000e52c900000,0x000000e52ca00000] [id=15748]
  0x0000023fe63c24c0 ConcurrentGCThread "G1 Refine#0" [stack: 0x000000e52a800000,0x000000e52a900000] [id=19216]
  0x0000023fede61a40 ConcurrentGCThread "G1 Refine#1" [stack: 0x000000e52e600000,0x000000e52e700000] [id=1080]
  0x0000023feda36bc0 ConcurrentGCThread "G1 Refine#2" [stack: 0x000000e52e700000,0x000000e52e800000] [id=14972]
  0x0000023fe63c2ef0 ConcurrentGCThread "G1 Service" [stack: 0x000000e52a900000,0x000000e52aa00000] [id=14836]

Threads with active compile tasks:
C2 CompilerThread0    45247 11694       4       org.gradle.internal.classpath.transforms.InstrumentingClassTransform$InstrumentingMethodVisitor::visitMethodInsn (131 bytes)
C1 CompilerThread0    45247 11704 %     3       org.objectweb.asm.MethodWriter::visitFrame @ 718 (811 bytes)

VM state: at safepoint (normal execution)

VM Mutex/Monitor currently owned by a thread:  ([mutex/lock_event])
[0x0000023fca7595d0] Threads_lock - owner thread: 0x0000023fe6554120
[0x0000023fca758a00] Heap_lock - owner thread: 0x0000023fec9f7640

Heap address: 0x0000000080000000, size: 2048 MB, Compressed Oops mode: 32-bit

CDS archive(s) not mapped
Compressed class space mapped at: 0x0000000100000000-0x0000000140000000, reserved size: 1073741824
Narrow klass base: 0x0000000000000000, Narrow klass shift: 3, Narrow klass range: 0x140000000

GC Precious Log:
 CPUs: 8 total, 8 available
 Memory: 7502M
 Large Page Support: Disabled
 NUMA Support: Disabled
 Compressed Oops: Enabled (32-bit)
 Heap Region Size: 1M
 Heap Min Capacity: 8M
 Heap Initial Capacity: 118M
 Heap Max Capacity: 2G
 Pre-touch: Disabled
 Parallel Workers: 8
 Concurrent Workers: 2
 Concurrent Refinement Workers: 8
 Periodic GC: Disabled

Heap:
 garbage-first heap   total 217088K, used 138744K [0x0000000080000000, 0x0000000100000000)
  region size 1024K, 3 young (3072K), 3 survivors (3072K)
 Metaspace       used 127417K, committed 128192K, reserved 1179648K
  class space    used 16390K, committed 16768K, reserved 1048576K

Heap Regions: E=young(eden), S=young(survivor), O=old, HS=humongous(starts), HC=humongous(continues), CS=collection set, F=free, OA=open archive, CA=closed archive, TAMS=top-at-mark-start (previous, next)
|   0|0x0000000080000000, 0x0000000080100000, 0x0000000080100000|100%|HS|  |TAMS 0x0000000080100000, 0x0000000080000000| Complete 
|   1|0x0000000080100000, 0x0000000080200000, 0x0000000080200000|100%|HC|  |TAMS 0x0000000080200000, 0x0000000080100000| Complete 
|   2|0x0000000080200000, 0x0000000080300000, 0x0000000080300000|100%|HC|  |TAMS 0x0000000080300000, 0x0000000080200000| Complete 
|   3|0x0000000080300000, 0x0000000080400000, 0x0000000080400000|100%|HC|  |TAMS 0x0000000080400000, 0x0000000080300000| Complete 
|   4|0x0000000080400000, 0x0000000080500000, 0x0000000080500000|100%| O|  |TAMS 0x0000000080500000, 0x0000000080400000| Untracked 
|   5|0x0000000080500000, 0x0000000080600000, 0x0000000080600000|100%| O|  |TAMS 0x0000000080600000, 0x0000000080500000| Untracked 
|   6|0x0000000080600000, 0x0000000080700000, 0x0000000080700000|100%| O|  |TAMS 0x0000000080700000, 0x0000000080600000| Untracked 
|   7|0x0000000080700000, 0x0000000080800000, 0x0000000080800000|100%| O|  |TAMS 0x0000000080800000, 0x0000000080700000| Untracked 
|   8|0x0000000080800000, 0x0000000080900000, 0x0000000080900000|100%| O|  |TAMS 0x0000000080900000, 0x0000000080800000| Untracked 
|   9|0x0000000080900000, 0x0000000080a00000, 0x0000000080a00000|100%| O|  |TAMS 0x0000000080a00000, 0x0000000080900000| Untracked 
|  10|0x0000000080a00000, 0x0000000080b00000, 0x0000000080b00000|100%| O|  |TAMS 0x0000000080b00000, 0x0000000080a00000| Untracked 
|  11|0x0000000080b00000, 0x0000000080c00000, 0x0000000080c00000|100%| O|  |TAMS 0x0000000080c00000, 0x0000000080b00000| Untracked 
|  12|0x0000000080c00000, 0x0000000080d00000, 0x0000000080d00000|100%| O|  |TAMS 0x0000000080d00000, 0x0000000080c00000| Untracked 
|  13|0x0000000080d00000, 0x0000000080e00000, 0x0000000080e00000|100%| O|  |TAMS 0x0000000080e00000, 0x0000000080d00000| Untracked 
|  14|0x0000000080e00000, 0x0000000080f00000, 0x0000000080f00000|100%| O|  |TAMS 0x0000000080f00000, 0x0000000080e00000| Untracked 
|  15|0x0000000080f00000, 0x0000000081000000, 0x0000000081000000|100%| O|  |TAMS 0x0000000080f00000, 0x0000000080f00000| Untracked 
|  16|0x0000000081000000, 0x0000000081100000, 0x0000000081100000|100%| O|  |TAMS 0x0000000081100000, 0x0000000081000000| Untracked 
|  17|0x0000000081100000, 0x0000000081200000, 0x0000000081200000|100%| O|  |TAMS 0x0000000081200000, 0x0000000081100000| Untracked 
|  18|0x0000000081200000, 0x0000000081300000, 0x0000000081300000|100%| O|  |TAMS 0x0000000081300000, 0x0000000081200000| Untracked 
|  19|0x0000000081300000, 0x0000000081400000, 0x0000000081400000|100%| O|  |TAMS 0x0000000081400000, 0x0000000081300000| Untracked 
|  20|0x0000000081400000, 0x0000000081500000, 0x0000000081500000|100%| O|  |TAMS 0x0000000081500000, 0x0000000081400000| Untracked 
|  21|0x0000000081500000, 0x0000000081600000, 0x0000000081600000|100%|HS|  |TAMS 0x0000000081600000, 0x0000000081500000| Complete 
|  22|0x0000000081600000, 0x0000000081700000, 0x0000000081700000|100%|HC|  |TAMS 0x0000000081700000, 0x0000000081600000| Complete 
|  23|0x0000000081700000, 0x0000000081800000, 0x0000000081800000|100%|HC|  |TAMS 0x0000000081800000, 0x0000000081700000| Complete 
|  24|0x0000000081800000, 0x0000000081900000, 0x0000000081900000|100%|HC|  |TAMS 0x0000000081900000, 0x0000000081800000| Complete 
|  25|0x0000000081900000, 0x0000000081a00000, 0x0000000081a00000|100%|HC|  |TAMS 0x0000000081a00000, 0x0000000081900000| Complete 
|  26|0x0000000081a00000, 0x0000000081b00000, 0x0000000081b00000|100%|HS|  |TAMS 0x0000000081b00000, 0x0000000081a00000| Complete 
|  27|0x0000000081b00000, 0x0000000081c00000, 0x0000000081c00000|100%|HC|  |TAMS 0x0000000081c00000, 0x0000000081b00000| Complete 
|  28|0x0000000081c00000, 0x0000000081d00000, 0x0000000081d00000|100%|HC|  |TAMS 0x0000000081d00000, 0x0000000081c00000| Complete 
|  29|0x0000000081d00000, 0x0000000081e00000, 0x0000000081e00000|100%| O|  |TAMS 0x0000000081e00000, 0x0000000081d00000| Untracked 
|  30|0x0000000081e00000, 0x0000000081f00000, 0x0000000081f00000|100%| O|  |TAMS 0x0000000081f00000, 0x0000000081e00000| Untracked 
|  31|0x0000000081f00000, 0x0000000082000000, 0x0000000082000000|100%| O|  |TAMS 0x0000000082000000, 0x0000000081f00000| Untracked 
|  32|0x0000000082000000, 0x0000000082100000, 0x0000000082100000|100%|HS|  |TAMS 0x0000000082100000, 0x0000000082000000| Complete 
|  33|0x0000000082100000, 0x0000000082200000, 0x0000000082200000|100%|HC|  |TAMS 0x0000000082200000, 0x0000000082100000| Complete 
|  34|0x0000000082200000, 0x0000000082300000, 0x0000000082300000|100%|HC|  |TAMS 0x0000000082300000, 0x0000000082200000| Complete 
|  35|0x0000000082300000, 0x0000000082400000, 0x0000000082400000|100%| O|  |TAMS 0x0000000082400000, 0x0000000082300000| Untracked 
|  36|0x0000000082400000, 0x0000000082500000, 0x0000000082500000|100%| O|  |TAMS 0x0000000082500000, 0x0000000082400000| Untracked 
|  37|0x0000000082500000, 0x0000000082600000, 0x0000000082600000|100%| O|  |TAMS 0x0000000082600000, 0x0000000082500000| Untracked 
|  38|0x0000000082600000, 0x0000000082700000, 0x0000000082700000|100%|HS|  |TAMS 0x0000000082700000, 0x0000000082600000| Complete 
|  39|0x0000000082700000, 0x0000000082800000, 0x0000000082800000|100%| O|  |TAMS 0x0000000082800000, 0x0000000082700000| Untracked 
|  40|0x0000000082800000, 0x0000000082900000, 0x0000000082900000|100%| O|  |TAMS 0x0000000082900000, 0x0000000082800000| Untracked 
|  41|0x0000000082900000, 0x0000000082a00000, 0x0000000082a00000|100%| O|  |TAMS 0x0000000082a00000, 0x0000000082900000| Untracked 
|  42|0x0000000082a00000, 0x0000000082b00000, 0x0000000082b00000|100%| O|  |TAMS 0x0000000082b00000, 0x0000000082a00000| Untracked 
|  43|0x0000000082b00000, 0x0000000082c00000, 0x0000000082c00000|100%| O|  |TAMS 0x0000000082c00000, 0x0000000082b00000| Untracked 
|  44|0x0000000082c00000, 0x0000000082d00000, 0x0000000082d00000|100%| O|  |TAMS 0x0000000082d00000, 0x0000000082c00000| Untracked 
|  45|0x0000000082d00000, 0x0000000082e00000, 0x0000000082e00000|100%| O|  |TAMS 0x0000000082e00000, 0x0000000082d00000| Untracked 
|  46|0x0000000082e00000, 0x0000000082f00000, 0x0000000082f00000|100%|HS|  |TAMS 0x0000000082f00000, 0x0000000082e00000| Complete 
|  47|0x0000000082f00000, 0x0000000083000000, 0x0000000083000000|100%|HC|  |TAMS 0x0000000083000000, 0x0000000082f00000| Complete 
|  48|0x0000000083000000, 0x0000000083100000, 0x0000000083100000|100%|HC|  |TAMS 0x0000000083100000, 0x0000000083000000| Complete 
|  49|0x0000000083100000, 0x0000000083200000, 0x0000000083200000|100%| O|  |TAMS 0x0000000083200000, 0x0000000083100000| Untracked 
|  50|0x0000000083200000, 0x0000000083300000, 0x0000000083300000|100%| O|  |TAMS 0x0000000083300000, 0x0000000083200000| Untracked 
|  51|0x0000000083300000, 0x0000000083400000, 0x0000000083400000|100%| O|  |TAMS 0x0000000083400000, 0x0000000083300000| Untracked 
|  52|0x0000000083400000, 0x0000000083500000, 0x0000000083500000|100%|HS|  |TAMS 0x0000000083500000, 0x0000000083400000| Complete 
|  53|0x0000000083500000, 0x0000000083600000, 0x0000000083600000|100%|HC|  |TAMS 0x0000000083600000, 0x0000000083500000| Complete 
|  54|0x0000000083600000, 0x0000000083700000, 0x0000000083700000|100%|HC|  |TAMS 0x0000000083700000, 0x0000000083600000| Complete 
|  55|0x0000000083700000, 0x0000000083800000, 0x0000000083800000|100%|HC|  |TAMS 0x0000000083800000, 0x0000000083700000| Complete 
|  56|0x0000000083800000, 0x0000000083900000, 0x0000000083900000|100%|HC|  |TAMS 0x0000000083900000, 0x0000000083800000| Complete 
|  57|0x0000000083900000, 0x0000000083a00000, 0x0000000083a00000|100%| O|  |TAMS 0x0000000083a00000, 0x0000000083900000| Untracked 
|  58|0x0000000083a00000, 0x0000000083b00000, 0x0000000083b00000|100%| O|  |TAMS 0x0000000083a00000, 0x0000000083a00000| Untracked 
|  59|0x0000000083b00000, 0x0000000083c00000, 0x0000000083c00000|100%| O|  |TAMS 0x0000000083c00000, 0x0000000083b00000| Untracked 
|  60|0x0000000083c00000, 0x0000000083d00000, 0x0000000083d00000|100%|HS|  |TAMS 0x0000000083d00000, 0x0000000083c00000| Complete 
|  61|0x0000000083d00000, 0x0000000083e00000, 0x0000000083e00000|100%|HC|  |TAMS 0x0000000083e00000, 0x0000000083d00000| Complete 
|  62|0x0000000083e00000, 0x0000000083f00000, 0x0000000083f00000|100%|HC|  |TAMS 0x0000000083f00000, 0x0000000083e00000| Complete 
|  63|0x0000000083f00000, 0x0000000084000000, 0x0000000084000000|100%|HC|  |TAMS 0x0000000084000000, 0x0000000083f00000| Complete 
|  64|0x0000000084000000, 0x0000000084100000, 0x0000000084100000|100%|HC|  |TAMS 0x0000000084100000, 0x0000000084000000| Complete 
|  65|0x0000000084100000, 0x0000000084200000, 0x0000000084200000|100%| O|  |TAMS 0x0000000084200000, 0x0000000084100000| Untracked 
|  66|0x0000000084200000, 0x0000000084300000, 0x0000000084300000|100%| O|  |TAMS 0x0000000084300000, 0x0000000084200000| Untracked 
|  67|0x0000000084300000, 0x0000000084400000, 0x0000000084400000|100%| O|  |TAMS 0x0000000084400000, 0x0000000084300000| Untracked 
|  68|0x0000000084400000, 0x0000000084500000, 0x0000000084500000|100%| O|  |TAMS 0x0000000084500000, 0x0000000084400000| Untracked 
|  69|0x0000000084500000, 0x0000000084600000, 0x0000000084600000|100%| O|  |TAMS 0x0000000084600000, 0x0000000084500000| Untracked 
|  70|0x0000000084600000, 0x0000000084700000, 0x0000000084700000|100%| O|  |TAMS 0x0000000084700000, 0x0000000084600000| Untracked 
|  71|0x0000000084700000, 0x0000000084800000, 0x0000000084800000|100%| O|  |TAMS 0x0000000084800000, 0x0000000084700000| Untracked 
|  72|0x0000000084800000, 0x0000000084900000, 0x0000000084900000|100%| O|  |TAMS 0x0000000084900000, 0x0000000084800000| Untracked 
|  73|0x0000000084900000, 0x0000000084a00000, 0x0000000084a00000|100%| O|  |TAMS 0x0000000084a00000, 0x0000000084900000| Untracked 
|  74|0x0000000084a00000, 0x0000000084b00000, 0x0000000084b00000|100%| O|  |TAMS 0x0000000084b00000, 0x0000000084a00000| Untracked 
|  75|0x0000000084b00000, 0x0000000084c00000, 0x0000000084c00000|100%|HS|  |TAMS 0x0000000084c00000, 0x0000000084b00000| Complete 
|  76|0x0000000084c00000, 0x0000000084d00000, 0x0000000084d00000|100%| O|  |TAMS 0x0000000084d00000, 0x0000000084c00000| Untracked 
|  77|0x0000000084d00000, 0x0000000084e00000, 0x0000000084e00000|100%| O|  |TAMS 0x0000000084e00000, 0x0000000084d00000| Untracked 
|  78|0x0000000084e00000, 0x0000000084f00000, 0x0000000084f00000|100%| O|  |TAMS 0x0000000084f00000, 0x0000000084e00000| Untracked 
|  79|0x0000000084f00000, 0x0000000085000000, 0x0000000085000000|100%| O|  |TAMS 0x0000000085000000, 0x0000000084f00000| Untracked 
|  80|0x0000000085000000, 0x0000000085100000, 0x0000000085100000|100%| O|  |TAMS 0x0000000085100000, 0x0000000085000000| Untracked 
|  81|0x0000000085100000, 0x0000000085200000, 0x0000000085200000|100%| O|  |TAMS 0x0000000085200000, 0x0000000085100000| Untracked 
|  82|0x0000000085200000, 0x0000000085300000, 0x0000000085300000|100%|HS|  |TAMS 0x0000000085300000, 0x0000000085200000| Complete 
|  83|0x0000000085300000, 0x0000000085400000, 0x0000000085400000|100%|HC|  |TAMS 0x0000000085400000, 0x0000000085300000| Complete 
|  84|0x0000000085400000, 0x0000000085500000, 0x0000000085500000|100%|HC|  |TAMS 0x0000000085500000, 0x0000000085400000| Complete 
|  85|0x0000000085500000, 0x0000000085600000, 0x0000000085600000|100%|HC|  |TAMS 0x0000000085600000, 0x0000000085500000| Complete 
|  86|0x0000000085600000, 0x0000000085700000, 0x0000000085700000|100%|HC|  |TAMS 0x0000000085700000, 0x0000000085600000| Complete 
|  87|0x0000000085700000, 0x0000000085800000, 0x0000000085800000|100%|HC|  |TAMS 0x0000000085800000, 0x0000000085700000| Complete 
|  88|0x0000000085800000, 0x0000000085900000, 0x0000000085900000|100%| O|  |TAMS 0x0000000085900000, 0x0000000085800000| Untracked 
|  89|0x0000000085900000, 0x0000000085a00000, 0x0000000085a00000|100%| O|  |TAMS 0x0000000085a00000, 0x0000000085900000| Untracked 
|  90|0x0000000085a00000, 0x0000000085b00000, 0x0000000085b00000|100%| O|  |TAMS 0x0000000085b00000, 0x0000000085a00000| Untracked 
|  91|0x0000000085b00000, 0x0000000085c00000, 0x0000000085c00000|100%| O|  |TAMS 0x0000000085c00000, 0x0000000085b00000| Untracked 
|  92|0x0000000085c00000, 0x0000000085d00000, 0x0000000085d00000|100%| O|  |TAMS 0x0000000085d00000, 0x0000000085c00000| Untracked 
|  93|0x0000000085d00000, 0x0000000085e00000, 0x0000000085e00000|100%| O|  |TAMS 0x0000000085e00000, 0x0000000085d00000| Untracked 
|  94|0x0000000085e00000, 0x0000000085f00000, 0x0000000085f00000|100%| O|  |TAMS 0x0000000085f00000, 0x0000000085e00000| Untracked 
|  95|0x0000000085f00000, 0x0000000086000000, 0x0000000086000000|100%| O|  |TAMS 0x0000000086000000, 0x0000000085f00000| Untracked 
|  96|0x0000000086000000, 0x0000000086100000, 0x0000000086100000|100%| O|  |TAMS 0x0000000086100000, 0x0000000086000000| Untracked 
|  97|0x0000000086100000, 0x0000000086200000, 0x0000000086200000|100%| O|  |TAMS 0x0000000086200000, 0x0000000086100000| Untracked 
|  98|0x0000000086200000, 0x0000000086300000, 0x0000000086300000|100%| O|  |TAMS 0x0000000086300000, 0x0000000086200000| Untracked 
|  99|0x0000000086300000, 0x0000000086400000, 0x0000000086400000|100%| O|  |TAMS 0x0000000086400000, 0x0000000086300000| Untracked 
| 100|0x0000000086400000, 0x0000000086500000, 0x0000000086500000|100%| O|  |TAMS 0x0000000086500000, 0x0000000086400000| Untracked 
| 101|0x0000000086500000, 0x0000000086600000, 0x0000000086600000|100%| O|  |TAMS 0x0000000086600000, 0x0000000086500000| Untracked 
| 102|0x0000000086600000, 0x0000000086700000, 0x0000000086700000|100%| O|  |TAMS 0x0000000086700000, 0x0000000086600000| Untracked 
| 103|0x0000000086700000, 0x0000000086800000, 0x0000000086800000|100%| O|  |TAMS 0x0000000086800000, 0x0000000086700000| Untracked 
| 104|0x0000000086800000, 0x0000000086900000, 0x0000000086900000|100%| O|  |TAMS 0x00000000868ce400, 0x0000000086800000| Untracked 
| 105|0x0000000086900000, 0x0000000086a00000, 0x0000000086a00000|100%| O|  |TAMS 0x0000000086900000, 0x0000000086900000| Untracked 
| 106|0x0000000086a00000, 0x0000000086b00000, 0x0000000086b00000|100%| O|  |TAMS 0x0000000086a00000, 0x0000000086a00000| Untracked 
| 107|0x0000000086b00000, 0x0000000086c00000, 0x0000000086c00000|100%| O|  |TAMS 0x0000000086b00000, 0x0000000086b00000| Untracked 
| 108|0x0000000086c00000, 0x0000000086d00000, 0x0000000086d00000|100%| O|  |TAMS 0x0000000086c00000, 0x0000000086c00000| Untracked 
| 109|0x0000000086d00000, 0x0000000086e00000, 0x0000000086e00000|100%| O|  |TAMS 0x0000000086d00000, 0x0000000086d00000| Untracked 
| 110|0x0000000086e00000, 0x0000000086f00000, 0x0000000086f00000|100%| O|  |TAMS 0x0000000086e00000, 0x0000000086e00000| Untracked 
| 111|0x0000000086f00000, 0x0000000087000000, 0x0000000087000000|100%| O|  |TAMS 0x0000000086f00000, 0x0000000086f00000| Untracked 
| 112|0x0000000087000000, 0x0000000087100000, 0x0000000087100000|100%| O|  |TAMS 0x0000000087000000, 0x0000000087000000| Untracked 
| 113|0x0000000087100000, 0x0000000087200000, 0x0000000087200000|100%| O|  |TAMS 0x0000000087100000, 0x0000000087100000| Untracked 
| 114|0x0000000087200000, 0x0000000087300000, 0x0000000087300000|100%| O|  |TAMS 0x0000000087200000, 0x0000000087200000| Untracked 
| 115|0x0000000087300000, 0x0000000087400000, 0x0000000087400000|100%| O|  |TAMS 0x0000000087300000, 0x0000000087300000| Untracked 
| 116|0x0000000087400000, 0x0000000087500000, 0x0000000087500000|100%| O|  |TAMS 0x0000000087400000, 0x0000000087400000| Untracked 
| 117|0x0000000087500000, 0x0000000087600000, 0x0000000087600000|100%| O|  |TAMS 0x0000000087500000, 0x0000000087500000| Untracked 
| 118|0x0000000087600000, 0x0000000087700000, 0x0000000087700000|100%|HS|  |TAMS 0x0000000087600000, 0x0000000087600000| Complete 
| 119|0x0000000087700000, 0x0000000087800000, 0x0000000087800000|100%|HC|  |TAMS 0x0000000087700000, 0x0000000087700000| Complete 
| 120|0x0000000087800000, 0x0000000087900000, 0x0000000087900000|100%| O|  |TAMS 0x0000000087800000, 0x0000000087800000| Untracked 
| 121|0x0000000087900000, 0x0000000087a00000, 0x0000000087a00000|100%| O|  |TAMS 0x0000000087900000, 0x0000000087900000| Untracked 
| 122|0x0000000087a00000, 0x0000000087b00000, 0x0000000087b00000|100%| O|  |TAMS 0x0000000087a00000, 0x0000000087a00000| Untracked 
| 123|0x0000000087b00000, 0x0000000087c00000, 0x0000000087c00000|100%| O|  |TAMS 0x0000000087b00000, 0x0000000087b00000| Untracked 
| 124|0x0000000087c00000, 0x0000000087d00000, 0x0000000087d00000|100%| O|  |TAMS 0x0000000087c00000, 0x0000000087c00000| Untracked 
| 125|0x0000000087d00000, 0x0000000087e00000, 0x0000000087e00000|100%| O|  |TAMS 0x0000000087d00000, 0x0000000087d00000| Untracked 
| 126|0x0000000087e00000, 0x0000000087f00000, 0x0000000087f00000|100%| O|  |TAMS 0x0000000087e00000, 0x0000000087e00000| Untracked 
| 127|0x0000000087f00000, 0x0000000088000000, 0x0000000088000000|100%| O|  |TAMS 0x0000000087f00000, 0x0000000087f00000| Untracked 
| 128|0x0000000088000000, 0x00000000880bb000, 0x0000000088100000| 73%| O|  |TAMS 0x0000000088000000, 0x0000000088000000| Untracked 
| 129|0x0000000088100000, 0x0000000088200000, 0x0000000088200000|100%|HS|  |TAMS 0x0000000088100000, 0x0000000088100000| Complete 
| 130|0x0000000088200000, 0x0000000088300000, 0x0000000088300000|100%|HC|  |TAMS 0x0000000088200000, 0x0000000088200000| Complete 
| 131|0x0000000088300000, 0x0000000088400000, 0x0000000088400000|100%|HC|  |TAMS 0x0000000088300000, 0x0000000088300000| Complete 
| 132|0x0000000088400000, 0x0000000088500000, 0x0000000088500000|100%|HC|  |TAMS 0x0000000088400000, 0x0000000088400000| Complete 
| 133|0x0000000088500000, 0x0000000088500000, 0x0000000088600000|  0%| F|  |TAMS 0x0000000088500000, 0x0000000088500000| Untracked 
| 134|0x0000000088600000, 0x0000000088600000, 0x0000000088700000|  0%| F|  |TAMS 0x0000000088600000, 0x0000000088600000| Untracked 
| 135|0x0000000088700000, 0x0000000088700000, 0x0000000088800000|  0%| F|  |TAMS 0x0000000088700000, 0x0000000088700000| Untracked 
| 136|0x0000000088800000, 0x0000000088800000, 0x0000000088900000|  0%| F|  |TAMS 0x0000000088800000, 0x0000000088800000| Untracked 
| 137|0x0000000088900000, 0x0000000088900000, 0x0000000088a00000|  0%| F|  |TAMS 0x0000000088900000, 0x0000000088900000| Untracked 
| 138|0x0000000088a00000, 0x0000000088a00000, 0x0000000088b00000|  0%| F|  |TAMS 0x0000000088a00000, 0x0000000088a00000| Untracked 
| 139|0x0000000088b00000, 0x0000000088b00000, 0x0000000088c00000|  0%| F|  |TAMS 0x0000000088b00000, 0x0000000088b00000| Untracked 
| 140|0x0000000088c00000, 0x0000000088c00000, 0x0000000088d00000|  0%| F|  |TAMS 0x0000000088c00000, 0x0000000088c00000| Untracked 
| 141|0x0000000088d00000, 0x0000000088d00000, 0x0000000088e00000|  0%| F|  |TAMS 0x0000000088d00000, 0x0000000088d00000| Untracked 
| 142|0x0000000088e00000, 0x0000000088e00000, 0x0000000088f00000|  0%| F|  |TAMS 0x0000000088e00000, 0x0000000088e00000| Untracked 
| 143|0x0000000088f00000, 0x0000000088f00000, 0x0000000089000000|  0%| F|  |TAMS 0x0000000088f00000, 0x0000000088f00000| Untracked 
| 144|0x0000000089000000, 0x0000000089000000, 0x0000000089100000|  0%| F|  |TAMS 0x0000000089000000, 0x0000000089000000| Untracked 
| 145|0x0000000089100000, 0x0000000089100000, 0x0000000089200000|  0%| F|  |TAMS 0x0000000089100000, 0x0000000089100000| Untracked 
| 146|0x0000000089200000, 0x0000000089200000, 0x0000000089300000|  0%| F|  |TAMS 0x0000000089200000, 0x0000000089200000| Untracked 
| 147|0x0000000089300000, 0x0000000089300000, 0x0000000089400000|  0%| F|  |TAMS 0x0000000089300000, 0x0000000089300000| Untracked 
| 148|0x0000000089400000, 0x0000000089400000, 0x0000000089500000|  0%| F|  |TAMS 0x0000000089400000, 0x0000000089400000| Untracked 
| 149|0x0000000089500000, 0x0000000089500000, 0x0000000089600000|  0%| F|  |TAMS 0x0000000089500000, 0x0000000089500000| Untracked 
| 150|0x0000000089600000, 0x0000000089600000, 0x0000000089700000|  0%| F|  |TAMS 0x0000000089600000, 0x0000000089600000| Untracked 
| 151|0x0000000089700000, 0x0000000089700000, 0x0000000089800000|  0%| F|  |TAMS 0x0000000089700000, 0x0000000089700000| Untracked 
| 152|0x0000000089800000, 0x0000000089800000, 0x0000000089900000|  0%| F|  |TAMS 0x0000000089800000, 0x0000000089800000| Untracked 
| 153|0x0000000089900000, 0x0000000089900000, 0x0000000089a00000|  0%| F|  |TAMS 0x0000000089900000, 0x0000000089900000| Untracked 
| 154|0x0000000089a00000, 0x0000000089a00000, 0x0000000089b00000|  0%| F|  |TAMS 0x0000000089a00000, 0x0000000089a00000| Untracked 
| 155|0x0000000089b00000, 0x0000000089b00000, 0x0000000089c00000|  0%| F|  |TAMS 0x0000000089b00000, 0x0000000089b00000| Untracked 
| 156|0x0000000089c00000, 0x0000000089c00000, 0x0000000089d00000|  0%| F|  |TAMS 0x0000000089c00000, 0x0000000089c00000| Untracked 
| 157|0x0000000089d00000, 0x0000000089d00000, 0x0000000089e00000|  0%| F|  |TAMS 0x0000000089d00000, 0x0000000089d00000| Untracked 
| 158|0x0000000089e00000, 0x0000000089e00000, 0x0000000089f00000|  0%| F|  |TAMS 0x0000000089e00000, 0x0000000089e00000| Untracked 
| 159|0x0000000089f00000, 0x0000000089f00000, 0x000000008a000000|  0%| F|  |TAMS 0x0000000089f00000, 0x0000000089f00000| Untracked 
| 160|0x000000008a000000, 0x000000008a0c3120, 0x000000008a100000| 76%| S|CS|TAMS 0x000000008a000000, 0x000000008a000000| Complete 
| 161|0x000000008a100000, 0x000000008a200000, 0x000000008a200000|100%| S|CS|TAMS 0x000000008a100000, 0x000000008a100000| Complete 
| 162|0x000000008a200000, 0x000000008a300000, 0x000000008a300000|100%| S|CS|TAMS 0x000000008a200000, 0x000000008a200000| Complete 
| 163|0x000000008a300000, 0x000000008a300000, 0x000000008a400000|  0%| F|  |TAMS 0x000000008a300000, 0x000000008a300000| Untracked 
| 164|0x000000008a400000, 0x000000008a400000, 0x000000008a500000|  0%| F|  |TAMS 0x000000008a400000, 0x000000008a400000| Untracked 
| 165|0x000000008a500000, 0x000000008a500000, 0x000000008a600000|  0%| F|  |TAMS 0x000000008a500000, 0x000000008a500000| Untracked 
| 166|0x000000008a600000, 0x000000008a600000, 0x000000008a700000|  0%| F|  |TAMS 0x000000008a600000, 0x000000008a600000| Untracked 
| 167|0x000000008a700000, 0x000000008a700000, 0x000000008a800000|  0%| F|  |TAMS 0x000000008a700000, 0x000000008a700000| Untracked 
| 168|0x000000008a800000, 0x000000008a800000, 0x000000008a900000|  0%| F|  |TAMS 0x000000008a800000, 0x000000008a800000| Untracked 
| 169|0x000000008a900000, 0x000000008a900000, 0x000000008aa00000|  0%| F|  |TAMS 0x000000008a900000, 0x000000008a900000| Untracked 
| 170|0x000000008aa00000, 0x000000008aa00000, 0x000000008ab00000|  0%| F|  |TAMS 0x000000008aa00000, 0x000000008aa00000| Untracked 
| 171|0x000000008ab00000, 0x000000008ab00000, 0x000000008ac00000|  0%| F|  |TAMS 0x000000008ab00000, 0x000000008ab00000| Untracked 
| 172|0x000000008ac00000, 0x000000008ac00000, 0x000000008ad00000|  0%| F|  |TAMS 0x000000008ac00000, 0x000000008ac00000| Untracked 
| 173|0x000000008ad00000, 0x000000008ad00000, 0x000000008ae00000|  0%| F|  |TAMS 0x000000008ad00000, 0x000000008ad00000| Untracked 
| 174|0x000000008ae00000, 0x000000008ae00000, 0x000000008af00000|  0%| F|  |TAMS 0x000000008ae00000, 0x000000008ae00000| Untracked 
| 175|0x000000008af00000, 0x000000008af00000, 0x000000008b000000|  0%| F|  |TAMS 0x000000008af00000, 0x000000008af00000| Untracked 
| 176|0x000000008b000000, 0x000000008b000000, 0x000000008b100000|  0%| F|  |TAMS 0x000000008b000000, 0x000000008b000000| Untracked 
| 177|0x000000008b100000, 0x000000008b100000, 0x000000008b200000|  0%| F|  |TAMS 0x000000008b100000, 0x000000008b100000| Untracked 
| 178|0x000000008b200000, 0x000000008b200000, 0x000000008b300000|  0%| F|  |TAMS 0x000000008b200000, 0x000000008b200000| Untracked 
| 179|0x000000008b300000, 0x000000008b300000, 0x000000008b400000|  0%| F|  |TAMS 0x000000008b300000, 0x000000008b300000| Untracked 
| 180|0x000000008b400000, 0x000000008b400000, 0x000000008b500000|  0%| F|  |TAMS 0x000000008b400000, 0x000000008b400000| Untracked 
| 181|0x000000008b500000, 0x000000008b500000, 0x000000008b600000|  0%| F|  |TAMS 0x000000008b500000, 0x000000008b500000| Untracked 
| 182|0x000000008b600000, 0x000000008b600000, 0x000000008b700000|  0%| F|  |TAMS 0x000000008b600000, 0x000000008b600000| Untracked 
| 183|0x000000008b700000, 0x000000008b700000, 0x000000008b800000|  0%| F|  |TAMS 0x000000008b700000, 0x000000008b700000| Untracked 
| 184|0x000000008b800000, 0x000000008b800000, 0x000000008b900000|  0%| F|  |TAMS 0x000000008b800000, 0x000000008b800000| Untracked 
| 185|0x000000008b900000, 0x000000008b900000, 0x000000008ba00000|  0%| F|  |TAMS 0x000000008b900000, 0x000000008b900000| Untracked 
| 186|0x000000008ba00000, 0x000000008ba00000, 0x000000008bb00000|  0%| F|  |TAMS 0x000000008ba00000, 0x000000008ba00000| Untracked 
| 187|0x000000008bb00000, 0x000000008bb00000, 0x000000008bc00000|  0%| F|  |TAMS 0x000000008bb00000, 0x000000008bb00000| Untracked 
| 188|0x000000008bc00000, 0x000000008bc00000, 0x000000008bd00000|  0%| F|  |TAMS 0x000000008bc00000, 0x000000008bc00000| Untracked 
| 189|0x000000008bd00000, 0x000000008bd00000, 0x000000008be00000|  0%| F|  |TAMS 0x000000008bd00000, 0x000000008bd00000| Untracked 
| 190|0x000000008be00000, 0x000000008be00000, 0x000000008bf00000|  0%| F|  |TAMS 0x000000008be00000, 0x000000008be00000| Untracked 
| 191|0x000000008bf00000, 0x000000008bf00000, 0x000000008c000000|  0%| F|  |TAMS 0x000000008bf00000, 0x000000008bf00000| Untracked 
| 192|0x000000008c000000, 0x000000008c000000, 0x000000008c100000|  0%| F|  |TAMS 0x000000008c000000, 0x000000008c000000| Untracked 
| 193|0x000000008c100000, 0x000000008c100000, 0x000000008c200000|  0%| F|  |TAMS 0x000000008c100000, 0x000000008c100000| Untracked 
| 194|0x000000008c200000, 0x000000008c200000, 0x000000008c300000|  0%| F|  |TAMS 0x000000008c200000, 0x000000008c200000| Untracked 
| 195|0x000000008c300000, 0x000000008c300000, 0x000000008c400000|  0%| F|  |TAMS 0x000000008c300000, 0x000000008c300000| Untracked 
| 196|0x000000008c400000, 0x000000008c400000, 0x000000008c500000|  0%| F|  |TAMS 0x000000008c400000, 0x000000008c400000| Untracked 
| 197|0x000000008c500000, 0x000000008c500000, 0x000000008c600000|  0%| F|  |TAMS 0x000000008c500000, 0x000000008c500000| Untracked 
| 198|0x000000008c600000, 0x000000008c600000, 0x000000008c700000|  0%| F|  |TAMS 0x000000008c600000, 0x000000008c600000| Untracked 
| 199|0x000000008c700000, 0x000000008c700000, 0x000000008c800000|  0%| F|  |TAMS 0x000000008c700000, 0x000000008c700000| Untracked 
| 200|0x000000008c800000, 0x000000008c800000, 0x000000008c900000|  0%| F|  |TAMS 0x000000008c800000, 0x000000008c800000| Untracked 
| 201|0x000000008c900000, 0x000000008c900000, 0x000000008ca00000|  0%| F|  |TAMS 0x000000008c900000, 0x000000008c900000| Untracked 
| 202|0x000000008ca00000, 0x000000008ca00000, 0x000000008cb00000|  0%| F|  |TAMS 0x000000008ca00000, 0x000000008ca00000| Untracked 
| 203|0x000000008cb00000, 0x000000008cb00000, 0x000000008cc00000|  0%| F|  |TAMS 0x000000008cb00000, 0x000000008cb00000| Untracked 
| 204|0x000000008cc00000, 0x000000008cc00000, 0x000000008cd00000|  0%| F|  |TAMS 0x000000008cc00000, 0x000000008cc00000| Untracked 
| 205|0x000000008cd00000, 0x000000008cd00000, 0x000000008ce00000|  0%| F|  |TAMS 0x000000008cd00000, 0x000000008cd00000| Untracked 
| 206|0x000000008ce00000, 0x000000008ce00000, 0x000000008cf00000|  0%| F|  |TAMS 0x000000008ce00000, 0x000000008ce00000| Untracked 
| 207|0x000000008cf00000, 0x000000008cf00000, 0x000000008d000000|  0%| F|  |TAMS 0x000000008cf00000, 0x000000008cf00000| Untracked 
| 208|0x000000008d000000, 0x000000008d000000, 0x000000008d100000|  0%| F|  |TAMS 0x000000008d000000, 0x000000008d000000| Untracked 
| 209|0x000000008d100000, 0x000000008d100000, 0x000000008d200000|  0%| F|  |TAMS 0x000000008d100000, 0x000000008d100000| Untracked 
| 210|0x000000008d200000, 0x000000008d200000, 0x000000008d300000|  0%| F|  |TAMS 0x000000008d200000, 0x000000008d200000| Untracked 
| 211|0x000000008d300000, 0x000000008d300000, 0x000000008d400000|  0%| F|  |TAMS 0x000000008d300000, 0x000000008d300000| Untracked 

Card table byte_map: [0x0000023fdf280000,0x0000023fdf680000] _byte_map_base: 0x0000023fdee80000

Marking Bits (Prev, Next): (CMBitMap*) 0x0000023fca7b7d40, (CMBitMap*) 0x0000023fca7b7d80
 Prev Bits: [0x0000023fdfa80000, 0x0000023fe1a80000)
 Next Bits: [0x0000023fe1a80000, 0x0000023fe3a80000)

Polling page: 0x0000023fca810000

Metaspace:

Usage:
  Non-class:    108.42 MB used.
      Class:     16.01 MB used.
       Both:    124.43 MB used.

Virtual space:
  Non-class space:      128.00 MB reserved,     108.81 MB ( 85%) committed,  2 nodes.
      Class space:        1.00 GB reserved,      16.38 MB (  2%) committed,  1 nodes.
             Both:        1.12 GB reserved,     125.19 MB ( 11%) committed. 

Chunk freelists:
   Non-Class:  2.83 MB
       Class:  15.50 MB
        Both:  18.33 MB

MaxMetaspaceSize: unlimited
CompressedClassSpaceSize: 1.00 GB
Initial GC threshold: 21.00 MB
Current GC threshold: 185.88 MB
CDS: off
MetaspaceReclaimPolicy: balanced
 - commit_granule_bytes: 65536.
 - commit_granule_words: 8192.
 - virtual_space_node_default_size: 8388608.
 - enlarge_chunks_in_place: 1.
 - new_chunks_are_fully_committed: 0.
 - uncommit_free_chunks: 1.
 - use_allocation_guard: 0.
 - handle_deallocations: 1.


Internal statistics:

num_allocs_failed_limit: 3.
num_arena_births: 844.
num_arena_deaths: 0.
num_vsnodes_births: 3.
num_vsnodes_deaths: 0.
num_space_committed: 2001.
num_space_uncommitted: 0.
num_chunks_returned_to_freelist: 3.
num_chunks_taken_from_freelist: 5069.
num_chunk_merges: 0.
num_chunk_splits: 3885.
num_chunks_enlarged: 3183.
num_inconsistent_stats: 0.

CodeHeap 'non-profiled nmethods': size=120000Kb used=4468Kb max_used=4767Kb free=115531Kb
 bounds [0x0000023fd6ef0000, 0x0000023fd73a0000, 0x0000023fde420000]
CodeHeap 'profiled nmethods': size=120000Kb used=19726Kb max_used=19726Kb free=100274Kb
 bounds [0x0000023fcf420000, 0x0000023fd0770000, 0x0000023fd6950000]
CodeHeap 'non-nmethods': size=5760Kb used=2534Kb max_used=2563Kb free=3226Kb
 bounds [0x0000023fd6950000, 0x0000023fd6be0000, 0x0000023fd6ef0000]
 total_blobs=11264 nmethods=10164 adapters=1011
 compilation: enabled
              stopped_count=0, restarted_count=0
 full_count=0

Compilation events (20 events):
Event: 45.163 Thread 0x0000023fe66f9270 nmethod 11690 0x0000023fd0760310 code [0x0000023fd07604e0, 0x0000023fd07606f8]
Event: 45.164 Thread 0x0000023fe66f9270 11691       1       org.gradle.internal.execution.steps.WorkspaceContext::shouldCaptureBeforeExecutionState (5 bytes)
Event: 45.164 Thread 0x0000023fe66f9270 nmethod 11691 0x0000023fd6f8e590 code [0x0000023fd6f8e720, 0x0000023fd6f8e7f8]
Event: 45.164 Thread 0x0000023fe66f9270 11692       1       com.google.common.collect.ImmutableSortedMap$1EntrySet$1::delegateCollection (5 bytes)
Event: 45.164 Thread 0x0000023fe66f9270 nmethod 11692 0x0000023fd6f8e290 code [0x0000023fd6f8e420, 0x0000023fd6f8e4f8]
Event: 45.164 Thread 0x0000023fe66f9270 11693       2       org.gradle.internal.execution.steps.BeforeExecutionContext::getBeforeExecutionState (8 bytes)
Event: 45.165 Thread 0x0000023fe66f9270 nmethod 11693 0x0000023fd0760910 code [0x0000023fd0760aa0, 0x0000023fd0760c58]
Event: 45.168 Thread 0x0000023fe66f9270 11695       2       org.objectweb.asm.ClassReader::readTypeAnnotationTarget (596 bytes)
Event: 45.169 Thread 0x0000023fe66f9270 nmethod 11695 0x0000023fd0760d10 code [0x0000023fd0760f80, 0x0000023fd0761dd8]
Event: 45.169 Thread 0x0000023fe66f9270 11696       2       org.objectweb.asm.AnnotationWriter::create (50 bytes)
Event: 45.169 Thread 0x0000023fe66f9270 nmethod 11696 0x0000023fd0762510 code [0x0000023fd0762700, 0x0000023fd0762ab8]
Event: 45.172 Thread 0x0000023fe66f9270 11697       2       org.objectweb.asm.MethodWriter::visitTypeAnnotation (45 bytes)
Event: 45.172 Thread 0x0000023fe66f9270 nmethod 11697 0x0000023fd0762d10 code [0x0000023fd0762ec0, 0x0000023fd0763118]
Event: 45.173 Thread 0x0000023fe66f9270 11698       3       java.util.Arrays::binarySearch0 (74 bytes)
Event: 45.173 Thread 0x0000023fe66f9270 nmethod 11698 0x0000023fd0763210 code [0x0000023fd07633c0, 0x0000023fd0763678]
Event: 45.188 Thread 0x0000023fe66f9270 11702       2       org.objectweb.asm.MethodVisitor::visitLookupSwitchInsn (18 bytes)
Event: 45.188 Thread 0x0000023fe66f9270 nmethod 11702 0x0000023fd0763790 code [0x0000023fd0763920, 0x0000023fd0763a48]
Event: 45.198 Thread 0x0000023fe66f8870 nmethod 11674 0x0000023fd6f8cc10 code [0x0000023fd6f8cdc0, 0x0000023fd6f8ddb8]
Event: 45.198 Thread 0x0000023fe66f8870 11694       4       org.gradle.internal.classpath.transforms.InstrumentingClassTransform$InstrumentingMethodVisitor::visitMethodInsn (131 bytes)
Event: 45.199 Thread 0x0000023fe66f9270 11704 %     3       org.objectweb.asm.MethodWriter::visitFrame @ 718 (811 bytes)

GC Heap History (20 events):
Event: 37.054 GC heap after
{Heap after GC invocations=58 (full 0):
 garbage-first heap   total 179200K, used 107024K [0x0000000080000000, 0x0000000100000000)
  region size 1024K, 1 young (1024K), 1 survivors (1024K)
 Metaspace       used 101673K, committed 102272K, reserved 1179648K
  class space    used 13418K, committed 13696K, reserved 1048576K
}
Event: 38.255 GC heap before
{Heap before GC invocations=58 (full 0):
 garbage-first heap   total 179200K, used 150032K [0x0000000080000000, 0x0000000100000000)
  region size 1024K, 43 young (44032K), 1 survivors (1024K)
 Metaspace       used 108162K, committed 108800K, reserved 1179648K
  class space    used 14070K, committed 14336K, reserved 1048576K
}
Event: 38.258 GC heap after
{Heap after GC invocations=59 (full 0):
 garbage-first heap   total 179200K, used 107321K [0x0000000080000000, 0x0000000100000000)
  region size 1024K, 1 young (1024K), 1 survivors (1024K)
 Metaspace       used 108162K, committed 108800K, reserved 1179648K
  class space    used 14070K, committed 14336K, reserved 1048576K
}
Event: 39.800 GC heap before
{Heap before GC invocations=59 (full 0):
 garbage-first heap   total 179200K, used 152377K [0x0000000080000000, 0x0000000100000000)
  region size 1024K, 45 young (46080K), 1 survivors (1024K)
 Metaspace       used 113441K, committed 114112K, reserved 1179648K
  class space    used 14630K, committed 14912K, reserved 1048576K
}
Event: 39.805 GC heap after
{Heap after GC invocations=60 (full 0):
 garbage-first heap   total 179200K, used 109703K [0x0000000080000000, 0x0000000100000000)
  region size 1024K, 4 young (4096K), 4 survivors (4096K)
 Metaspace       used 113441K, committed 114112K, reserved 1179648K
  class space    used 14630K, committed 14912K, reserved 1048576K
}
Event: 39.963 GC heap before
{Heap before GC invocations=60 (full 0):
 garbage-first heap   total 179200K, used 117895K [0x0000000080000000, 0x0000000100000000)
  region size 1024K, 13 young (13312K), 4 survivors (4096K)
 Metaspace       used 113531K, committed 114176K, reserved 1179648K
  class space    used 14631K, committed 14912K, reserved 1048576K
}
Event: 39.970 GC heap after
{Heap after GC invocations=61 (full 0):
 garbage-first heap   total 179200K, used 111888K [0x0000000080000000, 0x0000000100000000)
  region size 1024K, 5 young (5120K), 5 survivors (5120K)
 Metaspace       used 113531K, committed 114176K, reserved 1179648K
  class space    used 14631K, committed 14912K, reserved 1048576K
}
Event: 40.282 GC heap before
{Heap before GC invocations=62 (full 0):
 garbage-first heap   total 217088K, used 148752K [0x0000000080000000, 0x0000000100000000)
  region size 1024K, 40 young (40960K), 5 survivors (5120K)
 Metaspace       used 113677K, committed 114304K, reserved 1179648K
  class space    used 14631K, committed 14912K, reserved 1048576K
}
Event: 40.289 GC heap after
{Heap after GC invocations=63 (full 0):
 garbage-first heap   total 217088K, used 114843K [0x0000000080000000, 0x0000000100000000)
  region size 1024K, 5 young (5120K), 5 survivors (5120K)
 Metaspace       used 113677K, committed 114304K, reserved 1179648K
  class space    used 14631K, committed 14912K, reserved 1048576K
}
Event: 40.343 GC heap before
{Heap before GC invocations=63 (full 0):
 garbage-first heap   total 217088K, used 118939K [0x0000000080000000, 0x0000000100000000)
  region size 1024K, 10 young (10240K), 5 survivors (5120K)
 Metaspace       used 113692K, committed 114304K, reserved 1179648K
  class space    used 14631K, committed 14912K, reserved 1048576K
}
Event: 40.349 GC heap after
{Heap after GC invocations=64 (full 0):
 garbage-first heap   total 217088K, used 115364K [0x0000000080000000, 0x0000000100000000)
  region size 1024K, 1 young (1024K), 1 survivors (1024K)
 Metaspace       used 113692K, committed 114304K, reserved 1179648K
  class space    used 14631K, committed 14912K, reserved 1048576K
}
Event: 42.191 GC heap before
{Heap before GC invocations=64 (full 0):
 garbage-first heap   total 217088K, used 174756K [0x0000000080000000, 0x0000000100000000)
  region size 1024K, 59 young (60416K), 1 survivors (1024K)
 Metaspace       used 118022K, committed 118784K, reserved 1179648K
  class space    used 15276K, committed 15616K, reserved 1048576K
}
Event: 42.198 GC heap after
{Heap after GC invocations=65 (full 0):
 garbage-first heap   total 217088K, used 120090K [0x0000000080000000, 0x0000000100000000)
  region size 1024K, 6 young (6144K), 6 survivors (6144K)
 Metaspace       used 118022K, committed 118784K, reserved 1179648K
  class space    used 15276K, committed 15616K, reserved 1048576K
}
Event: 43.936 GC heap before
{Heap before GC invocations=65 (full 0):
 garbage-first heap   total 217088K, used 175386K [0x0000000080000000, 0x0000000100000000)
  region size 1024K, 60 young (61440K), 6 survivors (6144K)
 Metaspace       used 126195K, committed 126912K, reserved 1179648K
  class space    used 16312K, committed 16640K, reserved 1048576K
}
Event: 43.944 GC heap after
{Heap after GC invocations=66 (full 0):
 garbage-first heap   total 217088K, used 124891K [0x0000000080000000, 0x0000000100000000)
  region size 1024K, 5 young (5120K), 5 survivors (5120K)
 Metaspace       used 126195K, committed 126912K, reserved 1179648K
  class space    used 16312K, committed 16640K, reserved 1048576K
}
Event: 44.831 GC heap before
{Heap before GC invocations=66 (full 0):
 garbage-first heap   total 217088K, used 178139K [0x0000000080000000, 0x0000000100000000)
  region size 1024K, 56 young (57344K), 5 survivors (5120K)
 Metaspace       used 127102K, committed 127808K, reserved 1179648K
  class space    used 16361K, committed 16704K, reserved 1048576K
}
Event: 44.839 GC heap after
{Heap after GC invocations=67 (full 0):
 garbage-first heap   total 217088K, used 132955K [0x0000000080000000, 0x0000000100000000)
  region size 1024K, 7 young (7168K), 7 survivors (7168K)
 Metaspace       used 127102K, committed 127808K, reserved 1179648K
  class space    used 16361K, committed 16704K, reserved 1048576K
}
Event: 45.049 GC heap before
{Heap before GC invocations=67 (full 0):
 garbage-first heap   total 217088K, used 179035K [0x0000000080000000, 0x0000000100000000)
  region size 1024K, 52 young (53248K), 7 survivors (7168K)
 Metaspace       used 127351K, committed 128064K, reserved 1179648K
  class space    used 16385K, committed 16704K, reserved 1048576K
}
Event: 45.053 GC heap after
{Heap after GC invocations=68 (full 0):
 garbage-first heap   total 217088K, used 133586K [0x0000000080000000, 0x0000000100000000)
  region size 1024K, 2 young (2048K), 2 survivors (2048K)
 Metaspace       used 127351K, committed 128064K, reserved 1179648K
  class space    used 16385K, committed 16704K, reserved 1048576K
}
Event: 45.200 GC heap before
{Heap before GC invocations=68 (full 0):
 garbage-first heap   total 217088K, used 184786K [0x0000000080000000, 0x0000000100000000)
  region size 1024K, 49 young (50176K), 2 survivors (2048K)
 Metaspace       used 127417K, committed 128192K, reserved 1179648K
  class space    used 16390K, committed 16768K, reserved 1048576K
}

Dll operation events (3 events):
Event: 0.069 Loaded shared library C:\Program Files\Android\Android Studio\jbr\bin\java.dll
Event: 0.525 Loaded shared library C:\Program Files\Android\Android Studio\jbr\bin\zip.dll
Event: 1.461 Loaded shared library C:\Program Files\Android\Android Studio\jbr\bin\verify.dll

Deoptimization events (20 events):
Event: 44.934 Thread 0x0000023fec9f2f60 DEOPT PACKING pc=0x0000023fd709fb14 sp=0x000000e52f3fc230
Event: 44.934 Thread 0x0000023fec9f2f60 DEOPT UNPACKING pc=0x0000023fd69a69a3 sp=0x000000e52f3fc1d8 mode 2
Event: 45.110 Thread 0x0000023fefa68f90 DEOPT PACKING pc=0x0000023fd06a39cf sp=0x000000e52f7fb890
Event: 45.110 Thread 0x0000023fefa68f90 DEOPT UNPACKING pc=0x0000023fd69a7143 sp=0x000000e52f7fad50 mode 0
Event: 45.135 Thread 0x0000023fefa6a3d0 DEOPT PACKING pc=0x0000023fd06ec5c4 sp=0x000000e52f6fb970
Event: 45.135 Thread 0x0000023fefa6a3d0 DEOPT UNPACKING pc=0x0000023fd69a7143 sp=0x000000e52f6fae88 mode 0
Event: 45.140 Thread 0x0000023fec9f43a0 DEOPT PACKING pc=0x0000023fd06ec5c4 sp=0x000000e52f5fb3b0
Event: 45.140 Thread 0x0000023fec9f43a0 DEOPT UNPACKING pc=0x0000023fd69a7143 sp=0x000000e52f5fa8c8 mode 0
Event: 45.143 Thread 0x0000023fefa6a3d0 DEOPT PACKING pc=0x0000023fd06ec5c4 sp=0x000000e52f6fb3a0
Event: 45.144 Thread 0x0000023fefa6a3d0 DEOPT UNPACKING pc=0x0000023fd69a7143 sp=0x000000e52f6fa8b8 mode 0
Event: 45.151 Thread 0x0000023fec9f43a0 DEOPT PACKING pc=0x0000023fd06ec5c4 sp=0x000000e52f5fb3b0
Event: 45.151 Thread 0x0000023fec9f43a0 DEOPT UNPACKING pc=0x0000023fd69a7143 sp=0x000000e52f5fa8c8 mode 0
Event: 45.156 Thread 0x0000023fefa6a3d0 DEOPT PACKING pc=0x0000023fd06ec5c4 sp=0x000000e52f6fb3a0
Event: 45.156 Thread 0x0000023fefa6a3d0 DEOPT UNPACKING pc=0x0000023fd69a7143 sp=0x000000e52f6fa8b8 mode 0
Event: 45.178 Thread 0x0000023fefa6a3d0 DEOPT PACKING pc=0x0000023fd06ec5c4 sp=0x000000e52f6fb0b0
Event: 45.178 Thread 0x0000023fefa6a3d0 DEOPT UNPACKING pc=0x0000023fd69a7143 sp=0x000000e52f6fa5c8 mode 0
Event: 45.182 Thread 0x0000023fefa6bd20 DEOPT PACKING pc=0x0000023fd06ec5c4 sp=0x000000e52f8fb190
Event: 45.182 Thread 0x0000023fefa6bd20 DEOPT UNPACKING pc=0x0000023fd69a7143 sp=0x000000e52f8fa6a8 mode 0
Event: 45.188 Thread 0x0000023fefa6bd20 DEOPT PACKING pc=0x0000023fd06ec5c4 sp=0x000000e52f8fb190
Event: 45.188 Thread 0x0000023fefa6bd20 DEOPT UNPACKING pc=0x0000023fd69a7143 sp=0x000000e52f8fa6a8 mode 0

Classes unloaded (0 events):
No events

Classes redefined (0 events):
No events

Internal exceptions (20 events):
Event: 42.992 Thread 0x0000023fed4e1a80 Exception <a 'java/lang/NoSuchMethodError'{0x000000008b821da0}: 'java.lang.Object java.lang.invoke.DirectMethodHandle$Holder.invokeSpecial(java.lang.Object, java.lang.Object, java.lang.Object, java.lang.Object, java.lang.Object, long)'> (0x000000008b821da0) 
thrown [s\src\hotspot\share\interpreter\linkResolver.cpp, line 771]
Event: 42.996 Thread 0x0000023fed4e1a80 Exception <a 'java/lang/NoSuchMethodError'{0x000000008b845158}: 'void java.lang.invoke.DirectMethodHandle$Holder.invokeStatic(java.lang.Object, java.lang.Object, java.lang.Object, int, java.lang.Object)'> (0x000000008b845158) 
thrown [s\src\hotspot\share\interpreter\linkResolver.cpp, line 771]
Event: 43.111 Thread 0x0000023fed4e1a80 Exception <a 'sun/nio/fs/WindowsException'{0x000000008b56e560}> (0x000000008b56e560) 
thrown [s\src\hotspot\share\prims\jni.cpp, line 517]
Event: 43.628 Thread 0x0000023fed4e1a80 Exception <a 'java/net/UnknownHostException'{0x000000008a4fbd20}> (0x000000008a4fbd20) 
thrown [s\src\hotspot\share\prims\jni.cpp, line 517]
Event: 43.651 Thread 0x0000023fed4e1a80 Exception <a 'java/net/UnknownHostException'{0x000000008a36f218}> (0x000000008a36f218) 
thrown [s\src\hotspot\share\prims\jni.cpp, line 517]
Event: 44.552 Thread 0x0000023fefa68f90 Exception <a 'sun/nio/fs/WindowsException'{0x000000008bed04b8}> (0x000000008bed04b8) 
thrown [s\src\hotspot\share\prims\jni.cpp, line 517]
Event: 44.752 Thread 0x0000023fec9f7640 Exception <a 'sun/nio/fs/WindowsException'{0x000000008b07b538}> (0x000000008b07b538) 
thrown [s\src\hotspot\share\prims\jni.cpp, line 517]
Event: 44.771 Thread 0x0000023fefa6a3d0 Exception <a 'sun/nio/fs/WindowsException'{0x000000008b5f69c8}> (0x000000008b5f69c8) 
thrown [s\src\hotspot\share\prims\jni.cpp, line 517]
Event: 44.785 Thread 0x0000023fec9f2f60 Exception <a 'sun/nio/fs/WindowsException'{0x000000008b01cc38}> (0x000000008b01cc38) 
thrown [s\src\hotspot\share\prims\jni.cpp, line 517]
Event: 44.817 Thread 0x0000023fec9f43a0 Exception <a 'sun/nio/fs/WindowsException'{0x000000008b460ce0}> (0x000000008b460ce0) 
thrown [s\src\hotspot\share\prims\jni.cpp, line 517]
Event: 44.841 Thread 0x0000023fec9f3470 Exception <a 'sun/nio/fs/WindowsException'{0x000000008d3c84b8}> (0x000000008d3c84b8) 
thrown [s\src\hotspot\share\prims\jni.cpp, line 517]
Event: 44.869 Thread 0x0000023fefa6bd20 Exception <a 'sun/nio/fs/WindowsException'{0x000000008d3738c0}> (0x000000008d3738c0) 
thrown [s\src\hotspot\share\prims\jni.cpp, line 517]
Event: 44.978 Thread 0x0000023fed4e1a80 Exception <a 'sun/nio/fs/WindowsException'{0x000000008d25e008}> (0x000000008d25e008) 
thrown [s\src\hotspot\share\prims\jni.cpp, line 517]
Event: 45.025 Thread 0x0000023fec9f2f60 Exception <a 'sun/nio/fs/WindowsException'{0x000000008ac08dd0}> (0x000000008ac08dd0) 
thrown [s\src\hotspot\share\prims\jni.cpp, line 517]
Event: 45.045 Thread 0x0000023fed4e1a80 Exception <a 'sun/nio/fs/WindowsException'{0x000000008a9fbbc0}> (0x000000008a9fbbc0) 
thrown [s\src\hotspot\share\prims\jni.cpp, line 517]
Event: 45.085 Thread 0x0000023fec9f7640 Exception <a 'sun/nio/fs/WindowsException'{0x000000008cc87950}> (0x000000008cc87950) 
thrown [s\src\hotspot\share\prims\jni.cpp, line 517]
Event: 45.095 Thread 0x0000023fec9f43a0 Exception <a 'sun/nio/fs/WindowsException'{0x000000008d306980}> (0x000000008d306980) 
thrown [s\src\hotspot\share\prims\jni.cpp, line 517]
Event: 45.123 Thread 0x0000023fefa6bd20 Exception <a 'sun/nio/fs/WindowsException'{0x000000008c306898}> (0x000000008c306898) 
thrown [s\src\hotspot\share\prims\jni.cpp, line 517]
Event: 45.167 Thread 0x0000023fed4e1a80 Exception <a 'sun/nio/fs/WindowsException'{0x000000008c0775e8}> (0x000000008c0775e8) 
thrown [s\src\hotspot\share\prims\jni.cpp, line 517]
Event: 45.170 Thread 0x0000023fec9f7640 Exception <a 'sun/nio/fs/WindowsException'{0x000000008b0bd328}> (0x000000008b0bd328) 
thrown [s\src\hotspot\share\prims\jni.cpp, line 517]

VM Operations (20 events):
Event: 43.263 Executing VM operation: HandshakeAllThreads done
Event: 43.454 Executing VM operation: HandshakeAllThreads
Event: 43.455 Executing VM operation: HandshakeAllThreads done
Event: 43.936 Executing VM operation: G1CollectForAllocation
Event: 43.944 Executing VM operation: G1CollectForAllocation done
Event: 44.145 Executing VM operation: HandshakeAllThreads
Event: 44.145 Executing VM operation: HandshakeAllThreads done
Event: 44.394 Executing VM operation: ICBufferFull
Event: 44.395 Executing VM operation: ICBufferFull done
Event: 44.670 Executing VM operation: ICBufferFull
Event: 44.671 Executing VM operation: ICBufferFull done
Event: 44.831 Executing VM operation: G1CollectForAllocation
Event: 44.841 Executing VM operation: G1CollectForAllocation done
Event: 44.881 Executing VM operation: HandshakeAllThreads
Event: 44.881 Executing VM operation: HandshakeAllThreads done
Event: 44.925 Executing VM operation: HandshakeAllThreads
Event: 44.926 Executing VM operation: HandshakeAllThreads done
Event: 45.049 Executing VM operation: G1CollectForAllocation
Event: 45.053 Executing VM operation: G1CollectForAllocation done
Event: 45.199 Executing VM operation: G1CollectForAllocation

Events (20 events):
Event: 44.080 loading class java/util/Comparators$NaturalOrderComparator
Event: 44.080 loading class java/util/Comparators$NaturalOrderComparator done
Event: 44.080 loading class java/util/Collections$ReverseComparator2
Event: 44.080 loading class java/util/Collections$ReverseComparator2 done
Event: 44.253 loading class java/util/LinkedList$LLSpliterator
Event: 44.254 loading class java/util/LinkedList$LLSpliterator done
Event: 44.288 Thread 0x0000023fec9f4dc0 Thread added: 0x0000023fec9f4dc0
Event: 44.289 Thread 0x0000023fec9f6200 Thread added: 0x0000023fec9f6200
Event: 44.289 Thread 0x0000023fec9f6710 Thread added: 0x0000023fec9f6710
Event: 44.289 Thread 0x0000023fec9f7130 Thread added: 0x0000023fec9f7130
Event: 44.291 Thread 0x0000023fec9f1b20 Thread added: 0x0000023fec9f1b20
Event: 44.291 Thread 0x0000023fec9f8f90 Thread added: 0x0000023fec9f8f90
Event: 44.291 Thread 0x0000023fec9f2a50 Thread added: 0x0000023fec9f2a50
Event: 44.406 Thread 0x0000023fec9f7640 Thread added: 0x0000023fec9f7640
Event: 44.409 Thread 0x0000023fec9f2f60 Thread added: 0x0000023fec9f2f60
Event: 44.413 Thread 0x0000023fec9f3470 Thread added: 0x0000023fec9f3470
Event: 44.417 Thread 0x0000023fec9f43a0 Thread added: 0x0000023fec9f43a0
Event: 44.421 Thread 0x0000023fefa6a3d0 Thread added: 0x0000023fefa6a3d0
Event: 44.425 Thread 0x0000023fefa68f90 Thread added: 0x0000023fefa68f90
Event: 44.429 Thread 0x0000023fefa6bd20 Thread added: 0x0000023fefa6bd20


Dynamic libraries:
0x00007ff65ca50000 - 0x00007ff65ca5a000 	C:\Program Files\Android\Android Studio\jbr\bin\java.exe
0x00007ff8c9310000 - 0x00007ff8c9527000 	C:\WINDOWS\SYSTEM32\ntdll.dll
0x00007ff8c8110000 - 0x00007ff8c81d4000 	C:\WINDOWS\System32\KERNEL32.DLL
0x00007ff8c6a70000 - 0x00007ff8c6e1d000 	C:\WINDOWS\System32\KERNELBASE.dll
0x00007ff8c6950000 - 0x00007ff8c6a61000 	C:\WINDOWS\System32\ucrtbase.dll
0x00007ff8453f0000 - 0x00007ff845407000 	C:\Program Files\Android\Android Studio\jbr\bin\jli.dll
0x00007ff8c8cf0000 - 0x00007ff8c8e9e000 	C:\WINDOWS\System32\USER32.dll
0x00007ff8c66e0000 - 0x00007ff8c6706000 	C:\WINDOWS\System32\win32u.dll
0x00007ff8c92a0000 - 0x00007ff8c92c9000 	C:\WINDOWS\System32\GDI32.dll
0x00007ff8c67b0000 - 0x00007ff8c68c9000 	C:\WINDOWS\System32\gdi32full.dll
0x00007ff8c6710000 - 0x00007ff8c67aa000 	C:\WINDOWS\System32\msvcp_win.dll
0x00007ff8bec00000 - 0x00007ff8bec1b000 	C:\Program Files\Android\Android Studio\jbr\bin\VCRUNTIME140.dll
0x00007ff8af6e0000 - 0x00007ff8af973000 	C:\WINDOWS\WinSxS\amd64_microsoft.windows.common-controls_6595b64144ccf1df_6.0.22621.3672_none_2713b9d173822955\COMCTL32.dll
0x00007ff8c8c40000 - 0x00007ff8c8ce7000 	C:\WINDOWS\System32\msvcrt.dll
0x00007ff8c8a40000 - 0x00007ff8c8a71000 	C:\WINDOWS\System32\IMM32.DLL
0x00007ff8bf4a0000 - 0x00007ff8bf4ac000 	C:\Program Files\Android\Android Studio\jbr\bin\vcruntime140_1.dll
0x00007ff8ad010000 - 0x00007ff8ad09d000 	C:\Program Files\Android\Android Studio\jbr\bin\msvcp140.dll
0x00007ff83e0b0000 - 0x00007ff83ed33000 	C:\Program Files\Android\Android Studio\jbr\bin\server\jvm.dll
0x00007ff8c7910000 - 0x00007ff8c79c2000 	C:\WINDOWS\System32\ADVAPI32.dll
0x00007ff8c7050000 - 0x00007ff8c70f9000 	C:\WINDOWS\System32\sechost.dll
0x00007ff8c66b0000 - 0x00007ff8c66d8000 	C:\WINDOWS\System32\bcrypt.dll
0x00007ff8c73f0000 - 0x00007ff8c7504000 	C:\WINDOWS\System32\RPCRT4.dll
0x00007ff8aca90000 - 0x00007ff8aca99000 	C:\WINDOWS\SYSTEM32\WSOCK32.dll
0x00007ff8c6500000 - 0x00007ff8c654d000 	C:\WINDOWS\SYSTEM32\POWRPROF.dll
0x00007ff8c79d0000 - 0x00007ff8c7a41000 	C:\WINDOWS\System32\WS2_32.dll
0x00007ff8c0cc0000 - 0x00007ff8c0cf4000 	C:\WINDOWS\SYSTEM32\WINMM.dll
0x00007ff8bd530000 - 0x00007ff8bd53a000 	C:\WINDOWS\SYSTEM32\VERSION.dll
0x00007ff8c64e0000 - 0x00007ff8c64f3000 	C:\WINDOWS\SYSTEM32\UMPDC.dll
0x00007ff8c5670000 - 0x00007ff8c5688000 	C:\WINDOWS\SYSTEM32\kernel.appcore.dll
0x00007ff88c9a0000 - 0x00007ff88c9aa000 	C:\Program Files\Android\Android Studio\jbr\bin\jimage.dll
0x00007ff8bdd90000 - 0x00007ff8bdfc2000 	C:\WINDOWS\SYSTEM32\DBGHELP.DLL
0x00007ff8c7580000 - 0x00007ff8c7908000 	C:\WINDOWS\System32\combase.dll
0x00007ff8c7a50000 - 0x00007ff8c7b27000 	C:\WINDOWS\System32\OLEAUT32.dll
0x00007ff8a87c0000 - 0x00007ff8a87f2000 	C:\WINDOWS\SYSTEM32\dbgcore.DLL
0x00007ff8c68d0000 - 0x00007ff8c694b000 	C:\WINDOWS\System32\bcryptPrimitives.dll
0x00007ff845810000 - 0x00007ff84581e000 	C:\Program Files\Android\Android Studio\jbr\bin\instrument.dll
0x00007ff8418a0000 - 0x00007ff8418c5000 	C:\Program Files\Android\Android Studio\jbr\bin\java.dll
0x00007ff841880000 - 0x00007ff841898000 	C:\Program Files\Android\Android Studio\jbr\bin\zip.dll
0x00007ff8c81e0000 - 0x00007ff8c8a3f000 	C:\WINDOWS\System32\SHELL32.dll
0x00007ff8c4590000 - 0x00007ff8c4e8c000 	C:\WINDOWS\SYSTEM32\windows.storage.dll
0x00007ff8c4450000 - 0x00007ff8c458f000 	C:\WINDOWS\SYSTEM32\wintypes.dll
0x00007ff8c8ea0000 - 0x00007ff8c8f94000 	C:\WINDOWS\System32\SHCORE.dll
0x00007ff8c7520000 - 0x00007ff8c757e000 	C:\WINDOWS\System32\shlwapi.dll
0x00007ff8c6570000 - 0x00007ff8c6591000 	C:\WINDOWS\SYSTEM32\profapi.dll
0x00007ff8414e0000 - 0x00007ff8414f9000 	C:\Program Files\Android\Android Studio\jbr\bin\net.dll
0x00007ff8c2240000 - 0x00007ff8c2376000 	C:\WINDOWS\SYSTEM32\WINHTTP.dll
0x00007ff8c5ae0000 - 0x00007ff8c5b49000 	C:\WINDOWS\system32\mswsock.dll
0x00007ff8414c0000 - 0x00007ff8414d6000 	C:\Program Files\Android\Android Studio\jbr\bin\nio.dll
0x00007ff88c9b0000 - 0x00007ff88c9c0000 	C:\Program Files\Android\Android Studio\jbr\bin\verify.dll
0x00007ff8beb80000 - 0x00007ff8beba7000 	C:\Users\23480\.gradle\native\c067742578af261105cb4f569cf0c3c89f3d7b1fecec35dd04571415982c5e48\windows-amd64\native-platform.dll
0x00007ff89b740000 - 0x00007ff89b884000 	C:\Users\23480\.gradle\native\38dada09dfb8b06ba9b0570ebf7e218e3eb74d4ef43ca46872605cf95ebc2f47\windows-amd64\native-platform-file-events.dll
0x00007ff88c9d0000 - 0x00007ff88c9d9000 	C:\Program Files\Android\Android Studio\jbr\bin\management.dll
0x00007ff88c9c0000 - 0x00007ff88c9cb000 	C:\Program Files\Android\Android Studio\jbr\bin\management_ext.dll
0x00007ff8c8a80000 - 0x00007ff8c8a88000 	C:\WINDOWS\System32\PSAPI.DLL
0x00007ff8c5d40000 - 0x00007ff8c5d5b000 	C:\WINDOWS\SYSTEM32\CRYPTSP.dll
0x00007ff8c55d0000 - 0x00007ff8c5605000 	C:\WINDOWS\system32\rsaenh.dll
0x00007ff8c5be0000 - 0x00007ff8c5c08000 	C:\WINDOWS\SYSTEM32\USERENV.dll
0x00007ff8c5d60000 - 0x00007ff8c5d6c000 	C:\WINDOWS\SYSTEM32\CRYPTBASE.dll
0x00007ff8c50f0000 - 0x00007ff8c511d000 	C:\WINDOWS\SYSTEM32\IPHLPAPI.DLL
0x00007ff8c7290000 - 0x00007ff8c7299000 	C:\WINDOWS\System32\NSI.dll
0x00007ff8c21d0000 - 0x00007ff8c21e9000 	C:\WINDOWS\SYSTEM32\dhcpcsvc6.DLL
0x00007ff8c21b0000 - 0x00007ff8c21cf000 	C:\WINDOWS\SYSTEM32\dhcpcsvc.DLL
0x00007ff8c5160000 - 0x00007ff8c5258000 	C:\WINDOWS\SYSTEM32\DNSAPI.dll
0x00007ff87dc80000 - 0x00007ff87dc89000 	C:\Program Files\Android\Android Studio\jbr\bin\extnet.dll
0x00007ff88b130000 - 0x00007ff88b138000 	C:\WINDOWS\system32\wshunix.dll
0x0000000052fa0000 - 0x0000000052fc6000 	C:\Program Files\Bonjour\mdnsNSP.dll
0x00007ff8bdae0000 - 0x00007ff8bdaea000 	C:\Windows\System32\rasadhlp.dll

dbghelp: loaded successfully - version: 4.0.5 - missing functions: none
symbol engine: initialized successfully - sym options: 0x614 - pdb path: .;C:\Program Files\Android\Android Studio\jbr\bin;C:\WINDOWS\SYSTEM32;C:\WINDOWS\WinSxS\amd64_microsoft.windows.common-controls_6595b64144ccf1df_6.0.22621.3672_none_2713b9d173822955;C:\Program Files\Android\Android Studio\jbr\bin\server;C:\Users\23480\.gradle\native\c067742578af261105cb4f569cf0c3c89f3d7b1fecec35dd04571415982c5e48\windows-amd64;C:\Users\23480\.gradle\native\38dada09dfb8b06ba9b0570ebf7e218e3eb74d4ef43ca46872605cf95ebc2f47\windows-amd64;C:\Program Files\Bonjour

VM Arguments:
jvm_args: --add-opens=java.base/java.util=ALL-UNNAMED --add-opens=java.base/java.lang=ALL-UNNAMED --add-opens=java.base/java.lang.invoke=ALL-UNNAMED --add-opens=java.prefs/java.util.prefs=ALL-UNNAMED --add-opens=java.base/java.nio.charset=ALL-UNNAMED --add-opens=java.base/java.net=ALL-UNNAMED --add-opens=java.base/java.util.concurrent.atomic=ALL-UNNAMED -Xmx2048m -Dfile.encoding=UTF-8 -Duser.country=US -Duser.language=en -Duser.variant -javaagent:C:\Users\23480\.gradle\wrapper\dists\gradle-8.7-bin\bhs2wmbdwecv87pi65oeuq5iu\gradle-8.7\lib\agents\gradle-instrumentation-agent-8.7.jar 
java_command: org.gradle.launcher.daemon.bootstrap.GradleDaemon 8.7
java_class_path (initial): C:\Users\23480\.gradle\wrapper\dists\gradle-8.7-bin\bhs2wmbdwecv87pi65oeuq5iu\gradle-8.7\lib\gradle-launcher-8.7.jar
Launcher Type: SUN_STANDARD

[Global flags]
     intx CICompilerCount                          = 4                                         {product} {ergonomic}
     uint ConcGCThreads                            = 2                                         {product} {ergonomic}
     uint G1ConcRefinementThreads                  = 8                                         {product} {ergonomic}
   size_t G1HeapRegionSize                         = 1048576                                   {product} {ergonomic}
    uintx GCDrainStackTargetSize                   = 64                                        {product} {ergonomic}
   size_t InitialHeapSize                          = 123731968                                 {product} {ergonomic}
   size_t MarkStackSize                            = 4194304                                   {product} {ergonomic}
   size_t MaxHeapSize                              = 2147483648                                {product} {command line}
   size_t MaxNewSize                               = 1287651328                                {product} {ergonomic}
   size_t MinHeapDeltaBytes                        = 1048576                                   {product} {ergonomic}
   size_t MinHeapSize                              = 8388608                                   {product} {ergonomic}
    uintx NonNMethodCodeHeapSize                   = 5839372                                {pd product} {ergonomic}
    uintx NonProfiledCodeHeapSize                  = 122909434                              {pd product} {ergonomic}
    uintx ProfiledCodeHeapSize                     = 122909434                              {pd product} {ergonomic}
    uintx ReservedCodeCacheSize                    = 251658240                              {pd product} {ergonomic}
     bool SegmentedCodeCache                       = true                                      {product} {ergonomic}
   size_t SoftMaxHeapSize                          = 2147483648                             {manageable} {ergonomic}
     bool UseCompressedClassPointers               = true                           {product lp64_product} {ergonomic}
     bool UseCompressedOops                        = true                           {product lp64_product} {ergonomic}
     bool UseG1GC                                  = true                                      {product} {ergonomic}
     bool UseLargePagesIndividualAllocation        = false                                  {pd product} {ergonomic}

Logging:
Log output configuration:
 #0: stdout all=warning uptime,level,tags
 #1: stderr all=off uptime,level,tags

Environment Variables:
PATH=C:\WINDOWS\system32;C:\WINDOWS;C:\WINDOWS\System32\Wbem;C:\WINDOWS\System32\WindowsPowerShell\v1.0\;C:\WINDOWS\System32\OpenSSH\;C:\Program Files\nodejs\;C:\Program Files\HP\HP One Agent;C:\Program Files\Git\cmd;C:\Users\23480\AppData\Local\Programs\Python\Python311\Scripts\;C:\Users\23480\AppData\Local\Programs\Python\Python311\;C:\Users\23480\AppData\Local\Microsoft\WindowsApps;C:\Users\23480\AppData\Local\atom\bin;C:\Users\23480\AppData\Local\Programs\Microsoft VS Code\bin;C:\Users\23480\AppData\Local\Microsoft\WindowsApps;;C:\Program Files\JetBrains\IntelliJ IDEA Community Edition 2023.2.1\bin;;C:\Users\23480\AppData\Roaming\npm
USERNAME=23480
OS=Windows_NT
PROCESSOR_IDENTIFIER=AMD64 Family 23 Model 104 Stepping 1, AuthenticAMD
TMP=C:\Users\23480\AppData\Local\Temp
TEMP=C:\Users\23480\AppData\Local\Temp



Periodic native trim disabled

JNI global refs:
JNI global refs: 28, weak refs: 43

JNI global refs memory usage: 843, weak refs: 841

OOME stack traces (most recent first):
Classloader memory used:
Loader org.gradle.internal.classloader.VisitableURLClassLoader                         : 11393K
Loader bootstrap                                                                       : 2891K
Loader org.gradle.initialization.MixInLegacyTypesClassLoader                           : 1250K
Loader org.gradle.internal.classloader.VisitableURLClassLoader                         : 104K
Loader org.gradle.internal.classloader.VisitableURLClassLoader$InstrumentingVisitableURLClassLoader: 90402B
Loader jdk.internal.loader.ClassLoaders$PlatformClassLoader                            : 82933B
Loader jdk.internal.jrtfs.JrtFileSystemProvider$JrtFsLoader                            : 42336B
Loader jdk.internal.reflect.DelegatingClassLoader                                      : 31908B
Loader jdk.internal.loader.ClassLoaders$AppClassLoader                                 : 28722B
Loader org.gradle.groovy.scripts.internal.DefaultScriptCompilationHandler$ScriptClassLoader: 10734B
Loader org.codehaus.groovy.runtime.callsite.CallSiteClassLoader                        : 6077B

Classes loaded by more than one classloader:
Class org.gradle.internal.Cast                                                        : loaded 3 times (x 69B)
Class Program                                                                         : loaded 3 times (x 70B)
Class org.gradle.api.GradleException                                                  : loaded 3 times (x 80B)
Class org.gradle.internal.classpath.ClassPath                                         : loaded 2 times (x 68B)
Class org.gradle.api.internal.classpath.DefaultModuleRegistry                         : loaded 2 times (x 84B)
Class org.gradle.internal.exceptions.NonGradleCauseExceptionsHolder                   : loaded 2 times (x 68B)
Class Settings_gradle$1$1                                                             : loaded 2 times (x 72B)
Class jdk.internal.jimage.BasicImageReader$1                                          : loaded 2 times (x 75B)
Class org.gradle.api.Action                                                           : loaded 2 times (x 68B)
Class org.jetbrains.kotlin.idea.gradleTooling.model.samWithReceiver.SamWithReceiverModel: loaded 2 times (x 68B)
Class org.jetbrains.plugins.gradle.model.ExternalProject                              : loaded 2 times (x 68B)
Class org.jetbrains.plugins.gradle.model.IntelliJSettings                             : loaded 2 times (x 68B)
Class jdk.internal.jimage.ImageBufferCache$1                                          : loaded 2 times (x 78B)
Class jdk.internal.jimage.ImageBufferCache$2                                          : loaded 2 times (x 89B)
Class org.jetbrains.kotlin.idea.gradleTooling.KotlinMPPGradleModel                    : loaded 2 times (x 68B)
Class org.gradle.api.internal.DefaultClassPathProvider                                : loaded 2 times (x 74B)
Class org.gradle.internal.installation.GradleInstallation$1                           : loaded 2 times (x 73B)
Class jdk.internal.jrtfs.SystemImage$1                                                : loaded 2 times (x 76B)
Class jdk.internal.jrtfs.SystemImage$2                                                : loaded 2 times (x 74B)
Class org.gradle.internal.exceptions.DefaultMultiCauseException                       : loaded 2 times (x 93B)
Class org.gradle.tooling.model.UnsupportedMethodException                             : loaded 2 times (x 80B)
Class org.gradle.internal.time.MonotonicClock                                         : loaded 2 times (x 75B)
Class org.gradle.internal.classloader.FilteringClassLoader                            : loaded 2 times (x 103B)
Class jdk.internal.jimage.ImageReader$Resource                                        : loaded 2 times (x 82B)
Class jdk.internal.jrtfs.SystemImage                                                  : loaded 2 times (x 72B)
Class org.gradle.tooling.model.Model                                                  : loaded 2 times (x 68B)
Class org.gradle.internal.classpath.DefaultClassPath$ImmutableUniqueList$Builder      : loaded 2 times (x 73B)
Class org.jetbrains.kotlin.idea.gradleTooling.KotlinSourceSetContainer                : loaded 2 times (x 68B)
Class jdk.internal.jrtfs.JrtDirectoryStream$1                                         : loaded 2 times (x 81B)
Class org.gradle.internal.classloader.ClassLoaderVisitor                              : loaded 2 times (x 74B)
Class org.gradle.internal.time.DefaultCountdownTimer                                  : loaded 2 times (x 86B)
Class org.gradle.internal.service.DefaultServiceLocator                               : loaded 2 times (x 81B)
Class org.jetbrains.plugins.gradle.model.jar.JarTaskManifestConfiguration             : loaded 2 times (x 68B)
Class org.gradle.internal.service.UnknownServiceException                             : loaded 2 times (x 81B)
Class org.jetbrains.plugins.gradle.model.DependencyAccessorsModel                     : loaded 2 times (x 68B)
Class org.gradle.internal.classloader.DefaultClassLoaderFactory                       : loaded 2 times (x 80B)
Class jdk.internal.jimage.ImageReader$SharedImageReader                               : loaded 2 times (x 93B)
Class org.jetbrains.plugins.gradle.model.GradleExtensions                             : loaded 2 times (x 68B)
Class jdk.internal.jimage.decompressor.ZipDecompressorFactory                         : loaded 2 times (x 72B)
Class org.jetbrains.plugins.gradle.model.VersionCatalogsModel                         : loaded 2 times (x 68B)
Class org.gradle.internal.classloader.VisitableURLClassLoader$Spec                    : loaded 2 times (x 72B)
Class org.gradle.tooling.model.ProjectModel                                           : loaded 2 times (x 68B)
Class org.jetbrains.plugins.gradle.model.MavenRepositoryModel                         : loaded 2 times (x 68B)
Class org.gradle.tooling.internal.gradle.DefaultProjectIdentifier                     : loaded 2 times (x 84B)
Class org.gradle.api.internal.classpath.ModuleRegistry                                : loaded 2 times (x 68B)
Class org.gradle.util.GradleVersion                                                   : loaded 2 times (x 81B)
Class kotlin.jvm.internal.markers.KMappedMarker                                       : loaded 2 times (x 68B)
Class org.gradle.api.internal.ClassPathProvider                                       : loaded 2 times (x 68B)
Class org.gradle.internal.classloader.ClasspathUtil$1                                 : loaded 2 times (x 74B)
Class org.gradle.internal.classloader.ClassLoaderFactory                              : loaded 2 times (x 68B)
Class sync_studio_tooling10326_9spry3fvlkqyogsc0n3zpbxs1                              : loaded 2 times (x 177B)
Class jdk.internal.jimage.ImageHeader                                                 : loaded 2 times (x 69B)
Class org.gradle.api.internal.classpath.ManifestUtil                                  : loaded 2 times (x 69B)
Class org.gradle.api.specs.Spec                                                       : loaded 2 times (x 68B)
Class org.gradle.tooling.internal.gradle.GradleBuildIdentity                          : loaded 2 times (x 68B)
Class org.gradle.internal.IoActions                                                   : loaded 2 times (x 69B)
Class jdk.internal.jimage.decompressor.StringSharingDecompressorFactory               : loaded 2 times (x 72B)
Class sync_studio_tooling10326_9spry3fvlkqyogsc0n3zpbxs1$_run_closure1                : loaded 2 times (x 137B)
Class org.gradle.api.internal.classpath.EffectiveClassPath                            : loaded 2 times (x 88B)
Class kotlin.jvm.internal.DefaultConstructorMarker                                    : loaded 2 times (x 69B)
Class org.gradle.internal.exceptions.ResolutionProvider                               : loaded 2 times (x 68B)
Class org.jetbrains.kotlin.idea.gradleTooling.model.annotation.AnnotationBasedPluginModel: loaded 2 times (x 68B)
Class org.jetbrains.kotlin.idea.gradleTooling.model.assignment.AssignmentModel        : loaded 2 times (x 68B)
Class org.gradle.internal.installation.CurrentGradleInstallation                      : loaded 2 times (x 71B)
Class org.gradle.internal.agents.InstrumentingClassLoader                             : loaded 2 times (x 68B)
Class org.gradle.internal.installation.CurrentGradleInstallationLocator               : loaded 2 times (x 69B)
Class org.gradle.api.internal.classpath.Module                                        : loaded 2 times (x 68B)
Class org.gradle.internal.service.CachingServiceLocator                               : loaded 2 times (x 80B)
Class org.gradle.internal.time.Timer                                                  : loaded 2 times (x 68B)
Class org.jetbrains.plugins.gradle.model.tests.ExternalTestsModel                     : loaded 2 times (x 68B)
Class org.jetbrains.kotlin.idea.gradleTooling.KotlinDslScriptAdditionalTask           : loaded 2 times (x 68B)
Class org.gradle.internal.classpath.DefaultClassPath                                  : loaded 2 times (x 88B)
Class jdk.internal.jimage.BasicImageReader                                            : loaded 2 times (x 93B)
Class com.intellij.openapi.externalSystem.model.project.dependencies.ProjectDependencies: loaded 2 times (x 68B)
Class org.jetbrains.kotlin.idea.gradleTooling.PrepareKotlinIdeImportTaskModel         : loaded 2 times (x 68B)
Class jdk.internal.jimage.ImageLocation                                               : loaded 2 times (x 88B)
Class org.gradle.internal.impldep.com.google.common.base.Preconditions                : loaded 2 times (x 69B)
Class kotlin.jvm.functions.Function1                                                  : loaded 2 times (x 68B)
Class jdk.internal.jimage.ImageReader$Node                                            : loaded 2 times (x 82B)
Class org.gradle.internal.time.Time                                                   : loaded 2 times (x 69B)
Class jdk.internal.jimage.decompressor.CompressedResourceHeader                       : loaded 2 times (x 69B)
Class org.gradle.internal.time.TimeSource$1                                           : loaded 2 times (x 75B)
Class jdk.internal.jrtfs.JrtPath                                                      : loaded 2 times (x 116B)
Class jdk.internal.jimage.ImageStrings                                                : loaded 2 times (x 68B)
Class jdk.internal.jrtfs.JrtFileAttributes                                            : loaded 2 times (x 81B)
Class org.gradle.internal.classloader.SystemClassLoaderSpec                           : loaded 2 times (x 69B)
Class jdk.internal.jimage.decompressor.ResourceDecompressorRepository                 : loaded 2 times (x 69B)
Class kotlin.Function                                                                 : loaded 2 times (x 68B)
Class org.gradle.api.UncheckedIOException                                             : loaded 2 times (x 80B)
Class jdk.internal.jimage.decompressor.ResourceDecompressor$StringsProvider           : loaded 2 times (x 68B)
Class org.jetbrains.plugins.gradle.model.RepositoriesModel                            : loaded 2 times (x 68B)
Class jdk.internal.jimage.decompressor.Decompressor                                   : loaded 2 times (x 70B)
Class jdk.internal.jrtfs.JrtFileSystem                                                : loaded 2 times (x 100B)
Class org.gradle.tooling.internal.gradle.GradleProjectIdentity                        : loaded 2 times (x 68B)
Class jdk.internal.jrtfs.JrtFileSystemProvider                                        : loaded 2 times (x 97B)
Class org.gradle.internal.time.CountdownTimer                                         : loaded 2 times (x 68B)
Class org.gradle.internal.time.Clock                                                  : loaded 2 times (x 68B)
Class org.gradle.internal.classloader.ClasspathUtil                                   : loaded 2 times (x 69B)
Class jdk.internal.jrtfs.JrtDirectoryStream                                           : loaded 2 times (x 87B)
Class org.gradle.tooling.model.BuildIdentifier                                        : loaded 2 times (x 68B)
Class jdk.internal.jimage.decompressor.ResourceDecompressor                           : loaded 2 times (x 68B)
Class org.gradle.api.internal.DefaultClassPathRegistry                                : loaded 2 times (x 74B)
Class org.gradle.api.internal.classpath.DefaultModuleRegistry$DefaultModule           : loaded 2 times (x 84B)
Class org.gradle.internal.time.TimeSource                                             : loaded 2 times (x 68B)
Class org.jetbrains.kotlin.android.synthetic.idea.AndroidExtensionsGradleModel        : loaded 2 times (x 68B)
Class org.gradle.api.internal.classpath.UnknownModuleException                        : loaded 2 times (x 80B)
Class org.jetbrains.plugins.gradle.model.IntelliJProjectSettings                      : loaded 2 times (x 68B)
Class org.gradle.internal.service.ServiceLookupException                              : loaded 2 times (x 80B)
Class jdk.internal.jimage.ImageStringsReader                                          : loaded 2 times (x 78B)
Class org.gradle.cache.GlobalCache                                                    : loaded 2 times (x 68B)
Class jdk.internal.jimage.decompressor.ResourceDecompressorFactory                    : loaded 2 times (x 72B)
Class org.jetbrains.kotlin.idea.gradleTooling.model.lombok.LombokModel                : loaded 2 times (x 68B)
Class org.gradle.tooling.model.ProjectIdentifier                                      : loaded 2 times (x 68B)
Class [Lorg.gradle.api.internal.ClassPathProvider;                                    : loaded 2 times (x 67B)
Class jdk.internal.jimage.ImageReader$SharedImageReader$LocationVisitor               : loaded 2 times (x 68B)
Class org.gradle.internal.operations.MultipleBuildOperationFailures                   : loaded 2 times (x 93B)
Class org.gradle.util.internal.GUtil                                                  : loaded 2 times (x 69B)
Class jdk.internal.jimage.decompressor.ZipDecompressor                                : loaded 2 times (x 73B)
Class org.jetbrains.plugins.gradle.model.AnnotationProcessingModel                    : loaded 2 times (x 68B)
Class org.gradle.internal.classloader.ClassLoaderSpec                                 : loaded 2 times (x 69B)
Class ijInit1_7hjbmxr7g71jnfwomne6jl5ud                                               : loaded 2 times (x 177B)
Class org.gradle.internal.classloader.VisitableURLClassLoader                         : loaded 2 times (x 115B)
Class org.gradle.internal.installation.GradleInstallation                             : loaded 2 times (x 73B)
Class org.gradle.api.internal.ClassPathRegistry                                       : loaded 2 times (x 68B)
Class org.gradle.internal.classloader.VisitableURLClassLoader$InstrumentingVisitableURLClassLoader: loaded 2 times (x 121B)
Class org.gradle.internal.classloader.ClassLoaderHierarchy                            : loaded 2 times (x 68B)
Class org.gradle.internal.exceptions.MultiCauseException                              : loaded 2 times (x 68B)
Class jdk.internal.jimage.ImageReader                                                 : loaded 2 times (x 73B)
Class org.jetbrains.kotlin.idea.gradleTooling.model.parcelize.ParcelizeGradleModel    : loaded 2 times (x 68B)
Class org.gradle.internal.InternalTransformer                                         : loaded 2 times (x 68B)
Class org.jetbrains.kotlin.idea.gradleTooling.model.noarg.NoArgModel                  : loaded 2 times (x 68B)
Class org.jetbrains.kotlin.idea.gradleTooling.KotlinGradleModel                       : loaded 2 times (x 68B)
Class org.gradle.tooling.internal.gradle.DefaultBuildIdentifier                       : loaded 2 times (x 77B)
Class org.gradle.internal.service.ServiceLocator                                      : loaded 2 times (x 68B)
Class Settings_gradle$1                                                               : loaded 2 times (x 72B)
Class org.jetbrains.kotlin.idea.gradleTooling.model.allopen.AllOpenModel              : loaded 2 times (x 68B)
Class org.gradle.internal.classpath.DefaultClassPath$ImmutableUniqueList              : loaded 2 times (x 159B)
Class jdk.internal.jimage.ImageBufferCache                                            : loaded 2 times (x 69B)
Class org.gradle.internal.time.DefaultTimer                                           : loaded 2 times (x 78B)
Class org.gradle.internal.classpath.TransformedClassPath                              : loaded 2 times (x 94B)
Class Settings_gradle                                                                 : loaded 2 times (x 126B)
Class jdk.internal.jimage.ImageReader$Directory                                       : loaded 2 times (x 82B)


---------------  S Y S T E M  ---------------

OS:
 Windows 11 , 64 bit Build 22621 (10.0.22621.3672)
OS uptime: 0 days 0:58 hours

CPU: total 8 (initial active 8) (8 cores per cpu, 2 threads per core) family 23 model 104 stepping 1 microcode 0x0, cx8, cmov, fxsr, ht, mmx, 3dnowpref, sse, sse2, sse3, ssse3, sse4a, sse4.1, sse4.2, popcnt, lzcnt, tsc, tscinvbit, avx, avx2, aes, clmul, bmi1, bmi2, adx, sha, fma, vzeroupper, clflush, clflushopt
Processor Information for processor 0
  Max Mhz: 2600, Current Mhz: 2600, Mhz Limit: 2600
Processor Information for processor 1
  Max Mhz: 2600, Current Mhz: 2003, Mhz Limit: 2600
Processor Information for processor 2
  Max Mhz: 2600, Current Mhz: 2600, Mhz Limit: 2600
Processor Information for processor 3
  Max Mhz: 2600, Current Mhz: 2003, Mhz Limit: 2600
Processor Information for processor 4
  Max Mhz: 2600, Current Mhz: 2600, Mhz Limit: 2600
Processor Information for processor 5
  Max Mhz: 2600, Current Mhz: 2003, Mhz Limit: 2600
Processor Information for processor 6
  Max Mhz: 2600, Current Mhz: 2003, Mhz Limit: 2600
Processor Information for processor 7
  Max Mhz: 2600, Current Mhz: 2600, Mhz Limit: 2600

Memory: 4k page, system-wide physical 7502M (202M free)
TotalPageFile size 11571M (AvailPageFile size 34M)
current process WorkingSet (physical memory assigned to process): 467M, peak: 472M
current process commit charge ("private bytes"): 525M, peak: 633M

vm_info: OpenJDK 64-Bit Server VM (17.0.10+0--11609105) for windows-amd64 JRE (17.0.10+0--11609105), built on Mar 21 2024 19:10:56 by "androidbuild" with MS VC++ 16.10 / 16.11 (VS2019)

END.
