#
# There is insufficient memory for the Java Runtime Environment to continue.
# Native memory allocation (mmap) failed to map 286261248 bytes for G1 virtual space
# Possible reasons:
#   The system is out of physical RAM or swap space
#   The process is running with CompressedOops enabled, and the Java Heap may be blocking the growth of the native heap
# Possible solutions:
#   Reduce memory load on the system
#   Increase physical memory or swap space
#   Check if swap backing store is full
#   Decrease Java heap size (-Xmx/-Xms)
#   Decrease number of Java threads
#   Decrease Java thread stack sizes (-Xss)
#   Set larger code cache with -XX:ReservedCodeCacheSize=
#   JVM is running with Unscaled Compressed Oops mode in which the Java heap is
#     placed in the first 4GB address space. The Java Heap base address is the
#     maximum limit for the native heap growth. Please use -XX:HeapBaseMinAddress
#     to set the Java Heap base and to place the Java Heap above 4GB virtual address.
# This output file may be truncated or incomplete.
#
#  Out of Memory Error (os_windows.cpp:3769), pid=16584, tid=15772
#
# JRE version: OpenJDK Runtime Environment (17.0.6) (build 17.0.6+0-b2043.56-10027231)
# Java VM: OpenJDK 64-Bit Server VM (17.0.6+0-b2043.56-10027231, mixed mode, tiered, compressed oops, compressed class ptrs, g1 gc, windows-amd64)
# No core dump will be written. Minidumps are not enabled by default on client versions of Windows
#

---------------  S U M M A R Y ------------

Command Line: --add-opens=java.base/java.util.concurrent.atomic=ALL-UNNAMED --add-opens=java.base/java.util=ALL-UNNAMED --add-opens=java.base/java.lang=ALL-UNNAMED --add-opens=java.base/java.lang.invoke=ALL-UNNAMED --add-opens=java.prefs/java.util.prefs=ALL-UNNAMED --add-opens=java.base/java.nio.charset=ALL-UNNAMED --add-opens=java.base/java.net=ALL-UNNAMED --add-opens=java.base/java.util.concurrent.atomic=ALL-UNNAMED -Xmx2048m -Dfile.encoding=UTF-8 -Duser.country=US -Duser.language=en -Duser.variant org.gradle.launcher.daemon.bootstrap.GradleDaemon 8.0

Host: AMD Ryzen 3 5300U with Radeon Graphics         , 8 cores, 7G,  Windows 11 , 64 bit Build 22621 (10.0.22621.3672)
Time: Tue Jul  2 10:49:00 2024 W. Central Africa Standard Time elapsed time: 12.798009 seconds (0d 0h 0m 12s)

---------------  T H R E A D  ---------------

Current thread (0x00000192e6f2d020):  VMThread "VM Thread" [stack: 0x0000003195c00000,0x0000003195d00000] [id=15772]

Stack: [0x0000003195c00000,0x0000003195d00000]
Native frames: (J=compiled Java code, j=interpreted, Vv=VM code, C=native code)
V  [jvm.dll+0x683c9a]
V  [jvm.dll+0x8427a4]
V  [jvm.dll+0x843f9e]
V  [jvm.dll+0x844603]
V  [jvm.dll+0x249b75]
V  [jvm.dll+0x680b69]
V  [jvm.dll+0x67505a]
V  [jvm.dll+0x309acb]
V  [jvm.dll+0x310f86]
V  [jvm.dll+0x3608ee]
V  [jvm.dll+0x360b1f]
V  [jvm.dll+0x2dfbf8]
V  [jvm.dll+0x2ddec4]
V  [jvm.dll+0x2dd4cc]
V  [jvm.dll+0x321f3b]
V  [jvm.dll+0x848ccb]
V  [jvm.dll+0x849a04]
V  [jvm.dll+0x849f1d]
V  [jvm.dll+0x84a2f4]
V  [jvm.dll+0x84a3c0]
V  [jvm.dll+0x7f274a]
V  [jvm.dll+0x682ad5]
C  [ucrtbase.dll+0x29333]
C  [KERNEL32.DLL+0x1257d]
C  [ntdll.dll+0x5af28]

VM_Operation (0x0000003198dfca90): G1CollectForAllocation, mode: safepoint, requested by thread 0x00000192ebd2cd50


---------------  P R O C E S S  ---------------

Threads class SMR info:
_java_thread_list=0x00000192e801bde0, length=135, elements={
0x00000192cd0e20a0, 0x00000192e6f4e020, 0x00000192e6f30560, 0x00000192e7837e40,
0x00000192e78473c0, 0x00000192e7848490, 0x00000192e784b580, 0x00000192e784e9a0,
0x00000192e78733d0, 0x00000192e787c910, 0x00000192e7a0dee0, 0x00000192e7a0e3b0,
0x00000192e91c8c70, 0x00000192e911ac00, 0x00000192ea3c7a20, 0x00000192e91ff4a0,
0x00000192e94af050, 0x00000192e9177ba0, 0x00000192e9469310, 0x00000192e9447160,
0x00000192e94462f0, 0x00000192e9447fd0, 0x00000192e9447630, 0x00000192e94467c0,
0x00000192e9448e40, 0x00000192e9445e20, 0x00000192e9446c90, 0x00000192e9447b00,
0x00000192e9445480, 0x00000192e94484a0, 0x00000192e9448970, 0x00000192e9445950,
0x00000192ebd2aba0, 0x00000192ebd28520, 0x00000192ebd26840, 0x00000192ebd2bee0,
0x00000192ebd29860, 0x00000192ebd2b070, 0x00000192ebd276b0, 0x00000192ebd2c3b0,
0x00000192ebd2cd50, 0x00000192ebd26d10, 0x00000192ebd28ec0, 0x00000192ebd29390,
0x00000192ebd27b80, 0x00000192ebd2ba10, 0x00000192ebd26370, 0x00000192ebd2c880,
0x00000192ebd29d30, 0x00000192ebd271e0, 0x00000192ebd2d6f0, 0x00000192ebd25ea0,
0x00000192ebd2a6d0, 0x00000192ec85a1a0, 0x00000192ec85a670, 0x00000192ec85c350,
0x00000192ec858990, 0x00000192ec85b9b0, 0x00000192ec856cb0, 0x00000192ec859cd0,
0x00000192ec857650, 0x00000192ec85b4e0, 0x00000192ec8554a0, 0x00000192ec857b20,
0x00000192ec859800, 0x00000192ec85b010, 0x00000192ec857ff0, 0x00000192ec8567e0,
0x00000192ec8584c0, 0x00000192ec858e60, 0x00000192ec859330, 0x00000192ec85ab40,
0x00000192ec857180, 0x00000192ec85be80, 0x00000192ec855e40, 0x00000192ec85c820,
0x00000192ec854fd0, 0x00000192ec855970, 0x00000192ec856310, 0x00000192ec9d2270,
0x00000192ec9cf720, 0x00000192ec9d1da0, 0x00000192ec9d2c10, 0x00000192ec9d30e0,
0x00000192ec9ccbd0, 0x00000192ec9cfbf0, 0x00000192ec9cdf10, 0x00000192ec9cf250,
0x00000192ec9d0a60, 0x00000192ec9cc230, 0x00000192ec9d0f30, 0x00000192ec9d00c0,
0x00000192ec9d3a80, 0x00000192ec9cd0a0, 0x00000192ec9d1400, 0x00000192ec9ce8b0,
0x00000192ec9cd570, 0x00000192ec9d0590, 0x00000192ec9d35b0, 0x00000192ec9d18d0,
0x00000192ec9d2740, 0x00000192ec9cc700, 0x00000192ec9cda40, 0x00000192ec9ce3e0,
0x00000192ec9ced80, 0x00000192ec775cb0, 0x00000192ec776180, 0x00000192ec77a010,
0x00000192ec776ff0, 0x00000192ec777e60, 0x00000192ec77a9b0, 0x00000192ec774970,
0x00000192ec7774c0, 0x00000192ec77c1c0, 0x00000192ec77ae80, 0x00000192ec77bcf0,
0x00000192ec778800, 0x00000192ec776650, 0x00000192ec778330, 0x00000192ec776b20,
0x00000192ec774e40, 0x00000192ec777990, 0x00000192ec775310, 0x00000192ec778cd0,
0x00000192ec7757e0, 0x00000192ec842ce0, 0x00000192ec841e70, 0x00000192ec8431b0,
0x00000192ec842810, 0x00000192ec847040, 0x00000192ec840660, 0x00000192ec8461d0,
0x00000192ec840190, 0x00000192ec841000, 0x00000192ec842340
}

Java Threads: ( => current thread )
  0x00000192cd0e20a0 JavaThread "main" [_thread_blocked, id=11312, stack(0x0000003195600000,0x0000003195700000)]
  0x00000192e6f4e020 JavaThread "Reference Handler" daemon [_thread_blocked, id=20388, stack(0x0000003195d00000,0x0000003195e00000)]
  0x00000192e6f30560 JavaThread "Finalizer" daemon [_thread_blocked, id=1612, stack(0x0000003195e00000,0x0000003195f00000)]
  0x00000192e7837e40 JavaThread "Signal Dispatcher" daemon [_thread_blocked, id=17052, stack(0x0000003195f00000,0x0000003196000000)]
  0x00000192e78473c0 JavaThread "Attach Listener" daemon [_thread_blocked, id=21500, stack(0x0000003196000000,0x0000003196100000)]
  0x00000192e7848490 JavaThread "Service Thread" daemon [_thread_blocked, id=15716, stack(0x0000003196100000,0x0000003196200000)]
  0x00000192e784b580 JavaThread "Monitor Deflation Thread" daemon [_thread_blocked, id=8632, stack(0x0000003196200000,0x0000003196300000)]
  0x00000192e784e9a0 JavaThread "C2 CompilerThread0" daemon [_thread_blocked, id=13664, stack(0x0000003196300000,0x0000003196400000)]
  0x00000192e78733d0 JavaThread "C1 CompilerThread0" daemon [_thread_blocked, id=4156, stack(0x0000003196400000,0x0000003196500000)]
  0x00000192e787c910 JavaThread "Sweeper thread" daemon [_thread_blocked, id=408, stack(0x0000003196500000,0x0000003196600000)]
  0x00000192e7a0dee0 JavaThread "Common-Cleaner" daemon [_thread_blocked, id=20708, stack(0x0000003196600000,0x0000003196700000)]
  0x00000192e7a0e3b0 JavaThread "Notification Thread" daemon [_thread_blocked, id=19048, stack(0x0000003196700000,0x0000003196800000)]
  0x00000192e91c8c70 JavaThread "Daemon health stats" [_thread_blocked, id=19752, stack(0x0000003196d00000,0x0000003196e00000)]
  0x00000192e911ac00 JavaThread "Incoming local TCP Connector on port 51192" [_thread_in_native, id=15280, stack(0x0000003196e00000,0x0000003196f00000)]
  0x00000192ea3c7a20 JavaThread "Daemon periodic checks" [_thread_blocked, id=21348, stack(0x0000003196f00000,0x0000003197000000)]
  0x00000192e91ff4a0 JavaThread "Daemon" [_thread_blocked, id=11104, stack(0x0000003197000000,0x0000003197100000)]
  0x00000192e94af050 JavaThread "Handler for socket connection from /127.0.0.1:51192 to /127.0.0.1:51193" [_thread_in_native, id=11120, stack(0x0000003197100000,0x0000003197200000)]
  0x00000192e9177ba0 JavaThread "Cancel handler" [_thread_blocked, id=19852, stack(0x0000003197200000,0x0000003197300000)]
  0x00000192e9469310 JavaThread "Daemon worker" [_thread_blocked, id=7400, stack(0x0000003197300000,0x0000003197400000)]
  0x00000192e9447160 JavaThread "Asynchronous log dispatcher for DefaultDaemonConnection: socket connection from /127.0.0.1:51192 to /127.0.0.1:51193" [_thread_blocked, id=12432, stack(0x0000003197400000,0x0000003197500000)]
  0x00000192e94462f0 JavaThread "Stdin handler" [_thread_blocked, id=19736, stack(0x0000003197500000,0x0000003197600000)]
  0x00000192e9447fd0 JavaThread "Daemon client event forwarder" [_thread_blocked, id=7140, stack(0x0000003197600000,0x0000003197700000)]
  0x00000192e9447630 JavaThread "Cache worker for journal cache (C:\Users\23480\.gradle\caches\journal-1)" [_thread_blocked, id=19592, stack(0x0000003197b00000,0x0000003197c00000)]
  0x00000192e94467c0 JavaThread "File lock request listener" [_thread_in_native, id=13248, stack(0x0000003197c00000,0x0000003197d00000)]
  0x00000192e9448e40 JavaThread "Cache worker for file hash cache (C:\Users\23480\.gradle\caches\8.0\fileHashes)" [_thread_blocked, id=18856, stack(0x0000003197d00000,0x0000003197e00000)]
  0x00000192e9445e20 JavaThread "File watcher server" daemon [_thread_in_native, id=17136, stack(0x0000003197e00000,0x0000003197f00000)]
  0x00000192e9446c90 JavaThread "File watcher consumer" daemon [_thread_blocked, id=9808, stack(0x0000003197f00000,0x0000003198000000)]
  0x00000192e9447b00 JavaThread "jar transforms" [_thread_blocked, id=19884, stack(0x0000003198000000,0x0000003198100000)]
  0x00000192e9445480 JavaThread "jar transforms Thread 2" [_thread_blocked, id=11028, stack(0x0000003198100000,0x0000003198200000)]
  0x00000192e94484a0 JavaThread "jar transforms Thread 3" [_thread_blocked, id=14352, stack(0x0000003198200000,0x0000003198300000)]
  0x00000192e9448970 JavaThread "jar transforms Thread 4" [_thread_blocked, id=15804, stack(0x0000003198300000,0x0000003198400000)]
  0x00000192e9445950 JavaThread "jar transforms Thread 5" [_thread_blocked, id=5632, stack(0x0000003198400000,0x0000003198500000)]
  0x00000192ebd2aba0 JavaThread "jar transforms Thread 6" [_thread_blocked, id=20736, stack(0x0000003198500000,0x0000003198600000)]
  0x00000192ebd28520 JavaThread "jar transforms Thread 7" [_thread_blocked, id=14608, stack(0x0000003198600000,0x0000003198700000)]
  0x00000192ebd26840 JavaThread "jar transforms Thread 8" [_thread_blocked, id=21392, stack(0x0000003198700000,0x0000003198800000)]
  0x00000192ebd2bee0 JavaThread "Cache worker for checksums cache (C:\Users\23480\Documents\androidproject\TodoApp\.gradle\8.0\checksums)" [_thread_blocked, id=13240, stack(0x0000003198800000,0x0000003198900000)]
  0x00000192ebd29860 JavaThread "Cache worker for cache directory md-rule (C:\Users\23480\.gradle\caches\8.0\md-rule)" [_thread_blocked, id=20752, stack(0x0000003198900000,0x0000003198a00000)]
  0x00000192ebd2b070 JavaThread "Cache worker for file content cache (C:\Users\23480\.gradle\caches\8.0\fileContent)" [_thread_blocked, id=2964, stack(0x0000003198a00000,0x0000003198b00000)]
  0x00000192ebd276b0 JavaThread "Cache worker for file hash cache (C:\Users\23480\Documents\androidproject\TodoApp\.gradle\8.0\fileHashes)" [_thread_blocked, id=4628, stack(0x0000003198b00000,0x0000003198c00000)]
  0x00000192ebd2c3b0 JavaThread "Cache worker for cache directory md-supplier (C:\Users\23480\.gradle\caches\8.0\md-supplier)" [_thread_blocked, id=16840, stack(0x0000003198c00000,0x0000003198d00000)]
  0x00000192ebd2cd50 JavaThread "Cache worker for execution history cache (C:\Users\23480\.gradle\caches\8.0\executionHistory)" [_thread_blocked, id=1804, stack(0x0000003198d00000,0x0000003198e00000)]
  0x00000192ebd26d10 JavaThread "Cache worker for kotlin-dsl (C:\Users\23480\.gradle\caches\8.0\kotlin-dsl)" [_thread_blocked, id=4244, stack(0x0000003198e00000,0x0000003198f00000)]
  0x00000192ebd28ec0 JavaThread "Cache worker for dependencies-accessors (C:\Users\23480\Documents\androidproject\TodoApp\.gradle\8.0\dependencies-accessors)" [_thread_blocked, id=7660, stack(0x0000003198f00000,0x0000003199000000)]
  0x00000192ebd29390 JavaThread "Cache worker for Build Output Cleanup Cache (C:\Users\23480\Documents\androidproject\TodoApp\.gradle\buildOutputCleanup)" [_thread_blocked, id=5256, stack(0x0000003199000000,0x0000003199100000)]
  0x00000192ebd27b80 JavaThread "Unconstrained build operations" [_thread_blocked, id=11488, stack(0x0000003199100000,0x0000003199200000)]
  0x00000192ebd2ba10 JavaThread "Unconstrained build operations Thread 2" [_thread_blocked, id=3880, stack(0x0000003199200000,0x0000003199300000)]
  0x00000192ebd26370 JavaThread "Unconstrained build operations Thread 3" [_thread_blocked, id=10316, stack(0x0000003199300000,0x0000003199400000)]
  0x00000192ebd2c880 JavaThread "Unconstrained build operations Thread 4" [_thread_blocked, id=17420, stack(0x0000003199400000,0x0000003199500000)]
  0x00000192ebd29d30 JavaThread "Unconstrained build operations Thread 5" [_thread_blocked, id=12220, stack(0x0000003199500000,0x0000003199600000)]
  0x00000192ebd271e0 JavaThread "Unconstrained build operations Thread 6" [_thread_blocked, id=11088, stack(0x0000003199600000,0x0000003199700000)]
  0x00000192ebd2d6f0 JavaThread "Unconstrained build operations Thread 7" [_thread_blocked, id=3868, stack(0x0000003199700000,0x0000003199800000)]
  0x00000192ebd25ea0 JavaThread "Unconstrained build operations Thread 8" [_thread_blocked, id=11024, stack(0x0000003199800000,0x0000003199900000)]
  0x00000192ebd2a6d0 JavaThread "Unconstrained build operations Thread 9" [_thread_blocked, id=3576, stack(0x0000003199900000,0x0000003199a00000)]
  0x00000192ec85a1a0 JavaThread "Unconstrained build operations Thread 10" [_thread_blocked, id=10552, stack(0x0000003199a00000,0x0000003199b00000)]
  0x00000192ec85a670 JavaThread "Unconstrained build operations Thread 11" [_thread_blocked, id=14644, stack(0x0000003199b00000,0x0000003199c00000)]
  0x00000192ec85c350 JavaThread "Unconstrained build operations Thread 12" [_thread_blocked, id=17260, stack(0x0000003199c00000,0x0000003199d00000)]
  0x00000192ec858990 JavaThread "Unconstrained build operations Thread 13" [_thread_blocked, id=21040, stack(0x0000003199d00000,0x0000003199e00000)]
  0x00000192ec85b9b0 JavaThread "Unconstrained build operations Thread 14" [_thread_blocked, id=2624, stack(0x0000003199e00000,0x0000003199f00000)]
  0x00000192ec856cb0 JavaThread "Unconstrained build operations Thread 15" [_thread_blocked, id=6772, stack(0x0000003199f00000,0x000000319a000000)]
  0x00000192ec859cd0 JavaThread "Unconstrained build operations Thread 16" [_thread_blocked, id=4940, stack(0x000000319a000000,0x000000319a100000)]
  0x00000192ec857650 JavaThread "Unconstrained build operations Thread 17" [_thread_blocked, id=20824, stack(0x000000319a100000,0x000000319a200000)]
  0x00000192ec85b4e0 JavaThread "Unconstrained build operations Thread 18" [_thread_blocked, id=10704, stack(0x000000319a200000,0x000000319a300000)]
  0x00000192ec8554a0 JavaThread "Unconstrained build operations Thread 19" [_thread_blocked, id=13388, stack(0x000000319a300000,0x000000319a400000)]
  0x00000192ec857b20 JavaThread "Unconstrained build operations Thread 20" [_thread_blocked, id=1404, stack(0x000000319a400000,0x000000319a500000)]
  0x00000192ec859800 JavaThread "Unconstrained build operations Thread 21" [_thread_blocked, id=9580, stack(0x000000319a500000,0x000000319a600000)]
  0x00000192ec85b010 JavaThread "Unconstrained build operations Thread 22" [_thread_blocked, id=16632, stack(0x000000319a600000,0x000000319a700000)]
  0x00000192ec857ff0 JavaThread "Unconstrained build operations Thread 23" [_thread_blocked, id=156, stack(0x000000319a700000,0x000000319a800000)]
  0x00000192ec8567e0 JavaThread "Unconstrained build operations Thread 24" [_thread_blocked, id=6656, stack(0x000000319a800000,0x000000319a900000)]
  0x00000192ec8584c0 JavaThread "Unconstrained build operations Thread 25" [_thread_blocked, id=272, stack(0x000000319a900000,0x000000319aa00000)]
  0x00000192ec858e60 JavaThread "Unconstrained build operations Thread 26" [_thread_blocked, id=10304, stack(0x000000319aa00000,0x000000319ab00000)]
  0x00000192ec859330 JavaThread "Unconstrained build operations Thread 27" [_thread_blocked, id=13720, stack(0x000000319ab00000,0x000000319ac00000)]
  0x00000192ec85ab40 JavaThread "Unconstrained build operations Thread 28" [_thread_blocked, id=10232, stack(0x000000319ac00000,0x000000319ad00000)]
  0x00000192ec857180 JavaThread "Unconstrained build operations Thread 29" [_thread_blocked, id=13532, stack(0x000000319ad00000,0x000000319ae00000)]
  0x00000192ec85be80 JavaThread "Unconstrained build operations Thread 30" [_thread_blocked, id=14832, stack(0x000000319ae00000,0x000000319af00000)]
  0x00000192ec855e40 JavaThread "Unconstrained build operations Thread 31" [_thread_blocked, id=19608, stack(0x000000319af00000,0x000000319b000000)]
  0x00000192ec85c820 JavaThread "Unconstrained build operations Thread 32" [_thread_blocked, id=320, stack(0x000000319b000000,0x000000319b100000)]
  0x00000192ec854fd0 JavaThread "Unconstrained build operations Thread 33" [_thread_blocked, id=14024, stack(0x000000319b100000,0x000000319b200000)]
  0x00000192ec855970 JavaThread "Unconstrained build operations Thread 34" [_thread_blocked, id=12088, stack(0x000000319b200000,0x000000319b300000)]
  0x00000192ec856310 JavaThread "Unconstrained build operations Thread 35" [_thread_blocked, id=10068, stack(0x000000319b300000,0x000000319b400000)]
  0x00000192ec9d2270 JavaThread "Unconstrained build operations Thread 36" [_thread_blocked, id=16932, stack(0x000000319b400000,0x000000319b500000)]
  0x00000192ec9cf720 JavaThread "Unconstrained build operations Thread 37" [_thread_blocked, id=7648, stack(0x000000319b500000,0x000000319b600000)]
  0x00000192ec9d1da0 JavaThread "Unconstrained build operations Thread 38" [_thread_blocked, id=5140, stack(0x000000319b600000,0x000000319b700000)]
  0x00000192ec9d2c10 JavaThread "Unconstrained build operations Thread 39" [_thread_blocked, id=7544, stack(0x000000319b700000,0x000000319b800000)]
  0x00000192ec9d30e0 JavaThread "Unconstrained build operations Thread 40" [_thread_blocked, id=7832, stack(0x000000319b800000,0x000000319b900000)]
  0x00000192ec9ccbd0 JavaThread "Unconstrained build operations Thread 41" [_thread_blocked, id=19380, stack(0x000000319b900000,0x000000319ba00000)]
  0x00000192ec9cfbf0 JavaThread "Unconstrained build operations Thread 42" [_thread_blocked, id=19828, stack(0x000000319ba00000,0x000000319bb00000)]
  0x00000192ec9cdf10 JavaThread "Unconstrained build operations Thread 43" [_thread_blocked, id=1816, stack(0x000000319bb00000,0x000000319bc00000)]
  0x00000192ec9cf250 JavaThread "Unconstrained build operations Thread 44" [_thread_blocked, id=8884, stack(0x000000319bc00000,0x000000319bd00000)]
  0x00000192ec9d0a60 JavaThread "Unconstrained build operations Thread 45" [_thread_blocked, id=2356, stack(0x000000319bd00000,0x000000319be00000)]
  0x00000192ec9cc230 JavaThread "Unconstrained build operations Thread 46" [_thread_blocked, id=19392, stack(0x000000319be00000,0x000000319bf00000)]
  0x00000192ec9d0f30 JavaThread "Unconstrained build operations Thread 47" [_thread_blocked, id=20808, stack(0x000000319bf00000,0x000000319c000000)]
  0x00000192ec9d00c0 JavaThread "Unconstrained build operations Thread 48" [_thread_blocked, id=2288, stack(0x000000319c000000,0x000000319c100000)]
  0x00000192ec9d3a80 JavaThread "Unconstrained build operations Thread 49" [_thread_blocked, id=19188, stack(0x000000319c100000,0x000000319c200000)]
  0x00000192ec9cd0a0 JavaThread "Unconstrained build operations Thread 50" [_thread_blocked, id=4420, stack(0x000000319c200000,0x000000319c300000)]
  0x00000192ec9d1400 JavaThread "Unconstrained build operations Thread 51" [_thread_blocked, id=21144, stack(0x000000319c300000,0x000000319c400000)]
  0x00000192ec9ce8b0 JavaThread "Unconstrained build operations Thread 52" [_thread_blocked, id=12828, stack(0x000000319c400000,0x000000319c500000)]
  0x00000192ec9cd570 JavaThread "Unconstrained build operations Thread 53" [_thread_blocked, id=14200, stack(0x000000319c500000,0x000000319c600000)]
  0x00000192ec9d0590 JavaThread "Unconstrained build operations Thread 54" [_thread_blocked, id=8360, stack(0x000000319c600000,0x000000319c700000)]
  0x00000192ec9d35b0 JavaThread "Unconstrained build operations Thread 55" [_thread_blocked, id=3968, stack(0x000000319c700000,0x000000319c800000)]
  0x00000192ec9d18d0 JavaThread "Unconstrained build operations Thread 56" [_thread_blocked, id=9200, stack(0x000000319c800000,0x000000319c900000)]
  0x00000192ec9d2740 JavaThread "Unconstrained build operations Thread 57" [_thread_blocked, id=20792, stack(0x000000319c900000,0x000000319ca00000)]
  0x00000192ec9cc700 JavaThread "Unconstrained build operations Thread 58" [_thread_blocked, id=2840, stack(0x000000319ca00000,0x000000319cb00000)]
  0x00000192ec9cda40 JavaThread "Unconstrained build operations Thread 59" [_thread_blocked, id=8776, stack(0x000000319cb00000,0x000000319cc00000)]
  0x00000192ec9ce3e0 JavaThread "Unconstrained build operations Thread 60" [_thread_blocked, id=12812, stack(0x000000319cc00000,0x000000319cd00000)]
  0x00000192ec9ced80 JavaThread "Unconstrained build operations Thread 61" [_thread_blocked, id=19952, stack(0x000000319cd00000,0x000000319ce00000)]
  0x00000192ec775cb0 JavaThread "Unconstrained build operations Thread 62" [_thread_blocked, id=4704, stack(0x000000319ce00000,0x000000319cf00000)]
  0x00000192ec776180 JavaThread "Unconstrained build operations Thread 63" [_thread_blocked, id=10092, stack(0x000000319cf00000,0x000000319d000000)]
  0x00000192ec77a010 JavaThread "Unconstrained build operations Thread 64" [_thread_blocked, id=14372, stack(0x000000319d000000,0x000000319d100000)]
  0x00000192ec776ff0 JavaThread "Unconstrained build operations Thread 65" [_thread_blocked, id=14136, stack(0x000000319d100000,0x000000319d200000)]
  0x00000192ec777e60 JavaThread "Unconstrained build operations Thread 66" [_thread_blocked, id=6932, stack(0x000000319d200000,0x000000319d300000)]
  0x00000192ec77a9b0 JavaThread "Unconstrained build operations Thread 67" [_thread_blocked, id=21248, stack(0x000000319d300000,0x000000319d400000)]
  0x00000192ec774970 JavaThread "Unconstrained build operations Thread 68" [_thread_blocked, id=18908, stack(0x000000319d400000,0x000000319d500000)]
  0x00000192ec7774c0 JavaThread "Unconstrained build operations Thread 69" [_thread_blocked, id=18608, stack(0x000000319d500000,0x000000319d600000)]
  0x00000192ec77c1c0 JavaThread "Unconstrained build operations Thread 70" [_thread_blocked, id=6008, stack(0x000000319d600000,0x000000319d700000)]
  0x00000192ec77ae80 JavaThread "Unconstrained build operations Thread 71" [_thread_blocked, id=2344, stack(0x000000319d700000,0x000000319d800000)]
  0x00000192ec77bcf0 JavaThread "Unconstrained build operations Thread 72" [_thread_blocked, id=19620, stack(0x000000319d800000,0x000000319d900000)]
  0x00000192ec778800 JavaThread "Unconstrained build operations Thread 73" [_thread_blocked, id=12264, stack(0x000000319d900000,0x000000319da00000)]
  0x00000192ec776650 JavaThread "Unconstrained build operations Thread 74" [_thread_blocked, id=5480, stack(0x000000319da00000,0x000000319db00000)]
  0x00000192ec778330 JavaThread "Unconstrained build operations Thread 75" [_thread_blocked, id=9704, stack(0x000000319db00000,0x000000319dc00000)]
  0x00000192ec776b20 JavaThread "Unconstrained build operations Thread 76" [_thread_blocked, id=1568, stack(0x000000319dc00000,0x000000319dd00000)]
  0x00000192ec774e40 JavaThread "Unconstrained build operations Thread 77" [_thread_blocked, id=19776, stack(0x000000319dd00000,0x000000319de00000)]
  0x00000192ec777990 JavaThread "Unconstrained build operations Thread 78" [_thread_blocked, id=6012, stack(0x000000319de00000,0x000000319df00000)]
  0x00000192ec775310 JavaThread "Unconstrained build operations Thread 79" [_thread_blocked, id=12576, stack(0x000000319df00000,0x000000319e000000)]
  0x00000192ec778cd0 JavaThread "Unconstrained build operations Thread 80" [_thread_blocked, id=18420, stack(0x000000319e000000,0x000000319e100000)]
  0x00000192ec7757e0 JavaThread "Memory manager" [_thread_blocked, id=20128, stack(0x000000319e100000,0x000000319e200000)]
  0x00000192ec842ce0 JavaThread "pool-3-thread-1" [_thread_blocked, id=20692, stack(0x000000319e300000,0x000000319e400000)]
  0x00000192ec841e70 JavaThread "included builds" [_thread_blocked, id=3088, stack(0x000000319e400000,0x000000319e500000)]
  0x00000192ec8431b0 JavaThread "Execution worker" [_thread_blocked, id=15852, stack(0x000000319e500000,0x000000319e600000)]
  0x00000192ec842810 JavaThread "Execution worker Thread 2" [_thread_blocked, id=18832, stack(0x000000319e600000,0x000000319e700000)]
  0x00000192ec847040 JavaThread "Execution worker Thread 3" [_thread_blocked, id=7120, stack(0x000000319e700000,0x000000319e800000)]
  0x00000192ec840660 JavaThread "Execution worker Thread 4" [_thread_blocked, id=5016, stack(0x000000319e800000,0x000000319e900000)]
  0x00000192ec8461d0 JavaThread "Execution worker Thread 5" [_thread_blocked, id=7312, stack(0x000000319e900000,0x000000319ea00000)]
  0x00000192ec840190 JavaThread "Execution worker Thread 6" [_thread_blocked, id=7900, stack(0x000000319ea00000,0x000000319eb00000)]
  0x00000192ec841000 JavaThread "Execution worker Thread 7" [_thread_blocked, id=15788, stack(0x000000319eb00000,0x000000319ec00000)]
  0x00000192ec842340 JavaThread "Cache worker for execution history cache (C:\Users\23480\Documents\androidproject\TodoApp\.gradle\8.0\executionHistory)" [_thread_blocked, id=8596, stack(0x000000319ec00000,0x000000319ed00000)]

Other Threads:
=>0x00000192e6f2d020 VMThread "VM Thread" [stack: 0x0000003195c00000,0x0000003195d00000] [id=15772]
  0x00000192cd157470 WatcherThread [stack: 0x0000003196800000,0x0000003196900000] [id=16292]
  0x00000192cd13b020 GCTaskThread "GC Thread#0" [stack: 0x0000003195700000,0x0000003195800000] [id=3892]
  0x00000192e8732f50 GCTaskThread "GC Thread#1" [stack: 0x0000003196900000,0x0000003196a00000] [id=19452]
  0x00000192e8a280b0 GCTaskThread "GC Thread#2" [stack: 0x0000003196a00000,0x0000003196b00000] [id=16980]
  0x00000192e8a28360 GCTaskThread "GC Thread#3" [stack: 0x0000003196b00000,0x0000003196c00000] [id=12064]
  0x00000192e8d44910 GCTaskThread "GC Thread#4" [stack: 0x0000003196c00000,0x0000003196d00000] [id=1336]
  0x00000192ea0666b0 GCTaskThread "GC Thread#5" [stack: 0x0000003197700000,0x0000003197800000] [id=1484]
  0x00000192ea30db20 GCTaskThread "GC Thread#6" [stack: 0x0000003197800000,0x0000003197900000] [id=16908]
  0x00000192ea057450 GCTaskThread "GC Thread#7" [stack: 0x0000003197900000,0x0000003197a00000] [id=12008]
  0x00000192cd14bf60 ConcurrentGCThread "G1 Main Marker" [stack: 0x0000003195800000,0x0000003195900000] [id=21132]
  0x00000192cd14c970 ConcurrentGCThread "G1 Conc#0" [stack: 0x0000003195900000,0x0000003195a00000] [id=14296]
  0x00000192ea0c6350 ConcurrentGCThread "G1 Conc#1" [stack: 0x0000003197a00000,0x0000003197b00000] [id=12280]
  0x00000192e6da0940 ConcurrentGCThread "G1 Refine#0" [stack: 0x0000003195a00000,0x0000003195b00000] [id=20220]
  0x00000192eaae03f0 ConcurrentGCThread "G1 Refine#1" [stack: 0x000000319e200000,0x000000319e300000] [id=808]
  0x00000192e6da2280 ConcurrentGCThread "G1 Service" [stack: 0x0000003195b00000,0x0000003195c00000] [id=12232]

Threads with active compile tasks:
C2 CompilerThread0    12840 9280       4       org.gradle.internal.execution.history.impl.FileSystemSnapshotSerializer::toAbsolutePath (102 bytes)

VM state: at safepoint (normal execution)

VM Mutex/Monitor currently owned by a thread:  ([mutex/lock_event])
[0x00000192cd0ddb90] Threads_lock - owner thread: 0x00000192e6f2d020
[0x00000192cd0ddc20] Heap_lock - owner thread: 0x00000192ebd2cd50

Heap address: 0x0000000080000000, size: 2048 MB, Compressed Oops mode: 32-bit

CDS archive(s) not mapped
Compressed class space mapped at: 0x0000000100000000-0x0000000140000000, reserved size: 1073741824
Narrow klass base: 0x0000000000000000, Narrow klass shift: 3, Narrow klass range: 0x140000000

GC Precious Log:
 CPUs: 8 total, 8 available
 Memory: 7502M
 Large Page Support: Disabled
 NUMA Support: Disabled
 Compressed Oops: Enabled (32-bit)
 Heap Region Size: 1M
 Heap Min Capacity: 8M
 Heap Initial Capacity: 118M
 Heap Max Capacity: 2G
 Pre-touch: Disabled
 Parallel Workers: 8
 Concurrent Workers: 2
 Concurrent Refinement Workers: 8
 Periodic GC: Disabled

Heap:
 garbage-first heap   total 199680K, used 119902K [0x0000000080000000, 0x0000000100000000)
  region size 1024K, 1 young (1024K), 1 survivors (1024K)
 Metaspace       used 93836K, committed 94592K, reserved 1130496K
  class space    used 12677K, committed 13056K, reserved 1048576K

Heap Regions: E=young(eden), S=young(survivor), O=old, HS=humongous(starts), HC=humongous(continues), CS=collection set, F=free, OA=open archive, CA=closed archive, TAMS=top-at-mark-start (previous, next)
|   0|0x0000000080000000, 0x0000000080100000, 0x0000000080100000|100%|HS|  |TAMS 0x0000000080100000, 0x0000000080000000| Complete 
|   1|0x0000000080100000, 0x0000000080200000, 0x0000000080200000|100%|HC|  |TAMS 0x0000000080200000, 0x0000000080100000| Complete 
|   2|0x0000000080200000, 0x0000000080300000, 0x0000000080300000|100%|HC|  |TAMS 0x0000000080300000, 0x0000000080200000| Complete 
|   3|0x0000000080300000, 0x0000000080400000, 0x0000000080400000|100%|HC|  |TAMS 0x0000000080400000, 0x0000000080300000| Complete 
|   4|0x0000000080400000, 0x0000000080500000, 0x0000000080500000|100%| O|  |TAMS 0x0000000080500000, 0x0000000080400000| Untracked 
|   5|0x0000000080500000, 0x0000000080600000, 0x0000000080600000|100%| O|  |TAMS 0x0000000080600000, 0x0000000080500000| Untracked 
|   6|0x0000000080600000, 0x0000000080700000, 0x0000000080700000|100%| O|  |TAMS 0x0000000080700000, 0x0000000080600000| Untracked 
|   7|0x0000000080700000, 0x0000000080800000, 0x0000000080800000|100%| O|  |TAMS 0x0000000080800000, 0x0000000080700000| Untracked 
|   8|0x0000000080800000, 0x0000000080900000, 0x0000000080900000|100%| O|  |TAMS 0x0000000080900000, 0x0000000080800000| Untracked 
|   9|0x0000000080900000, 0x0000000080a00000, 0x0000000080a00000|100%| O|  |TAMS 0x0000000080a00000, 0x0000000080900000| Untracked 
|  10|0x0000000080a00000, 0x0000000080b00000, 0x0000000080b00000|100%| O|  |TAMS 0x0000000080b00000, 0x0000000080a00000| Untracked 
|  11|0x0000000080b00000, 0x0000000080c00000, 0x0000000080c00000|100%| O|  |TAMS 0x0000000080c00000, 0x0000000080b00000| Untracked 
|  12|0x0000000080c00000, 0x0000000080d00000, 0x0000000080d00000|100%| O|  |TAMS 0x0000000080d00000, 0x0000000080c00000| Untracked 
|  13|0x0000000080d00000, 0x0000000080e00000, 0x0000000080e00000|100%| O|  |TAMS 0x0000000080e00000, 0x0000000080d00000| Untracked 
|  14|0x0000000080e00000, 0x0000000080f00000, 0x0000000080f00000|100%| O|  |TAMS 0x0000000080f00000, 0x0000000080e00000| Untracked 
|  15|0x0000000080f00000, 0x0000000081000000, 0x0000000081000000|100%| O|  |TAMS 0x0000000081000000, 0x0000000080f00000| Untracked 
|  16|0x0000000081000000, 0x0000000081100000, 0x0000000081100000|100%| O|  |TAMS 0x0000000081100000, 0x0000000081000000| Untracked 
|  17|0x0000000081100000, 0x0000000081200000, 0x0000000081200000|100%| O|  |TAMS 0x0000000081200000, 0x0000000081100000| Untracked 
|  18|0x0000000081200000, 0x0000000081300000, 0x0000000081300000|100%| O|  |TAMS 0x0000000081300000, 0x0000000081200000| Untracked 
|  19|0x0000000081300000, 0x0000000081400000, 0x0000000081400000|100%| O|  |TAMS 0x0000000081400000, 0x0000000081300000| Untracked 
|  20|0x0000000081400000, 0x0000000081500000, 0x0000000081500000|100%| O|  |TAMS 0x0000000081500000, 0x0000000081400000| Untracked 
|  21|0x0000000081500000, 0x0000000081600000, 0x0000000081600000|100%|HS|  |TAMS 0x0000000081600000, 0x0000000081500000| Complete 
|  22|0x0000000081600000, 0x0000000081700000, 0x0000000081700000|100%|HC|  |TAMS 0x0000000081700000, 0x0000000081600000| Complete 
|  23|0x0000000081700000, 0x0000000081800000, 0x0000000081800000|100%|HS|  |TAMS 0x0000000081800000, 0x0000000081700000| Complete 
|  24|0x0000000081800000, 0x0000000081900000, 0x0000000081900000|100%|HC|  |TAMS 0x0000000081900000, 0x0000000081800000| Complete 
|  25|0x0000000081900000, 0x0000000081a00000, 0x0000000081a00000|100%|HC|  |TAMS 0x0000000081a00000, 0x0000000081900000| Complete 
|  26|0x0000000081a00000, 0x0000000081b00000, 0x0000000081b00000|100%|HS|  |TAMS 0x0000000081b00000, 0x0000000081a00000| Complete 
|  27|0x0000000081b00000, 0x0000000081c00000, 0x0000000081c00000|100%|HC|  |TAMS 0x0000000081c00000, 0x0000000081b00000| Complete 
|  28|0x0000000081c00000, 0x0000000081d00000, 0x0000000081d00000|100%|HC|  |TAMS 0x0000000081d00000, 0x0000000081c00000| Complete 
|  29|0x0000000081d00000, 0x0000000081e00000, 0x0000000081e00000|100%| O|  |TAMS 0x0000000081e00000, 0x0000000081d00000| Updating 
|  30|0x0000000081e00000, 0x0000000081f00000, 0x0000000081f00000|100%| O|  |TAMS 0x0000000081f00000, 0x0000000081e00000| Untracked 
|  31|0x0000000081f00000, 0x0000000082000000, 0x0000000082000000|100%| O|  |TAMS 0x0000000082000000, 0x0000000081f00000| Untracked 
|  32|0x0000000082000000, 0x0000000082100000, 0x0000000082100000|100%| O|  |TAMS 0x0000000082100000, 0x0000000082000000| Untracked 
|  33|0x0000000082100000, 0x0000000082200000, 0x0000000082200000|100%| O|  |TAMS 0x0000000082200000, 0x0000000082100000| Untracked 
|  34|0x0000000082200000, 0x0000000082300000, 0x0000000082300000|100%| O|  |TAMS 0x0000000082300000, 0x0000000082200000| Untracked 
|  35|0x0000000082300000, 0x0000000082400000, 0x0000000082400000|100%| O|  |TAMS 0x0000000082400000, 0x0000000082300000| Untracked 
|  36|0x0000000082400000, 0x0000000082500000, 0x0000000082500000|100%| O|  |TAMS 0x0000000082500000, 0x0000000082400000| Untracked 
|  37|0x0000000082500000, 0x0000000082600000, 0x0000000082600000|100%| O|  |TAMS 0x0000000082600000, 0x0000000082500000| Updating 
|  38|0x0000000082600000, 0x0000000082700000, 0x0000000082700000|100%| O|  |TAMS 0x0000000082700000, 0x0000000082600000| Updating 
|  39|0x0000000082700000, 0x0000000082800000, 0x0000000082800000|100%| O|  |TAMS 0x0000000082800000, 0x0000000082700000| Untracked 
|  40|0x0000000082800000, 0x0000000082900000, 0x0000000082900000|100%| O|  |TAMS 0x0000000082900000, 0x0000000082800000| Updating 
|  41|0x0000000082900000, 0x0000000082a00000, 0x0000000082a00000|100%|HS|  |TAMS 0x0000000082a00000, 0x0000000082900000| Complete 
|  42|0x0000000082a00000, 0x0000000082b00000, 0x0000000082b00000|100%|HC|  |TAMS 0x0000000082b00000, 0x0000000082a00000| Complete 
|  43|0x0000000082b00000, 0x0000000082c00000, 0x0000000082c00000|100%|HC|  |TAMS 0x0000000082c00000, 0x0000000082b00000| Complete 
|  44|0x0000000082c00000, 0x0000000082d00000, 0x0000000082d00000|100%|HS|  |TAMS 0x0000000082d00000, 0x0000000082c00000| Complete 
|  45|0x0000000082d00000, 0x0000000082e00000, 0x0000000082e00000|100%|HC|  |TAMS 0x0000000082e00000, 0x0000000082d00000| Complete 
|  46|0x0000000082e00000, 0x0000000082f00000, 0x0000000082f00000|100%|HC|  |TAMS 0x0000000082f00000, 0x0000000082e00000| Complete 
|  47|0x0000000082f00000, 0x0000000083000000, 0x0000000083000000|100%| O|  |TAMS 0x0000000083000000, 0x0000000082f00000| Updating 
|  48|0x0000000083000000, 0x0000000083100000, 0x0000000083100000|100%| O|  |TAMS 0x0000000083100000, 0x0000000083000000| Untracked 
|  49|0x0000000083100000, 0x0000000083200000, 0x0000000083200000|100%| O|  |TAMS 0x0000000083200000, 0x0000000083100000| Untracked 
|  50|0x0000000083200000, 0x0000000083300000, 0x0000000083300000|100%| O|  |TAMS 0x0000000083300000, 0x0000000083200000| Untracked 
|  51|0x0000000083300000, 0x0000000083400000, 0x0000000083400000|100%|HS|  |TAMS 0x0000000083400000, 0x0000000083300000| Complete 
|  52|0x0000000083400000, 0x0000000083500000, 0x0000000083500000|100%|HS|  |TAMS 0x0000000083500000, 0x0000000083400000| Complete 
|  53|0x0000000083500000, 0x0000000083600000, 0x0000000083600000|100%|HS|  |TAMS 0x0000000083600000, 0x0000000083500000| Complete 
|  54|0x0000000083600000, 0x0000000083700000, 0x0000000083700000|100%|HC|  |TAMS 0x0000000083700000, 0x0000000083600000| Complete 
|  55|0x0000000083700000, 0x0000000083800000, 0x0000000083800000|100%|HS|  |TAMS 0x0000000083800000, 0x0000000083700000| Complete 
|  56|0x0000000083800000, 0x0000000083900000, 0x0000000083900000|100%|HS|  |TAMS 0x0000000083900000, 0x0000000083800000| Complete 
|  57|0x0000000083900000, 0x0000000083a00000, 0x0000000083a00000|100%|HC|  |TAMS 0x0000000083a00000, 0x0000000083900000| Complete 
|  58|0x0000000083a00000, 0x0000000083b00000, 0x0000000083b00000|100%|HC|  |TAMS 0x0000000083b00000, 0x0000000083a00000| Complete 
|  59|0x0000000083b00000, 0x0000000083c00000, 0x0000000083c00000|100%|HC|  |TAMS 0x0000000083c00000, 0x0000000083b00000| Complete 
|  60|0x0000000083c00000, 0x0000000083d00000, 0x0000000083d00000|100%| O|  |TAMS 0x0000000083d00000, 0x0000000083c00000| Updating 
|  61|0x0000000083d00000, 0x0000000083e00000, 0x0000000083e00000|100%| O|  |TAMS 0x0000000083e00000, 0x0000000083d00000| Untracked 
|  62|0x0000000083e00000, 0x0000000083f00000, 0x0000000083f00000|100%| O|  |TAMS 0x0000000083f00000, 0x0000000083e00000| Updating 
|  63|0x0000000083f00000, 0x0000000084000000, 0x0000000084000000|100%| O|  |TAMS 0x0000000084000000, 0x0000000083f00000| Updating 
|  64|0x0000000084000000, 0x0000000084100000, 0x0000000084100000|100%| O|  |TAMS 0x0000000084100000, 0x0000000084000000| Updating 
|  65|0x0000000084100000, 0x0000000084200000, 0x0000000084200000|100%| O|  |TAMS 0x0000000084200000, 0x0000000084100000| Updating 
|  66|0x0000000084200000, 0x0000000084300000, 0x0000000084300000|100%| O|  |TAMS 0x0000000084300000, 0x0000000084200000| Untracked 
|  67|0x0000000084300000, 0x0000000084400000, 0x0000000084400000|100%| O|  |TAMS 0x0000000084400000, 0x0000000084300000| Untracked 
|  68|0x0000000084400000, 0x0000000084500000, 0x0000000084500000|100%| O|  |TAMS 0x0000000084500000, 0x0000000084400000| Untracked 
|  69|0x0000000084500000, 0x0000000084600000, 0x0000000084600000|100%| O|  |TAMS 0x0000000084600000, 0x0000000084500000| Untracked 
|  70|0x0000000084600000, 0x0000000084700000, 0x0000000084700000|100%| O|  |TAMS 0x0000000084700000, 0x0000000084600000| Untracked 
|  71|0x0000000084700000, 0x0000000084800000, 0x0000000084800000|100%| O|  |TAMS 0x0000000084800000, 0x0000000084700000| Updating 
|  72|0x0000000084800000, 0x0000000084900000, 0x0000000084900000|100%| O|  |TAMS 0x0000000084900000, 0x0000000084800000| Untracked 
|  73|0x0000000084900000, 0x0000000084a00000, 0x0000000084a00000|100%| O|  |TAMS 0x0000000084a00000, 0x0000000084900000| Untracked 
|  74|0x0000000084a00000, 0x0000000084b00000, 0x0000000084b00000|100%| O|  |TAMS 0x0000000084b00000, 0x0000000084a00000| Untracked 
|  75|0x0000000084b00000, 0x0000000084c00000, 0x0000000084c00000|100%| O|  |TAMS 0x0000000084c00000, 0x0000000084b00000| Untracked 
|  76|0x0000000084c00000, 0x0000000084d00000, 0x0000000084d00000|100%| O|  |TAMS 0x0000000084d00000, 0x0000000084c00000| Updating 
|  77|0x0000000084d00000, 0x0000000084e00000, 0x0000000084e00000|100%| O|  |TAMS 0x0000000084e00000, 0x0000000084d00000| Untracked 
|  78|0x0000000084e00000, 0x0000000084f00000, 0x0000000084f00000|100%| O|  |TAMS 0x0000000084f00000, 0x0000000084e00000| Untracked 
|  79|0x0000000084f00000, 0x0000000085000000, 0x0000000085000000|100%| O|  |TAMS 0x0000000085000000, 0x0000000084f00000| Untracked 
|  80|0x0000000085000000, 0x0000000085100000, 0x0000000085100000|100%| O|  |TAMS 0x0000000085100000, 0x0000000085000000| Untracked 
|  81|0x0000000085100000, 0x0000000085200000, 0x0000000085200000|100%| O|  |TAMS 0x0000000085200000, 0x0000000085100000| Untracked 
|  82|0x0000000085200000, 0x0000000085300000, 0x0000000085300000|100%| O|  |TAMS 0x0000000085300000, 0x0000000085200000| Untracked 
|  83|0x0000000085300000, 0x0000000085400000, 0x0000000085400000|100%| O|  |TAMS 0x0000000085400000, 0x0000000085300000| Untracked 
|  84|0x0000000085400000, 0x0000000085500000, 0x0000000085500000|100%| O|  |TAMS 0x0000000085500000, 0x0000000085400000| Updating 
|  85|0x0000000085500000, 0x0000000085600000, 0x0000000085600000|100%| O|  |TAMS 0x0000000085600000, 0x0000000085500000| Untracked 
|  86|0x0000000085600000, 0x0000000085700000, 0x0000000085700000|100%| O|  |TAMS 0x0000000085700000, 0x0000000085600000| Untracked 
|  87|0x0000000085700000, 0x0000000085800000, 0x0000000085800000|100%| O|  |TAMS 0x0000000085800000, 0x0000000085700000| Untracked 
|  88|0x0000000085800000, 0x0000000085900000, 0x0000000085900000|100%| O|  |TAMS 0x0000000085900000, 0x0000000085800000| Updating 
|  89|0x0000000085900000, 0x0000000085a00000, 0x0000000085a00000|100%| O|  |TAMS 0x0000000085900000, 0x0000000085900000| Untracked 
|  90|0x0000000085a00000, 0x0000000085b00000, 0x0000000085b00000|100%| O|  |TAMS 0x0000000085b00000, 0x0000000085a00000| Untracked 
|  91|0x0000000085b00000, 0x0000000085c00000, 0x0000000085c00000|100%| O|  |TAMS 0x0000000085c00000, 0x0000000085b00000| Untracked 
|  92|0x0000000085c00000, 0x0000000085d00000, 0x0000000085d00000|100%| O|  |TAMS 0x0000000085ce3800, 0x0000000085c00000| Untracked 
|  93|0x0000000085d00000, 0x0000000085e00000, 0x0000000085e00000|100%|HS|  |TAMS 0x0000000085e00000, 0x0000000085d00000| Complete 
|  94|0x0000000085e00000, 0x0000000085f00000, 0x0000000085f00000|100%|HC|  |TAMS 0x0000000085f00000, 0x0000000085e00000| Complete 
|  95|0x0000000085f00000, 0x0000000086000000, 0x0000000086000000|100%|HS|  |TAMS 0x0000000086000000, 0x0000000085f00000| Complete 
|  96|0x0000000086000000, 0x0000000086100000, 0x0000000086100000|100%|HC|  |TAMS 0x0000000086100000, 0x0000000086000000| Complete 
|  97|0x0000000086100000, 0x0000000086200000, 0x0000000086200000|100%|HC|  |TAMS 0x0000000086200000, 0x0000000086100000| Complete 
|  98|0x0000000086200000, 0x0000000086300000, 0x0000000086300000|100%|HS|  |TAMS 0x0000000086300000, 0x0000000086200000| Complete 
|  99|0x0000000086300000, 0x0000000086400000, 0x0000000086400000|100%|HC|  |TAMS 0x0000000086400000, 0x0000000086300000| Complete 
| 100|0x0000000086400000, 0x0000000086500000, 0x0000000086500000|100%|HC|  |TAMS 0x0000000086500000, 0x0000000086400000| Complete 
| 101|0x0000000086500000, 0x0000000086600000, 0x0000000086600000|100%| O|  |TAMS 0x0000000086500000, 0x0000000086500000| Untracked 
| 102|0x0000000086600000, 0x0000000086700000, 0x0000000086700000|100%| O|  |TAMS 0x0000000086600000, 0x0000000086600000| Untracked 
| 103|0x0000000086700000, 0x0000000086800000, 0x0000000086800000|100%| O|  |TAMS 0x0000000086700000, 0x0000000086700000| Untracked 
| 104|0x0000000086800000, 0x0000000086900000, 0x0000000086900000|100%| O|  |TAMS 0x0000000086800000, 0x0000000086800000| Untracked 
| 105|0x0000000086900000, 0x0000000086a00000, 0x0000000086a00000|100%|HS|  |TAMS 0x0000000086900000, 0x0000000086900000| Complete 
| 106|0x0000000086a00000, 0x0000000086b00000, 0x0000000086b00000|100%|HC|  |TAMS 0x0000000086a00000, 0x0000000086a00000| Complete 
| 107|0x0000000086b00000, 0x0000000086c00000, 0x0000000086c00000|100%|HS|  |TAMS 0x0000000086b00000, 0x0000000086b00000| Complete 
| 108|0x0000000086c00000, 0x0000000086d00000, 0x0000000086d00000|100%|HC|  |TAMS 0x0000000086c00000, 0x0000000086c00000| Complete 
| 109|0x0000000086d00000, 0x0000000086e00000, 0x0000000086e00000|100%| O|  |TAMS 0x0000000086d00000, 0x0000000086d00000| Untracked 
| 110|0x0000000086e00000, 0x0000000086f00000, 0x0000000086f00000|100%| O|  |TAMS 0x0000000086e00000, 0x0000000086e00000| Untracked 
| 111|0x0000000086f00000, 0x0000000087000000, 0x0000000087000000|100%| O|  |TAMS 0x0000000086f00000, 0x0000000086f00000| Untracked 
| 112|0x0000000087000000, 0x0000000087100000, 0x0000000087100000|100%| O|  |TAMS 0x0000000087000000, 0x0000000087000000| Untracked 
| 113|0x0000000087100000, 0x0000000087200000, 0x0000000087200000|100%| O|  |TAMS 0x0000000087100000, 0x0000000087100000| Updating 
| 114|0x0000000087200000, 0x0000000087300000, 0x0000000087300000|100%| O|  |TAMS 0x0000000087200000, 0x0000000087200000| Untracked 
| 115|0x0000000087300000, 0x0000000087400000, 0x0000000087400000|100%| O|  |TAMS 0x0000000087300000, 0x0000000087300000| Untracked 
| 116|0x0000000087400000, 0x0000000087417800, 0x0000000087500000|  9%| O|  |TAMS 0x0000000087400000, 0x0000000087400000| Untracked 
| 117|0x0000000087500000, 0x0000000087500000, 0x0000000087600000|  0%| F|  |TAMS 0x0000000087500000, 0x0000000087500000| Untracked 
| 118|0x0000000087600000, 0x0000000087600000, 0x0000000087700000|  0%| F|  |TAMS 0x0000000087600000, 0x0000000087600000| Untracked 
| 119|0x0000000087700000, 0x0000000087700000, 0x0000000087800000|  0%| F|  |TAMS 0x0000000087700000, 0x0000000087700000| Untracked 
| 120|0x0000000087800000, 0x0000000087800000, 0x0000000087900000|  0%| F|  |TAMS 0x0000000087800000, 0x0000000087800000| Untracked 
| 121|0x0000000087900000, 0x0000000087900000, 0x0000000087a00000|  0%| F|  |TAMS 0x0000000087900000, 0x0000000087900000| Untracked 
| 122|0x0000000087a00000, 0x0000000087a00000, 0x0000000087b00000|  0%| F|  |TAMS 0x0000000087a00000, 0x0000000087a00000| Untracked 
| 123|0x0000000087b00000, 0x0000000087b00000, 0x0000000087c00000|  0%| F|  |TAMS 0x0000000087b00000, 0x0000000087b00000| Untracked 
| 124|0x0000000087c00000, 0x0000000087c00000, 0x0000000087d00000|  0%| F|  |TAMS 0x0000000087c00000, 0x0000000087c00000| Untracked 
| 125|0x0000000087d00000, 0x0000000087d00000, 0x0000000087e00000|  0%| F|  |TAMS 0x0000000087d00000, 0x0000000087d00000| Untracked 
| 126|0x0000000087e00000, 0x0000000087e00000, 0x0000000087f00000|  0%| F|  |TAMS 0x0000000087e00000, 0x0000000087e00000| Untracked 
| 127|0x0000000087f00000, 0x0000000087f00000, 0x0000000088000000|  0%| F|  |TAMS 0x0000000087f00000, 0x0000000087f00000| Untracked 
| 128|0x0000000088000000, 0x0000000088000000, 0x0000000088100000|  0%| F|  |TAMS 0x0000000088000000, 0x0000000088000000| Untracked 
| 129|0x0000000088100000, 0x0000000088100000, 0x0000000088200000|  0%| F|  |TAMS 0x0000000088100000, 0x0000000088100000| Untracked 
| 130|0x0000000088200000, 0x0000000088200000, 0x0000000088300000|  0%| F|  |TAMS 0x0000000088200000, 0x0000000088200000| Untracked 
| 131|0x0000000088300000, 0x0000000088300000, 0x0000000088400000|  0%| F|  |TAMS 0x0000000088300000, 0x0000000088300000| Untracked 
| 132|0x0000000088400000, 0x0000000088400000, 0x0000000088500000|  0%| F|  |TAMS 0x0000000088400000, 0x0000000088400000| Untracked 
| 133|0x0000000088500000, 0x0000000088500000, 0x0000000088600000|  0%| F|  |TAMS 0x0000000088500000, 0x0000000088500000| Untracked 
| 134|0x0000000088600000, 0x0000000088600000, 0x0000000088700000|  0%| F|  |TAMS 0x0000000088600000, 0x0000000088600000| Untracked 
| 135|0x0000000088700000, 0x0000000088700000, 0x0000000088800000|  0%| F|  |TAMS 0x0000000088700000, 0x0000000088700000| Untracked 
| 136|0x0000000088800000, 0x0000000088800000, 0x0000000088900000|  0%| F|  |TAMS 0x0000000088800000, 0x0000000088800000| Untracked 
| 137|0x0000000088900000, 0x0000000088900000, 0x0000000088a00000|  0%| F|  |TAMS 0x0000000088900000, 0x0000000088900000| Untracked 
| 138|0x0000000088a00000, 0x0000000088a00000, 0x0000000088b00000|  0%| F|  |TAMS 0x0000000088a00000, 0x0000000088a00000| Untracked 
| 139|0x0000000088b00000, 0x0000000088b00000, 0x0000000088c00000|  0%| F|  |TAMS 0x0000000088b00000, 0x0000000088b00000| Untracked 
| 140|0x0000000088c00000, 0x0000000088c00000, 0x0000000088d00000|  0%| F|  |TAMS 0x0000000088c00000, 0x0000000088c00000| Untracked 
| 141|0x0000000088d00000, 0x0000000088d00000, 0x0000000088e00000|  0%| F|  |TAMS 0x0000000088d00000, 0x0000000088d00000| Untracked 
| 142|0x0000000088e00000, 0x0000000088e00000, 0x0000000088f00000|  0%| F|  |TAMS 0x0000000088e00000, 0x0000000088e00000| Untracked 
| 143|0x0000000088f00000, 0x0000000088f00000, 0x0000000089000000|  0%| F|  |TAMS 0x0000000088f00000, 0x0000000088f00000| Untracked 
| 144|0x0000000089000000, 0x0000000089000000, 0x0000000089100000|  0%| F|  |TAMS 0x0000000089000000, 0x0000000089000000| Untracked 
| 145|0x0000000089100000, 0x0000000089100000, 0x0000000089200000|  0%| F|  |TAMS 0x0000000089100000, 0x0000000089100000| Untracked 
| 146|0x0000000089200000, 0x0000000089200000, 0x0000000089300000|  0%| F|  |TAMS 0x0000000089200000, 0x0000000089200000| Untracked 
| 147|0x0000000089300000, 0x0000000089300000, 0x0000000089400000|  0%| F|  |TAMS 0x0000000089300000, 0x0000000089300000| Untracked 
| 148|0x0000000089400000, 0x0000000089400000, 0x0000000089500000|  0%| F|  |TAMS 0x0000000089400000, 0x0000000089400000| Untracked 
| 149|0x0000000089500000, 0x0000000089500000, 0x0000000089600000|  0%| F|  |TAMS 0x0000000089500000, 0x0000000089500000| Untracked 
| 150|0x0000000089600000, 0x0000000089600000, 0x0000000089700000|  0%| F|  |TAMS 0x0000000089600000, 0x0000000089600000| Untracked 
| 151|0x0000000089700000, 0x0000000089700000, 0x0000000089800000|  0%| F|  |TAMS 0x0000000089700000, 0x0000000089700000| Untracked 
| 152|0x0000000089800000, 0x0000000089800000, 0x0000000089900000|  0%| F|  |TAMS 0x0000000089800000, 0x0000000089800000| Untracked 
| 153|0x0000000089900000, 0x0000000089900000, 0x0000000089a00000|  0%| F|  |TAMS 0x0000000089900000, 0x0000000089900000| Untracked 
| 154|0x0000000089a00000, 0x0000000089a00000, 0x0000000089b00000|  0%| F|  |TAMS 0x0000000089a00000, 0x0000000089a00000| Untracked 
| 155|0x0000000089b00000, 0x0000000089b00000, 0x0000000089c00000|  0%| F|  |TAMS 0x0000000089b00000, 0x0000000089b00000| Untracked 
| 156|0x0000000089c00000, 0x0000000089c00000, 0x0000000089d00000|  0%| F|  |TAMS 0x0000000089c00000, 0x0000000089c00000| Untracked 
| 157|0x0000000089d00000, 0x0000000089d00000, 0x0000000089e00000|  0%| F|  |TAMS 0x0000000089d00000, 0x0000000089d00000| Untracked 
| 158|0x0000000089e00000, 0x0000000089e00000, 0x0000000089f00000|  0%| F|  |TAMS 0x0000000089e00000, 0x0000000089e00000| Untracked 
| 159|0x0000000089f00000, 0x0000000089f00000, 0x000000008a000000|  0%| F|  |TAMS 0x0000000089f00000, 0x0000000089f00000| Untracked 
| 160|0x000000008a000000, 0x000000008a000000, 0x000000008a100000|  0%| F|  |TAMS 0x000000008a000000, 0x000000008a000000| Untracked 
| 161|0x000000008a100000, 0x000000008a100000, 0x000000008a200000|  0%| F|  |TAMS 0x000000008a100000, 0x000000008a100000| Untracked 
| 162|0x000000008a200000, 0x000000008a200000, 0x000000008a300000|  0%| F|  |TAMS 0x000000008a200000, 0x000000008a200000| Untracked 
| 163|0x000000008a300000, 0x000000008a300000, 0x000000008a400000|  0%| F|  |TAMS 0x000000008a300000, 0x000000008a300000| Untracked 
| 164|0x000000008a400000, 0x000000008a400000, 0x000000008a500000|  0%| F|  |TAMS 0x000000008a400000, 0x000000008a400000| Untracked 
| 165|0x000000008a500000, 0x000000008a500000, 0x000000008a600000|  0%| F|  |TAMS 0x000000008a500000, 0x000000008a500000| Untracked 
| 166|0x000000008a600000, 0x000000008a600000, 0x000000008a700000|  0%| F|  |TAMS 0x000000008a600000, 0x000000008a600000| Untracked 
| 167|0x000000008a700000, 0x000000008a700000, 0x000000008a800000|  0%| F|  |TAMS 0x000000008a700000, 0x000000008a700000| Untracked 
| 168|0x000000008a800000, 0x000000008a800000, 0x000000008a900000|  0%| F|  |TAMS 0x000000008a800000, 0x000000008a800000| Untracked 
| 169|0x000000008a900000, 0x000000008a900000, 0x000000008aa00000|  0%| F|  |TAMS 0x000000008a900000, 0x000000008a900000| Untracked 
| 170|0x000000008aa00000, 0x000000008aa00000, 0x000000008ab00000|  0%| F|  |TAMS 0x000000008aa00000, 0x000000008aa00000| Untracked 
| 171|0x000000008ab00000, 0x000000008ab00000, 0x000000008ac00000|  0%| F|  |TAMS 0x000000008ab00000, 0x000000008ab00000| Untracked 
| 172|0x000000008ac00000, 0x000000008ac00000, 0x000000008ad00000|  0%| F|  |TAMS 0x000000008ac00000, 0x000000008ac00000| Untracked 
| 173|0x000000008ad00000, 0x000000008ad00000, 0x000000008ae00000|  0%| F|  |TAMS 0x000000008ad00000, 0x000000008ad00000| Untracked 
| 174|0x000000008ae00000, 0x000000008ae00000, 0x000000008af00000|  0%| F|  |TAMS 0x000000008ae00000, 0x000000008ae00000| Untracked 
| 175|0x000000008af00000, 0x000000008af00000, 0x000000008b000000|  0%| F|  |TAMS 0x000000008af00000, 0x000000008af00000| Untracked 
| 176|0x000000008b000000, 0x000000008b000000, 0x000000008b100000|  0%| F|  |TAMS 0x000000008b000000, 0x000000008b000000| Untracked 
| 177|0x000000008b100000, 0x000000008b100000, 0x000000008b200000|  0%| F|  |TAMS 0x000000008b100000, 0x000000008b100000| Untracked 
| 178|0x000000008b200000, 0x000000008b200000, 0x000000008b300000|  0%| F|  |TAMS 0x000000008b200000, 0x000000008b200000| Untracked 
| 179|0x000000008b300000, 0x000000008b300000, 0x000000008b400000|  0%| F|  |TAMS 0x000000008b300000, 0x000000008b300000| Untracked 
| 180|0x000000008b400000, 0x000000008b400000, 0x000000008b500000|  0%| F|  |TAMS 0x000000008b400000, 0x000000008b400000| Untracked 
| 181|0x000000008b500000, 0x000000008b500000, 0x000000008b600000|  0%| F|  |TAMS 0x000000008b500000, 0x000000008b500000| Untracked 
| 182|0x000000008b600000, 0x000000008b600000, 0x000000008b700000|  0%| F|  |TAMS 0x000000008b600000, 0x000000008b600000| Untracked 
| 183|0x000000008b700000, 0x000000008b700000, 0x000000008b800000|  0%| F|  |TAMS 0x000000008b700000, 0x000000008b700000| Untracked 
| 184|0x000000008b800000, 0x000000008b800000, 0x000000008b900000|  0%| F|  |TAMS 0x000000008b800000, 0x000000008b800000| Untracked 
| 185|0x000000008b900000, 0x000000008b900000, 0x000000008ba00000|  0%| F|  |TAMS 0x000000008b900000, 0x000000008b900000| Untracked 
| 186|0x000000008ba00000, 0x000000008ba00000, 0x000000008bb00000|  0%| F|  |TAMS 0x000000008ba00000, 0x000000008ba00000| Untracked 
| 187|0x000000008bb00000, 0x000000008bb00000, 0x000000008bc00000|  0%| F|  |TAMS 0x000000008bb00000, 0x000000008bb00000| Untracked 
| 188|0x000000008bc00000, 0x000000008bc00000, 0x000000008bd00000|  0%| F|  |TAMS 0x000000008bc00000, 0x000000008bc00000| Untracked 
| 189|0x000000008bd00000, 0x000000008bd00000, 0x000000008be00000|  0%| F|  |TAMS 0x000000008bd00000, 0x000000008bd00000| Untracked 
| 190|0x000000008be00000, 0x000000008be00000, 0x000000008bf00000|  0%| F|  |TAMS 0x000000008be00000, 0x000000008be00000| Untracked 
| 191|0x000000008bf00000, 0x000000008c000000, 0x000000008c000000|100%| S|CS|TAMS 0x000000008bf00000, 0x000000008bf00000| Complete 
| 192|0x000000008c000000, 0x000000008c000000, 0x000000008c100000|  0%| F|  |TAMS 0x000000008c000000, 0x000000008c000000| Untracked 
| 193|0x000000008c100000, 0x000000008c100000, 0x000000008c200000|  0%| F|  |TAMS 0x000000008c100000, 0x000000008c100000| Untracked 
| 194|0x000000008c200000, 0x000000008c200000, 0x000000008c300000|  0%| F|  |TAMS 0x000000008c200000, 0x000000008c200000| Untracked 

Card table byte_map: [0x00000192dfcd0000,0x00000192e00d0000] _byte_map_base: 0x00000192df8d0000

Marking Bits (Prev, Next): (CMBitMap*) 0x00000192cd13b670, (CMBitMap*) 0x00000192cd13b630
 Prev Bits: [0x00000192e24d0000, 0x00000192e44d0000)
 Next Bits: [0x00000192e04d0000, 0x00000192e24d0000)

Polling page: 0x00000192cc8a0000

Metaspace:

Usage:
  Non-class:     79.26 MB used.
      Class:     12.38 MB used.
       Both:     91.64 MB used.

Virtual space:
  Non-class space:       80.00 MB reserved,      79.62 MB (>99%) committed,  10 nodes.
      Class space:        1.00 GB reserved,      12.75 MB (  1%) committed,  1 nodes.
             Both:        1.08 GB reserved,      92.38 MB (  8%) committed. 

Chunk freelists:
   Non-Class:  190.00 KB
       Class:  3.09 MB
        Both:  3.28 MB

MaxMetaspaceSize: unlimited
CompressedClassSpaceSize: 1.00 GB
Initial GC threshold: 21.00 MB
Current GC threshold: 154.00 MB
CDS: off
MetaspaceReclaimPolicy: balanced
 - commit_granule_bytes: 65536.
 - commit_granule_words: 8192.
 - virtual_space_node_default_size: 1048576.
 - enlarge_chunks_in_place: 1.
 - new_chunks_are_fully_committed: 0.
 - uncommit_free_chunks: 1.
 - use_allocation_guard: 0.
 - handle_deallocations: 1.


Internal statistics:

num_allocs_failed_limit: 9.
num_arena_births: 936.
num_arena_deaths: 0.
num_vsnodes_births: 11.
num_vsnodes_deaths: 0.
num_space_committed: 1477.
num_space_uncommitted: 0.
num_chunks_returned_to_freelist: 9.
num_chunks_taken_from_freelist: 4372.
num_chunk_merges: 9.
num_chunk_splits: 2956.
num_chunks_enlarged: 2014.
num_purges: 0.
num_inconsistent_stats: 0.

CodeHeap 'non-profiled nmethods': size=120000Kb used=4027Kb max_used=4027Kb free=115972Kb
 bounds [0x00000192d8070000, 0x00000192d8460000, 0x00000192df5a0000]
CodeHeap 'profiled nmethods': size=120000Kb used=16069Kb max_used=16069Kb free=103930Kb
 bounds [0x00000192d05a0000, 0x00000192d1560000, 0x00000192d7ad0000]
CodeHeap 'non-nmethods': size=5760Kb used=2389Kb max_used=2425Kb free=3370Kb
 bounds [0x00000192d7ad0000, 0x00000192d7d40000, 0x00000192d8070000]
 total_blobs=9267 nmethods=8343 adapters=836
 compilation: enabled
              stopped_count=0, restarted_count=0
 full_count=0

Compilation events (20 events):
Event: 12.729 Thread 0x00000192e78733d0 9262       3       com.google.common.collect.MapMakerInternalMap$Segment::removeFromChain (67 bytes)
Event: 12.730 Thread 0x00000192e78733d0 nmethod 9262 0x00000192d154df90 code [0x00000192d154e180, 0x00000192d154e7f8]
Event: 12.730 Thread 0x00000192e78733d0 9260       3       com.google.common.collect.MapMakerInternalMap$WeakKeyDummyValueEntry$Helper::copy (19 bytes)
Event: 12.730 Thread 0x00000192e78733d0 nmethod 9260 0x00000192d154ea90 code [0x00000192d154ec40, 0x00000192d154efa8]
Event: 12.730 Thread 0x00000192e78733d0 9261       3       com.google.common.collect.MapMakerInternalMap$WeakKeyDummyValueEntry::copy (18 bytes)
Event: 12.730 Thread 0x00000192e78733d0 nmethod 9261 0x00000192d154f110 code [0x00000192d154f2c0, 0x00000192d154f608]
Event: 12.730 Thread 0x00000192e78733d0 9271       3       org.gradle.internal.snapshot.DirectorySnapshot::<init> (41 bytes)
Event: 12.731 Thread 0x00000192e78733d0 nmethod 9271 0x00000192d154f710 code [0x00000192d154f940, 0x00000192d15502c8]
Event: 12.732 Thread 0x00000192e78733d0 9272       3       org.gradle.internal.execution.history.impl.FileSystemSnapshotSerializer$SnapshotStack::push (17 bytes)
Event: 12.732 Thread 0x00000192e78733d0 nmethod 9272 0x00000192d1550610 code [0x00000192d15507e0, 0x00000192d1550c08]
Event: 12.732 Thread 0x00000192e78733d0 9274       3       org.gradle.internal.execution.history.impl.FileSystemSnapshotSerializer$SnapshotStack::pop (29 bytes)
Event: 12.732 Thread 0x00000192e78733d0 nmethod 9274 0x00000192d1550d90 code [0x00000192d1550f60, 0x00000192d1551338]
Event: 12.733 Thread 0x00000192e784e9a0 nmethod 9246 0x00000192d8456010 code [0x00000192d8456580, 0x00000192d84599d0]
Event: 12.733 Thread 0x00000192e784e9a0 9269       4       java.lang.AbstractStringBuilder::append (45 bytes)
Event: 12.738 Thread 0x00000192e784e9a0 nmethod 9269 0x00000192d845c190 code [0x00000192d845c340, 0x00000192d845caf8]
Event: 12.738 Thread 0x00000192e784e9a0 9258 %     4       jdk.internal.org.objectweb.asm.ClassReader::readUtf @ 18 (161 bytes)
Event: 12.745 Thread 0x00000192e784e9a0 nmethod 9258% 0x00000192d845cf10 code [0x00000192d845d0c0, 0x00000192d845dab8]
Event: 12.745 Thread 0x00000192e784e9a0 9278       4       java.util.ArrayDeque$DeqSpliterator::forEachRemaining (132 bytes)
Event: 12.754 Thread 0x00000192e784e9a0 nmethod 9278 0x00000192d845df10 code [0x00000192d845e0e0, 0x00000192d845e798]
Event: 12.754 Thread 0x00000192e784e9a0 9280       4       org.gradle.internal.execution.history.impl.FileSystemSnapshotSerializer::toAbsolutePath (102 bytes)

GC Heap History (20 events):
Event: 9.619 GC heap after
{Heap after GC invocations=25 (full 0):
 garbage-first heap   total 140288K, used 82345K [0x0000000080000000, 0x0000000100000000)
  region size 1024K, 1 young (1024K), 1 survivors (1024K)
 Metaspace       used 72747K, committed 73472K, reserved 1114112K
  class space    used 9653K, committed 9984K, reserved 1048576K
}
Event: 10.094 GC heap before
{Heap before GC invocations=25 (full 0):
 garbage-first heap   total 140288K, used 115113K [0x0000000080000000, 0x0000000100000000)
  region size 1024K, 33 young (33792K), 1 survivors (1024K)
 Metaspace       used 76410K, committed 77120K, reserved 1122304K
  class space    used 10155K, committed 10496K, reserved 1048576K
}
Event: 10.097 GC heap after
{Heap after GC invocations=26 (full 0):
 garbage-first heap   total 140288K, used 83898K [0x0000000080000000, 0x0000000100000000)
  region size 1024K, 3 young (3072K), 3 survivors (3072K)
 Metaspace       used 76410K, committed 77120K, reserved 1122304K
  class space    used 10155K, committed 10496K, reserved 1048576K
}
Event: 10.535 GC heap before
{Heap before GC invocations=26 (full 0):
 garbage-first heap   total 140288K, used 114618K [0x0000000080000000, 0x0000000100000000)
  region size 1024K, 34 young (34816K), 3 survivors (3072K)
 Metaspace       used 78844K, committed 79616K, reserved 1122304K
  class space    used 10451K, committed 10816K, reserved 1048576K
}
Event: 10.540 GC heap after
{Heap after GC invocations=27 (full 0):
 garbage-first heap   total 140288K, used 88201K [0x0000000080000000, 0x0000000100000000)
  region size 1024K, 5 young (5120K), 5 survivors (5120K)
 Metaspace       used 78844K, committed 79616K, reserved 1122304K
  class space    used 10451K, committed 10816K, reserved 1048576K
}
Event: 10.861 GC heap before
{Heap before GC invocations=27 (full 0):
 garbage-first heap   total 140288K, used 115849K [0x0000000080000000, 0x0000000100000000)
  region size 1024K, 32 young (32768K), 5 survivors (5120K)
 Metaspace       used 80409K, committed 81152K, reserved 1122304K
  class space    used 10656K, committed 11008K, reserved 1048576K
}
Event: 10.866 GC heap after
{Heap after GC invocations=28 (full 0):
 garbage-first heap   total 140288K, used 89311K [0x0000000080000000, 0x0000000100000000)
  region size 1024K, 3 young (3072K), 3 survivors (3072K)
 Metaspace       used 80409K, committed 81152K, reserved 1122304K
  class space    used 10656K, committed 11008K, reserved 1048576K
}
Event: 11.246 GC heap before
{Heap before GC invocations=28 (full 0):
 garbage-first heap   total 140288K, used 115935K [0x0000000080000000, 0x0000000100000000)
  region size 1024K, 29 young (29696K), 3 survivors (3072K)
 Metaspace       used 83442K, committed 84096K, reserved 1122304K
  class space    used 11185K, committed 11520K, reserved 1048576K
}
Event: 11.250 GC heap after
{Heap after GC invocations=29 (full 0):
 garbage-first heap   total 140288K, used 90868K [0x0000000080000000, 0x0000000100000000)
  region size 1024K, 2 young (2048K), 2 survivors (2048K)
 Metaspace       used 83442K, committed 84096K, reserved 1122304K
  class space    used 11185K, committed 11520K, reserved 1048576K
}
Event: 11.621 GC heap before
{Heap before GC invocations=29 (full 0):
 garbage-first heap   total 140288K, used 116468K [0x0000000080000000, 0x0000000100000000)
  region size 1024K, 27 young (27648K), 2 survivors (2048K)
 Metaspace       used 86257K, committed 87040K, reserved 1130496K
  class space    used 11674K, committed 12032K, reserved 1048576K
}
Event: 11.624 GC heap after
{Heap after GC invocations=30 (full 0):
 garbage-first heap   total 140288K, used 92472K [0x0000000080000000, 0x0000000100000000)
  region size 1024K, 3 young (3072K), 3 survivors (3072K)
 Metaspace       used 86257K, committed 87040K, reserved 1130496K
  class space    used 11674K, committed 12032K, reserved 1048576K
}
Event: 12.015 GC heap before
{Heap before GC invocations=30 (full 0):
 garbage-first heap   total 140288K, used 118072K [0x0000000080000000, 0x0000000100000000)
  region size 1024K, 28 young (28672K), 3 survivors (3072K)
 Metaspace       used 88934K, committed 89664K, reserved 1130496K
  class space    used 12069K, committed 12416K, reserved 1048576K
}
Event: 12.018 GC heap after
{Heap after GC invocations=31 (full 0):
 garbage-first heap   total 140288K, used 94309K [0x0000000080000000, 0x0000000100000000)
  region size 1024K, 4 young (4096K), 4 survivors (4096K)
 Metaspace       used 88934K, committed 89664K, reserved 1130496K
  class space    used 12069K, committed 12416K, reserved 1048576K
}
Event: 12.390 GC heap before
{Heap before GC invocations=31 (full 0):
 garbage-first heap   total 140288K, used 118885K [0x0000000080000000, 0x0000000100000000)
  region size 1024K, 28 young (28672K), 4 survivors (4096K)
 Metaspace       used 92063K, committed 92864K, reserved 1130496K
  class space    used 12373K, committed 12736K, reserved 1048576K
}
Event: 12.396 GC heap after
{Heap after GC invocations=32 (full 0):
 garbage-first heap   total 140288K, used 98190K [0x0000000080000000, 0x0000000100000000)
  region size 1024K, 4 young (4096K), 4 survivors (4096K)
 Metaspace       used 92063K, committed 92864K, reserved 1130496K
  class space    used 12373K, committed 12736K, reserved 1048576K
}
Event: 12.715 GC heap before
{Heap before GC invocations=32 (full 0):
 garbage-first heap   total 140288K, used 123790K [0x0000000080000000, 0x0000000100000000)
  region size 1024K, 23 young (23552K), 4 survivors (4096K)
 Metaspace       used 93829K, committed 94592K, reserved 1130496K
  class space    used 12676K, committed 13056K, reserved 1048576K
}
Event: 12.720 GC heap after
{Heap after GC invocations=33 (full 0):
 garbage-first heap   total 140288K, used 109691K [0x0000000080000000, 0x0000000100000000)
  region size 1024K, 3 young (3072K), 3 survivors (3072K)
 Metaspace       used 93829K, committed 94592K, reserved 1130496K
  class space    used 12676K, committed 13056K, reserved 1048576K
}
Event: 12.767 GC heap before
{Heap before GC invocations=33 (full 0):
 garbage-first heap   total 140288K, used 125051K [0x0000000080000000, 0x0000000100000000)
  region size 1024K, 14 young (14336K), 3 survivors (3072K)
 Metaspace       used 93836K, committed 94592K, reserved 1130496K
  class space    used 12677K, committed 13056K, reserved 1048576K
}
Event: 12.773 GC heap after
{Heap after GC invocations=34 (full 0):
 garbage-first heap   total 140288K, used 118127K [0x0000000080000000, 0x0000000100000000)
  region size 1024K, 2 young (2048K), 2 survivors (2048K)
 Metaspace       used 93836K, committed 94592K, reserved 1130496K
  class space    used 12677K, committed 13056K, reserved 1048576K
}
Event: 12.790 GC heap before
{Heap before GC invocations=34 (full 0):
 garbage-first heap   total 199680K, used 122223K [0x0000000080000000, 0x0000000100000000)
  region size 1024K, 6 young (6144K), 2 survivors (2048K)
 Metaspace       used 93836K, committed 94592K, reserved 1130496K
  class space    used 12677K, committed 13056K, reserved 1048576K
}

Dll operation events (2 events):
Event: 0.010 Loaded shared library C:\Program Files\Android\Android Studio\jbr\bin\java.dll
Event: 0.452 Loaded shared library C:\Program Files\Android\Android Studio\jbr\bin\verify.dll

Deoptimization events (20 events):
Event: 12.567 Thread 0x00000192ec840190 Uncommon trap: trap_request=0xffffff45 fr.pc=0x00000192d80c2bf0 relative=0x0000000000000350
Event: 12.567 Thread 0x00000192ec840190 Uncommon trap: reason=unstable_if action=reinterpret pc=0x00000192d80c2bf0 method=java.util.HashMap$HashIterator.<init>(Ljava/util/HashMap;)V @ 45 c2
Event: 12.567 Thread 0x00000192ec840190 DEOPT PACKING pc=0x00000192d80c2bf0 sp=0x000000319eafeac0
Event: 12.567 Thread 0x00000192ec840190 DEOPT UNPACKING pc=0x00000192d7b269a3 sp=0x000000319eafea78 mode 2
Event: 12.580 Thread 0x00000192ec841e70 Uncommon trap: trap_request=0xffffffde fr.pc=0x00000192d81775d0 relative=0x0000000000000af0
Event: 12.580 Thread 0x00000192ec841e70 Uncommon trap: reason=class_check action=maybe_recompile pc=0x00000192d81775d0 method=java.util.Collections$SetFromMap.remove(Ljava/lang/Object;)Z @ 5 c2
Event: 12.580 Thread 0x00000192ec841e70 DEOPT PACKING pc=0x00000192d81775d0 sp=0x000000319e4fdbe0
Event: 12.580 Thread 0x00000192ec841e70 DEOPT UNPACKING pc=0x00000192d7b269a3 sp=0x000000319e4fdbd8 mode 2
Event: 12.600 Thread 0x00000192ec841000 Uncommon trap: trap_request=0xffffffde fr.pc=0x00000192d835769c relative=0x000000000000017c
Event: 12.600 Thread 0x00000192ec841000 Uncommon trap: reason=class_check action=maybe_recompile pc=0x00000192d835769c method=java.util.stream.StreamOpFlag.fromCharacteristics(Ljava/util/Spliterator;)I @ 14 c2
Event: 12.600 Thread 0x00000192ec841000 DEOPT PACKING pc=0x00000192d835769c sp=0x000000319ebfe5d0
Event: 12.600 Thread 0x00000192ec841000 DEOPT UNPACKING pc=0x00000192d7b269a3 sp=0x000000319ebfe4b8 mode 2
Event: 12.603 Thread 0x00000192ec841000 DEOPT PACKING pc=0x00000192d1452db4 sp=0x000000319ebfe8a0
Event: 12.603 Thread 0x00000192ec841000 DEOPT UNPACKING pc=0x00000192d7b27143 sp=0x000000319ebfdd60 mode 0
Event: 12.608 Thread 0x00000192ec841000 DEOPT PACKING pc=0x00000192d10a3ce4 sp=0x000000319ebfe7d0
Event: 12.608 Thread 0x00000192ec841000 DEOPT UNPACKING pc=0x00000192d7b27143 sp=0x000000319ebfdc90 mode 0
Event: 12.609 Thread 0x00000192ec841000 Uncommon trap: trap_request=0xffffffde fr.pc=0x00000192d81775d0 relative=0x0000000000000af0
Event: 12.609 Thread 0x00000192ec841000 Uncommon trap: reason=class_check action=maybe_recompile pc=0x00000192d81775d0 method=java.util.Collections$SetFromMap.remove(Ljava/lang/Object;)Z @ 5 c2
Event: 12.609 Thread 0x00000192ec841000 DEOPT PACKING pc=0x00000192d81775d0 sp=0x000000319ebfec60
Event: 12.609 Thread 0x00000192ec841000 DEOPT UNPACKING pc=0x00000192d7b269a3 sp=0x000000319ebfec58 mode 2

Classes unloaded (0 events):
No events

Classes redefined (0 events):
No events

Internal exceptions (20 events):
Event: 12.532 Thread 0x00000192e9469310 Exception <a 'java/lang/ClassNotFoundException'{0x000000008800b260}: com/google/common/collect/SingletonImmutableListCustomizer> (0x000000008800b260) 
thrown [s\src\hotspot\share\classfile\systemDictionary.cpp, line 256]
Event: 12.536 Thread 0x00000192e9469310 Exception <a 'java/lang/ClassNotFoundException'{0x0000000088074f20}: org/gradle/api/DefaultTask_DecoratedBeanInfo> (0x0000000088074f20) 
thrown [s\src\hotspot\share\classfile\systemDictionary.cpp, line 256]
Event: 12.536 Thread 0x00000192e9469310 Exception <a 'java/lang/ClassNotFoundException'{0x000000008807f728}: org/gradle/api/DefaultTaskBeanInfo> (0x000000008807f728) 
thrown [s\src\hotspot\share\classfile\systemDictionary.cpp, line 256]
Event: 12.537 Thread 0x00000192e9469310 Exception <a 'java/lang/ClassNotFoundException'{0x000000008808b158}: org/gradle/api/internal/AbstractTaskBeanInfo> (0x000000008808b158) 
thrown [s\src\hotspot\share\classfile\systemDictionary.cpp, line 256]
Event: 12.537 Thread 0x00000192e9469310 Exception <a 'java/lang/ClassNotFoundException'{0x00000000880960b8}: org/gradle/api/internal/AbstractTaskCustomizer> (0x00000000880960b8) 
thrown [s\src\hotspot\share\classfile\systemDictionary.cpp, line 256]
Event: 12.539 Thread 0x00000192e9469310 Exception <a 'java/lang/ClassNotFoundException'{0x00000000880f10e8}: org/gradle/api/DefaultTaskCustomizer> (0x00000000880f10e8) 
thrown [s\src\hotspot\share\classfile\systemDictionary.cpp, line 256]
Event: 12.540 Thread 0x00000192e9469310 Exception <a 'java/lang/ClassNotFoundException'{0x0000000087f584f0}: org/gradle/api/DefaultTask_DecoratedCustomizer> (0x0000000087f584f0) 
thrown [s\src\hotspot\share\classfile\systemDictionary.cpp, line 256]
Event: 12.542 Thread 0x00000192e9469310 Exception <a 'java/lang/ClassNotFoundException'{0x0000000087f9fe60}: org/gradle/api/tasks/testing/AbstractTestTaskBeanInfo> (0x0000000087f9fe60) 
thrown [s\src\hotspot\share\classfile\systemDictionary.cpp, line 256]
Event: 12.542 Thread 0x00000192e9469310 Exception <a 'java/lang/ClassNotFoundException'{0x0000000087faa8a0}: org/gradle/api/internal/ConventionTaskBeanInfo> (0x0000000087faa8a0) 
thrown [s\src\hotspot\share\classfile\systemDictionary.cpp, line 256]
Event: 12.542 Thread 0x00000192e9469310 Exception <a 'java/lang/ClassNotFoundException'{0x0000000087fb5330}: org/gradle/api/internal/ConventionTaskCustomizer> (0x0000000087fb5330) 
thrown [s\src\hotspot\share\classfile\systemDictionary.cpp, line 256]
Event: 12.543 Thread 0x00000192e9469310 Exception <a 'java/lang/ClassNotFoundException'{0x0000000087fd22f0}: org/gradle/api/tasks/testing/AbstractTestTaskCustomizer> (0x0000000087fd22f0) 
thrown [s\src\hotspot\share\classfile\systemDictionary.cpp, line 256]
Event: 12.605 Thread 0x00000192e9447fd0 Exception <a 'java/lang/NoSuchMethodError'{0x0000000087b5f9c0}: static Lorg/gradle/internal/build/event/types/DefaultTaskStartedProgressEvent;.<clinit>()V> (0x0000000087b5f9c0) 
thrown [s\src\hotspot\share\prims\jni.cpp, line 1108]
Event: 12.605 Thread 0x00000192e9447fd0 Exception <a 'java/lang/NoSuchMethodError'{0x0000000087b61668}: static Lorg/gradle/internal/build/event/types/AbstractProgressEvent;.<clinit>()V> (0x0000000087b61668) 
thrown [s\src\hotspot\share\prims\jni.cpp, line 1108]
Event: 12.606 Thread 0x00000192e9447fd0 Exception <a 'java/lang/NoSuchMethodError'{0x0000000087b6db68}: static Lorg/gradle/internal/build/event/types/DefaultTaskDescriptor;.<clinit>()V> (0x0000000087b6db68) 
thrown [s\src\hotspot\share\prims\jni.cpp, line 1108]
Event: 12.607 Thread 0x00000192e9447fd0 Exception <a 'java/lang/NoSuchMethodError'{0x0000000087b8e998}: static Lorg/gradle/internal/operations/OperationIdentifier;.<clinit>()V> (0x0000000087b8e998) 
thrown [s\src\hotspot\share\prims\jni.cpp, line 1108]
Event: 12.609 Thread 0x00000192e9447fd0 Exception <a 'java/lang/NoSuchMethodError'{0x0000000087b98d90}: static Lorg/gradle/internal/build/event/types/DefaultTaskFinishedProgressEvent;.<clinit>()V> (0x0000000087b98d90) 
thrown [s\src\hotspot\share\prims\jni.cpp, line 1108]
Event: 12.612 Thread 0x00000192e9447fd0 Exception <a 'java/lang/NoSuchMethodError'{0x0000000087bca2a8}: static Lorg/gradle/internal/build/event/types/DefaultTaskSuccessResult;.<clinit>()V> (0x0000000087bca2a8) 
thrown [s\src\hotspot\share\prims\jni.cpp, line 1108]
Event: 12.612 Thread 0x00000192e9447fd0 Exception <a 'java/lang/NoSuchMethodError'{0x0000000087bcb9b0}: static Lorg/gradle/internal/build/event/types/AbstractTaskResult;.<clinit>()V> (0x0000000087bcb9b0) 
thrown [s\src\hotspot\share\prims\jni.cpp, line 1108]
Event: 12.612 Thread 0x00000192e9447fd0 Exception <a 'java/lang/NoSuchMethodError'{0x0000000087bcd4f8}: static Lorg/gradle/internal/build/event/types/AbstractResult;.<clinit>()V> (0x0000000087bcd4f8) 
thrown [s\src\hotspot\share\prims\jni.cpp, line 1108]
Event: 12.708 Thread 0x00000192ec777990 Exception <a 'java/lang/NoSuchMethodError'{0x0000000087678050}: 'java.lang.Object java.lang.invoke.DirectMethodHandle$Holder.invokeSpecialIFC(java.lang.Object, java.lang.Object, java.lang.Object)'> (0x0000000087678050) 
thrown [s\src\hotspot\share\interpreter\linkResolver.cpp, line 771]

VM Operations (20 events):
Event: 12.313 Executing VM operation: HandshakeAllThreads done
Event: 12.327 Executing VM operation: ICBufferFull
Event: 12.327 Executing VM operation: ICBufferFull done
Event: 12.390 Executing VM operation: G1CollectForAllocation
Event: 12.396 Executing VM operation: G1CollectForAllocation done
Event: 12.603 Executing VM operation: HandshakeAllThreads
Event: 12.603 Executing VM operation: HandshakeAllThreads done
Event: 12.607 Executing VM operation: HandshakeAllThreads
Event: 12.608 Executing VM operation: HandshakeAllThreads done
Event: 12.681 Executing VM operation: HandshakeAllThreads
Event: 12.681 Executing VM operation: HandshakeAllThreads done
Event: 12.684 Executing VM operation: ICBufferFull
Event: 12.684 Executing VM operation: ICBufferFull done
Event: 12.715 Executing VM operation: G1TryInitiateConcMark
Event: 12.720 Executing VM operation: G1TryInitiateConcMark done
Event: 12.767 Executing VM operation: G1CollectForAllocation
Event: 12.773 Executing VM operation: G1CollectForAllocation done
Event: 12.774 Executing VM operation: G1Concurrent
Event: 12.777 Executing VM operation: G1Concurrent done
Event: 12.790 Executing VM operation: G1CollectForAllocation

Events (20 events):
Event: 12.452 loading class java/io/ObjectOutputStream$PutFieldImpl done
Event: 12.529 loading class java/util/AbstractCollectionBeanInfo
Event: 12.529 loading class java/util/AbstractCollectionBeanInfo done
Event: 12.529 loading class java/util/AbstractCollectionBeanInfo
Event: 12.529 loading class java/util/AbstractCollectionBeanInfo done
Event: 12.529 loading class java/util/AbstractCollectionCustomizer
Event: 12.529 loading class java/util/AbstractCollectionCustomizer done
Event: 12.529 loading class java/util/AbstractCollectionCustomizer
Event: 12.529 loading class java/util/AbstractCollectionCustomizer done
Event: 12.556 Thread 0x00000192ec841e70 Thread added: 0x00000192ec841e70
Event: 12.563 Thread 0x00000192ec8431b0 Thread added: 0x00000192ec8431b0
Event: 12.563 Thread 0x00000192ec842810 Thread added: 0x00000192ec842810
Event: 12.563 Thread 0x00000192ec847040 Thread added: 0x00000192ec847040
Event: 12.563 Thread 0x00000192ec840660 Thread added: 0x00000192ec840660
Event: 12.563 Thread 0x00000192ec8461d0 Thread added: 0x00000192ec8461d0
Event: 12.563 Thread 0x00000192ec840190 Thread added: 0x00000192ec840190
Event: 12.563 Thread 0x00000192ec841000 Thread added: 0x00000192ec841000
Event: 12.585 Thread 0x00000192ec842340 Thread added: 0x00000192ec842340
Event: 12.599 loading class java/util/TreeMap$KeySpliterator
Event: 12.599 loading class java/util/TreeMap$KeySpliterator done


Dynamic libraries:
0x00007ff776cf0000 - 0x00007ff776cfa000 	C:\Program Files\Android\Android Studio\jbr\bin\java.exe
0x00007ffd845b0000 - 0x00007ffd847c7000 	C:\WINDOWS\SYSTEM32\ntdll.dll
0x00007ffd83960000 - 0x00007ffd83a24000 	C:\WINDOWS\System32\KERNEL32.DLL
0x00007ffd81ad0000 - 0x00007ffd81e7c000 	C:\WINDOWS\System32\KERNELBASE.dll
0x00007ffd818e0000 - 0x00007ffd819f1000 	C:\WINDOWS\System32\ucrtbase.dll
0x00007ffd79a60000 - 0x00007ffd79a7b000 	C:\Program Files\Android\Android Studio\jbr\bin\VCRUNTIME140.dll
0x00007ffcfa170000 - 0x00007ffcfa187000 	C:\Program Files\Android\Android Studio\jbr\bin\jli.dll
0x00007ffd83b00000 - 0x00007ffd83cae000 	C:\WINDOWS\System32\USER32.dll
0x00007ffd82250000 - 0x00007ffd82276000 	C:\WINDOWS\System32\win32u.dll
0x00007ffd77080000 - 0x00007ffd77313000 	C:\WINDOWS\WinSxS\amd64_microsoft.windows.common-controls_6595b64144ccf1df_6.0.22621.3672_none_2713b9d173822955\COMCTL32.dll
0x00007ffd82550000 - 0x00007ffd82579000 	C:\WINDOWS\System32\GDI32.dll
0x00007ffd82580000 - 0x00007ffd82627000 	C:\WINDOWS\System32\msvcrt.dll
0x00007ffd82130000 - 0x00007ffd82249000 	C:\WINDOWS\System32\gdi32full.dll
0x00007ffd81a30000 - 0x00007ffd81aca000 	C:\WINDOWS\System32\msvcp_win.dll
0x00007ffd83a40000 - 0x00007ffd83a71000 	C:\WINDOWS\System32\IMM32.DLL
0x00007ffd68f30000 - 0x00007ffd68f3c000 	C:\Program Files\Android\Android Studio\jbr\bin\vcruntime140_1.dll
0x00007ffd2a3f0000 - 0x00007ffd2a47d000 	C:\Program Files\Android\Android Studio\jbr\bin\msvcp140.dll
0x00007ffcf2370000 - 0x00007ffcf2fde000 	C:\Program Files\Android\Android Studio\jbr\bin\server\jvm.dll
0x00007ffd83170000 - 0x00007ffd83222000 	C:\WINDOWS\System32\ADVAPI32.dll
0x00007ffd83cb0000 - 0x00007ffd83d5a000 	C:\WINDOWS\System32\sechost.dll
0x00007ffd81a00000 - 0x00007ffd81a28000 	C:\WINDOWS\System32\bcrypt.dll
0x00007ffd83050000 - 0x00007ffd83165000 	C:\WINDOWS\System32\RPCRT4.dll
0x00007ffd66040000 - 0x00007ffd66049000 	C:\WINDOWS\SYSTEM32\WSOCK32.dll
0x00007ffd7cb70000 - 0x00007ffd7cba4000 	C:\WINDOWS\SYSTEM32\WINMM.dll
0x00007ffd7f460000 - 0x00007ffd7f46a000 	C:\WINDOWS\SYSTEM32\VERSION.dll
0x00007ffd83a80000 - 0x00007ffd83af1000 	C:\WINDOWS\System32\WS2_32.dll
0x00007ffd80910000 - 0x00007ffd80928000 	C:\WINDOWS\SYSTEM32\kernel.appcore.dll
0x00007ffd4ef40000 - 0x00007ffd4ef4a000 	C:\Program Files\Android\Android Studio\jbr\bin\jimage.dll
0x00007ffd7e7c0000 - 0x00007ffd7e9f2000 	C:\WINDOWS\SYSTEM32\DBGHELP.DLL
0x00007ffd83f80000 - 0x00007ffd84308000 	C:\WINDOWS\System32\combase.dll
0x00007ffd83240000 - 0x00007ffd83317000 	C:\WINDOWS\System32\OLEAUT32.dll
0x00007ffd6a120000 - 0x00007ffd6a152000 	C:\WINDOWS\SYSTEM32\dbgcore.DLL
0x00007ffd820b0000 - 0x00007ffd8212b000 	C:\WINDOWS\System32\bcryptPrimitives.dll
0x00007ffd4e010000 - 0x00007ffd4e035000 	C:\Program Files\Android\Android Studio\jbr\bin\java.dll
0x00007ffd4eef0000 - 0x00007ffd4ef08000 	C:\Program Files\Android\Android Studio\jbr\bin\zip.dll
0x00007ffd82630000 - 0x00007ffd82e8c000 	C:\WINDOWS\System32\SHELL32.dll
0x00007ffd7f830000 - 0x00007ffd80127000 	C:\WINDOWS\SYSTEM32\windows.storage.dll
0x00007ffd7f6f0000 - 0x00007ffd7f82f000 	C:\WINDOWS\SYSTEM32\wintypes.dll
0x00007ffd84360000 - 0x00007ffd84454000 	C:\WINDOWS\System32\SHCORE.dll
0x00007ffd84460000 - 0x00007ffd844be000 	C:\WINDOWS\System32\shlwapi.dll
0x00007ffd81810000 - 0x00007ffd81831000 	C:\WINDOWS\SYSTEM32\profapi.dll
0x00007ffd4ed50000 - 0x00007ffd4ed69000 	C:\Program Files\Android\Android Studio\jbr\bin\net.dll
0x00007ffd7db70000 - 0x00007ffd7dca6000 	C:\WINDOWS\SYSTEM32\WINHTTP.dll
0x00007ffd80d80000 - 0x00007ffd80de9000 	C:\WINDOWS\system32\mswsock.dll
0x00007ffd4dff0000 - 0x00007ffd4e006000 	C:\Program Files\Android\Android Studio\jbr\bin\nio.dll
0x00007ffd517b0000 - 0x00007ffd517c0000 	C:\Program Files\Android\Android Studio\jbr\bin\verify.dll
0x00007ffd4b9c0000 - 0x00007ffd4b9e7000 	C:\Users\23480\.gradle\native\68d5fa5c4cc2d200863cafc0d521ce42e7d3e7ee720ec0a83991735586a16f82\windows-amd64\native-platform.dll
0x00007ffd25a00000 - 0x00007ffd25b44000 	C:\Users\23480\.gradle\native\e376f236ea51e6404a007f0833ffe2c6e607c4080706a723a18a27aeea778392\windows-amd64\native-platform-file-events.dll
0x00007ffd517a0000 - 0x00007ffd517a9000 	C:\Program Files\Android\Android Studio\jbr\bin\management.dll
0x00007ffd51790000 - 0x00007ffd5179b000 	C:\Program Files\Android\Android Studio\jbr\bin\management_ext.dll
0x00007ffd83d60000 - 0x00007ffd83d68000 	C:\WINDOWS\System32\PSAPI.DLL
0x00007ffd80fe0000 - 0x00007ffd80ffb000 	C:\WINDOWS\SYSTEM32\CRYPTSP.dll
0x00007ffd80870000 - 0x00007ffd808a5000 	C:\WINDOWS\system32\rsaenh.dll
0x00007ffd80e80000 - 0x00007ffd80ea8000 	C:\WINDOWS\SYSTEM32\USERENV.dll
0x00007ffd81000000 - 0x00007ffd8100c000 	C:\WINDOWS\SYSTEM32\CRYPTBASE.dll
0x00007ffd80390000 - 0x00007ffd803bd000 	C:\WINDOWS\SYSTEM32\IPHLPAPI.DLL
0x00007ffd83230000 - 0x00007ffd83239000 	C:\WINDOWS\System32\NSI.dll
0x00007ffd7db50000 - 0x00007ffd7db69000 	C:\WINDOWS\SYSTEM32\dhcpcsvc6.DLL
0x00007ffd7db10000 - 0x00007ffd7db2f000 	C:\WINDOWS\SYSTEM32\dhcpcsvc.DLL
0x00007ffd803c0000 - 0x00007ffd804b8000 	C:\WINDOWS\SYSTEM32\DNSAPI.dll
0x00007ffd40b50000 - 0x00007ffd40b58000 	C:\WINDOWS\system32\wshunix.dll
0x00007ffcfa6b0000 - 0x00007ffcfa6c7000 	C:\WINDOWS\system32\napinsp.dll
0x00007ffcfa690000 - 0x00007ffcfa6ab000 	C:\WINDOWS\system32\pnrpnsp.dll
0x00007ffcfa6d0000 - 0x00007ffcfa6e1000 	C:\WINDOWS\System32\winrnr.dll
0x00007ffd4dd70000 - 0x00007ffd4dd85000 	C:\WINDOWS\system32\wshbth.dll
0x00007ffd448f0000 - 0x00007ffd44917000 	C:\WINDOWS\system32\nlansp_c.dll
0x000000005eaf0000 - 0x000000005eb16000 	C:\Program Files\Bonjour\mdnsNSP.dll
0x00007ffd79880000 - 0x00007ffd7988a000 	C:\Windows\System32\rasadhlp.dll
0x00007ffd7cda0000 - 0x00007ffd7ce23000 	C:\WINDOWS\System32\fwpuclnt.dll

dbghelp: loaded successfully - version: 4.0.5 - missing functions: none
symbol engine: initialized successfully - sym options: 0x614 - pdb path: .;C:\Program Files\Android\Android Studio\jbr\bin;C:\WINDOWS\SYSTEM32;C:\WINDOWS\WinSxS\amd64_microsoft.windows.common-controls_6595b64144ccf1df_6.0.22621.3672_none_2713b9d173822955;C:\Program Files\Android\Android Studio\jbr\bin\server;C:\Users\23480\.gradle\native\68d5fa5c4cc2d200863cafc0d521ce42e7d3e7ee720ec0a83991735586a16f82\windows-amd64;C:\Users\23480\.gradle\native\e376f236ea51e6404a007f0833ffe2c6e607c4080706a723a18a27aeea778392\windows-amd64;C:\Program Files\Bonjour

VM Arguments:
jvm_args: --add-opens=java.base/java.util.concurrent.atomic=ALL-UNNAMED --add-opens=java.base/java.util=ALL-UNNAMED --add-opens=java.base/java.lang=ALL-UNNAMED --add-opens=java.base/java.lang.invoke=ALL-UNNAMED --add-opens=java.prefs/java.util.prefs=ALL-UNNAMED --add-opens=java.base/java.nio.charset=ALL-UNNAMED --add-opens=java.base/java.net=ALL-UNNAMED --add-opens=java.base/java.util.concurrent.atomic=ALL-UNNAMED -Xmx2048m -Dfile.encoding=UTF-8 -Duser.country=US -Duser.language=en -Duser.variant 
java_command: org.gradle.launcher.daemon.bootstrap.GradleDaemon 8.0
java_class_path (initial): C:\Users\23480\.gradle\wrapper\dists\gradle-8.0-bin\ca5e32bp14vu59qr306oxotwh\gradle-8.0\lib\gradle-launcher-8.0.jar
Launcher Type: SUN_STANDARD

[Global flags]
     intx CICompilerCount                          = 4                                         {product} {ergonomic}
     uint ConcGCThreads                            = 2                                         {product} {ergonomic}
     uint G1ConcRefinementThreads                  = 8                                         {product} {ergonomic}
   size_t G1HeapRegionSize                         = 1048576                                   {product} {ergonomic}
    uintx GCDrainStackTargetSize                   = 64                                        {product} {ergonomic}
   size_t InitialHeapSize                          = 123731968                                 {product} {ergonomic}
   size_t MarkStackSize                            = 4194304                                   {product} {ergonomic}
   size_t MaxHeapSize                              = 2147483648                                {product} {command line}
   size_t MaxNewSize                               = 1287651328                                {product} {ergonomic}
   size_t MinHeapDeltaBytes                        = 1048576                                   {product} {ergonomic}
   size_t MinHeapSize                              = 8388608                                   {product} {ergonomic}
    uintx NonNMethodCodeHeapSize                   = 5839372                                {pd product} {ergonomic}
    uintx NonProfiledCodeHeapSize                  = 122909434                              {pd product} {ergonomic}
    uintx ProfiledCodeHeapSize                     = 122909434                              {pd product} {ergonomic}
    uintx ReservedCodeCacheSize                    = 251658240                              {pd product} {ergonomic}
     bool SegmentedCodeCache                       = true                                      {product} {ergonomic}
   size_t SoftMaxHeapSize                          = 2147483648                             {manageable} {ergonomic}
     bool UseCompressedClassPointers               = true                           {product lp64_product} {ergonomic}
     bool UseCompressedOops                        = true                           {product lp64_product} {ergonomic}
     bool UseG1GC                                  = true                                      {product} {ergonomic}
     bool UseLargePagesIndividualAllocation        = false                                  {pd product} {ergonomic}

Logging:
Log output configuration:
 #0: stdout all=warning uptime,level,tags
 #1: stderr all=off uptime,level,tags

Environment Variables:
PATH=C:\WINDOWS\system32;C:\WINDOWS;C:\WINDOWS\System32\Wbem;C:\WINDOWS\System32\WindowsPowerShell\v1.0\;C:\WINDOWS\System32\OpenSSH\;C:\Program Files\nodejs\;C:\Program Files\Git\cmd;C:\Program Files\HP\HP One Agent;C:\Users\23480\AppData\Local\Programs\Python\Python311\Scripts\;C:\Users\23480\AppData\Local\Programs\Python\Python311\;C:\Users\23480\AppData\Local\Microsoft\WindowsApps;C:\Users\23480\AppData\Local\atom\bin;C:\Users\23480\AppData\Local\Programs\Microsoft VS Code\bin;C:\Users\23480\AppData\Local\Microsoft\WindowsApps;;C:\Program Files\JetBrains\IntelliJ IDEA Community Edition 2023.2.1\bin;;C:\Users\23480\AppData\Roaming\npm
USERNAME=23480
OS=Windows_NT
PROCESSOR_IDENTIFIER=AMD64 Family 23 Model 104 Stepping 1, AuthenticAMD
TMP=C:\Users\23480\AppData\Local\Temp
TEMP=C:\Users\23480\AppData\Local\Temp


JNI global refs:
JNI global refs: 26, weak refs: 13

JNI global refs memory usage: 843, weak refs: 841


---------------  S Y S T E M  ---------------

OS:
 Windows 11 , 64 bit Build 22621 (10.0.22621.3672)
OS uptime: 0 days 0:45 hours

CPU: total 8 (initial active 8) (8 cores per cpu, 2 threads per core) family 23 model 104 stepping 1 microcode 0x0, cx8, cmov, fxsr, ht, mmx, 3dnowpref, sse, sse2, sse3, ssse3, sse4a, sse4.1, sse4.2, popcnt, lzcnt, tsc, tscinvbit, avx, avx2, aes, clmul, bmi1, bmi2, adx, sha, fma, vzeroupper, clflush, clflushopt

Memory: 4k page, system-wide physical 7502M (220M free)
TotalPageFile size 11571M (AvailPageFile size 228M)
current process WorkingSet (physical memory assigned to process): 378M, peak: 378M
current process commit charge ("private bytes"): 470M, peak: 743M

vm_info: OpenJDK 64-Bit Server VM (17.0.6+0-b2043.56-10027231) for windows-amd64 JRE (17.0.6+0-b2043.56-10027231), built on Apr 28 2023 00:43:19 by "androidbuild" with MS VC++ 16.10 / 16.11 (VS2019)

END.
