#
# There is insufficient memory for the Java Runtime Environment to continue.
# Native memory allocation (mmap) failed to map 232783872 bytes for G1 virtual space
# Possible reasons:
#   The system is out of physical RAM or swap space
#   The process is running with CompressedOops enabled, and the Java Heap may be blocking the growth of the native heap
# Possible solutions:
#   Reduce memory load on the system
#   Increase physical memory or swap space
#   Check if swap backing store is full
#   Decrease Java heap size (-Xmx/-Xms)
#   Decrease number of Java threads
#   Decrease Java thread stack sizes (-Xss)
#   Set larger code cache with -XX:ReservedCodeCacheSize=
#   JVM is running with Unscaled Compressed Oops mode in which the Java heap is
#     placed in the first 4GB address space. The Java Heap base address is the
#     maximum limit for the native heap growth. Please use -XX:HeapBaseMinAddress
#     to set the Java Heap base and to place the Java Heap above 4GB virtual address.
# This output file may be truncated or incomplete.
#
#  Out of Memory Error (os_windows.cpp:3769), pid=16004, tid=1568
#
# JRE version: OpenJDK Runtime Environment (17.0.6) (build 17.0.6+0-b2043.56-10027231)
# Java VM: OpenJDK 64-Bit Server VM (17.0.6+0-b2043.56-10027231, mixed mode, tiered, compressed oops, compressed class ptrs, g1 gc, windows-amd64)
# No core dump will be written. Minidumps are not enabled by default on client versions of Windows
#

---------------  S U M M A R Y ------------

Command Line: --add-opens=java.base/java.util=ALL-UNNAMED --add-opens=java.base/java.lang=ALL-UNNAMED --add-opens=java.base/java.lang.invoke=ALL-UNNAMED --add-opens=java.prefs/java.util.prefs=ALL-UNNAMED --add-opens=java.base/java.nio.charset=ALL-UNNAMED --add-opens=java.base/java.net=ALL-UNNAMED --add-opens=java.base/java.util.concurrent.atomic=ALL-UNNAMED -Xmx2048m -Dfile.encoding=UTF-8 -Duser.country=US -Duser.language=en -Duser.variant org.gradle.launcher.daemon.bootstrap.GradleDaemon 8.0

Host: AMD Ryzen 3 5300U with Radeon Graphics         , 8 cores, 7G,  Windows 11 , 64 bit Build 22621 (10.0.22621.3374)
Time: Mon May  6 10:32:54 2024 W. Central Africa Standard Time elapsed time: 24.063753 seconds (0d 0h 0m 24s)

---------------  T H R E A D  ---------------

Current thread (0x00000192d0641a30):  VMThread "VM Thread" [stack: 0x00000022e0c00000,0x00000022e0d00000] [id=1568]

Stack: [0x00000022e0c00000,0x00000022e0d00000]
Native frames: (J=compiled Java code, j=interpreted, Vv=VM code, C=native code)
V  [jvm.dll+0x683c9a]
V  [jvm.dll+0x8427a4]
V  [jvm.dll+0x843f9e]
V  [jvm.dll+0x844603]
V  [jvm.dll+0x249b75]
V  [jvm.dll+0x680b69]
V  [jvm.dll+0x67505a]
V  [jvm.dll+0x309acb]
V  [jvm.dll+0x310f86]
V  [jvm.dll+0x3608ee]
V  [jvm.dll+0x360b1f]
V  [jvm.dll+0x2dfbf8]
V  [jvm.dll+0x2ddec4]
V  [jvm.dll+0x2dd4cc]
V  [jvm.dll+0x321f3b]
V  [jvm.dll+0x848ccb]
V  [jvm.dll+0x849a04]
V  [jvm.dll+0x849f1d]
V  [jvm.dll+0x84a2f4]
V  [jvm.dll+0x84a3c0]
V  [jvm.dll+0x7f274a]
V  [jvm.dll+0x682ad5]
C  [ucrtbase.dll+0x29333]
C  [KERNEL32.DLL+0x1257d]
C  [ntdll.dll+0x5aa48]

VM_Operation (0x00000022e97fa2b0): G1CollectForAllocation, mode: safepoint, requested by thread 0x00000192d88d28c0


---------------  P R O C E S S  ---------------

Threads class SMR info:
_java_thread_list=0x00000192d47eb320, length=139, elements={
0x00000192b67dd780, 0x00000192d102b250, 0x00000192d102bec0, 0x00000192d1049000,
0x00000192d104a8d0, 0x00000192d104b190, 0x00000192d104ca60, 0x00000192d104d740,
0x00000192d105a700, 0x00000192d105e420, 0x00000192d11fc010, 0x00000192d12002b0,
0x00000192d34e1220, 0x00000192d2a24f40, 0x00000192d392fa30, 0x00000192d34fcee0,
0x00000192d34f2f80, 0x00000192d44e32e0, 0x00000192d437dd60, 0x00000192d29ae950,
0x00000192d29af7c0, 0x00000192d29aee20, 0x00000192d29af2f0, 0x00000192d29afc90,
0x00000192d23830f0, 0x00000192d29b0b00, 0x00000192d29b0160, 0x00000192d29b0630,
0x00000192d29b0fd0, 0x00000192d29b14a0, 0x00000192d29b1970, 0x00000192d29ae480,
0x00000192d29adfb0, 0x00000192d499e580, 0x00000192d499dbe0, 0x00000192d49a0730,
0x00000192d49a1a70, 0x00000192d499ef20, 0x00000192d499f8c0, 0x00000192d49a2db0,
0x00000192d499ba30, 0x00000192d499fd90, 0x00000192d49a10d0, 0x00000192d49a3280,
0x00000192d49a1f40, 0x00000192d49a28e0, 0x00000192d499bf00, 0x00000192d49a0c00,
0x00000192d49a2410, 0x00000192d499c8a0, 0x00000192d499c3d0, 0x00000192d499cd70,
0x00000192d5059020, 0x00000192d50594f0, 0x00000192d50569a0, 0x00000192d50581b0,
0x00000192d5055b30, 0x00000192d50599c0, 0x00000192d5058680, 0x00000192d505ad00,
0x00000192d505a360, 0x00000192d5055190, 0x00000192d5059e90, 0x00000192d5057ce0,
0x00000192d5058b50, 0x00000192d505a830, 0x00000192d505b1d0, 0x00000192d505b6a0,
0x00000192d505bb70, 0x00000192d5056e70, 0x00000192d5054cc0, 0x00000192d5054320,
0x00000192d5055660, 0x00000192d5056000, 0x00000192d5057340, 0x00000192d50547f0,
0x00000192d50564d0, 0x00000192d5057810, 0x00000192d4245860, 0x00000192d4244050,
0x00000192d42436b0, 0x00000192d424a560, 0x00000192d42483b0, 0x00000192d4249220,
0x00000192d4249bc0, 0x00000192d4245390, 0x00000192d42496f0, 0x00000192d4248880,
0x00000192d424a090, 0x00000192d4245d30, 0x00000192d4247a10, 0x00000192d4247540,
0x00000192d424aa30, 0x00000192d4248d50, 0x00000192d424af00, 0x00000192d4243b80,
0x00000192d4247ee0, 0x00000192d4246200, 0x00000192d4244520, 0x00000192d42449f0,
0x00000192d4244ec0, 0x00000192d42466d0, 0x00000192d4246ba0, 0x00000192d4247070,
0x00000192d3b8e810, 0x00000192d3b939e0, 0x00000192d3b94380, 0x00000192d3b8fb50,
0x00000192d3b8ece0, 0x00000192d3b904f0, 0x00000192d3b8de70, 0x00000192d3b91d00,
0x00000192d3b93eb0, 0x00000192d3b8f1b0, 0x00000192d3b8f680, 0x00000192d3b8d9a0,
0x00000192d3b93510, 0x00000192d3b90020, 0x00000192d3b94850, 0x00000192d3b921d0,
0x00000192d3b8e340, 0x00000192d3b94d20, 0x00000192d3b909c0, 0x00000192d3b91830,
0x00000192d3b90e90, 0x00000192d3b926a0, 0x00000192d3b8d4d0, 0x00000192d88d3730,
0x00000192d88d6280, 0x00000192d88d0710, 0x00000192d88d28c0, 0x00000192d88d6750,
0x00000192d88d2d90, 0x00000192d88d0be0, 0x00000192d88d23f0, 0x00000192d88d1580,
0x00000192d88d3260, 0x00000192d88d45a0, 0x00000192da4a2960
}

Java Threads: ( => current thread )
  0x00000192b67dd780 JavaThread "main" [_thread_blocked, id=14936, stack(0x00000022e0600000,0x00000022e0700000)]
  0x00000192d102b250 JavaThread "Reference Handler" daemon [_thread_blocked, id=4628, stack(0x00000022e0d00000,0x00000022e0e00000)]
  0x00000192d102bec0 JavaThread "Finalizer" daemon [_thread_blocked, id=1428, stack(0x00000022e0e00000,0x00000022e0f00000)]
  0x00000192d1049000 JavaThread "Signal Dispatcher" daemon [_thread_blocked, id=18428, stack(0x00000022e0f00000,0x00000022e1000000)]
  0x00000192d104a8d0 JavaThread "Attach Listener" daemon [_thread_blocked, id=2556, stack(0x00000022e1000000,0x00000022e1100000)]
  0x00000192d104b190 JavaThread "Service Thread" daemon [_thread_blocked, id=4484, stack(0x00000022e1100000,0x00000022e1200000)]
  0x00000192d104ca60 JavaThread "Monitor Deflation Thread" daemon [_thread_blocked, id=6400, stack(0x00000022e1200000,0x00000022e1300000)]
  0x00000192d104d740 JavaThread "C2 CompilerThread0" daemon [_thread_blocked, id=11284, stack(0x00000022e1300000,0x00000022e1400000)]
  0x00000192d105a700 JavaThread "C1 CompilerThread0" daemon [_thread_blocked, id=18548, stack(0x00000022e1400000,0x00000022e1500000)]
  0x00000192d105e420 JavaThread "Sweeper thread" daemon [_thread_blocked, id=19324, stack(0x00000022e1500000,0x00000022e1600000)]
  0x00000192d11fc010 JavaThread "Common-Cleaner" daemon [_thread_blocked, id=16368, stack(0x00000022e1600000,0x00000022e1700000)]
  0x00000192d12002b0 JavaThread "Notification Thread" daemon [_thread_blocked, id=17508, stack(0x00000022e1700000,0x00000022e1800000)]
  0x00000192d34e1220 JavaThread "Daemon health stats" [_thread_blocked, id=764, stack(0x00000022e1f00000,0x00000022e2000000)]
  0x00000192d2a24f40 JavaThread "Incoming local TCP Connector on port 50636" [_thread_in_native, id=13084, stack(0x00000022e2000000,0x00000022e2100000)]
  0x00000192d392fa30 JavaThread "Daemon periodic checks" [_thread_blocked, id=15260, stack(0x00000022e2100000,0x00000022e2200000)]
  0x00000192d34fcee0 JavaThread "Daemon" [_thread_blocked, id=3128, stack(0x00000022e2200000,0x00000022e2300000)]
  0x00000192d34f2f80 JavaThread "Handler for socket connection from /127.0.0.1:50636 to /127.0.0.1:50637" [_thread_in_native, id=17544, stack(0x00000022e2300000,0x00000022e2400000)]
  0x00000192d44e32e0 JavaThread "Cancel handler" [_thread_blocked, id=15592, stack(0x00000022e2400000,0x00000022e2500000)]
  0x00000192d437dd60 JavaThread "Daemon worker" [_thread_blocked, id=17848, stack(0x00000022e2500000,0x00000022e2600000)]
  0x00000192d29ae950 JavaThread "Asynchronous log dispatcher for DefaultDaemonConnection: socket connection from /127.0.0.1:50636 to /127.0.0.1:50637" [_thread_blocked, id=18880, stack(0x00000022e2600000,0x00000022e2700000)]
  0x00000192d29af7c0 JavaThread "Stdin handler" [_thread_blocked, id=3388, stack(0x00000022e2700000,0x00000022e2800000)]
  0x00000192d29aee20 JavaThread "Daemon client event forwarder" [_thread_blocked, id=284, stack(0x00000022e2800000,0x00000022e2900000)]
  0x00000192d29af2f0 JavaThread "Cache worker for journal cache (C:\Users\23480\.gradle\caches\journal-1)" [_thread_blocked, id=3964, stack(0x00000022e2b00000,0x00000022e2c00000)]
  0x00000192d29afc90 JavaThread "File lock request listener" [_thread_in_native, id=11912, stack(0x00000022e2c00000,0x00000022e2d00000)]
  0x00000192d23830f0 JavaThread "C2 CompilerThread1" daemon [_thread_blocked, id=8028, stack(0x00000022e2d00000,0x00000022e2e00000)]
  0x00000192d29b0b00 JavaThread "Cache worker for file hash cache (C:\Users\23480\.gradle\caches\8.0\fileHashes)" [_thread_blocked, id=19180, stack(0x00000022e2e00000,0x00000022e2f00000)]
  0x00000192d29b0160 JavaThread "File watcher server" daemon [_thread_blocked, id=3948, stack(0x00000022e3000000,0x00000022e3100000)]
  0x00000192d29b0630 JavaThread "File watcher consumer" daemon [_thread_blocked, id=300, stack(0x00000022e3100000,0x00000022e3200000)]
  0x00000192d29b0fd0 JavaThread "Cache worker for checksums cache (C:\Users\23480\Documents\androidproject\TodoApp\.gradle\8.0\checksums)" [_thread_blocked, id=3196, stack(0x00000022e3200000,0x00000022e3300000)]
  0x00000192d29b14a0 JavaThread "Cache worker for cache directory md-rule (C:\Users\23480\.gradle\caches\8.0\md-rule)" [_thread_blocked, id=13412, stack(0x00000022e3300000,0x00000022e3400000)]
  0x00000192d29b1970 JavaThread "Cache worker for file content cache (C:\Users\23480\.gradle\caches\8.0\fileContent)" [_thread_blocked, id=4908, stack(0x00000022e3400000,0x00000022e3500000)]
  0x00000192d29ae480 JavaThread "Cache worker for file hash cache (C:\Users\23480\Documents\androidproject\TodoApp\.gradle\8.0\fileHashes)" [_thread_blocked, id=2956, stack(0x00000022e3500000,0x00000022e3600000)]
  0x00000192d29adfb0 JavaThread "Cache worker for cache directory md-supplier (C:\Users\23480\.gradle\caches\8.0\md-supplier)" [_thread_blocked, id=6184, stack(0x00000022e3600000,0x00000022e3700000)]
  0x00000192d499e580 JavaThread "Cache worker for execution history cache (C:\Users\23480\.gradle\caches\8.0\executionHistory)" [_thread_blocked, id=16828, stack(0x00000022e3700000,0x00000022e3800000)]
  0x00000192d499dbe0 JavaThread "jar transforms" [_thread_blocked, id=13196, stack(0x00000022e3800000,0x00000022e3900000)]
  0x00000192d49a0730 JavaThread "jar transforms Thread 2" [_thread_blocked, id=12628, stack(0x00000022e3900000,0x00000022e3a00000)]
  0x00000192d49a1a70 JavaThread "Cache worker for kotlin-dsl (C:\Users\23480\.gradle\caches\8.0\kotlin-dsl)" [_thread_blocked, id=9048, stack(0x00000022e2f00000,0x00000022e3000000)]
  0x00000192d499ef20 JavaThread "jar transforms Thread 3" [_thread_blocked, id=18440, stack(0x00000022e3a00000,0x00000022e3b00000)]
  0x00000192d499f8c0 JavaThread "jar transforms Thread 4" [_thread_blocked, id=12320, stack(0x00000022e3b00000,0x00000022e3c00000)]
  0x00000192d49a2db0 JavaThread "Cache worker for dependencies-accessors (C:\Users\23480\Documents\androidproject\TodoApp\.gradle\8.0\dependencies-accessors)" [_thread_blocked, id=20392, stack(0x00000022e3c00000,0x00000022e3d00000)]
  0x00000192d499ba30 JavaThread "Cache worker for Build Output Cleanup Cache (C:\Users\23480\Documents\androidproject\TodoApp\.gradle\buildOutputCleanup)" [_thread_blocked, id=8184, stack(0x00000022e3d00000,0x00000022e3e00000)]
  0x00000192d499fd90 JavaThread "jar transforms Thread 5" [_thread_blocked, id=19760, stack(0x00000022e3e00000,0x00000022e3f00000)]
  0x00000192d49a10d0 JavaThread "Unconstrained build operations" [_thread_blocked, id=9544, stack(0x00000022e3f00000,0x00000022e4000000)]
  0x00000192d49a3280 JavaThread "Unconstrained build operations Thread 2" [_thread_blocked, id=2828, stack(0x00000022e4000000,0x00000022e4100000)]
  0x00000192d49a1f40 JavaThread "Unconstrained build operations Thread 3" [_thread_blocked, id=13536, stack(0x00000022e4100000,0x00000022e4200000)]
  0x00000192d49a28e0 JavaThread "Unconstrained build operations Thread 4" [_thread_blocked, id=18376, stack(0x00000022e4200000,0x00000022e4300000)]
  0x00000192d499bf00 JavaThread "Unconstrained build operations Thread 5" [_thread_blocked, id=18576, stack(0x00000022e4300000,0x00000022e4400000)]
  0x00000192d49a0c00 JavaThread "Unconstrained build operations Thread 6" [_thread_blocked, id=8552, stack(0x00000022e4400000,0x00000022e4500000)]
  0x00000192d49a2410 JavaThread "Unconstrained build operations Thread 7" [_thread_blocked, id=1780, stack(0x00000022e4500000,0x00000022e4600000)]
  0x00000192d499c8a0 JavaThread "Unconstrained build operations Thread 8" [_thread_blocked, id=19032, stack(0x00000022e4600000,0x00000022e4700000)]
  0x00000192d499c3d0 JavaThread "Unconstrained build operations Thread 9" [_thread_blocked, id=12860, stack(0x00000022e4700000,0x00000022e4800000)]
  0x00000192d499cd70 JavaThread "Unconstrained build operations Thread 10" [_thread_blocked, id=5604, stack(0x00000022e4800000,0x00000022e4900000)]
  0x00000192d5059020 JavaThread "Unconstrained build operations Thread 11" [_thread_blocked, id=13136, stack(0x00000022e4900000,0x00000022e4a00000)]
  0x00000192d50594f0 JavaThread "Unconstrained build operations Thread 12" [_thread_blocked, id=19096, stack(0x00000022e4a00000,0x00000022e4b00000)]
  0x00000192d50569a0 JavaThread "Unconstrained build operations Thread 13" [_thread_blocked, id=4684, stack(0x00000022e4b00000,0x00000022e4c00000)]
  0x00000192d50581b0 JavaThread "Unconstrained build operations Thread 14" [_thread_blocked, id=6368, stack(0x00000022e4c00000,0x00000022e4d00000)]
  0x00000192d5055b30 JavaThread "Unconstrained build operations Thread 15" [_thread_blocked, id=6844, stack(0x00000022e4d00000,0x00000022e4e00000)]
  0x00000192d50599c0 JavaThread "Unconstrained build operations Thread 16" [_thread_blocked, id=7472, stack(0x00000022e4e00000,0x00000022e4f00000)]
  0x00000192d5058680 JavaThread "Unconstrained build operations Thread 17" [_thread_blocked, id=2016, stack(0x00000022e4f00000,0x00000022e5000000)]
  0x00000192d505ad00 JavaThread "Unconstrained build operations Thread 18" [_thread_blocked, id=14964, stack(0x00000022e5000000,0x00000022e5100000)]
  0x00000192d505a360 JavaThread "Unconstrained build operations Thread 19" [_thread_blocked, id=6840, stack(0x00000022e5100000,0x00000022e5200000)]
  0x00000192d5055190 JavaThread "Unconstrained build operations Thread 20" [_thread_blocked, id=9624, stack(0x00000022e5200000,0x00000022e5300000)]
  0x00000192d5059e90 JavaThread "Unconstrained build operations Thread 21" [_thread_blocked, id=19228, stack(0x00000022e5300000,0x00000022e5400000)]
  0x00000192d5057ce0 JavaThread "Unconstrained build operations Thread 22" [_thread_blocked, id=10528, stack(0x00000022e5400000,0x00000022e5500000)]
  0x00000192d5058b50 JavaThread "Unconstrained build operations Thread 23" [_thread_blocked, id=8360, stack(0x00000022e5500000,0x00000022e5600000)]
  0x00000192d505a830 JavaThread "Unconstrained build operations Thread 24" [_thread_blocked, id=9552, stack(0x00000022e5600000,0x00000022e5700000)]
  0x00000192d505b1d0 JavaThread "Unconstrained build operations Thread 25" [_thread_blocked, id=13092, stack(0x00000022e5700000,0x00000022e5800000)]
  0x00000192d505b6a0 JavaThread "Unconstrained build operations Thread 26" [_thread_blocked, id=17968, stack(0x00000022e5800000,0x00000022e5900000)]
  0x00000192d505bb70 JavaThread "Unconstrained build operations Thread 27" [_thread_blocked, id=3380, stack(0x00000022e5900000,0x00000022e5a00000)]
  0x00000192d5056e70 JavaThread "Unconstrained build operations Thread 28" [_thread_blocked, id=9456, stack(0x00000022e5a00000,0x00000022e5b00000)]
  0x00000192d5054cc0 JavaThread "Unconstrained build operations Thread 29" [_thread_blocked, id=12052, stack(0x00000022e5b00000,0x00000022e5c00000)]
  0x00000192d5054320 JavaThread "Unconstrained build operations Thread 30" [_thread_blocked, id=19004, stack(0x00000022e5c00000,0x00000022e5d00000)]
  0x00000192d5055660 JavaThread "Unconstrained build operations Thread 31" [_thread_blocked, id=11480, stack(0x00000022e5d00000,0x00000022e5e00000)]
  0x00000192d5056000 JavaThread "Unconstrained build operations Thread 32" [_thread_blocked, id=15600, stack(0x00000022e5e00000,0x00000022e5f00000)]
  0x00000192d5057340 JavaThread "Unconstrained build operations Thread 33" [_thread_blocked, id=8884, stack(0x00000022e5f00000,0x00000022e6000000)]
  0x00000192d50547f0 JavaThread "Unconstrained build operations Thread 34" [_thread_blocked, id=15248, stack(0x00000022e6000000,0x00000022e6100000)]
  0x00000192d50564d0 JavaThread "Unconstrained build operations Thread 35" [_thread_blocked, id=15420, stack(0x00000022e6100000,0x00000022e6200000)]
  0x00000192d5057810 JavaThread "Unconstrained build operations Thread 36" [_thread_blocked, id=20180, stack(0x00000022e6200000,0x00000022e6300000)]
  0x00000192d4245860 JavaThread "Unconstrained build operations Thread 37" [_thread_blocked, id=10448, stack(0x00000022e6300000,0x00000022e6400000)]
  0x00000192d4244050 JavaThread "Unconstrained build operations Thread 38" [_thread_blocked, id=7028, stack(0x00000022e6400000,0x00000022e6500000)]
  0x00000192d42436b0 JavaThread "Unconstrained build operations Thread 39" [_thread_blocked, id=5100, stack(0x00000022e6500000,0x00000022e6600000)]
  0x00000192d424a560 JavaThread "Unconstrained build operations Thread 40" [_thread_blocked, id=18644, stack(0x00000022e6600000,0x00000022e6700000)]
  0x00000192d42483b0 JavaThread "Unconstrained build operations Thread 41" [_thread_blocked, id=18044, stack(0x00000022e6700000,0x00000022e6800000)]
  0x00000192d4249220 JavaThread "Unconstrained build operations Thread 42" [_thread_blocked, id=14892, stack(0x00000022e6800000,0x00000022e6900000)]
  0x00000192d4249bc0 JavaThread "Unconstrained build operations Thread 43" [_thread_blocked, id=10332, stack(0x00000022e6900000,0x00000022e6a00000)]
  0x00000192d4245390 JavaThread "Unconstrained build operations Thread 44" [_thread_blocked, id=4964, stack(0x00000022e6a00000,0x00000022e6b00000)]
  0x00000192d42496f0 JavaThread "Unconstrained build operations Thread 45" [_thread_blocked, id=13744, stack(0x00000022e6b00000,0x00000022e6c00000)]
  0x00000192d4248880 JavaThread "Unconstrained build operations Thread 46" [_thread_blocked, id=7364, stack(0x00000022e6c00000,0x00000022e6d00000)]
  0x00000192d424a090 JavaThread "Unconstrained build operations Thread 47" [_thread_blocked, id=13404, stack(0x00000022e6d00000,0x00000022e6e00000)]
  0x00000192d4245d30 JavaThread "Unconstrained build operations Thread 48" [_thread_blocked, id=5408, stack(0x00000022e6e00000,0x00000022e6f00000)]
  0x00000192d4247a10 JavaThread "Unconstrained build operations Thread 49" [_thread_blocked, id=11548, stack(0x00000022e6f00000,0x00000022e7000000)]
  0x00000192d4247540 JavaThread "Unconstrained build operations Thread 50" [_thread_blocked, id=6904, stack(0x00000022e7000000,0x00000022e7100000)]
  0x00000192d424aa30 JavaThread "Unconstrained build operations Thread 51" [_thread_blocked, id=16816, stack(0x00000022e7100000,0x00000022e7200000)]
  0x00000192d4248d50 JavaThread "Unconstrained build operations Thread 52" [_thread_blocked, id=8712, stack(0x00000022e7200000,0x00000022e7300000)]
  0x00000192d424af00 JavaThread "Unconstrained build operations Thread 53" [_thread_blocked, id=17048, stack(0x00000022e7300000,0x00000022e7400000)]
  0x00000192d4243b80 JavaThread "Unconstrained build operations Thread 54" [_thread_blocked, id=19712, stack(0x00000022e7400000,0x00000022e7500000)]
  0x00000192d4247ee0 JavaThread "Unconstrained build operations Thread 55" [_thread_blocked, id=7196, stack(0x00000022e7500000,0x00000022e7600000)]
  0x00000192d4246200 JavaThread "Unconstrained build operations Thread 56" [_thread_blocked, id=15788, stack(0x00000022e7600000,0x00000022e7700000)]
  0x00000192d4244520 JavaThread "Unconstrained build operations Thread 57" [_thread_blocked, id=4744, stack(0x00000022e7700000,0x00000022e7800000)]
  0x00000192d42449f0 JavaThread "Unconstrained build operations Thread 58" [_thread_blocked, id=18664, stack(0x00000022e7800000,0x00000022e7900000)]
  0x00000192d4244ec0 JavaThread "Unconstrained build operations Thread 59" [_thread_blocked, id=18112, stack(0x00000022e7900000,0x00000022e7a00000)]
  0x00000192d42466d0 JavaThread "Unconstrained build operations Thread 60" [_thread_blocked, id=1712, stack(0x00000022e7a00000,0x00000022e7b00000)]
  0x00000192d4246ba0 JavaThread "Unconstrained build operations Thread 61" [_thread_blocked, id=6208, stack(0x00000022e7b00000,0x00000022e7c00000)]
  0x00000192d4247070 JavaThread "Unconstrained build operations Thread 62" [_thread_blocked, id=17840, stack(0x00000022e7c00000,0x00000022e7d00000)]
  0x00000192d3b8e810 JavaThread "Unconstrained build operations Thread 63" [_thread_blocked, id=12680, stack(0x00000022e7d00000,0x00000022e7e00000)]
  0x00000192d3b939e0 JavaThread "Unconstrained build operations Thread 64" [_thread_blocked, id=9780, stack(0x00000022e7e00000,0x00000022e7f00000)]
  0x00000192d3b94380 JavaThread "Unconstrained build operations Thread 65" [_thread_blocked, id=8132, stack(0x00000022e7f00000,0x00000022e8000000)]
  0x00000192d3b8fb50 JavaThread "Unconstrained build operations Thread 66" [_thread_blocked, id=784, stack(0x00000022e8000000,0x00000022e8100000)]
  0x00000192d3b8ece0 JavaThread "Unconstrained build operations Thread 67" [_thread_blocked, id=18468, stack(0x00000022e8100000,0x00000022e8200000)]
  0x00000192d3b904f0 JavaThread "Unconstrained build operations Thread 68" [_thread_blocked, id=10404, stack(0x00000022e8200000,0x00000022e8300000)]
  0x00000192d3b8de70 JavaThread "Unconstrained build operations Thread 69" [_thread_blocked, id=10688, stack(0x00000022e8300000,0x00000022e8400000)]
  0x00000192d3b91d00 JavaThread "Unconstrained build operations Thread 70" [_thread_blocked, id=2620, stack(0x00000022e8400000,0x00000022e8500000)]
  0x00000192d3b93eb0 JavaThread "Unconstrained build operations Thread 71" [_thread_blocked, id=12272, stack(0x00000022e8500000,0x00000022e8600000)]
  0x00000192d3b8f1b0 JavaThread "Unconstrained build operations Thread 72" [_thread_blocked, id=16612, stack(0x00000022e8600000,0x00000022e8700000)]
  0x00000192d3b8f680 JavaThread "Unconstrained build operations Thread 73" [_thread_blocked, id=11544, stack(0x00000022e8700000,0x00000022e8800000)]
  0x00000192d3b8d9a0 JavaThread "Unconstrained build operations Thread 74" [_thread_blocked, id=6940, stack(0x00000022e8800000,0x00000022e8900000)]
  0x00000192d3b93510 JavaThread "Unconstrained build operations Thread 75" [_thread_blocked, id=11360, stack(0x00000022e8900000,0x00000022e8a00000)]
  0x00000192d3b90020 JavaThread "Unconstrained build operations Thread 76" [_thread_blocked, id=8368, stack(0x00000022e8a00000,0x00000022e8b00000)]
  0x00000192d3b94850 JavaThread "Unconstrained build operations Thread 77" [_thread_blocked, id=12356, stack(0x00000022e8b00000,0x00000022e8c00000)]
  0x00000192d3b921d0 JavaThread "Unconstrained build operations Thread 78" [_thread_blocked, id=18804, stack(0x00000022e8c00000,0x00000022e8d00000)]
  0x00000192d3b8e340 JavaThread "Unconstrained build operations Thread 79" [_thread_blocked, id=2096, stack(0x00000022e8d00000,0x00000022e8e00000)]
  0x00000192d3b94d20 JavaThread "Unconstrained build operations Thread 80" [_thread_blocked, id=1372, stack(0x00000022e8e00000,0x00000022e8f00000)]
  0x00000192d3b909c0 JavaThread "jar transforms Thread 6" [_thread_blocked, id=16544, stack(0x00000022e8f00000,0x00000022e9000000)]
  0x00000192d3b91830 JavaThread "jar transforms Thread 7" [_thread_blocked, id=15540, stack(0x00000022e9000000,0x00000022e9100000)]
  0x00000192d3b90e90 JavaThread "jar transforms Thread 8" [_thread_blocked, id=16548, stack(0x00000022e9100000,0x00000022e9200000)]
  0x00000192d3b926a0 JavaThread "build event listener" [_thread_blocked, id=10176, stack(0x00000022e9200000,0x00000022e9300000)]
  0x00000192d3b8d4d0 JavaThread "Memory manager" [_thread_blocked, id=10252, stack(0x00000022e9300000,0x00000022e9400000)]
  0x00000192d88d3730 JavaThread "pool-3-thread-1" [_thread_blocked, id=11460, stack(0x00000022e9400000,0x00000022e9500000)]
  0x00000192d88d6280 JavaThread "build event listener" [_thread_blocked, id=4336, stack(0x00000022e9500000,0x00000022e9600000)]
  0x00000192d88d0710 JavaThread "included builds" [_thread_blocked, id=16580, stack(0x00000022e9600000,0x00000022e9700000)]
  0x00000192d88d28c0 JavaThread "Execution worker" [_thread_blocked, id=18820, stack(0x00000022e9700000,0x00000022e9800000)]
  0x00000192d88d6750 JavaThread "Execution worker Thread 2" [_thread_blocked, id=18308, stack(0x00000022e9800000,0x00000022e9900000)]
  0x00000192d88d2d90 JavaThread "Execution worker Thread 3" [_thread_blocked, id=19444, stack(0x00000022e9900000,0x00000022e9a00000)]
  0x00000192d88d0be0 JavaThread "Execution worker Thread 4" [_thread_blocked, id=4468, stack(0x00000022e9a00000,0x00000022e9b00000)]
  0x00000192d88d23f0 JavaThread "Execution worker Thread 5" [_thread_blocked, id=12868, stack(0x00000022e9b00000,0x00000022e9c00000)]
  0x00000192d88d1580 JavaThread "Execution worker Thread 6" [_thread_blocked, id=8604, stack(0x00000022e9c00000,0x00000022e9d00000)]
  0x00000192d88d3260 JavaThread "Execution worker Thread 7" [_thread_blocked, id=18660, stack(0x00000022e9d00000,0x00000022e9e00000)]
  0x00000192d88d45a0 JavaThread "Cache worker for execution history cache (C:\Users\23480\Documents\androidproject\TodoApp\.gradle\8.0\executionHistory)" [_thread_blocked, id=2332, stack(0x00000022e9e00000,0x00000022e9f00000)]
  0x00000192da4a2960 JavaThread "WorkerExecutor Queue" [_thread_blocked, id=19336, stack(0x00000022e9f00000,0x00000022ea000000)]

Other Threads:
=>0x00000192d0641a30 VMThread "VM Thread" [stack: 0x00000022e0c00000,0x00000022e0d00000] [id=1568]
  0x00000192d1206bb0 WatcherThread [stack: 0x00000022e1800000,0x00000022e1900000] [id=6396]
  0x00000192b683c730 GCTaskThread "GC Thread#0" [stack: 0x00000022e0700000,0x00000022e0800000] [id=7964]
  0x00000192d20c0ff0 GCTaskThread "GC Thread#1" [stack: 0x00000022e1b00000,0x00000022e1c00000] [id=11400]
  0x00000192d1f443b0 GCTaskThread "GC Thread#2" [stack: 0x00000022e1c00000,0x00000022e1d00000] [id=5848]
  0x00000192d1e2a3a0 GCTaskThread "GC Thread#3" [stack: 0x00000022e1d00000,0x00000022e1e00000] [id=132]
  0x00000192d28c4b50 GCTaskThread "GC Thread#4" [stack: 0x00000022e1900000,0x00000022e1a00000] [id=20276]
  0x00000192d34deeb0 GCTaskThread "GC Thread#5" [stack: 0x00000022e1a00000,0x00000022e1b00000] [id=5668]
  0x00000192d381a740 GCTaskThread "GC Thread#6" [stack: 0x00000022e1e00000,0x00000022e1f00000] [id=9976]
  0x00000192d1f38040 GCTaskThread "GC Thread#7" [stack: 0x00000022e2900000,0x00000022e2a00000] [id=12784]
  0x00000192b684dd90 ConcurrentGCThread "G1 Main Marker" [stack: 0x00000022e0800000,0x00000022e0900000] [id=8136]
  0x00000192b684ee40 ConcurrentGCThread "G1 Conc#0" [stack: 0x00000022e0900000,0x00000022e0a00000] [id=18176]
  0x00000192d3f0fc80 ConcurrentGCThread "G1 Conc#1" [stack: 0x00000022e2a00000,0x00000022e2b00000] [id=16648]
  0x00000192d04a1d00 ConcurrentGCThread "G1 Refine#0" [stack: 0x00000022e0a00000,0x00000022e0b00000] [id=18480]
  0x00000192d04a23d0 ConcurrentGCThread "G1 Service" [stack: 0x00000022e0b00000,0x00000022e0c00000] [id=17624]

Threads with active compile tasks:
C2 CompilerThread0    24124 11891 % !   4       com.android.ide.common.resources.DataMerger::mergeData @ 247 (611 bytes)
C1 CompilerThread0    24124 11972       2       org.apache.xerces.dom.ParentNode::removeChild (7 bytes)
C2 CompilerThread1    24124 11785   !   4       com.android.utils.PositionXmlParser$DomBuilder::startElement (272 bytes)

VM state: at safepoint (normal execution)

VM Mutex/Monitor currently owned by a thread:  ([mutex/lock_event])
[0x00000192b67d8f50] Threads_lock - owner thread: 0x00000192d0641a30
[0x00000192b67d9610] Heap_lock - owner thread: 0x00000192d88d28c0

Heap address: 0x0000000080000000, size: 2048 MB, Compressed Oops mode: 32-bit

CDS archive(s) not mapped
Compressed class space mapped at: 0x0000000100000000-0x0000000140000000, reserved size: 1073741824
Narrow klass base: 0x0000000000000000, Narrow klass shift: 3, Narrow klass range: 0x140000000

GC Precious Log:
 CPUs: 8 total, 8 available
 Memory: 7502M
 Large Page Support: Disabled
 NUMA Support: Disabled
 Compressed Oops: Enabled (32-bit)
 Heap Region Size: 1M
 Heap Min Capacity: 8M
 Heap Initial Capacity: 118M
 Heap Max Capacity: 2G
 Pre-touch: Disabled
 Parallel Workers: 8
 Concurrent Workers: 2
 Concurrent Refinement Workers: 8
 Periodic GC: Disabled

Heap:
 garbage-first heap   total 227328K, used 129822K [0x0000000080000000, 0x0000000100000000)
  region size 1024K, 1 young (1024K), 1 survivors (1024K)
 Metaspace       used 102320K, committed 103104K, reserved 1138688K
  class space    used 13804K, committed 14208K, reserved 1048576K

Heap Regions: E=young(eden), S=young(survivor), O=old, HS=humongous(starts), HC=humongous(continues), CS=collection set, F=free, OA=open archive, CA=closed archive, TAMS=top-at-mark-start (previous, next)
|   0|0x0000000080000000, 0x0000000080100000, 0x0000000080100000|100%|HS|  |TAMS 0x0000000080100000, 0x0000000080000000| Complete 
|   1|0x0000000080100000, 0x0000000080200000, 0x0000000080200000|100%|HC|  |TAMS 0x0000000080200000, 0x0000000080100000| Complete 
|   2|0x0000000080200000, 0x0000000080300000, 0x0000000080300000|100%|HC|  |TAMS 0x0000000080300000, 0x0000000080200000| Complete 
|   3|0x0000000080300000, 0x0000000080400000, 0x0000000080400000|100%|HC|  |TAMS 0x0000000080400000, 0x0000000080300000| Complete 
|   4|0x0000000080400000, 0x0000000080500000, 0x0000000080500000|100%| O|  |TAMS 0x0000000080500000, 0x0000000080400000| Untracked 
|   5|0x0000000080500000, 0x0000000080600000, 0x0000000080600000|100%| O|  |TAMS 0x0000000080600000, 0x0000000080500000| Untracked 
|   6|0x0000000080600000, 0x0000000080700000, 0x0000000080700000|100%| O|  |TAMS 0x0000000080700000, 0x0000000080600000| Untracked 
|   7|0x0000000080700000, 0x0000000080800000, 0x0000000080800000|100%| O|  |TAMS 0x0000000080800000, 0x0000000080700000| Untracked 
|   8|0x0000000080800000, 0x0000000080900000, 0x0000000080900000|100%| O|  |TAMS 0x0000000080900000, 0x0000000080800000| Untracked 
|   9|0x0000000080900000, 0x0000000080a00000, 0x0000000080a00000|100%| O|  |TAMS 0x0000000080a00000, 0x0000000080900000| Untracked 
|  10|0x0000000080a00000, 0x0000000080b00000, 0x0000000080b00000|100%| O|  |TAMS 0x0000000080b00000, 0x0000000080a00000| Untracked 
|  11|0x0000000080b00000, 0x0000000080c00000, 0x0000000080c00000|100%| O|  |TAMS 0x0000000080c00000, 0x0000000080b00000| Untracked 
|  12|0x0000000080c00000, 0x0000000080d00000, 0x0000000080d00000|100%| O|  |TAMS 0x0000000080d00000, 0x0000000080c00000| Untracked 
|  13|0x0000000080d00000, 0x0000000080e00000, 0x0000000080e00000|100%| O|  |TAMS 0x0000000080e00000, 0x0000000080d00000| Untracked 
|  14|0x0000000080e00000, 0x0000000080f00000, 0x0000000080f00000|100%| O|  |TAMS 0x0000000080f00000, 0x0000000080e00000| Untracked 
|  15|0x0000000080f00000, 0x0000000081000000, 0x0000000081000000|100%| O|  |TAMS 0x0000000081000000, 0x0000000080f00000| Untracked 
|  16|0x0000000081000000, 0x0000000081100000, 0x0000000081100000|100%| O|  |TAMS 0x0000000081100000, 0x0000000081000000| Untracked 
|  17|0x0000000081100000, 0x0000000081200000, 0x0000000081200000|100%| O|  |TAMS 0x0000000081200000, 0x0000000081100000| Untracked 
|  18|0x0000000081200000, 0x0000000081300000, 0x0000000081300000|100%| O|  |TAMS 0x0000000081300000, 0x0000000081200000| Untracked 
|  19|0x0000000081300000, 0x0000000081400000, 0x0000000081400000|100%| O|  |TAMS 0x0000000081400000, 0x0000000081300000| Untracked 
|  20|0x0000000081400000, 0x0000000081500000, 0x0000000081500000|100%|HS|  |TAMS 0x0000000081500000, 0x0000000081400000| Complete 
|  21|0x0000000081500000, 0x0000000081600000, 0x0000000081600000|100%| O|  |TAMS 0x0000000081600000, 0x0000000081500000| Updating 
|  22|0x0000000081600000, 0x0000000081700000, 0x0000000081700000|100%| O|  |TAMS 0x0000000081700000, 0x0000000081600000| Updating 
|  23|0x0000000081700000, 0x0000000081800000, 0x0000000081800000|100%| O|  |TAMS 0x0000000081800000, 0x0000000081700000| Untracked 
|  24|0x0000000081800000, 0x0000000081900000, 0x0000000081900000|100%| O|  |TAMS 0x0000000081900000, 0x0000000081800000| Untracked 
|  25|0x0000000081900000, 0x0000000081a00000, 0x0000000081a00000|100%| O|  |TAMS 0x0000000081a00000, 0x0000000081900000| Untracked 
|  26|0x0000000081a00000, 0x0000000081b00000, 0x0000000081b00000|100%| O|  |TAMS 0x0000000081b00000, 0x0000000081a00000| Updating 
|  27|0x0000000081b00000, 0x0000000081c00000, 0x0000000081c00000|100%| O|  |TAMS 0x0000000081c00000, 0x0000000081b00000| Updating 
|  28|0x0000000081c00000, 0x0000000081d00000, 0x0000000081d00000|100%|HS|  |TAMS 0x0000000081d00000, 0x0000000081c00000| Complete 
|  29|0x0000000081d00000, 0x0000000081e00000, 0x0000000081e00000|100%|HS|  |TAMS 0x0000000081e00000, 0x0000000081d00000| Complete 
|  30|0x0000000081e00000, 0x0000000081f00000, 0x0000000081f00000|100%|HC|  |TAMS 0x0000000081f00000, 0x0000000081e00000| Complete 
|  31|0x0000000081f00000, 0x0000000082000000, 0x0000000082000000|100%|HS|  |TAMS 0x0000000082000000, 0x0000000081f00000| Complete 
|  32|0x0000000082000000, 0x0000000082100000, 0x0000000082100000|100%|HS|  |TAMS 0x0000000082100000, 0x0000000082000000| Complete 
|  33|0x0000000082100000, 0x0000000082200000, 0x0000000082200000|100%|HC|  |TAMS 0x0000000082200000, 0x0000000082100000| Complete 
|  34|0x0000000082200000, 0x0000000082300000, 0x0000000082300000|100%|HC|  |TAMS 0x0000000082300000, 0x0000000082200000| Complete 
|  35|0x0000000082300000, 0x0000000082400000, 0x0000000082400000|100%|HC|  |TAMS 0x0000000082400000, 0x0000000082300000| Complete 
|  36|0x0000000082400000, 0x0000000082500000, 0x0000000082500000|100%| O|  |TAMS 0x0000000082500000, 0x0000000082400000| Untracked 
|  37|0x0000000082500000, 0x0000000082600000, 0x0000000082600000|100%| O|  |TAMS 0x0000000082600000, 0x0000000082500000| Updating 
|  38|0x0000000082600000, 0x0000000082700000, 0x0000000082700000|100%| O|  |TAMS 0x0000000082700000, 0x0000000082600000| Updating 
|  39|0x0000000082700000, 0x0000000082800000, 0x0000000082800000|100%| O|  |TAMS 0x0000000082800000, 0x0000000082700000| Untracked 
|  40|0x0000000082800000, 0x0000000082900000, 0x0000000082900000|100%| O|  |TAMS 0x0000000082900000, 0x0000000082800000| Updating 
|  41|0x0000000082900000, 0x0000000082a00000, 0x0000000082a00000|100%| O|  |TAMS 0x0000000082a00000, 0x0000000082900000| Untracked 
|  42|0x0000000082a00000, 0x0000000082b00000, 0x0000000082b00000|100%| O|  |TAMS 0x0000000082b00000, 0x0000000082a00000| Updating 
|  43|0x0000000082b00000, 0x0000000082c00000, 0x0000000082c00000|100%| O|  |TAMS 0x0000000082c00000, 0x0000000082b00000| Untracked 
|  44|0x0000000082c00000, 0x0000000082d00000, 0x0000000082d00000|100%| O|  |TAMS 0x0000000082d00000, 0x0000000082c00000| Untracked 
|  45|0x0000000082d00000, 0x0000000082e00000, 0x0000000082e00000|100%| O|  |TAMS 0x0000000082e00000, 0x0000000082d00000| Untracked 
|  46|0x0000000082e00000, 0x0000000082f00000, 0x0000000082f00000|100%| O|  |TAMS 0x0000000082f00000, 0x0000000082e00000| Untracked 
|  47|0x0000000082f00000, 0x0000000083000000, 0x0000000083000000|100%| O|  |TAMS 0x0000000083000000, 0x0000000082f00000| Untracked 
|  48|0x0000000083000000, 0x0000000083100000, 0x0000000083100000|100%| O|  |TAMS 0x0000000083100000, 0x0000000083000000| Untracked 
|  49|0x0000000083100000, 0x0000000083200000, 0x0000000083200000|100%| O|  |TAMS 0x0000000083200000, 0x0000000083100000| Untracked 
|  50|0x0000000083200000, 0x0000000083300000, 0x0000000083300000|100%| O|  |TAMS 0x0000000083300000, 0x0000000083200000| Untracked 
|  51|0x0000000083300000, 0x0000000083400000, 0x0000000083400000|100%| O|  |TAMS 0x0000000083400000, 0x0000000083300000| Untracked 
|  52|0x0000000083400000, 0x0000000083500000, 0x0000000083500000|100%| O|  |TAMS 0x0000000083500000, 0x0000000083400000| Untracked 
|  53|0x0000000083500000, 0x0000000083600000, 0x0000000083600000|100%| O|  |TAMS 0x0000000083600000, 0x0000000083500000| Untracked 
|  54|0x0000000083600000, 0x0000000083700000, 0x0000000083700000|100%| O|  |TAMS 0x0000000083700000, 0x0000000083600000| Untracked 
|  55|0x0000000083700000, 0x0000000083800000, 0x0000000083800000|100%| O|  |TAMS 0x0000000083800000, 0x0000000083700000| Untracked 
|  56|0x0000000083800000, 0x0000000083900000, 0x0000000083900000|100%| O|  |TAMS 0x0000000083900000, 0x0000000083800000| Untracked 
|  57|0x0000000083900000, 0x0000000083a00000, 0x0000000083a00000|100%| O|  |TAMS 0x0000000083a00000, 0x0000000083900000| Untracked 
|  58|0x0000000083a00000, 0x0000000083b00000, 0x0000000083b00000|100%| O|  |TAMS 0x0000000083b00000, 0x0000000083a00000| Updating 
|  59|0x0000000083b00000, 0x0000000083c00000, 0x0000000083c00000|100%| O|  |TAMS 0x0000000083c00000, 0x0000000083b00000| Updating 
|  60|0x0000000083c00000, 0x0000000083d00000, 0x0000000083d00000|100%| O|  |TAMS 0x0000000083d00000, 0x0000000083c00000| Untracked 
|  61|0x0000000083d00000, 0x0000000083e00000, 0x0000000083e00000|100%| O|  |TAMS 0x0000000083e00000, 0x0000000083d00000| Updating 
|  62|0x0000000083e00000, 0x0000000083f00000, 0x0000000083f00000|100%| O|  |TAMS 0x0000000083f00000, 0x0000000083e00000| Updating 
|  63|0x0000000083f00000, 0x0000000084000000, 0x0000000084000000|100%| O|  |TAMS 0x0000000084000000, 0x0000000083f00000| Updating 
|  64|0x0000000084000000, 0x0000000084100000, 0x0000000084100000|100%| O|  |TAMS 0x0000000084100000, 0x0000000084000000| Updating 
|  65|0x0000000084100000, 0x0000000084200000, 0x0000000084200000|100%| O|  |TAMS 0x0000000084200000, 0x0000000084100000| Updating 
|  66|0x0000000084200000, 0x0000000084300000, 0x0000000084300000|100%| O|  |TAMS 0x0000000084300000, 0x0000000084200000| Updating 
|  67|0x0000000084300000, 0x0000000084400000, 0x0000000084400000|100%| O|  |TAMS 0x0000000084400000, 0x0000000084300000| Untracked 
|  68|0x0000000084400000, 0x0000000084500000, 0x0000000084500000|100%| O|  |TAMS 0x0000000084500000, 0x0000000084400000| Updating 
|  69|0x0000000084500000, 0x0000000084600000, 0x0000000084600000|100%| O|  |TAMS 0x0000000084600000, 0x0000000084500000| Updating 
|  70|0x0000000084600000, 0x0000000084700000, 0x0000000084700000|100%| O|  |TAMS 0x0000000084700000, 0x0000000084600000| Untracked 
|  71|0x0000000084700000, 0x0000000084800000, 0x0000000084800000|100%| O|  |TAMS 0x0000000084800000, 0x0000000084700000| Untracked 
|  72|0x0000000084800000, 0x0000000084900000, 0x0000000084900000|100%| O|  |TAMS 0x0000000084900000, 0x0000000084800000| Updating 
|  73|0x0000000084900000, 0x0000000084a00000, 0x0000000084a00000|100%| O|  |TAMS 0x0000000084a00000, 0x0000000084900000| Untracked 
|  74|0x0000000084a00000, 0x0000000084b00000, 0x0000000084b00000|100%| O|  |TAMS 0x0000000084b00000, 0x0000000084a00000| Untracked 
|  75|0x0000000084b00000, 0x0000000084c00000, 0x0000000084c00000|100%| O|  |TAMS 0x0000000084c00000, 0x0000000084b00000| Untracked 
|  76|0x0000000084c00000, 0x0000000084d00000, 0x0000000084d00000|100%| O|  |TAMS 0x0000000084d00000, 0x0000000084c00000| Untracked 
|  77|0x0000000084d00000, 0x0000000084e00000, 0x0000000084e00000|100%| O|  |TAMS 0x0000000084e00000, 0x0000000084d00000| Untracked 
|  78|0x0000000084e00000, 0x0000000084f00000, 0x0000000084f00000|100%| O|  |TAMS 0x0000000084f00000, 0x0000000084e00000| Untracked 
|  79|0x0000000084f00000, 0x0000000085000000, 0x0000000085000000|100%| O|  |TAMS 0x0000000085000000, 0x0000000084f00000| Updating 
|  80|0x0000000085000000, 0x0000000085100000, 0x0000000085100000|100%| O|  |TAMS 0x0000000085100000, 0x0000000085000000| Updating 
|  81|0x0000000085100000, 0x0000000085200000, 0x0000000085200000|100%| O|  |TAMS 0x0000000085200000, 0x0000000085100000| Untracked 
|  82|0x0000000085200000, 0x0000000085300000, 0x0000000085300000|100%| O|  |TAMS 0x0000000085300000, 0x0000000085200000| Untracked 
|  83|0x0000000085300000, 0x0000000085400000, 0x0000000085400000|100%| O|  |TAMS 0x0000000085400000, 0x0000000085300000| Untracked 
|  84|0x0000000085400000, 0x0000000085500000, 0x0000000085500000|100%| O|  |TAMS 0x0000000085500000, 0x0000000085400000| Untracked 
|  85|0x0000000085500000, 0x0000000085600000, 0x0000000085600000|100%| O|  |TAMS 0x0000000085600000, 0x0000000085500000| Untracked 
|  86|0x0000000085600000, 0x0000000085700000, 0x0000000085700000|100%| O|  |TAMS 0x0000000085700000, 0x0000000085600000| Untracked 
|  87|0x0000000085700000, 0x0000000085800000, 0x0000000085800000|100%| O|  |TAMS 0x0000000085800000, 0x0000000085700000| Updating 
|  88|0x0000000085800000, 0x0000000085900000, 0x0000000085900000|100%| O|  |TAMS 0x0000000085900000, 0x0000000085800000| Untracked 
|  89|0x0000000085900000, 0x0000000085a00000, 0x0000000085a00000|100%| O|  |TAMS 0x0000000085a00000, 0x0000000085900000| Untracked 
|  90|0x0000000085a00000, 0x0000000085b00000, 0x0000000085b00000|100%| O|  |TAMS 0x0000000085b00000, 0x0000000085a00000| Untracked 
|  91|0x0000000085b00000, 0x0000000085c00000, 0x0000000085c00000|100%| O|  |TAMS 0x0000000085c00000, 0x0000000085b00000| Updating 
|  92|0x0000000085c00000, 0x0000000085d00000, 0x0000000085d00000|100%| O|  |TAMS 0x0000000085d00000, 0x0000000085c00000| Updating 
|  93|0x0000000085d00000, 0x0000000085e00000, 0x0000000085e00000|100%| O|  |TAMS 0x0000000085e00000, 0x0000000085d00000| Untracked 
|  94|0x0000000085e00000, 0x0000000085f00000, 0x0000000085f00000|100%| O|  |TAMS 0x0000000085f00000, 0x0000000085e00000| Untracked 
|  95|0x0000000085f00000, 0x0000000086000000, 0x0000000086000000|100%| O|  |TAMS 0x0000000086000000, 0x0000000085f00000| Untracked 
|  96|0x0000000086000000, 0x0000000086100000, 0x0000000086100000|100%| O|  |TAMS 0x0000000086100000, 0x0000000086000000| Untracked 
|  97|0x0000000086100000, 0x0000000086200000, 0x0000000086200000|100%| O|  |TAMS 0x0000000086200000, 0x0000000086100000| Untracked 
|  98|0x0000000086200000, 0x0000000086300000, 0x0000000086300000|100%| O|  |TAMS 0x0000000086300000, 0x0000000086200000| Untracked 
|  99|0x0000000086300000, 0x0000000086400000, 0x0000000086400000|100%| O|  |TAMS 0x0000000086400000, 0x0000000086300000| Untracked 
| 100|0x0000000086400000, 0x0000000086500000, 0x0000000086500000|100%| O|  |TAMS 0x0000000086500000, 0x0000000086400000| Updating 
| 101|0x0000000086500000, 0x0000000086600000, 0x0000000086600000|100%| O|  |TAMS 0x0000000086500000, 0x0000000086500000| Untracked 
| 102|0x0000000086600000, 0x0000000086700000, 0x0000000086700000|100%| O|  |TAMS 0x0000000086600000, 0x0000000086600000| Untracked 
| 103|0x0000000086700000, 0x0000000086800000, 0x0000000086800000|100%| O|  |TAMS 0x0000000086700000, 0x0000000086700000| Untracked 
| 104|0x0000000086800000, 0x0000000086900000, 0x0000000086900000|100%| O|  |TAMS 0x0000000086800000, 0x0000000086800000| Untracked 
| 105|0x0000000086900000, 0x0000000086a00000, 0x0000000086a00000|100%| O|  |TAMS 0x0000000086900000, 0x0000000086900000| Untracked 
| 106|0x0000000086a00000, 0x0000000086b00000, 0x0000000086b00000|100%| O|  |TAMS 0x0000000086a00000, 0x0000000086a00000| Updating 
| 107|0x0000000086b00000, 0x0000000086c00000, 0x0000000086c00000|100%| O|  |TAMS 0x0000000086b00000, 0x0000000086b00000| Untracked 
| 108|0x0000000086c00000, 0x0000000086d00000, 0x0000000086d00000|100%|HS|  |TAMS 0x0000000086d00000, 0x0000000086c00000| Complete 
| 109|0x0000000086d00000, 0x0000000086e00000, 0x0000000086e00000|100%|HC|  |TAMS 0x0000000086e00000, 0x0000000086d00000| Complete 
| 110|0x0000000086e00000, 0x0000000086f00000, 0x0000000086f00000|100%| O|  |TAMS 0x0000000086f00000, 0x0000000086e00000| Untracked 
| 111|0x0000000086f00000, 0x0000000087000000, 0x0000000087000000|100%| O|  |TAMS 0x0000000087000000, 0x0000000086f00000| Untracked 
| 112|0x0000000087000000, 0x0000000087100000, 0x0000000087100000|100%| O|  |TAMS 0x0000000087100000, 0x0000000087000000| Untracked 
| 113|0x0000000087100000, 0x0000000087200000, 0x0000000087200000|100%| O|  |TAMS 0x0000000087200000, 0x0000000087100000| Untracked 
| 114|0x0000000087200000, 0x0000000087300000, 0x0000000087300000|100%| O|  |TAMS 0x0000000087300000, 0x0000000087200000| Untracked 
| 115|0x0000000087300000, 0x0000000087400000, 0x0000000087400000|100%| O|  |TAMS 0x0000000087400000, 0x0000000087300000| Untracked 
| 116|0x0000000087400000, 0x0000000087500000, 0x0000000087500000|100%| O|  |TAMS 0x0000000087500000, 0x0000000087400000| Untracked 
| 117|0x0000000087500000, 0x0000000087600000, 0x0000000087600000|100%| O|  |TAMS 0x0000000087600000, 0x0000000087500000| Untracked 
| 118|0x0000000087600000, 0x00000000876d8e00, 0x0000000087700000| 84%| O|  |TAMS 0x0000000087600000, 0x0000000087600000| Untracked 
| 119|0x0000000087700000, 0x0000000087700000, 0x0000000087800000|  0%| F|  |TAMS 0x0000000087700000, 0x0000000087700000| Untracked 
| 120|0x0000000087800000, 0x0000000087800000, 0x0000000087900000|  0%| F|  |TAMS 0x0000000087800000, 0x0000000087800000| Untracked 
| 121|0x0000000087900000, 0x0000000087a00000, 0x0000000087a00000|100%| O|  |TAMS 0x0000000087a00000, 0x0000000087900000| Untracked 
| 122|0x0000000087a00000, 0x0000000087b00000, 0x0000000087b00000|100%| O|  |TAMS 0x0000000087b00000, 0x0000000087a00000| Untracked 
| 123|0x0000000087b00000, 0x0000000087c00000, 0x0000000087c00000|100%| O|  |TAMS 0x0000000087c00000, 0x0000000087b00000| Untracked 
| 124|0x0000000087c00000, 0x0000000087d00000, 0x0000000087d00000|100%| O|  |TAMS 0x0000000087d00000, 0x0000000087c00000| Untracked 
| 125|0x0000000087d00000, 0x0000000087d00000, 0x0000000087e00000|  0%| F|  |TAMS 0x0000000087d00000, 0x0000000087d00000| Untracked 
| 126|0x0000000087e00000, 0x0000000087e00000, 0x0000000087f00000|  0%| F|  |TAMS 0x0000000087e00000, 0x0000000087e00000| Untracked 
| 127|0x0000000087f00000, 0x0000000088000000, 0x0000000088000000|100%| O|  |TAMS 0x0000000088000000, 0x0000000087f00000| Untracked 
| 128|0x0000000088000000, 0x0000000088100000, 0x0000000088100000|100%| O|  |TAMS 0x0000000088100000, 0x0000000088000000| Untracked 
| 129|0x0000000088100000, 0x0000000088200000, 0x0000000088200000|100%| O|  |TAMS 0x0000000088187800, 0x0000000088100000| Updating 
| 130|0x0000000088200000, 0x0000000088200000, 0x0000000088300000|  0%| F|  |TAMS 0x0000000088200000, 0x0000000088200000| Untracked 
| 131|0x0000000088300000, 0x0000000088300000, 0x0000000088400000|  0%| F|  |TAMS 0x0000000088300000, 0x0000000088300000| Untracked 
| 132|0x0000000088400000, 0x0000000088400000, 0x0000000088500000|  0%| F|  |TAMS 0x0000000088400000, 0x0000000088400000| Untracked 
| 133|0x0000000088500000, 0x0000000088500000, 0x0000000088600000|  0%| F|  |TAMS 0x0000000088500000, 0x0000000088500000| Untracked 
| 134|0x0000000088600000, 0x0000000088600000, 0x0000000088700000|  0%| F|  |TAMS 0x0000000088600000, 0x0000000088600000| Untracked 
| 135|0x0000000088700000, 0x0000000088700000, 0x0000000088800000|  0%| F|  |TAMS 0x0000000088700000, 0x0000000088700000| Untracked 
| 136|0x0000000088800000, 0x0000000088800000, 0x0000000088900000|  0%| F|  |TAMS 0x0000000088800000, 0x0000000088800000| Untracked 
| 137|0x0000000088900000, 0x0000000088900000, 0x0000000088a00000|  0%| F|  |TAMS 0x0000000088900000, 0x0000000088900000| Untracked 
| 138|0x0000000088a00000, 0x0000000088a00000, 0x0000000088b00000|  0%| F|  |TAMS 0x0000000088a00000, 0x0000000088a00000| Untracked 
| 139|0x0000000088b00000, 0x0000000088b00000, 0x0000000088c00000|  0%| F|  |TAMS 0x0000000088b00000, 0x0000000088b00000| Untracked 
| 140|0x0000000088c00000, 0x0000000088c00000, 0x0000000088d00000|  0%| F|  |TAMS 0x0000000088c00000, 0x0000000088c00000| Untracked 
| 141|0x0000000088d00000, 0x0000000088d00000, 0x0000000088e00000|  0%| F|  |TAMS 0x0000000088d00000, 0x0000000088d00000| Untracked 
| 142|0x0000000088e00000, 0x0000000088e00000, 0x0000000088f00000|  0%| F|  |TAMS 0x0000000088e00000, 0x0000000088e00000| Untracked 
| 143|0x0000000088f00000, 0x0000000088f00000, 0x0000000089000000|  0%| F|  |TAMS 0x0000000088f00000, 0x0000000088f00000| Untracked 
| 144|0x0000000089000000, 0x0000000089000000, 0x0000000089100000|  0%| F|  |TAMS 0x0000000089000000, 0x0000000089000000| Untracked 
| 145|0x0000000089100000, 0x0000000089100000, 0x0000000089200000|  0%| F|  |TAMS 0x0000000089100000, 0x0000000089100000| Untracked 
| 146|0x0000000089200000, 0x0000000089200000, 0x0000000089300000|  0%| F|  |TAMS 0x0000000089200000, 0x0000000089200000| Untracked 
| 147|0x0000000089300000, 0x0000000089300000, 0x0000000089400000|  0%| F|  |TAMS 0x0000000089300000, 0x0000000089300000| Untracked 
| 148|0x0000000089400000, 0x0000000089400000, 0x0000000089500000|  0%| F|  |TAMS 0x0000000089400000, 0x0000000089400000| Untracked 
| 149|0x0000000089500000, 0x0000000089500000, 0x0000000089600000|  0%| F|  |TAMS 0x0000000089500000, 0x0000000089500000| Untracked 
| 150|0x0000000089600000, 0x0000000089600000, 0x0000000089700000|  0%| F|  |TAMS 0x0000000089600000, 0x0000000089600000| Untracked 
| 151|0x0000000089700000, 0x0000000089700000, 0x0000000089800000|  0%| F|  |TAMS 0x0000000089700000, 0x0000000089700000| Untracked 
| 152|0x0000000089800000, 0x0000000089800000, 0x0000000089900000|  0%| F|  |TAMS 0x0000000089800000, 0x0000000089800000| Untracked 
| 153|0x0000000089900000, 0x0000000089900000, 0x0000000089a00000|  0%| F|  |TAMS 0x0000000089900000, 0x0000000089900000| Untracked 
| 154|0x0000000089a00000, 0x0000000089a00000, 0x0000000089b00000|  0%| F|  |TAMS 0x0000000089a00000, 0x0000000089a00000| Untracked 
| 155|0x0000000089b00000, 0x0000000089b00000, 0x0000000089c00000|  0%| F|  |TAMS 0x0000000089b00000, 0x0000000089b00000| Untracked 
| 156|0x0000000089c00000, 0x0000000089c00000, 0x0000000089d00000|  0%| F|  |TAMS 0x0000000089c00000, 0x0000000089c00000| Untracked 
| 157|0x0000000089d00000, 0x0000000089d00000, 0x0000000089e00000|  0%| F|  |TAMS 0x0000000089d00000, 0x0000000089d00000| Untracked 
| 158|0x0000000089e00000, 0x0000000089e00000, 0x0000000089f00000|  0%| F|  |TAMS 0x0000000089e00000, 0x0000000089e00000| Untracked 
| 159|0x0000000089f00000, 0x0000000089f00000, 0x000000008a000000|  0%| F|  |TAMS 0x0000000089f00000, 0x0000000089f00000| Untracked 
| 160|0x000000008a000000, 0x000000008a000000, 0x000000008a100000|  0%| F|  |TAMS 0x000000008a000000, 0x000000008a000000| Untracked 
| 161|0x000000008a100000, 0x000000008a100000, 0x000000008a200000|  0%| F|  |TAMS 0x000000008a100000, 0x000000008a100000| Untracked 
| 162|0x000000008a200000, 0x000000008a200000, 0x000000008a300000|  0%| F|  |TAMS 0x000000008a200000, 0x000000008a200000| Untracked 
| 163|0x000000008a300000, 0x000000008a300000, 0x000000008a400000|  0%| F|  |TAMS 0x000000008a300000, 0x000000008a300000| Untracked 
| 164|0x000000008a400000, 0x000000008a400000, 0x000000008a500000|  0%| F|  |TAMS 0x000000008a400000, 0x000000008a400000| Untracked 
| 165|0x000000008a500000, 0x000000008a500000, 0x000000008a600000|  0%| F|  |TAMS 0x000000008a500000, 0x000000008a500000| Untracked 
| 166|0x000000008a600000, 0x000000008a600000, 0x000000008a700000|  0%| F|  |TAMS 0x000000008a600000, 0x000000008a600000| Untracked 
| 167|0x000000008a700000, 0x000000008a700000, 0x000000008a800000|  0%| F|  |TAMS 0x000000008a700000, 0x000000008a700000| Untracked 
| 168|0x000000008a800000, 0x000000008a800000, 0x000000008a900000|  0%| F|  |TAMS 0x000000008a800000, 0x000000008a800000| Untracked 
| 169|0x000000008a900000, 0x000000008a900000, 0x000000008aa00000|  0%| F|  |TAMS 0x000000008a900000, 0x000000008a900000| Untracked 
| 170|0x000000008aa00000, 0x000000008aa00000, 0x000000008ab00000|  0%| F|  |TAMS 0x000000008aa00000, 0x000000008aa00000| Untracked 
| 171|0x000000008ab00000, 0x000000008ab00000, 0x000000008ac00000|  0%| F|  |TAMS 0x000000008ab00000, 0x000000008ab00000| Untracked 
| 172|0x000000008ac00000, 0x000000008ac00000, 0x000000008ad00000|  0%| F|  |TAMS 0x000000008ac00000, 0x000000008ac00000| Untracked 
| 173|0x000000008ad00000, 0x000000008ad00000, 0x000000008ae00000|  0%| F|  |TAMS 0x000000008ad00000, 0x000000008ad00000| Untracked 
| 174|0x000000008ae00000, 0x000000008ae00000, 0x000000008af00000|  0%| F|  |TAMS 0x000000008ae00000, 0x000000008ae00000| Untracked 
| 175|0x000000008af00000, 0x000000008af00000, 0x000000008b000000|  0%| F|  |TAMS 0x000000008af00000, 0x000000008af00000| Untracked 
| 176|0x000000008b000000, 0x000000008b000000, 0x000000008b100000|  0%| F|  |TAMS 0x000000008b000000, 0x000000008b000000| Untracked 
| 177|0x000000008b100000, 0x000000008b100000, 0x000000008b200000|  0%| F|  |TAMS 0x000000008b100000, 0x000000008b100000| Untracked 
| 178|0x000000008b200000, 0x000000008b200000, 0x000000008b300000|  0%| F|  |TAMS 0x000000008b200000, 0x000000008b200000| Untracked 
| 179|0x000000008b300000, 0x000000008b300000, 0x000000008b400000|  0%| F|  |TAMS 0x000000008b300000, 0x000000008b300000| Untracked 
| 180|0x000000008b400000, 0x000000008b400000, 0x000000008b500000|  0%| F|  |TAMS 0x000000008b400000, 0x000000008b400000| Untracked 
| 181|0x000000008b500000, 0x000000008b500000, 0x000000008b600000|  0%| F|  |TAMS 0x000000008b500000, 0x000000008b500000| Untracked 
| 182|0x000000008b600000, 0x000000008b600000, 0x000000008b700000|  0%| F|  |TAMS 0x000000008b600000, 0x000000008b600000| Untracked 
| 183|0x000000008b700000, 0x000000008b700000, 0x000000008b800000|  0%| F|  |TAMS 0x000000008b700000, 0x000000008b700000| Untracked 
| 184|0x000000008b800000, 0x000000008b800000, 0x000000008b900000|  0%| F|  |TAMS 0x000000008b800000, 0x000000008b800000| Untracked 
| 185|0x000000008b900000, 0x000000008b900000, 0x000000008ba00000|  0%| F|  |TAMS 0x000000008b900000, 0x000000008b900000| Untracked 
| 186|0x000000008ba00000, 0x000000008ba00000, 0x000000008bb00000|  0%| F|  |TAMS 0x000000008ba00000, 0x000000008ba00000| Untracked 
| 187|0x000000008bb00000, 0x000000008bb00000, 0x000000008bc00000|  0%| F|  |TAMS 0x000000008bb00000, 0x000000008bb00000| Untracked 
| 188|0x000000008bc00000, 0x000000008bc00000, 0x000000008bd00000|  0%| F|  |TAMS 0x000000008bc00000, 0x000000008bc00000| Untracked 
| 189|0x000000008bd00000, 0x000000008bd00000, 0x000000008be00000|  0%| F|  |TAMS 0x000000008bd00000, 0x000000008bd00000| Untracked 
| 190|0x000000008be00000, 0x000000008be00000, 0x000000008bf00000|  0%| F|  |TAMS 0x000000008be00000, 0x000000008be00000| Untracked 
| 191|0x000000008bf00000, 0x000000008bf00000, 0x000000008c000000|  0%| F|  |TAMS 0x000000008bf00000, 0x000000008bf00000| Untracked 
| 192|0x000000008c000000, 0x000000008c000000, 0x000000008c100000|  0%| F|  |TAMS 0x000000008c000000, 0x000000008c000000| Untracked 
| 193|0x000000008c100000, 0x000000008c100000, 0x000000008c200000|  0%| F|  |TAMS 0x000000008c100000, 0x000000008c100000| Untracked 
| 194|0x000000008c200000, 0x000000008c200000, 0x000000008c300000|  0%| F|  |TAMS 0x000000008c200000, 0x000000008c200000| Untracked 
| 195|0x000000008c300000, 0x000000008c300000, 0x000000008c400000|  0%| F|  |TAMS 0x000000008c300000, 0x000000008c300000| Untracked 
| 196|0x000000008c400000, 0x000000008c400000, 0x000000008c500000|  0%| F|  |TAMS 0x000000008c400000, 0x000000008c400000| Untracked 
| 197|0x000000008c500000, 0x000000008c500000, 0x000000008c600000|  0%| F|  |TAMS 0x000000008c500000, 0x000000008c500000| Untracked 
| 198|0x000000008c600000, 0x000000008c600000, 0x000000008c700000|  0%| F|  |TAMS 0x000000008c600000, 0x000000008c600000| Untracked 
| 199|0x000000008c700000, 0x000000008c700000, 0x000000008c800000|  0%| F|  |TAMS 0x000000008c700000, 0x000000008c700000| Untracked 
| 200|0x000000008c800000, 0x000000008c800000, 0x000000008c900000|  0%| F|  |TAMS 0x000000008c800000, 0x000000008c800000| Untracked 
| 201|0x000000008c900000, 0x000000008c900000, 0x000000008ca00000|  0%| F|  |TAMS 0x000000008c900000, 0x000000008c900000| Untracked 
| 202|0x000000008ca00000, 0x000000008ca00000, 0x000000008cb00000|  0%| F|  |TAMS 0x000000008ca00000, 0x000000008ca00000| Untracked 
| 203|0x000000008cb00000, 0x000000008cb00000, 0x000000008cc00000|  0%| F|  |TAMS 0x000000008cb00000, 0x000000008cb00000| Untracked 
| 204|0x000000008cc00000, 0x000000008cc00000, 0x000000008cd00000|  0%| F|  |TAMS 0x000000008cc00000, 0x000000008cc00000| Untracked 
| 205|0x000000008cd00000, 0x000000008cd00000, 0x000000008ce00000|  0%| F|  |TAMS 0x000000008cd00000, 0x000000008cd00000| Untracked 
| 206|0x000000008ce00000, 0x000000008ce00000, 0x000000008cf00000|  0%| F|  |TAMS 0x000000008ce00000, 0x000000008ce00000| Untracked 
| 207|0x000000008cf00000, 0x000000008cf00000, 0x000000008d000000|  0%| F|  |TAMS 0x000000008cf00000, 0x000000008cf00000| Untracked 
| 208|0x000000008d000000, 0x000000008d000000, 0x000000008d100000|  0%| F|  |TAMS 0x000000008d000000, 0x000000008d000000| Untracked 
| 209|0x000000008d100000, 0x000000008d100000, 0x000000008d200000|  0%| F|  |TAMS 0x000000008d100000, 0x000000008d100000| Untracked 
| 210|0x000000008d200000, 0x000000008d200000, 0x000000008d300000|  0%| F|  |TAMS 0x000000008d200000, 0x000000008d200000| Untracked 
| 211|0x000000008d300000, 0x000000008d300000, 0x000000008d400000|  0%| F|  |TAMS 0x000000008d300000, 0x000000008d300000| Untracked 
| 212|0x000000008d400000, 0x000000008d400000, 0x000000008d500000|  0%| F|  |TAMS 0x000000008d400000, 0x000000008d400000| Untracked 
| 213|0x000000008d500000, 0x000000008d500000, 0x000000008d600000|  0%| F|  |TAMS 0x000000008d500000, 0x000000008d500000| Untracked 
| 214|0x000000008d600000, 0x000000008d600000, 0x000000008d700000|  0%| F|  |TAMS 0x000000008d600000, 0x000000008d600000| Untracked 
| 215|0x000000008d700000, 0x000000008d700000, 0x000000008d800000|  0%| F|  |TAMS 0x000000008d700000, 0x000000008d700000| Untracked 
| 216|0x000000008d800000, 0x000000008d800000, 0x000000008d900000|  0%| F|  |TAMS 0x000000008d800000, 0x000000008d800000| Untracked 
| 217|0x000000008d900000, 0x000000008d900000, 0x000000008da00000|  0%| F|  |TAMS 0x000000008d900000, 0x000000008d900000| Untracked 
| 218|0x000000008da00000, 0x000000008da00000, 0x000000008db00000|  0%| F|  |TAMS 0x000000008da00000, 0x000000008da00000| Untracked 
| 219|0x000000008db00000, 0x000000008db00000, 0x000000008dc00000|  0%| F|  |TAMS 0x000000008db00000, 0x000000008db00000| Untracked 
| 220|0x000000008dc00000, 0x000000008dc00000, 0x000000008dd00000|  0%| F|  |TAMS 0x000000008dc00000, 0x000000008dc00000| Untracked 
| 221|0x000000008dd00000, 0x000000008ddeec90, 0x000000008de00000| 93%| S|CS|TAMS 0x000000008dd00000, 0x000000008dd00000| Complete 

Card table byte_map: [0x00000192c93d0000,0x00000192c97d0000] _byte_map_base: 0x00000192c8fd0000

Marking Bits (Prev, Next): (CMBitMap*) 0x00000192b683cc40, (CMBitMap*) 0x00000192b683cc80
 Prev Bits: [0x00000192c9bd0000, 0x00000192cbbd0000)
 Next Bits: [0x00000192cbbd0000, 0x00000192cdbd0000)

Polling page: 0x00000192b47d0000

Metaspace:

Usage:
  Non-class:     86.44 MB used.
      Class:     13.48 MB used.
       Both:     99.92 MB used.

Virtual space:
  Non-class space:       88.00 MB reserved,      86.81 MB ( 99%) committed,  11 nodes.
      Class space:        1.00 GB reserved,      13.88 MB (  1%) committed,  1 nodes.
             Both:        1.09 GB reserved,     100.69 MB (  9%) committed. 

Chunk freelists:
   Non-Class:  688.00 KB
       Class:  1.99 MB
        Both:  2.66 MB

MaxMetaspaceSize: unlimited
CompressedClassSpaceSize: 1.00 GB
Initial GC threshold: 21.00 MB
Current GC threshold: 167.75 MB
CDS: off
MetaspaceReclaimPolicy: balanced
 - commit_granule_bytes: 65536.
 - commit_granule_words: 8192.
 - virtual_space_node_default_size: 1048576.
 - enlarge_chunks_in_place: 1.
 - new_chunks_are_fully_committed: 0.
 - uncommit_free_chunks: 1.
 - use_allocation_guard: 0.
 - handle_deallocations: 1.


Internal statistics:

num_allocs_failed_limit: 9.
num_arena_births: 1100.
num_arena_deaths: 14.
num_vsnodes_births: 12.
num_vsnodes_deaths: 0.
num_space_committed: 1610.
num_space_uncommitted: 0.
num_chunks_returned_to_freelist: 28.
num_chunks_taken_from_freelist: 4902.
num_chunk_merges: 17.
num_chunk_splits: 3266.
num_chunks_enlarged: 2226.
num_purges: 2.
num_inconsistent_stats: 0.

CodeHeap 'non-profiled nmethods': size=120000Kb used=5704Kb max_used=5824Kb free=114295Kb
 bounds [0x00000192c1770000, 0x00000192c1d30000, 0x00000192c8ca0000]
CodeHeap 'profiled nmethods': size=120000Kb used=20138Kb max_used=20173Kb free=99861Kb
 bounds [0x00000192b9ca0000, 0x00000192bb070000, 0x00000192c11d0000]
CodeHeap 'non-nmethods': size=5760Kb used=2395Kb max_used=2462Kb free=3364Kb
 bounds [0x00000192c11d0000, 0x00000192c1440000, 0x00000192c1770000]
 total_blobs=11225 nmethods=10293 adapters=844
 compilation: enabled
              stopped_count=0, restarted_count=0
 full_count=0

Compilation events (20 events):
Event: 24.008 Thread 0x00000192d105a700 nmethod 11954 0x00000192c1acb990 code [0x00000192c1acbb20, 0x00000192c1acbbf8]
Event: 24.008 Thread 0x00000192d105a700 11967       2       org.apache.xerces.dom.CharacterDataImpl::getNodeValue (16 bytes)
Event: 24.008 Thread 0x00000192d105a700 nmethod 11967 0x00000192ba467410 code [0x00000192ba4675a0, 0x00000192ba4676d8]
Event: 24.008 Thread 0x00000192d105a700 11968       2       org.apache.xerces.dom.ElementNSImpl::getNamespaceURI (16 bytes)
Event: 24.008 Thread 0x00000192d105a700 nmethod 11968 0x00000192ba466f10 code [0x00000192ba4670e0, 0x00000192ba4672d8]
Event: 24.008 Thread 0x00000192d105a700 11971       2       org.apache.xerces.dom.ElementImpl::normalize (169 bytes)
Event: 24.009 Thread 0x00000192d105a700 nmethod 11971 0x00000192ba466210 code [0x00000192ba466480, 0x00000192ba466ab8]
Event: 24.009 Thread 0x00000192d105a700 11977       2       org.apache.xerces.dom.ParentNode::setOwnerDocument (44 bytes)
Event: 24.010 Thread 0x00000192d105a700 nmethod 11977 0x00000192ba465b10 code [0x00000192ba465cc0, 0x00000192ba466018]
Event: 24.010 Thread 0x00000192d105a700 11978       2       org.apache.xerces.dom.AttributeMap::reconcileDefaults (211 bytes)
Event: 24.011 Thread 0x00000192d105a700 nmethod 11978 0x00000192ba8b8e10 code [0x00000192ba8b9060, 0x00000192ba8b9698]
Event: 24.011 Thread 0x00000192d105a700 11979       2       com.android.ide.common.resources.NodeUtils::adoptNode (15 bytes)
Event: 24.012 Thread 0x00000192d105a700 nmethod 11979 0x00000192ba8b8990 code [0x00000192ba8b8b40, 0x00000192ba8b8cb8]
Event: 24.012 Thread 0x00000192d105a700 11985       2       org.apache.xerces.dom.CoreDocumentImpl::callUserDataHandlers (104 bytes)
Event: 24.012 Thread 0x00000192d105a700 nmethod 11985 0x00000192ba8b8110 code [0x00000192ba8b8320, 0x00000192ba8b8738]
Event: 24.012 Thread 0x00000192d105a700 11970       2       org.apache.xerces.dom.AttrImpl::normalize (124 bytes)
Event: 24.013 Thread 0x00000192d105a700 nmethod 11970 0x00000192ba8b7790 code [0x00000192ba8b79c0, 0x00000192ba8b7e78]
Event: 24.013 Thread 0x00000192d105a700 11969       2       org.apache.xerces.dom.ElementImpl::getNodeName (16 bytes)
Event: 24.014 Thread 0x00000192d105a700 nmethod 11969 0x00000192ba8b7290 code [0x00000192ba8b7460, 0x00000192ba8b7658]
Event: 24.014 Thread 0x00000192d105a700 11972       2       org.apache.xerces.dom.ParentNode::removeChild (7 bytes)

GC Heap History (20 events):
Event: 19.400 GC heap after
{Heap after GC invocations=24 (full 0):
 garbage-first heap   total 154624K, used 81062K [0x0000000080000000, 0x0000000100000000)
  region size 1024K, 7 young (7168K), 7 survivors (7168K)
 Metaspace       used 94176K, committed 94848K, reserved 1130496K
  class space    used 12804K, committed 13120K, reserved 1048576K
}
Event: 19.418 GC heap before
{Heap before GC invocations=24 (full 0):
 garbage-first heap   total 154624K, used 82086K [0x0000000080000000, 0x0000000100000000)
  region size 1024K, 8 young (8192K), 7 survivors (7168K)
 Metaspace       used 94212K, committed 94848K, reserved 1130496K
  class space    used 12809K, committed 13120K, reserved 1048576K
}
Event: 19.427 GC heap after
{Heap after GC invocations=25 (full 0):
 garbage-first heap   total 154624K, used 81808K [0x0000000080000000, 0x0000000100000000)
  region size 1024K, 1 young (1024K), 1 survivors (1024K)
 Metaspace       used 94212K, committed 94848K, reserved 1130496K
  class space    used 12809K, committed 13120K, reserved 1048576K
}
Event: 19.920 GC heap before
{Heap before GC invocations=25 (full 0):
 garbage-first heap   total 154624K, used 125840K [0x0000000080000000, 0x0000000100000000)
  region size 1024K, 44 young (45056K), 1 survivors (1024K)
 Metaspace       used 94518K, committed 95232K, reserved 1138688K
  class space    used 12838K, committed 13184K, reserved 1048576K
}
Event: 19.930 GC heap after
{Heap after GC invocations=26 (full 0):
 garbage-first heap   total 154624K, used 88383K [0x0000000080000000, 0x0000000100000000)
  region size 1024K, 6 young (6144K), 6 survivors (6144K)
 Metaspace       used 94518K, committed 95232K, reserved 1138688K
  class space    used 12838K, committed 13184K, reserved 1048576K
}
Event: 21.134 GC heap before
{Heap before GC invocations=27 (full 0):
 garbage-first heap   total 160768K, used 125247K [0x0000000080000000, 0x0000000100000000)
  region size 1024K, 42 young (43008K), 6 survivors (6144K)
 Metaspace       used 98235K, committed 98944K, reserved 1138688K
  class space    used 13288K, committed 13632K, reserved 1048576K
}
Event: 21.146 GC heap after
{Heap after GC invocations=28 (full 0):
 garbage-first heap   total 160768K, used 94423K [0x0000000080000000, 0x0000000100000000)
  region size 1024K, 6 young (6144K), 6 survivors (6144K)
 Metaspace       used 98235K, committed 98944K, reserved 1138688K
  class space    used 13288K, committed 13632K, reserved 1048576K
}
Event: 21.157 GC heap before
{Heap before GC invocations=28 (full 0):
 garbage-first heap   total 160768K, used 95447K [0x0000000080000000, 0x0000000100000000)
  region size 1024K, 7 young (7168K), 6 survivors (6144K)
 Metaspace       used 98323K, committed 99008K, reserved 1138688K
  class space    used 13311K, committed 13632K, reserved 1048576K
}
Event: 21.163 GC heap after
{Heap after GC invocations=29 (full 0):
 garbage-first heap   total 160768K, used 94725K [0x0000000080000000, 0x0000000100000000)
  region size 1024K, 1 young (1024K), 1 survivors (1024K)
 Metaspace       used 98323K, committed 99008K, reserved 1138688K
  class space    used 13311K, committed 13632K, reserved 1048576K
}
Event: 21.455 GC heap before
{Heap before GC invocations=29 (full 0):
 garbage-first heap   total 160768K, used 129541K [0x0000000080000000, 0x0000000100000000)
  region size 1024K, 36 young (36864K), 1 survivors (1024K)
 Metaspace       used 98704K, committed 99392K, reserved 1138688K
  class space    used 13409K, committed 13760K, reserved 1048576K
}
Event: 21.462 GC heap after
{Heap after GC invocations=30 (full 0):
 garbage-first heap   total 160768K, used 98526K [0x0000000080000000, 0x0000000100000000)
  region size 1024K, 5 young (5120K), 5 survivors (5120K)
 Metaspace       used 98704K, committed 99392K, reserved 1138688K
  class space    used 13409K, committed 13760K, reserved 1048576K
}
Event: 22.022 GC heap before
{Heap before GC invocations=30 (full 0):
 garbage-first heap   total 160768K, used 130270K [0x0000000080000000, 0x0000000100000000)
  region size 1024K, 37 young (37888K), 5 survivors (5120K)
 Metaspace       used 99784K, committed 100544K, reserved 1138688K
  class space    used 13537K, committed 13888K, reserved 1048576K
}
Event: 22.029 GC heap after
{Heap after GC invocations=31 (full 0):
 garbage-first heap   total 160768K, used 101036K [0x0000000080000000, 0x0000000100000000)
  region size 1024K, 5 young (5120K), 5 survivors (5120K)
 Metaspace       used 99784K, committed 100544K, reserved 1138688K
  class space    used 13537K, committed 13888K, reserved 1048576K
}
Event: 23.173 GC heap before
{Heap before GC invocations=31 (full 0):
 garbage-first heap   total 160768K, used 130732K [0x0000000080000000, 0x0000000100000000)
  region size 1024K, 35 young (35840K), 5 survivors (5120K)
 Metaspace       used 101820K, committed 102592K, reserved 1138688K
  class space    used 13761K, committed 14144K, reserved 1048576K
}
Event: 23.183 GC heap after
{Heap after GC invocations=32 (full 0):
 garbage-first heap   total 160768K, used 108482K [0x0000000080000000, 0x0000000100000000)
  region size 1024K, 5 young (5120K), 5 survivors (5120K)
 Metaspace       used 101820K, committed 102592K, reserved 1138688K
  class space    used 13761K, committed 14144K, reserved 1048576K
}
Event: 23.555 GC heap before
{Heap before GC invocations=32 (full 0):
 garbage-first heap   total 160768K, used 140226K [0x0000000080000000, 0x0000000100000000)
  region size 1024K, 28 young (28672K), 5 survivors (5120K)
 Metaspace       used 101896K, committed 102592K, reserved 1138688K
  class space    used 13761K, committed 14144K, reserved 1048576K
}
Event: 23.572 GC heap after
{Heap after GC invocations=33 (full 0):
 garbage-first heap   total 160768K, used 124446K [0x0000000080000000, 0x0000000100000000)
  region size 1024K, 4 young (4096K), 4 survivors (4096K)
 Metaspace       used 101896K, committed 102592K, reserved 1138688K
  class space    used 13761K, committed 14144K, reserved 1048576K
}
Event: 23.763 GC heap before
{Heap before GC invocations=33 (full 0):
 garbage-first heap   total 160768K, used 134686K [0x0000000080000000, 0x0000000100000000)
  region size 1024K, 14 young (14336K), 4 survivors (4096K)
 Metaspace       used 102106K, committed 102848K, reserved 1138688K
  class space    used 13787K, committed 14144K, reserved 1048576K
}
Event: 23.772 GC heap after
{Heap after GC invocations=34 (full 0):
 garbage-first heap   total 160768K, used 128301K [0x0000000080000000, 0x0000000100000000)
  region size 1024K, 2 young (2048K), 2 survivors (2048K)
 Metaspace       used 102106K, committed 102848K, reserved 1138688K
  class space    used 13787K, committed 14144K, reserved 1048576K
}
Event: 24.033 GC heap before
{Heap before GC invocations=34 (full 0):
 garbage-first heap   total 227328K, used 134445K [0x0000000080000000, 0x0000000100000000)
  region size 1024K, 9 young (9216K), 2 survivors (2048K)
 Metaspace       used 102320K, committed 103104K, reserved 1138688K
  class space    used 13804K, committed 14208K, reserved 1048576K
}

Dll operation events (2 events):
Event: 0.025 Loaded shared library C:\Program Files\Android\Android Studio\jbr\bin\java.dll
Event: 0.920 Loaded shared library C:\Program Files\Android\Android Studio\jbr\bin\verify.dll

Deoptimization events (20 events):
Event: 23.905 Thread 0x00000192d88d28c0 Uncommon trap: trap_request=0xffffff3d fr.pc=0x00000192c1bda2d4 relative=0x0000000000000414
Event: 23.905 Thread 0x00000192d88d28c0 Uncommon trap: reason=unstable_fused_if action=reinterpret pc=0x00000192c1bda2d4 method=org.apache.xerces.dom.ParentNode.nodeListItem(I)Lorg/w3c/dom/Node; @ 142 c2
Event: 23.905 Thread 0x00000192d88d28c0 DEOPT PACKING pc=0x00000192c1bda2d4 sp=0x00000022e97fa770
Event: 23.905 Thread 0x00000192d88d28c0 DEOPT UNPACKING pc=0x00000192c12269a3 sp=0x00000022e97fa728 mode 2
Event: 23.995 Thread 0x00000192d88d28c0 Uncommon trap: trap_request=0xffffff45 fr.pc=0x00000192c1ceed5c relative=0x000000000000005c
Event: 23.995 Thread 0x00000192d88d28c0 Uncommon trap: reason=unstable_if action=reinterpret pc=0x00000192c1ceed5c method=org.apache.xerces.dom.NodeImpl.isOwned()Z @ 7 c2
Event: 23.995 Thread 0x00000192d88d28c0 DEOPT PACKING pc=0x00000192c1ceed5c sp=0x00000022e97fa660
Event: 23.995 Thread 0x00000192d88d28c0 DEOPT UNPACKING pc=0x00000192c12269a3 sp=0x00000022e97fa5f0 mode 2
Event: 23.995 Thread 0x00000192d88d28c0 Uncommon trap: trap_request=0xffffff45 fr.pc=0x00000192c19ba9e8 relative=0x0000000000000068
Event: 23.995 Thread 0x00000192d88d28c0 Uncommon trap: reason=unstable_if action=reinterpret pc=0x00000192c19ba9e8 method=org.apache.xerces.dom.NodeImpl.isOwned(Z)V @ 2 c2
Event: 23.995 Thread 0x00000192d88d28c0 DEOPT PACKING pc=0x00000192c19ba9e8 sp=0x00000022e97fa5b0
Event: 23.995 Thread 0x00000192d88d28c0 DEOPT UNPACKING pc=0x00000192c12269a3 sp=0x00000022e97fa548 mode 2
Event: 23.996 Thread 0x00000192d88d28c0 Uncommon trap: trap_request=0xffffff45 fr.pc=0x00000192c1abd7f4 relative=0x0000000000000074
Event: 23.996 Thread 0x00000192d88d28c0 Uncommon trap: reason=unstable_if action=reinterpret pc=0x00000192c1abd7f4 method=org.apache.xerces.dom.NodeImpl.isNormalized(Z)V @ 1 c2
Event: 23.996 Thread 0x00000192d88d28c0 DEOPT PACKING pc=0x00000192c1abd7f4 sp=0x00000022e97fa6c0
Event: 23.996 Thread 0x00000192d88d28c0 DEOPT UNPACKING pc=0x00000192c12269a3 sp=0x00000022e97fa660 mode 2
Event: 23.996 Thread 0x00000192d88d28c0 Uncommon trap: trap_request=0xffffff54 fr.pc=0x00000192c1ae8430 relative=0x0000000000000dd0
Event: 23.996 Thread 0x00000192d88d28c0 Uncommon trap: reason=speculate_null_assert action=make_not_entrant pc=0x00000192c1ae8430 method=org.apache.xerces.dom.CoreDocumentImpl.setUserData(Lorg/w3c/dom/Node;Ljava/lang/String;Ljava/lang/Object;Lorg/w3c/dom/UserDataHandler;)Ljava/lang/Object; @ 11
Event: 23.996 Thread 0x00000192d88d28c0 DEOPT PACKING pc=0x00000192c1ae8430 sp=0x00000022e97fa6d0
Event: 23.996 Thread 0x00000192d88d28c0 DEOPT UNPACKING pc=0x00000192c12269a3 sp=0x00000022e97fa648 mode 2

Classes unloaded (7 events):
Event: 23.933 Thread 0x00000192d0641a30 Unloading class 0x0000000100d55c00 'java/lang/invoke/LambdaForm$DMH+0x0000000100d55c00'
Event: 23.933 Thread 0x00000192d0641a30 Unloading class 0x0000000100d55800 'java/lang/invoke/LambdaForm$DMH+0x0000000100d55800'
Event: 23.933 Thread 0x00000192d0641a30 Unloading class 0x0000000100d55000 'java/lang/invoke/LambdaForm$DMH+0x0000000100d55000'
Event: 23.933 Thread 0x00000192d0641a30 Unloading class 0x0000000100d54c00 'java/lang/invoke/LambdaForm$DMH+0x0000000100d54c00'
Event: 23.933 Thread 0x00000192d0641a30 Unloading class 0x0000000100d54800 'java/lang/invoke/LambdaForm$DMH+0x0000000100d54800'
Event: 23.933 Thread 0x00000192d0641a30 Unloading class 0x0000000100d55400 'java/lang/invoke/LambdaForm$DMH+0x0000000100d55400'
Event: 23.933 Thread 0x00000192d0641a30 Unloading class 0x0000000100d54400 'java/lang/invoke/LambdaForm$DMH+0x0000000100d54400'

Classes redefined (0 events):
No events

Internal exceptions (20 events):
Event: 20.650 Thread 0x00000192d3b926a0 Exception <a 'java/lang/NoSuchMethodError'{0x0000000088865700}: static Lcom/android/buildanalyzer/common/AndroidGradlePluginAttributionData$BuildInfo;.<clinit>()V> (0x0000000088865700) 
thrown [s\src\hotspot\share\prims\jni.cpp, line 1108]
Event: 20.653 Thread 0x00000192d3b926a0 Exception <a 'java/lang/NoSuchMethodError'{0x00000000888908c0}: static Lcom/android/buildanalyzer/common/AndroidGradlePluginAttributionData$JavaInfo;.<clinit>()V> (0x00000000888908c0) 
thrown [s\src\hotspot\share\prims\jni.cpp, line 1108]
Event: 20.658 Thread 0x00000192d3b926a0 Exception <a 'java/lang/NoSuchMethodError'{0x00000000888e1748}: static [Ljava/lang/String;.<clinit>()V> (0x00000000888e1748) 
thrown [s\src\hotspot\share\prims\jni.cpp, line 1108]
Event: 20.659 Thread 0x00000192d3b926a0 Exception <a 'java/lang/NoSuchMethodError'{0x0000000088705a28}: static Lcom/android/buildanalyzer/common/AndroidGradlePluginAttributionData$TaskInfo;.<clinit>()V> (0x0000000088705a28) 
thrown [s\src\hotspot\share\prims\jni.cpp, line 1108]
Event: 20.660 Thread 0x00000192d3b926a0 Exception <a 'java/lang/NoSuchMethodError'{0x00000000887126a0}: static Lcom/android/buildanalyzer/common/AndroidGradlePluginAttributionData$TaskCategoryInfo;.<clinit>()V> (0x00000000887126a0) 
thrown [s\src\hotspot\share\prims\jni.cpp, line 1108]
Event: 20.671 Thread 0x00000192d88d6750 Exception <a 'sun/nio/fs/WindowsException'{0x00000000887a7670}> (0x00000000887a7670) 
thrown [s\src\hotspot\share\prims\jni.cpp, line 517]
Event: 20.672 Thread 0x00000192d88d6750 Exception <a 'sun/nio/fs/WindowsException'{0x00000000887a8508}> (0x00000000887a8508) 
thrown [s\src\hotspot\share\prims\jni.cpp, line 517]
Event: 20.672 Thread 0x00000192d88d6750 Exception <a 'sun/nio/fs/WindowsException'{0x00000000887a8578}> (0x00000000887a8578) 
thrown [s\src\hotspot\share\prims\jni.cpp, line 517]
Event: 20.672 Thread 0x00000192d88d6750 Exception <a 'sun/nio/fs/WindowsException'{0x00000000887a8938}> (0x00000000887a8938) 
thrown [s\src\hotspot\share\prims\jni.cpp, line 517]
Event: 20.738 Thread 0x00000192d88d2d90 Exception <a 'sun/nio/fs/WindowsException'{0x0000000088d0a6e0}> (0x0000000088d0a6e0) 
thrown [s\src\hotspot\share\prims\jni.cpp, line 517]
Event: 20.751 Thread 0x00000192d29aee20 Exception <a 'java/lang/NoSuchMethodError'{0x0000000088486898}: static Lorg/gradle/internal/build/event/types/DefaultTaskSkippedResult;.<clinit>()V> (0x0000000088486898) 
thrown [s\src\hotspot\share\prims\jni.cpp, line 1108]
Event: 21.117 Thread 0x00000192d88d6750 Exception <a 'java/lang/NoSuchMethodError'{0x0000000087a80828}: 'void java.lang.invoke.DirectMethodHandle$Holder.invokeStatic(java.lang.Object, java.lang.Object, java.lang.Object, java.lang.Object, int, java.lang.Object, java.lang.Object)'> (0x0000000087a80828) 
thrown [s\src\hotspot\share\interpreter\linkResolver.cpp, line 771]
Event: 21.176 Thread 0x00000192d5055b30 Exception <a 'java/lang/NoSuchMethodError'{0x0000000089a30630}: 'java.lang.Object java.lang.invoke.DirectMethodHandle$Holder.invokeSpecialIFC(java.lang.Object, java.lang.Object, java.lang.Object)'> (0x0000000089a30630) 
thrown [s\src\hotspot\share\interpreter\linkResolver.cpp, line 771]
Event: 21.176 Thread 0x00000192d3b921d0 Exception <a 'java/lang/NoSuchMethodError'{0x0000000089a05190}: 'java.lang.Object java.lang.invoke.DirectMethodHandle$Holder.invokeSpecialIFC(java.lang.Object, java.lang.Object, java.lang.Object)'> (0x0000000089a05190) 
thrown [s\src\hotspot\share\interpreter\linkResolver.cpp, line 771]
Event: 21.176 Thread 0x00000192d3b94d20 Exception <a 'java/lang/NoSuchMethodError'{0x0000000089a27728}: 'java.lang.Object java.lang.invoke.DirectMethodHandle$Holder.invokeSpecialIFC(java.lang.Object, java.lang.Object, java.lang.Object)'> (0x0000000089a27728) 
thrown [s\src\hotspot\share\interpreter\linkResolver.cpp, line 771]
Event: 21.177 Thread 0x00000192d88d6750 Exception <a 'java/lang/NoSuchMethodError'{0x0000000089c6fa98}: 'java.lang.Object java.lang.invoke.DirectMethodHandle$Holder.invokeSpecialIFC(java.lang.Object, java.lang.Object, java.lang.Object)'> (0x0000000089c6fa98) 
thrown [s\src\hotspot\share\interpreter\linkResolver.cpp, line 771]
Event: 21.177 Thread 0x00000192d5057810 Exception <a 'java/lang/NoSuchMethodError'{0x0000000089cf1730}: 'java.lang.Object java.lang.invoke.DirectMethodHandle$Holder.invokeSpecialIFC(java.lang.Object, java.lang.Object, java.lang.Object)'> (0x0000000089cf1730) 
thrown [s\src\hotspot\share\interpreter\linkResolver.cpp, line 771]
Event: 21.177 Thread 0x00000192d5057ce0 Exception <a 'java/lang/NoSuchMethodError'{0x0000000089a39ba8}: 'java.lang.Object java.lang.invoke.DirectMethodHandle$Holder.invokeSpecialIFC(java.lang.Object, java.lang.Object, java.lang.Object)'> (0x0000000089a39ba8) 
thrown [s\src\hotspot\share\interpreter\linkResolver.cpp, line 771]
Event: 21.176 Thread 0x00000192d50594f0 Exception <a 'java/lang/NoSuchMethodError'{0x0000000089a20108}: 'java.lang.Object java.lang.invoke.DirectMethodHandle$Holder.invokeSpecialIFC(java.lang.Object, java.lang.Object, java.lang.Object)'> (0x0000000089a20108) 
thrown [s\src\hotspot\share\interpreter\linkResolver.cpp, line 771]
Event: 21.177 Thread 0x00000192d4246200 Exception <a 'java/lang/NoSuchMethodError'{0x0000000089a13a10}: 'java.lang.Object java.lang.invoke.DirectMethodHandle$Holder.invokeSpecialIFC(java.lang.Object, java.lang.Object, java.lang.Object)'> (0x0000000089a13a10) 
thrown [s\src\hotspot\share\interpreter\linkResolver.cpp, line 771]

VM Operations (20 events):
Event: 21.844 Executing VM operation: HandshakeAllThreads done
Event: 21.931 Executing VM operation: HandshakeAllThreads
Event: 21.932 Executing VM operation: HandshakeAllThreads done
Event: 22.022 Executing VM operation: G1CollectForAllocation
Event: 22.029 Executing VM operation: G1CollectForAllocation done
Event: 23.033 Executing VM operation: Cleanup
Event: 23.033 Executing VM operation: Cleanup done
Event: 23.173 Executing VM operation: G1CollectForAllocation
Event: 23.183 Executing VM operation: G1CollectForAllocation done
Event: 23.555 Executing VM operation: G1CollectForAllocation
Event: 23.572 Executing VM operation: G1CollectForAllocation done
Event: 23.763 Executing VM operation: G1CollectForAllocation
Event: 23.772 Executing VM operation: G1CollectForAllocation done
Event: 23.875 Executing VM operation: HandshakeAllThreads
Event: 23.876 Executing VM operation: HandshakeAllThreads done
Event: 23.932 Executing VM operation: G1Concurrent
Event: 23.948 Executing VM operation: G1Concurrent done
Event: 23.973 Executing VM operation: HandshakeAllThreads
Event: 23.986 Executing VM operation: HandshakeAllThreads done
Event: 24.013 Executing VM operation: G1CollectForAllocation

Events (20 events):
Event: 23.698 loading class java/util/stream/Node$Builder$OfInt done
Event: 23.698 loading class java/util/stream/Nodes$IntArrayNode
Event: 23.698 loading class java/util/stream/Nodes$IntArrayNode done
Event: 23.698 loading class java/util/stream/Nodes$IntFixedNodeBuilder done
Event: 23.745 loading class java/util/concurrent/ConcurrentLinkedDeque
Event: 23.746 loading class java/util/concurrent/ConcurrentLinkedDeque done
Event: 23.747 loading class java/util/concurrent/ConcurrentLinkedDeque$Node
Event: 23.747 loading class java/util/concurrent/ConcurrentLinkedDeque$Node done
Event: 23.991 loading class org/w3c/dom/DOMImplementation
Event: 23.991 loading class org/w3c/dom/DOMImplementation done
Event: 23.992 loading class org/w3c/dom/ls/DOMImplementationLS
Event: 23.992 loading class org/w3c/dom/ls/DOMImplementationLS done
Event: 23.992 loading class org/w3c/dom/ls/LSSerializer
Event: 23.993 loading class org/w3c/dom/ls/LSSerializer done
Event: 23.993 loading class org/w3c/dom/ls/LSInput
Event: 23.993 loading class org/w3c/dom/ls/LSInput done
Event: 23.993 loading class org/w3c/dom/ls/LSParser
Event: 23.994 loading class org/w3c/dom/ls/LSParser done
Event: 23.994 loading class org/w3c/dom/ls/LSOutput
Event: 23.994 loading class org/w3c/dom/ls/LSOutput done


Dynamic libraries:
0x00007ff7fb0c0000 - 0x00007ff7fb0ca000 	C:\Program Files\Android\Android Studio\jbr\bin\java.exe
0x00007ffd299f0000 - 0x00007ffd29c06000 	C:\WINDOWS\SYSTEM32\ntdll.dll
0x00007ffd28ef0000 - 0x00007ffd28fb4000 	C:\WINDOWS\System32\KERNEL32.DLL
0x00007ffd26f70000 - 0x00007ffd27317000 	C:\WINDOWS\System32\KERNELBASE.dll
0x00007ffd274c0000 - 0x00007ffd275d1000 	C:\WINDOWS\System32\ucrtbase.dll
0x00007ffcbf420000 - 0x00007ffcbf437000 	C:\Program Files\Android\Android Studio\jbr\bin\jli.dll
0x00007ffd12030000 - 0x00007ffd1204b000 	C:\Program Files\Android\Android Studio\jbr\bin\VCRUNTIME140.dll
0x00007ffd290c0000 - 0x00007ffd2926e000 	C:\WINDOWS\System32\USER32.dll
0x00007ffd26f40000 - 0x00007ffd26f66000 	C:\WINDOWS\System32\win32u.dll
0x00007ffd1aef0000 - 0x00007ffd1b183000 	C:\WINDOWS\WinSxS\amd64_microsoft.windows.common-controls_6595b64144ccf1df_6.0.22621.3235_none_270f74e173860f98\COMCTL32.dll
0x00007ffd29270000 - 0x00007ffd29299000 	C:\WINDOWS\System32\GDI32.dll
0x00007ffd27d00000 - 0x00007ffd27da7000 	C:\WINDOWS\System32\msvcrt.dll
0x00007ffd26d10000 - 0x00007ffd26e29000 	C:\WINDOWS\System32\gdi32full.dll
0x00007ffd26e30000 - 0x00007ffd26eca000 	C:\WINDOWS\System32\msvcp_win.dll
0x00007ffd27ca0000 - 0x00007ffd27cd1000 	C:\WINDOWS\System32\IMM32.DLL
0x00007ffd127d0000 - 0x00007ffd127dc000 	C:\Program Files\Android\Android Studio\jbr\bin\vcruntime140_1.dll
0x00007ffd02b40000 - 0x00007ffd02bcd000 	C:\Program Files\Android\Android Studio\jbr\bin\msvcp140.dll
0x00007ffcb5230000 - 0x00007ffcb5e9e000 	C:\Program Files\Android\Android Studio\jbr\bin\server\jvm.dll
0x00007ffd28440000 - 0x00007ffd284f2000 	C:\WINDOWS\System32\ADVAPI32.dll
0x00007ffd292a0000 - 0x00007ffd29348000 	C:\WINDOWS\System32\sechost.dll
0x00007ffd27320000 - 0x00007ffd27348000 	C:\WINDOWS\System32\bcrypt.dll
0x00007ffd280d0000 - 0x00007ffd281e5000 	C:\WINDOWS\System32\RPCRT4.dll
0x00007ffd0b700000 - 0x00007ffd0b709000 	C:\WINDOWS\SYSTEM32\WSOCK32.dll
0x00007ffd1edf0000 - 0x00007ffd1edfa000 	C:\WINDOWS\SYSTEM32\VERSION.dll
0x00007ffd20530000 - 0x00007ffd20564000 	C:\WINDOWS\SYSTEM32\WINMM.dll
0x00007ffd281f0000 - 0x00007ffd28261000 	C:\WINDOWS\System32\WS2_32.dll
0x00007ffd25d50000 - 0x00007ffd25d68000 	C:\WINDOWS\SYSTEM32\kernel.appcore.dll
0x00007ffd212c0000 - 0x00007ffd212ca000 	C:\Program Files\Android\Android Studio\jbr\bin\jimage.dll
0x00007ffd1d810000 - 0x00007ffd1da43000 	C:\WINDOWS\SYSTEM32\DBGHELP.DLL
0x00007ffd27910000 - 0x00007ffd27c98000 	C:\WINDOWS\System32\combase.dll
0x00007ffd28500000 - 0x00007ffd285d7000 	C:\WINDOWS\System32\OLEAUT32.dll
0x00007ffd13070000 - 0x00007ffd130a2000 	C:\WINDOWS\SYSTEM32\dbgcore.DLL
0x00007ffd276a0000 - 0x00007ffd27719000 	C:\WINDOWS\System32\bcryptPrimitives.dll
0x00007ffd20280000 - 0x00007ffd202a5000 	C:\Program Files\Android\Android Studio\jbr\bin\java.dll
0x00007ffd20220000 - 0x00007ffd20238000 	C:\Program Files\Android\Android Studio\jbr\bin\zip.dll
0x00007ffd28690000 - 0x00007ffd28eec000 	C:\WINDOWS\System32\SHELL32.dll
0x00007ffd24c70000 - 0x00007ffd25569000 	C:\WINDOWS\SYSTEM32\windows.storage.dll
0x00007ffd24b30000 - 0x00007ffd24c6e000 	C:\WINDOWS\SYSTEM32\wintypes.dll
0x00007ffd28fc0000 - 0x00007ffd290b3000 	C:\WINDOWS\System32\SHCORE.dll
0x00007ffd29950000 - 0x00007ffd299ae000 	C:\WINDOWS\System32\shlwapi.dll
0x00007ffd26c40000 - 0x00007ffd26c61000 	C:\WINDOWS\SYSTEM32\profapi.dll
0x00007ffd201c0000 - 0x00007ffd201d9000 	C:\Program Files\Android\Android Studio\jbr\bin\net.dll
0x00007ffd216c0000 - 0x00007ffd217f6000 	C:\WINDOWS\SYSTEM32\WINHTTP.dll
0x00007ffd261c0000 - 0x00007ffd26229000 	C:\WINDOWS\system32\mswsock.dll
0x00007ffd20200000 - 0x00007ffd20216000 	C:\Program Files\Android\Android Studio\jbr\bin\nio.dll
0x00007ffd21220000 - 0x00007ffd21230000 	C:\Program Files\Android\Android Studio\jbr\bin\verify.dll
0x00007ffca7670000 - 0x00007ffca7697000 	C:\Users\23480\.gradle\native\68d5fa5c4cc2d200863cafc0d521ce42e7d3e7ee720ec0a83991735586a16f82\windows-amd64\native-platform.dll
0x00007ffce55b0000 - 0x00007ffce56f4000 	C:\Users\23480\.gradle\native\e376f236ea51e6404a007f0833ffe2c6e607c4080706a723a18a27aeea778392\windows-amd64\native-platform-file-events.dll
0x00007ffd1ccc0000 - 0x00007ffd1ccc9000 	C:\Program Files\Android\Android Studio\jbr\bin\management.dll
0x00007ffcbf9d0000 - 0x00007ffcbf9db000 	C:\Program Files\Android\Android Studio\jbr\bin\management_ext.dll
0x00007ffd278f0000 - 0x00007ffd278f8000 	C:\WINDOWS\System32\PSAPI.DLL
0x00007ffd26420000 - 0x00007ffd2643b000 	C:\WINDOWS\SYSTEM32\CRYPTSP.dll
0x00007ffd25cb0000 - 0x00007ffd25ce5000 	C:\WINDOWS\system32\rsaenh.dll
0x00007ffd262c0000 - 0x00007ffd262e8000 	C:\WINDOWS\SYSTEM32\USERENV.dll
0x00007ffd26440000 - 0x00007ffd2644c000 	C:\WINDOWS\SYSTEM32\CRYPTBASE.dll
0x00007ffd257d0000 - 0x00007ffd257fd000 	C:\WINDOWS\SYSTEM32\IPHLPAPI.DLL
0x00007ffd27900000 - 0x00007ffd27909000 	C:\WINDOWS\System32\NSI.dll
0x00007ffd21320000 - 0x00007ffd21339000 	C:\WINDOWS\SYSTEM32\dhcpcsvc6.DLL
0x00007ffd212a0000 - 0x00007ffd212bf000 	C:\WINDOWS\SYSTEM32\dhcpcsvc.DLL
0x00007ffd25800000 - 0x00007ffd258f9000 	C:\WINDOWS\SYSTEM32\DNSAPI.dll
0x00007ffcb8600000 - 0x00007ffcb8608000 	C:\WINDOWS\system32\wshunix.dll
0x00007ffcf6cb0000 - 0x00007ffcf6cc7000 	C:\WINDOWS\system32\napinsp.dll
0x00007ffcf66b0000 - 0x00007ffcf66cb000 	C:\WINDOWS\system32\pnrpnsp.dll
0x00007ffcf5d80000 - 0x00007ffcf5d91000 	C:\WINDOWS\System32\winrnr.dll
0x00007ffcfbed0000 - 0x00007ffcfbee5000 	C:\WINDOWS\system32\wshbth.dll
0x00007ffcf5d50000 - 0x00007ffcf5d71000 	C:\WINDOWS\system32\nlansp_c.dll
0x00000000636a0000 - 0x00000000636c6000 	C:\Program Files\Bonjour\mdnsNSP.dll
0x00007ffd1ee00000 - 0x00007ffd1ee0a000 	C:\Windows\System32\rasadhlp.dll
0x00007ffd1ed60000 - 0x00007ffd1ede3000 	C:\WINDOWS\System32\fwpuclnt.dll

dbghelp: loaded successfully - version: 4.0.5 - missing functions: none
symbol engine: initialized successfully - sym options: 0x614 - pdb path: .;C:\Program Files\Android\Android Studio\jbr\bin;C:\WINDOWS\SYSTEM32;C:\WINDOWS\WinSxS\amd64_microsoft.windows.common-controls_6595b64144ccf1df_6.0.22621.3235_none_270f74e173860f98;C:\Program Files\Android\Android Studio\jbr\bin\server;C:\Users\23480\.gradle\native\68d5fa5c4cc2d200863cafc0d521ce42e7d3e7ee720ec0a83991735586a16f82\windows-amd64;C:\Users\23480\.gradle\native\e376f236ea51e6404a007f0833ffe2c6e607c4080706a723a18a27aeea778392\windows-amd64;C:\Program Files\Bonjour

VM Arguments:
jvm_args: --add-opens=java.base/java.util=ALL-UNNAMED --add-opens=java.base/java.lang=ALL-UNNAMED --add-opens=java.base/java.lang.invoke=ALL-UNNAMED --add-opens=java.prefs/java.util.prefs=ALL-UNNAMED --add-opens=java.base/java.nio.charset=ALL-UNNAMED --add-opens=java.base/java.net=ALL-UNNAMED --add-opens=java.base/java.util.concurrent.atomic=ALL-UNNAMED -Xmx2048m -Dfile.encoding=UTF-8 -Duser.country=US -Duser.language=en -Duser.variant 
java_command: org.gradle.launcher.daemon.bootstrap.GradleDaemon 8.0
java_class_path (initial): C:\Users\23480\.gradle\wrapper\dists\gradle-8.0-bin\ca5e32bp14vu59qr306oxotwh\gradle-8.0\lib\gradle-launcher-8.0.jar
Launcher Type: SUN_STANDARD

[Global flags]
     intx CICompilerCount                          = 4                                         {product} {ergonomic}
     uint ConcGCThreads                            = 2                                         {product} {ergonomic}
     uint G1ConcRefinementThreads                  = 8                                         {product} {ergonomic}
   size_t G1HeapRegionSize                         = 1048576                                   {product} {ergonomic}
    uintx GCDrainStackTargetSize                   = 64                                        {product} {ergonomic}
   size_t InitialHeapSize                          = 123731968                                 {product} {ergonomic}
   size_t MarkStackSize                            = 4194304                                   {product} {ergonomic}
   size_t MaxHeapSize                              = 2147483648                                {product} {command line}
   size_t MaxNewSize                               = 1287651328                                {product} {ergonomic}
   size_t MinHeapDeltaBytes                        = 1048576                                   {product} {ergonomic}
   size_t MinHeapSize                              = 8388608                                   {product} {ergonomic}
    uintx NonNMethodCodeHeapSize                   = 5839372                                {pd product} {ergonomic}
    uintx NonProfiledCodeHeapSize                  = 122909434                              {pd product} {ergonomic}
    uintx ProfiledCodeHeapSize                     = 122909434                              {pd product} {ergonomic}
    uintx ReservedCodeCacheSize                    = 251658240                              {pd product} {ergonomic}
     bool SegmentedCodeCache                       = true                                      {product} {ergonomic}
   size_t SoftMaxHeapSize                          = 2147483648                             {manageable} {ergonomic}
     bool UseCompressedClassPointers               = true                           {product lp64_product} {ergonomic}
     bool UseCompressedOops                        = true                           {product lp64_product} {ergonomic}
     bool UseG1GC                                  = true                                      {product} {ergonomic}
     bool UseLargePagesIndividualAllocation        = false                                  {pd product} {ergonomic}

Logging:
Log output configuration:
 #0: stdout all=warning uptime,level,tags
 #1: stderr all=off uptime,level,tags

Environment Variables:
PATH=C:\WINDOWS\system32;C:\WINDOWS;C:\WINDOWS\System32\Wbem;C:\WINDOWS\System32\WindowsPowerShell\v1.0\;C:\WINDOWS\System32\OpenSSH\;C:\Program Files\nodejs\;C:\Program Files\Git\cmd;C:\Program Files\HP\HP One Agent;C:\Users\23480\AppData\Local\Programs\Python\Python311\Scripts\;C:\Users\23480\AppData\Local\Programs\Python\Python311\;C:\Users\23480\AppData\Local\Microsoft\WindowsApps;C:\Users\23480\AppData\Local\atom\bin;C:\Users\23480\AppData\Local\Programs\Microsoft VS Code\bin;C:\Users\23480\AppData\Local\Microsoft\WindowsApps;;C:\Program Files\JetBrains\IntelliJ IDEA Community Edition 2023.2.1\bin;;C:\Users\23480\AppData\Roaming\npm
USERNAME=23480
OS=Windows_NT
PROCESSOR_IDENTIFIER=AMD64 Family 23 Model 104 Stepping 1, AuthenticAMD
TMP=C:\Users\23480\AppData\Local\Temp
TEMP=C:\Users\23480\AppData\Local\Temp


JNI global refs:
JNI global refs: 28, weak refs: 31

JNI global refs memory usage: 843, weak refs: 841


---------------  S Y S T E M  ---------------

OS:
 Windows 11 , 64 bit Build 22621 (10.0.22621.3374)
OS uptime: 0 days 16:00 hours

CPU: total 8 (initial active 8) (8 cores per cpu, 2 threads per core) family 23 model 104 stepping 1 microcode 0x0, cx8, cmov, fxsr, ht, mmx, 3dnowpref, sse, sse2, sse3, ssse3, sse4a, sse4.1, sse4.2, popcnt, lzcnt, tsc, tscinvbit, avx, avx2, aes, clmul, bmi1, bmi2, adx, sha, fma, vzeroupper, clflush, clflushopt

Memory: 4k page, system-wide physical 7502M (354M free)
TotalPageFile size 11571M (AvailPageFile size 35M)
current process WorkingSet (physical memory assigned to process): 427M, peak: 429M
current process commit charge ("private bytes"): 529M, peak: 752M

vm_info: OpenJDK 64-Bit Server VM (17.0.6+0-b2043.56-10027231) for windows-amd64 JRE (17.0.6+0-b2043.56-10027231), built on Apr 28 2023 00:43:19 by "androidbuild" with MS VC++ 16.10 / 16.11 (VS2019)

END.
